TpTrace Verbose: 0 : 21684, 1, 2022/11/14, 12:21:06.009, 3110072753651, vstest.console.dll, Version: 17.3.1 Current process architecture: X64
TpTrace Verbose: 0 : 21684, 1, 2022/11/14, 12:21:06.010, 3110072758746, vstest.console.dll, Runtime location: C:\Program Files\dotnet\shared\Microsoft.NETCore.App\6.0.10
TpTrace Information: 0 : 21684, 1, 2022/11/14, 12:21:06.017, 3110072779041, vstest.console.dll, FilePatternParser: The given file C:\Users\ddian\source\repos\SoftUni\CSharpOOP\OOPExams\18.04.2022\RepairShopAppUnitTests\RepairShop.Tests\bin\Debug\netcoreapp3.1\fine-code-coverage\build-output\RepairShop.Tests.dll is a full path.
TpTrace Verbose: 0 : 21684, 1, 2022/11/14, 12:21:06.062, 3110072905359, vstest.console.dll, TestPluginCache.DiscoverTestExtensions: finding test extensions in assemblies ends with: RuntimeProvider.dll TPluginInfo: Microsoft.VisualStudio.TestPlatform.Common.ExtensionFramework.Utilities.TestRuntimePluginInformation TExtension: Microsoft.VisualStudio.TestPlatform.ObjectModel.Host.ITestRuntimeProvider
TpTrace Verbose: 0 : 21684, 1, 2022/11/14, 12:21:06.063, 3110072906764, vstest.console.dll, TestPluginCache.GetExtensionPaths: Filtered extension paths: 
TpTrace Verbose: 0 : 21684, 1, 2022/11/14, 12:21:06.063, 3110072907234, vstest.console.dll, TestPluginCache.GetExtensionPaths: Added default extension paths: C:\Program Files\dotnet\sdk\6.0.402\Extensions\Microsoft.Diagnostics.NETCore.Client.dll
C:\Program Files\dotnet\sdk\6.0.402\Extensions\Microsoft.TestPlatform.Extensions.BlameDataCollector.dll
C:\Program Files\dotnet\sdk\6.0.402\Extensions\Microsoft.TestPlatform.Extensions.EventLogCollector.dll
C:\Program Files\dotnet\sdk\6.0.402\Extensions\Microsoft.TestPlatform.TestHostRuntimeProvider.dll
C:\Program Files\dotnet\sdk\6.0.402\Extensions\Microsoft.VisualStudio.TestPlatform.Extensions.Html.TestLogger.dll
C:\Program Files\dotnet\sdk\6.0.402\Extensions\Microsoft.VisualStudio.TestPlatform.Extensions.Trx.TestLogger.dll
TpTrace Verbose: 0 : 21684, 1, 2022/11/14, 12:21:06.063, 3110072907538, vstest.console.dll, TestPluginCache.GetExtensionPaths: Added unfilterableExtensionPaths: 
TpTrace Information: 0 : 21684, 1, 2022/11/14, 12:21:06.064, 3110072910662, vstest.console.dll, AssemblyResolver.ctor: Creating AssemblyResolver with searchDirectories C:\Program Files\dotnet\sdk\6.0.402\Extensions,C:\Program Files\dotnet\sdk\6.0.402
TpTrace Verbose: 0 : 21684, 1, 2022/11/14, 12:21:06.066, 3110072916846, vstest.console.dll, TestPluginCache.DiscoverTestExtensions: Discovering the extensions using extension path.
TpTrace Verbose: 0 : 21684, 1, 2022/11/14, 12:21:06.066, 3110072917918, vstest.console.dll, TestPluginCache.GetExtensionPaths: Filtered extension paths: 
TpTrace Verbose: 0 : 21684, 1, 2022/11/14, 12:21:06.067, 3110072918379, vstest.console.dll, TestPluginCache.GetExtensionPaths: Added default extension paths: C:\Program Files\dotnet\sdk\6.0.402\Extensions\Microsoft.Diagnostics.NETCore.Client.dll
C:\Program Files\dotnet\sdk\6.0.402\Extensions\Microsoft.TestPlatform.Extensions.BlameDataCollector.dll
C:\Program Files\dotnet\sdk\6.0.402\Extensions\Microsoft.TestPlatform.Extensions.EventLogCollector.dll
C:\Program Files\dotnet\sdk\6.0.402\Extensions\Microsoft.TestPlatform.TestHostRuntimeProvider.dll
C:\Program Files\dotnet\sdk\6.0.402\Extensions\Microsoft.VisualStudio.TestPlatform.Extensions.Html.TestLogger.dll
C:\Program Files\dotnet\sdk\6.0.402\Extensions\Microsoft.VisualStudio.TestPlatform.Extensions.Trx.TestLogger.dll
TpTrace Verbose: 0 : 21684, 1, 2022/11/14, 12:21:06.067, 3110072918809, vstest.console.dll, TestPluginCache.GetExtensionPaths: Added unfilterableExtensionPaths: 
TpTrace Verbose: 0 : 21684, 1, 2022/11/14, 12:21:06.067, 3110072919391, vstest.console.dll, TestPluginCache.DiscoverTestExtensions: Discovering the extensions using allExtensionPaths: C:\Program Files\dotnet\sdk\6.0.402\Extensions\Microsoft.Diagnostics.NETCore.Client.dll
C:\Program Files\dotnet\sdk\6.0.402\Extensions\Microsoft.TestPlatform.Extensions.BlameDataCollector.dll
C:\Program Files\dotnet\sdk\6.0.402\Extensions\Microsoft.TestPlatform.Extensions.EventLogCollector.dll
C:\Program Files\dotnet\sdk\6.0.402\Extensions\Microsoft.TestPlatform.TestHostRuntimeProvider.dll
C:\Program Files\dotnet\sdk\6.0.402\Extensions\Microsoft.VisualStudio.TestPlatform.Extensions.Html.TestLogger.dll
C:\Program Files\dotnet\sdk\6.0.402\Extensions\Microsoft.VisualStudio.TestPlatform.Extensions.Trx.TestLogger.dll
TpTrace Information: 0 : 21684, 1, 2022/11/14, 12:21:06.067, 3110072920512, vstest.console.dll, AssemblyResolver.AddSearchDirectories: Adding more searchDirectories C:\Program Files\dotnet\sdk\6.0.402\Extensions,C:\Program Files\dotnet\sdk\6.0.402
TpTrace Information: 0 : 21684, 1, 2022/11/14, 12:21:06.068, 3110072921031, vstest.console.dll, AssemblyResolver.AddSearchDirectories: Adding more searchDirectories C:\Program Files\dotnet\sdk\6.0.402\Extensions,C:\Program Files\dotnet\sdk\6.0.402
TpTrace Information: 0 : 21684, 1, 2022/11/14, 12:21:06.068, 3110072921445, vstest.console.dll, AssemblyResolver.AddSearchDirectories: Adding more searchDirectories C:\Program Files\dotnet\sdk\6.0.402\Extensions,C:\Program Files\dotnet\sdk\6.0.402
TpTrace Information: 0 : 21684, 1, 2022/11/14, 12:21:06.068, 3110072921856, vstest.console.dll, AssemblyResolver.AddSearchDirectories: Adding more searchDirectories C:\Program Files\dotnet\sdk\6.0.402\Extensions,C:\Program Files\dotnet\sdk\6.0.402
TpTrace Information: 0 : 21684, 1, 2022/11/14, 12:21:06.068, 3110072922257, vstest.console.dll, AssemblyResolver.AddSearchDirectories: Adding more searchDirectories C:\Program Files\dotnet\sdk\6.0.402\Extensions,C:\Program Files\dotnet\sdk\6.0.402
TpTrace Information: 0 : 21684, 1, 2022/11/14, 12:21:06.068, 3110072922640, vstest.console.dll, AssemblyResolver.AddSearchDirectories: Adding more searchDirectories C:\Program Files\dotnet\sdk\6.0.402\Extensions,C:\Program Files\dotnet\sdk\6.0.402
TpTrace Information: 0 : 21684, 1, 2022/11/14, 12:21:06.069, 3110072924405, vstest.console.dll, AssemblyResolver.OnResolve: Microsoft.Diagnostics.NETCore.Client: Resolving assembly.
TpTrace Information: 0 : 21684, 1, 2022/11/14, 12:21:06.069, 3110072924961, vstest.console.dll, AssemblyResolver.OnResolve: Microsoft.Diagnostics.NETCore.Client: Searching in: 'C:\Program Files\dotnet\sdk\6.0.402\Extensions'.
TpTrace Information: 0 : 21684, 1, 2022/11/14, 12:21:06.070, 3110072927740, vstest.console.dll, AssemblyResolver.OnResolve: Microsoft.Diagnostics.NETCore.Client: Loading assembly 'C:\Program Files\dotnet\sdk\6.0.402\Extensions\Microsoft.Diagnostics.NETCore.Client.dll'.
TpTrace Information: 0 : 21684, 1, 2022/11/14, 12:21:06.071, 3110072930314, vstest.console.dll, AssemblyResolver.OnResolve: Resolved assembly: Microsoft.Diagnostics.NETCore.Client, from path: C:\Program Files\dotnet\sdk\6.0.402\Extensions\Microsoft.Diagnostics.NETCore.Client.dll
TpTrace Verbose: 0 : 21684, 1, 2022/11/14, 12:21:06.073, 3110072937880, vstest.console.dll, MetadataReaderExtensionsHelper: Discovering extensions inside assembly 'Microsoft.Diagnostics.NETCore.Client, Version=0.2.5.801, Culture=neutral, PublicKeyToken=31bf3856ad364e35' file path 'C:\Program Files\dotnet\sdk\6.0.402\Extensions\Microsoft.Diagnostics.NETCore.Client.dll'
TpTrace Information: 0 : 21684, 1, 2022/11/14, 12:21:06.086, 3110072973269, vstest.console.dll, AssemblyResolver.OnResolve: Microsoft.Bcl.AsyncInterfaces: Resolving assembly.
TpTrace Information: 0 : 21684, 1, 2022/11/14, 12:21:06.086, 3110072973741, vstest.console.dll, AssemblyResolver.OnResolve: Microsoft.Bcl.AsyncInterfaces: Searching in: 'C:\Program Files\dotnet\sdk\6.0.402\Extensions'.
TpTrace Information: 0 : 21684, 1, 2022/11/14, 12:21:06.086, 3110072974077, vstest.console.dll, AssemblyResolver.OnResolve: Microsoft.Bcl.AsyncInterfaces: Assembly path does not exist: 'C:\Program Files\dotnet\sdk\6.0.402\Extensions\Microsoft.Bcl.AsyncInterfaces.dll', returning.
TpTrace Information: 0 : 21684, 1, 2022/11/14, 12:21:06.086, 3110072974360, vstest.console.dll, AssemblyResolver.OnResolve: Microsoft.Bcl.AsyncInterfaces: Assembly path does not exist: 'C:\Program Files\dotnet\sdk\6.0.402\Extensions\Microsoft.Bcl.AsyncInterfaces.exe', returning.
TpTrace Information: 0 : 21684, 1, 2022/11/14, 12:21:06.086, 3110072974659, vstest.console.dll, AssemblyResolver.OnResolve: Microsoft.Bcl.AsyncInterfaces: Searching in: 'C:\Program Files\dotnet\sdk\6.0.402'.
TpTrace Information: 0 : 21684, 1, 2022/11/14, 12:21:06.087, 3110072974921, vstest.console.dll, AssemblyResolver.OnResolve: Microsoft.Bcl.AsyncInterfaces: Assembly path does not exist: 'C:\Program Files\dotnet\sdk\6.0.402\Microsoft.Bcl.AsyncInterfaces.dll', returning.
TpTrace Information: 0 : 21684, 1, 2022/11/14, 12:21:06.087, 3110072975177, vstest.console.dll, AssemblyResolver.OnResolve: Microsoft.Bcl.AsyncInterfaces: Assembly path does not exist: 'C:\Program Files\dotnet\sdk\6.0.402\Microsoft.Bcl.AsyncInterfaces.exe', returning.
TpTrace Information: 0 : 21684, 1, 2022/11/14, 12:21:06.087, 3110072975366, vstest.console.dll, AssemblyResolver.OnResolve: Microsoft.Bcl.AsyncInterfaces: Failed to load assembly.
TpTrace Verbose: 0 : 21684, 1, 2022/11/14, 12:21:06.087, 3110072975575, vstest.console.dll, CurrentDomainAssemblyResolve: Resolving assembly 'Microsoft.Bcl.AsyncInterfaces'.
TpTrace Information: 0 : 21684, 1, 2022/11/14, 12:21:06.087, 3110072975833, vstest.console.dll, AssemblyResolver.OnResolve: Microsoft.Bcl.AsyncInterfaces: Resolving assembly.
TpTrace Information: 0 : 21684, 1, 2022/11/14, 12:21:06.087, 3110072976044, vstest.console.dll, AssemblyResolver.OnResolve: Microsoft.Bcl.AsyncInterfaces: Resolved from cache.
TpTrace Verbose: 0 : 21684, 1, 2022/11/14, 12:21:06.087, 3110072976242, vstest.console.dll, CurrentDomainAssemblyResolve: Resolving assembly 'Microsoft.Bcl.AsyncInterfaces'.
TpTrace Verbose: 0 : 21684, 1, 2022/11/14, 12:21:06.087, 3110072976460, vstest.console.dll, CurrentDomainAssemblyResolve: Failed to resolve assembly 'Microsoft.Bcl.AsyncInterfaces'.
TpTrace Verbose: 0 : 21684, 1, 2022/11/14, 12:21:06.088, 3110072978000, vstest.console.dll, CurrentDomainAssemblyResolve: Failed to resolve assembly 'Microsoft.Bcl.AsyncInterfaces'.
TpTrace Warning: 0 : 21684, 1, 2022/11/14, 12:21:06.099, 3110073009150, vstest.console.dll, TestPluginDiscoverer: Failed to get types from assembly 'Microsoft.Diagnostics.NETCore.Client, Version=0.2.5.801, Culture=neutral, PublicKeyToken=31bf3856ad364e35'. Error: System.Reflection.ReflectionTypeLoadException: Unable to load one or more of the requested types.
Could not load file or assembly 'Microsoft.Bcl.AsyncInterfaces, Version=1.0.0.0, Culture=neutral, PublicKeyToken=cc7b13ffcd2ddd51'. The system cannot find the file specified.
   at System.Reflection.RuntimeModule.GetTypes(RuntimeModule module)
   at System.Reflection.Assembly.GetTypes()
   at Microsoft.VisualStudio.TestPlatform.Common.ExtensionFramework.TestPluginDiscoverer.GetTestExtensionsFromAssembly[TPluginInfo,TExtension](Assembly assembly, Dictionary`2 pluginInfos, String filePath)
System.IO.FileNotFoundException: Could not load file or assembly 'Microsoft.Bcl.AsyncInterfaces, Version=1.0.0.0, Culture=neutral, PublicKeyToken=cc7b13ffcd2ddd51'. The system cannot find the file specified.
File name: 'Microsoft.Bcl.AsyncInterfaces, Version=1.0.0.0, Culture=neutral, PublicKeyToken=cc7b13ffcd2ddd51'
 ---> System.IO.FileNotFoundException: Could not load file or assembly 'Microsoft.Bcl.AsyncInterfaces, Culture=neutral, PublicKeyToken=null'. The system cannot find the file specified.
File name: 'Microsoft.Bcl.AsyncInterfaces, Culture=neutral, PublicKeyToken=null'
   at System.Reflection.RuntimeAssembly.InternalLoad(ObjectHandleOnStack assemblyName, ObjectHandleOnStack requestingAssembly, StackCrawlMarkHandle stackMark, Boolean throwOnFileNotFound, ObjectHandleOnStack assemblyLoadContext, ObjectHandleOnStack retAssembly)
   at System.Reflection.RuntimeAssembly.InternalLoad(AssemblyName assemblyName, RuntimeAssembly requestingAssembly, StackCrawlMark& stackMark, Boolean throwOnFileNotFound, AssemblyLoadContext assemblyLoadContext)
   at System.Reflection.Assembly.Load(AssemblyName assemblyRef)
   at Microsoft.VisualStudio.TestPlatform.Common.ExtensionFramework.TestPluginCache.CurrentDomainAssemblyResolve(Object sender, AssemblyResolveEventArgs args)
   at Microsoft.VisualStudio.TestPlatform.PlatformAbstractions.PlatformAssemblyResolver.AssemblyResolverEvent(Object sender, Object eventArgs)
   at System.Runtime.Loader.AssemblyLoadContext.GetFirstResolvedAssemblyFromResolvingEvent(AssemblyName assemblyName)
   at System.Runtime.Loader.AssemblyLoadContext.ResolveUsingEvent(AssemblyName assemblyName)
   at System.Runtime.Loader.AssemblyLoadContext.ResolveUsingResolvingEvent(IntPtr gchManagedAssemblyLoadContext, AssemblyName assemblyName)
TpTrace Warning: 0 : 21684, 1, 2022/11/14, 12:21:06.099, 3110073010349, vstest.console.dll, LoaderExceptions: System.IO.FileNotFoundException: Could not load file or assembly 'Microsoft.Bcl.AsyncInterfaces, Version=1.0.0.0, Culture=neutral, PublicKeyToken=cc7b13ffcd2ddd51'. The system cannot find the file specified.
File name: 'Microsoft.Bcl.AsyncInterfaces, Version=1.0.0.0, Culture=neutral, PublicKeyToken=cc7b13ffcd2ddd51'
 ---> System.IO.FileNotFoundException: Could not load file or assembly 'Microsoft.Bcl.AsyncInterfaces, Culture=neutral, PublicKeyToken=null'. The system cannot find the file specified.
File name: 'Microsoft.Bcl.AsyncInterfaces, Culture=neutral, PublicKeyToken=null'
   at System.Reflection.RuntimeAssembly.InternalLoad(ObjectHandleOnStack assemblyName, ObjectHandleOnStack requestingAssembly, StackCrawlMarkHandle stackMark, Boolean throwOnFileNotFound, ObjectHandleOnStack assemblyLoadContext, ObjectHandleOnStack retAssembly)
   at System.Reflection.RuntimeAssembly.InternalLoad(AssemblyName assemblyName, RuntimeAssembly requestingAssembly, StackCrawlMark& stackMark, Boolean throwOnFileNotFound, AssemblyLoadContext assemblyLoadContext)
   at System.Reflection.Assembly.Load(AssemblyName assemblyRef)
   at Microsoft.VisualStudio.TestPlatform.Common.ExtensionFramework.TestPluginCache.CurrentDomainAssemblyResolve(Object sender, AssemblyResolveEventArgs args)
   at Microsoft.VisualStudio.TestPlatform.PlatformAbstractions.PlatformAssemblyResolver.AssemblyResolverEvent(Object sender, Object eventArgs)
   at System.Runtime.Loader.AssemblyLoadContext.GetFirstResolvedAssemblyFromResolvingEvent(AssemblyName assemblyName)
   at System.Runtime.Loader.AssemblyLoadContext.ResolveUsingEvent(AssemblyName assemblyName)
   at System.Runtime.Loader.AssemblyLoadContext.ResolveUsingResolvingEvent(IntPtr gchManagedAssemblyLoadContext, AssemblyName assemblyName)
TpTrace Information: 0 : 21684, 1, 2022/11/14, 12:21:06.099, 3110073010900, vstest.console.dll, AssemblyResolver.OnResolve: Microsoft.TestPlatform.Extensions.BlameDataCollector: Resolving assembly.
TpTrace Information: 0 : 21684, 1, 2022/11/14, 12:21:06.099, 3110073011131, vstest.console.dll, AssemblyResolver.OnResolve: Microsoft.TestPlatform.Extensions.BlameDataCollector: Searching in: 'C:\Program Files\dotnet\sdk\6.0.402\Extensions'.
TpTrace Information: 0 : 21684, 1, 2022/11/14, 12:21:06.100, 3110073012777, vstest.console.dll, AssemblyResolver.OnResolve: Microsoft.TestPlatform.Extensions.BlameDataCollector: Loading assembly 'C:\Program Files\dotnet\sdk\6.0.402\Extensions\Microsoft.TestPlatform.Extensions.BlameDataCollector.dll'.
TpTrace Information: 0 : 21684, 1, 2022/11/14, 12:21:06.101, 3110073014691, vstest.console.dll, AssemblyResolver.OnResolve: Resolved assembly: Microsoft.TestPlatform.Extensions.BlameDataCollector, from path: C:\Program Files\dotnet\sdk\6.0.402\Extensions\Microsoft.TestPlatform.Extensions.BlameDataCollector.dll
TpTrace Verbose: 0 : 21684, 1, 2022/11/14, 12:21:06.101, 3110073015024, vstest.console.dll, MetadataReaderExtensionsHelper: Discovering extensions inside assembly 'Microsoft.TestPlatform.Extensions.BlameDataCollector, Version=15.0.0.0, Culture=neutral, PublicKeyToken=b03f5f7f11d50a3a' file path 'C:\Program Files\dotnet\sdk\6.0.402\Extensions\Microsoft.TestPlatform.Extensions.BlameDataCollector.dll'
TpTrace Information: 0 : 21684, 1, 2022/11/14, 12:21:06.102, 3110073018875, vstest.console.dll, AssemblyResolver.OnResolve: Microsoft.TestPlatform.Extensions.EventLogCollector: Resolving assembly.
TpTrace Information: 0 : 21684, 1, 2022/11/14, 12:21:06.102, 3110073019407, vstest.console.dll, AssemblyResolver.OnResolve: Microsoft.TestPlatform.Extensions.EventLogCollector: Searching in: 'C:\Program Files\dotnet\sdk\6.0.402\Extensions'.
TpTrace Information: 0 : 21684, 1, 2022/11/14, 12:21:06.103, 3110073020903, vstest.console.dll, AssemblyResolver.OnResolve: Microsoft.TestPlatform.Extensions.EventLogCollector: Loading assembly 'C:\Program Files\dotnet\sdk\6.0.402\Extensions\Microsoft.TestPlatform.Extensions.EventLogCollector.dll'.
TpTrace Information: 0 : 21684, 1, 2022/11/14, 12:21:06.103, 3110073022411, vstest.console.dll, AssemblyResolver.OnResolve: Resolved assembly: Microsoft.TestPlatform.Extensions.EventLogCollector, from path: C:\Program Files\dotnet\sdk\6.0.402\Extensions\Microsoft.TestPlatform.Extensions.EventLogCollector.dll
TpTrace Verbose: 0 : 21684, 1, 2022/11/14, 12:21:06.103, 3110073022721, vstest.console.dll, MetadataReaderExtensionsHelper: Discovering extensions inside assembly 'Microsoft.TestPlatform.Extensions.EventLogCollector, Version=15.0.0.0, Culture=neutral, PublicKeyToken=b03f5f7f11d50a3a' file path 'C:\Program Files\dotnet\sdk\6.0.402\Extensions\Microsoft.TestPlatform.Extensions.EventLogCollector.dll'
TpTrace Information: 0 : 21684, 1, 2022/11/14, 12:21:06.106, 3110073029376, vstest.console.dll, AssemblyResolver.OnResolve: Microsoft.TestPlatform.TestHostRuntimeProvider: Resolving assembly.
TpTrace Information: 0 : 21684, 1, 2022/11/14, 12:21:06.106, 3110073029742, vstest.console.dll, AssemblyResolver.OnResolve: Microsoft.TestPlatform.TestHostRuntimeProvider: Searching in: 'C:\Program Files\dotnet\sdk\6.0.402\Extensions'.
TpTrace Information: 0 : 21684, 1, 2022/11/14, 12:21:06.106, 3110073031130, vstest.console.dll, AssemblyResolver.OnResolve: Microsoft.TestPlatform.TestHostRuntimeProvider: Loading assembly 'C:\Program Files\dotnet\sdk\6.0.402\Extensions\Microsoft.TestPlatform.TestHostRuntimeProvider.dll'.
TpTrace Information: 0 : 21684, 1, 2022/11/14, 12:21:06.107, 3110073032924, vstest.console.dll, AssemblyResolver.OnResolve: Resolved assembly: Microsoft.TestPlatform.TestHostRuntimeProvider, from path: C:\Program Files\dotnet\sdk\6.0.402\Extensions\Microsoft.TestPlatform.TestHostRuntimeProvider.dll
TpTrace Verbose: 0 : 21684, 1, 2022/11/14, 12:21:06.107, 3110073033269, vstest.console.dll, MetadataReaderExtensionsHelper: Discovering extensions inside assembly 'Microsoft.TestPlatform.TestHostRuntimeProvider, Version=15.0.0.0, Culture=neutral, PublicKeyToken=b03f5f7f11d50a3a' file path 'C:\Program Files\dotnet\sdk\6.0.402\Extensions\Microsoft.TestPlatform.TestHostRuntimeProvider.dll'
TpTrace Information: 0 : 21684, 1, 2022/11/14, 12:21:06.109, 3110073038338, vstest.console.dll, GetTestExtensionFromType: Register extension with identifier data 'HostProvider://DefaultTestHost' and type 'Microsoft.VisualStudio.TestPlatform.CrossPlatEngine.Hosting.DefaultTestHostManager, Microsoft.TestPlatform.TestHostRuntimeProvider, Version=15.0.0.0, Culture=neutral, PublicKeyToken=b03f5f7f11d50a3a' inside file 'C:\Program Files\dotnet\sdk\6.0.402\Extensions\Microsoft.TestPlatform.TestHostRuntimeProvider.dll'
TpTrace Information: 0 : 21684, 1, 2022/11/14, 12:21:06.109, 3110073038738, vstest.console.dll, GetTestExtensionFromType: Register extension with identifier data 'HostProvider://DotnetTestHost' and type 'Microsoft.VisualStudio.TestPlatform.CrossPlatEngine.Hosting.DotnetTestHostManager, Microsoft.TestPlatform.TestHostRuntimeProvider, Version=15.0.0.0, Culture=neutral, PublicKeyToken=b03f5f7f11d50a3a' inside file 'C:\Program Files\dotnet\sdk\6.0.402\Extensions\Microsoft.TestPlatform.TestHostRuntimeProvider.dll'
TpTrace Information: 0 : 21684, 1, 2022/11/14, 12:21:06.109, 3110073039062, vstest.console.dll, AssemblyResolver.OnResolve: Microsoft.VisualStudio.TestPlatform.Extensions.Html.TestLogger: Resolving assembly.
TpTrace Information: 0 : 21684, 1, 2022/11/14, 12:21:06.109, 3110073039277, vstest.console.dll, AssemblyResolver.OnResolve: Microsoft.VisualStudio.TestPlatform.Extensions.Html.TestLogger: Searching in: 'C:\Program Files\dotnet\sdk\6.0.402\Extensions'.
TpTrace Information: 0 : 21684, 1, 2022/11/14, 12:21:06.110, 3110073040935, vstest.console.dll, AssemblyResolver.OnResolve: Microsoft.VisualStudio.TestPlatform.Extensions.Html.TestLogger: Loading assembly 'C:\Program Files\dotnet\sdk\6.0.402\Extensions\Microsoft.VisualStudio.TestPlatform.Extensions.Html.TestLogger.dll'.
TpTrace Information: 0 : 21684, 1, 2022/11/14, 12:21:06.110, 3110073042687, vstest.console.dll, AssemblyResolver.OnResolve: Resolved assembly: Microsoft.VisualStudio.TestPlatform.Extensions.Html.TestLogger, from path: C:\Program Files\dotnet\sdk\6.0.402\Extensions\Microsoft.VisualStudio.TestPlatform.Extensions.Html.TestLogger.dll
TpTrace Verbose: 0 : 21684, 1, 2022/11/14, 12:21:06.111, 3110073043059, vstest.console.dll, MetadataReaderExtensionsHelper: Discovering extensions inside assembly 'Microsoft.VisualStudio.TestPlatform.Extensions.Html.TestLogger, Version=15.0.0.0, Culture=neutral, PublicKeyToken=b03f5f7f11d50a3a' file path 'C:\Program Files\dotnet\sdk\6.0.402\Extensions\Microsoft.VisualStudio.TestPlatform.Extensions.Html.TestLogger.dll'
TpTrace Information: 0 : 21684, 1, 2022/11/14, 12:21:06.112, 3110073046070, vstest.console.dll, AssemblyResolver.OnResolve: Microsoft.VisualStudio.TestPlatform.Extensions.Trx.TestLogger: Resolving assembly.
TpTrace Information: 0 : 21684, 1, 2022/11/14, 12:21:06.112, 3110073046409, vstest.console.dll, AssemblyResolver.OnResolve: Microsoft.VisualStudio.TestPlatform.Extensions.Trx.TestLogger: Searching in: 'C:\Program Files\dotnet\sdk\6.0.402\Extensions'.
TpTrace Information: 0 : 21684, 1, 2022/11/14, 12:21:06.112, 3110073048045, vstest.console.dll, AssemblyResolver.OnResolve: Microsoft.VisualStudio.TestPlatform.Extensions.Trx.TestLogger: Loading assembly 'C:\Program Files\dotnet\sdk\6.0.402\Extensions\Microsoft.VisualStudio.TestPlatform.Extensions.Trx.TestLogger.dll'.
TpTrace Information: 0 : 21684, 1, 2022/11/14, 12:21:06.113, 3110073049784, vstest.console.dll, AssemblyResolver.OnResolve: Resolved assembly: Microsoft.VisualStudio.TestPlatform.Extensions.Trx.TestLogger, from path: C:\Program Files\dotnet\sdk\6.0.402\Extensions\Microsoft.VisualStudio.TestPlatform.Extensions.Trx.TestLogger.dll
TpTrace Verbose: 0 : 21684, 1, 2022/11/14, 12:21:06.113, 3110073050099, vstest.console.dll, MetadataReaderExtensionsHelper: Discovering extensions inside assembly 'Microsoft.VisualStudio.TestPlatform.Extensions.Trx.TestLogger, Version=15.0.0.0, Culture=neutral, PublicKeyToken=b03f5f7f11d50a3a' file path 'C:\Program Files\dotnet\sdk\6.0.402\Extensions\Microsoft.VisualStudio.TestPlatform.Extensions.Trx.TestLogger.dll'
TpTrace Verbose: 0 : 21684, 1, 2022/11/14, 12:21:06.114, 3110073052985, vstest.console.dll, TestPluginCache: Discovered the extensions using extension path ''.
TpTrace Verbose: 0 : 21684, 1, 2022/11/14, 12:21:06.114, 3110073053283, vstest.console.dll, TestPluginCache: Discoverers are ''.
TpTrace Verbose: 0 : 21684, 1, 2022/11/14, 12:21:06.114, 3110073053480, vstest.console.dll, TestPluginCache: Executors are ''.
TpTrace Verbose: 0 : 21684, 1, 2022/11/14, 12:21:06.114, 3110073053659, vstest.console.dll, TestPluginCache: Executors2 are ''.
TpTrace Verbose: 0 : 21684, 1, 2022/11/14, 12:21:06.114, 3110073053849, vstest.console.dll, TestPluginCache: Setting providers are ''.
TpTrace Verbose: 0 : 21684, 1, 2022/11/14, 12:21:06.114, 3110073054039, vstest.console.dll, TestPluginCache: Loggers are ''.
TpTrace Verbose: 0 : 21684, 1, 2022/11/14, 12:21:06.115, 3110073054561, vstest.console.dll, TestPluginCache: TestHosts are 'HostProvider://DefaultTestHost,HostProvider://DotnetTestHost'.
TpTrace Verbose: 0 : 21684, 1, 2022/11/14, 12:21:06.115, 3110073054775, vstest.console.dll, TestPluginCache: DataCollectors are ''.
TpTrace Information: 0 : 21684, 1, 2022/11/14, 12:21:06.126, 3110073086012, vstest.console.dll, RunTestsArgumentProcessor:Execute: Test run is starting.
TpTrace Verbose: 0 : 21684, 1, 2022/11/14, 12:21:06.126, 3110073086542, vstest.console.dll, RunTestsArgumentProcessor:Execute: Queuing Test run.
TpTrace Information: 0 : 21684, 1, 2022/11/14, 12:21:06.126, 3110073087786, vstest.console.dll, TestRequestManager.RunTests: run tests started.
TpTrace Information: 0 : 21684, 1, 2022/11/14, 12:21:06.128, 3110073091631, vstest.console.dll, AssemblyMetadataProvider.GetFrameworkName: Determined framework:'.NETCoreApp,Version=v3.1' for source: 'C:\Users\ddian\source\repos\SoftUni\CSharpOOP\OOPExams\18.04.2022\RepairShopAppUnitTests\RepairShop.Tests\bin\Debug\netcoreapp3.1\fine-code-coverage\build-output\RepairShop.Tests.dll'
TpTrace Information: 0 : 21684, 1, 2022/11/14, 12:21:06.128, 3110073092278, vstest.console.dll, Determined framework for all sources: .NETCoreApp,Version=v3.1
TpTrace Verbose: 0 : 21684, 1, 2022/11/14, 12:21:06.128, 3110073093723, vstest.console.dll, TestRequestManager.UpdateRunSettingsIfRequired: Default architecture: X64 IsDefaultTargetArchitecture: True, Current process architecture: X64 OperatingSystem: Windows.
TpTrace Information: 0 : 21684, 1, 2022/11/14, 12:21:06.131, 3110073100678, vstest.console.dll, AssemblyMetadataProvider.GetArchitecture: Determined architecture:AnyCPU info for assembly: C:\Users\ddian\source\repos\SoftUni\CSharpOOP\OOPExams\18.04.2022\RepairShopAppUnitTests\RepairShop.Tests\bin\Debug\netcoreapp3.1\fine-code-coverage\build-output\RepairShop.Tests.dll
TpTrace Information: 0 : 21684, 1, 2022/11/14, 12:21:06.131, 3110073101082, vstest.console.dll, Determined platform for source 'C:\Users\ddian\source\repos\SoftUni\CSharpOOP\OOPExams\18.04.2022\RepairShopAppUnitTests\RepairShop.Tests\bin\Debug\netcoreapp3.1\fine-code-coverage\build-output\RepairShop.Tests.dll' was AnyCPU and it will use the default plaform X64.
TpTrace Information: 0 : 21684, 1, 2022/11/14, 12:21:06.131, 3110073101303, vstest.console.dll, None of the sources provided any runnable platform, using the default platform: X64
TpTrace Information: 0 : 21684, 1, 2022/11/14, 12:21:06.131, 3110073101789, vstest.console.dll, Platform was updated to 'X64'.
TpTrace Information: 0 : 21684, 1, 2022/11/14, 12:21:06.135, 3110073111237, vstest.console.dll, InferRunSettingsHelper.IsTestSettingsEnabled: Unable to navigate to RunSettings/MSTest. Current node: RunSettings
TpTrace Information: 0 : 21684, 1, 2022/11/14, 12:21:06.135, 3110073113142, vstest.console.dll, AssemblyResolver.OnResolve: Microsoft.VisualStudio.TestPlatform.Fakes: Resolving assembly.
TpTrace Information: 0 : 21684, 1, 2022/11/14, 12:21:06.135, 3110073113437, vstest.console.dll, AssemblyResolver.OnResolve: Microsoft.VisualStudio.TestPlatform.Fakes: Searching in: 'C:\Program Files\dotnet\sdk\6.0.402\Extensions'.
TpTrace Information: 0 : 21684, 1, 2022/11/14, 12:21:06.136, 3110073113926, vstest.console.dll, AssemblyResolver.OnResolve: Microsoft.VisualStudio.TestPlatform.Fakes: Assembly path does not exist: 'C:\Program Files\dotnet\sdk\6.0.402\Extensions\Microsoft.VisualStudio.TestPlatform.Fakes.dll', returning.
TpTrace Information: 0 : 21684, 1, 2022/11/14, 12:21:06.136, 3110073114198, vstest.console.dll, AssemblyResolver.OnResolve: Microsoft.VisualStudio.TestPlatform.Fakes: Assembly path does not exist: 'C:\Program Files\dotnet\sdk\6.0.402\Extensions\Microsoft.VisualStudio.TestPlatform.Fakes.exe', returning.
TpTrace Information: 0 : 21684, 1, 2022/11/14, 12:21:06.136, 3110073114405, vstest.console.dll, AssemblyResolver.OnResolve: Microsoft.VisualStudio.TestPlatform.Fakes: Searching in: 'C:\Program Files\dotnet\sdk\6.0.402'.
TpTrace Information: 0 : 21684, 1, 2022/11/14, 12:21:06.136, 3110073114671, vstest.console.dll, AssemblyResolver.OnResolve: Microsoft.VisualStudio.TestPlatform.Fakes: Assembly path does not exist: 'C:\Program Files\dotnet\sdk\6.0.402\Microsoft.VisualStudio.TestPlatform.Fakes.dll', returning.
TpTrace Information: 0 : 21684, 1, 2022/11/14, 12:21:06.136, 3110073114932, vstest.console.dll, AssemblyResolver.OnResolve: Microsoft.VisualStudio.TestPlatform.Fakes: Assembly path does not exist: 'C:\Program Files\dotnet\sdk\6.0.402\Microsoft.VisualStudio.TestPlatform.Fakes.exe', returning.
TpTrace Information: 0 : 21684, 1, 2022/11/14, 12:21:06.136, 3110073115138, vstest.console.dll, AssemblyResolver.OnResolve: Microsoft.VisualStudio.TestPlatform.Fakes: Failed to load assembly.
TpTrace Information: 0 : 21684, 1, 2022/11/14, 12:21:06.136, 3110073116047, vstest.console.dll, Failed to load assembly Microsoft.VisualStudio.TestPlatform.Fakes, Version=17.0.0.0, Culture=neutral. Reason:System.IO.FileNotFoundException: Could not load file or assembly 'Microsoft.VisualStudio.TestPlatform.Fakes, Version=17.0.0.0, Culture=neutral, PublicKeyToken=null'. The system cannot find the file specified.
File name: 'Microsoft.VisualStudio.TestPlatform.Fakes, Version=17.0.0.0, Culture=neutral, PublicKeyToken=null'
   at System.Reflection.RuntimeAssembly.InternalLoad(ObjectHandleOnStack assemblyName, ObjectHandleOnStack requestingAssembly, StackCrawlMarkHandle stackMark, Boolean throwOnFileNotFound, ObjectHandleOnStack assemblyLoadContext, ObjectHandleOnStack retAssembly)
   at System.Reflection.RuntimeAssembly.InternalLoad(AssemblyName assemblyName, RuntimeAssembly requestingAssembly, StackCrawlMark& stackMark, Boolean throwOnFileNotFound, AssemblyLoadContext assemblyLoadContext)
   at System.Reflection.Assembly.Load(AssemblyName assemblyRef)
   at Microsoft.VisualStudio.TestPlatform.Common.Utilities.FakesUtilities.LoadTestPlatformAssembly()
TpTrace Verbose: 0 : 21684, 1, 2022/11/14, 12:21:06.140, 3110073125833, vstest.console.dll, TestPluginCache.DiscoverTestExtensions: finding test extensions in assemblies ends with: TestLogger.dll TPluginInfo: Microsoft.VisualStudio.TestPlatform.Common.ExtensionFramework.Utilities.TestLoggerPluginInformation TExtension: Microsoft.VisualStudio.TestPlatform.ObjectModel.Client.ITestLogger
TpTrace Verbose: 0 : 21684, 1, 2022/11/14, 12:21:06.140, 3110073126230, vstest.console.dll, TestPluginCache.GetExtensionPaths: Filtered extension paths: 
TpTrace Verbose: 0 : 21684, 1, 2022/11/14, 12:21:06.140, 3110073126442, vstest.console.dll, TestPluginCache.GetExtensionPaths: Added default extension paths: C:\Program Files\dotnet\sdk\6.0.402\Extensions\Microsoft.Diagnostics.NETCore.Client.dll
C:\Program Files\dotnet\sdk\6.0.402\Extensions\Microsoft.TestPlatform.Extensions.BlameDataCollector.dll
C:\Program Files\dotnet\sdk\6.0.402\Extensions\Microsoft.TestPlatform.Extensions.EventLogCollector.dll
C:\Program Files\dotnet\sdk\6.0.402\Extensions\Microsoft.TestPlatform.TestHostRuntimeProvider.dll
C:\Program Files\dotnet\sdk\6.0.402\Extensions\Microsoft.VisualStudio.TestPlatform.Extensions.Html.TestLogger.dll
C:\Program Files\dotnet\sdk\6.0.402\Extensions\Microsoft.VisualStudio.TestPlatform.Extensions.Trx.TestLogger.dll
TpTrace Verbose: 0 : 21684, 1, 2022/11/14, 12:21:06.140, 3110073126655, vstest.console.dll, TestPluginCache.GetExtensionPaths: Added unfilterableExtensionPaths: 
TpTrace Information: 0 : 21684, 1, 2022/11/14, 12:21:06.140, 3110073127189, vstest.console.dll, AssemblyResolver.AddSearchDirectories: Adding more searchDirectories C:\Program Files\dotnet\sdk\6.0.402\Extensions,C:\Program Files\dotnet\sdk\6.0.402
TpTrace Verbose: 0 : 21684, 1, 2022/11/14, 12:21:06.140, 3110073127479, vstest.console.dll, TestPluginCache.DiscoverTestExtensions: Discovering the extensions using extension path.
TpTrace Verbose: 0 : 21684, 1, 2022/11/14, 12:21:06.140, 3110073127704, vstest.console.dll, TestPluginCache.GetExtensionPaths: Filtered extension paths: 
TpTrace Verbose: 0 : 21684, 1, 2022/11/14, 12:21:06.140, 3110073127898, vstest.console.dll, TestPluginCache.GetExtensionPaths: Added default extension paths: C:\Program Files\dotnet\sdk\6.0.402\Extensions\Microsoft.Diagnostics.NETCore.Client.dll
C:\Program Files\dotnet\sdk\6.0.402\Extensions\Microsoft.TestPlatform.Extensions.BlameDataCollector.dll
C:\Program Files\dotnet\sdk\6.0.402\Extensions\Microsoft.TestPlatform.Extensions.EventLogCollector.dll
C:\Program Files\dotnet\sdk\6.0.402\Extensions\Microsoft.TestPlatform.TestHostRuntimeProvider.dll
C:\Program Files\dotnet\sdk\6.0.402\Extensions\Microsoft.VisualStudio.TestPlatform.Extensions.Html.TestLogger.dll
C:\Program Files\dotnet\sdk\6.0.402\Extensions\Microsoft.VisualStudio.TestPlatform.Extensions.Trx.TestLogger.dll
TpTrace Verbose: 0 : 21684, 1, 2022/11/14, 12:21:06.141, 3110073128205, vstest.console.dll, TestPluginCache.GetExtensionPaths: Added unfilterableExtensionPaths: 
TpTrace Verbose: 0 : 21684, 1, 2022/11/14, 12:21:06.141, 3110073128418, vstest.console.dll, TestPluginCache.DiscoverTestExtensions: Discovering the extensions using allExtensionPaths: C:\Program Files\dotnet\sdk\6.0.402\Extensions\Microsoft.Diagnostics.NETCore.Client.dll
C:\Program Files\dotnet\sdk\6.0.402\Extensions\Microsoft.TestPlatform.Extensions.BlameDataCollector.dll
C:\Program Files\dotnet\sdk\6.0.402\Extensions\Microsoft.TestPlatform.Extensions.EventLogCollector.dll
C:\Program Files\dotnet\sdk\6.0.402\Extensions\Microsoft.TestPlatform.TestHostRuntimeProvider.dll
C:\Program Files\dotnet\sdk\6.0.402\Extensions\Microsoft.VisualStudio.TestPlatform.Extensions.Html.TestLogger.dll
C:\Program Files\dotnet\sdk\6.0.402\Extensions\Microsoft.VisualStudio.TestPlatform.Extensions.Trx.TestLogger.dll
TpTrace Information: 0 : 21684, 1, 2022/11/14, 12:21:06.141, 3110073128644, vstest.console.dll, AssemblyResolver.AddSearchDirectories: Adding more searchDirectories C:\Program Files\dotnet\sdk\6.0.402\Extensions,C:\Program Files\dotnet\sdk\6.0.402
TpTrace Information: 0 : 21684, 1, 2022/11/14, 12:21:06.141, 3110073128848, vstest.console.dll, AssemblyResolver.AddSearchDirectories: Adding more searchDirectories C:\Program Files\dotnet\sdk\6.0.402\Extensions,C:\Program Files\dotnet\sdk\6.0.402
TpTrace Information: 0 : 21684, 1, 2022/11/14, 12:21:06.141, 3110073129035, vstest.console.dll, AssemblyResolver.AddSearchDirectories: Adding more searchDirectories C:\Program Files\dotnet\sdk\6.0.402\Extensions,C:\Program Files\dotnet\sdk\6.0.402
TpTrace Information: 0 : 21684, 1, 2022/11/14, 12:21:06.141, 3110073129219, vstest.console.dll, AssemblyResolver.AddSearchDirectories: Adding more searchDirectories C:\Program Files\dotnet\sdk\6.0.402\Extensions,C:\Program Files\dotnet\sdk\6.0.402
TpTrace Information: 0 : 21684, 1, 2022/11/14, 12:21:06.141, 3110073129411, vstest.console.dll, AssemblyResolver.AddSearchDirectories: Adding more searchDirectories C:\Program Files\dotnet\sdk\6.0.402\Extensions,C:\Program Files\dotnet\sdk\6.0.402
TpTrace Information: 0 : 21684, 1, 2022/11/14, 12:21:06.141, 3110073129597, vstest.console.dll, AssemblyResolver.AddSearchDirectories: Adding more searchDirectories C:\Program Files\dotnet\sdk\6.0.402\Extensions,C:\Program Files\dotnet\sdk\6.0.402
TpTrace Verbose: 0 : 21684, 1, 2022/11/14, 12:21:06.141, 3110073130068, vstest.console.dll, MetadataReaderExtensionsHelper: Discovering extensions inside assembly 'Microsoft.Diagnostics.NETCore.Client, Version=0.2.5.801, Culture=neutral, PublicKeyToken=31bf3856ad364e35' file path 'C:\Program Files\dotnet\sdk\6.0.402\Extensions\Microsoft.Diagnostics.NETCore.Client.dll'
TpTrace Information: 0 : 21684, 1, 2022/11/14, 12:21:06.142, 3110073132013, vstest.console.dll, AssemblyResolver.OnResolve: Microsoft.Bcl.AsyncInterfaces: Resolving assembly.
TpTrace Information: 0 : 21684, 1, 2022/11/14, 12:21:06.142, 3110073132320, vstest.console.dll, AssemblyResolver.OnResolve: Microsoft.Bcl.AsyncInterfaces: Resolved from cache.
TpTrace Verbose: 0 : 21684, 1, 2022/11/14, 12:21:06.142, 3110073132527, vstest.console.dll, CurrentDomainAssemblyResolve: Resolving assembly 'Microsoft.Bcl.AsyncInterfaces'.
TpTrace Information: 0 : 21684, 1, 2022/11/14, 12:21:06.142, 3110073132762, vstest.console.dll, AssemblyResolver.OnResolve: Microsoft.Bcl.AsyncInterfaces: Resolving assembly.
TpTrace Information: 0 : 21684, 1, 2022/11/14, 12:21:06.142, 3110073132952, vstest.console.dll, AssemblyResolver.OnResolve: Microsoft.Bcl.AsyncInterfaces: Resolved from cache.
TpTrace Verbose: 0 : 21684, 1, 2022/11/14, 12:21:06.142, 3110073133138, vstest.console.dll, CurrentDomainAssemblyResolve: Resolving assembly 'Microsoft.Bcl.AsyncInterfaces'.
TpTrace Verbose: 0 : 21684, 1, 2022/11/14, 12:21:06.142, 3110073133324, vstest.console.dll, CurrentDomainAssemblyResolve: Failed to resolve assembly 'Microsoft.Bcl.AsyncInterfaces'.
TpTrace Verbose: 0 : 21684, 1, 2022/11/14, 12:21:06.143, 3110073133955, vstest.console.dll, CurrentDomainAssemblyResolve: Failed to resolve assembly 'Microsoft.Bcl.AsyncInterfaces'.
TpTrace Warning: 0 : 21684, 1, 2022/11/14, 12:21:06.143, 3110073135168, vstest.console.dll, TestPluginDiscoverer: Failed to get types from assembly 'Microsoft.Diagnostics.NETCore.Client, Version=0.2.5.801, Culture=neutral, PublicKeyToken=31bf3856ad364e35'. Error: System.Reflection.ReflectionTypeLoadException: Unable to load one or more of the requested types.
Could not load file or assembly 'Microsoft.Bcl.AsyncInterfaces, Version=1.0.0.0, Culture=neutral, PublicKeyToken=cc7b13ffcd2ddd51'. The system cannot find the file specified.
   at System.Reflection.RuntimeModule.GetTypes(RuntimeModule module)
   at System.Reflection.Assembly.GetTypes()
   at Microsoft.VisualStudio.TestPlatform.Common.ExtensionFramework.TestPluginDiscoverer.GetTestExtensionsFromAssembly[TPluginInfo,TExtension](Assembly assembly, Dictionary`2 pluginInfos, String filePath)
System.IO.FileNotFoundException: Could not load file or assembly 'Microsoft.Bcl.AsyncInterfaces, Version=1.0.0.0, Culture=neutral, PublicKeyToken=cc7b13ffcd2ddd51'. The system cannot find the file specified.
File name: 'Microsoft.Bcl.AsyncInterfaces, Version=1.0.0.0, Culture=neutral, PublicKeyToken=cc7b13ffcd2ddd51'
 ---> System.IO.FileNotFoundException: Could not load file or assembly 'Microsoft.Bcl.AsyncInterfaces, Culture=neutral, PublicKeyToken=null'. The system cannot find the file specified.
File name: 'Microsoft.Bcl.AsyncInterfaces, Culture=neutral, PublicKeyToken=null'
   at System.Reflection.RuntimeAssembly.InternalLoad(ObjectHandleOnStack assemblyName, ObjectHandleOnStack requestingAssembly, StackCrawlMarkHandle stackMark, Boolean throwOnFileNotFound, ObjectHandleOnStack assemblyLoadContext, ObjectHandleOnStack retAssembly)
   at System.Reflection.RuntimeAssembly.InternalLoad(AssemblyName assemblyName, RuntimeAssembly requestingAssembly, StackCrawlMark& stackMark, Boolean throwOnFileNotFound, AssemblyLoadContext assemblyLoadContext)
   at System.Reflection.Assembly.Load(AssemblyName assemblyRef)
   at Microsoft.VisualStudio.TestPlatform.Common.ExtensionFramework.TestPluginCache.CurrentDomainAssemblyResolve(Object sender, AssemblyResolveEventArgs args)
   at Microsoft.VisualStudio.TestPlatform.PlatformAbstractions.PlatformAssemblyResolver.AssemblyResolverEvent(Object sender, Object eventArgs)
   at System.Runtime.Loader.AssemblyLoadContext.GetFirstResolvedAssemblyFromResolvingEvent(AssemblyName assemblyName)
   at System.Runtime.Loader.AssemblyLoadContext.ResolveUsingEvent(AssemblyName assemblyName)
   at System.Runtime.Loader.AssemblyLoadContext.ResolveUsingResolvingEvent(IntPtr gchManagedAssemblyLoadContext, AssemblyName assemblyName)
TpTrace Warning: 0 : 21684, 1, 2022/11/14, 12:21:06.143, 3110073135752, vstest.console.dll, LoaderExceptions: System.IO.FileNotFoundException: Could not load file or assembly 'Microsoft.Bcl.AsyncInterfaces, Version=1.0.0.0, Culture=neutral, PublicKeyToken=cc7b13ffcd2ddd51'. The system cannot find the file specified.
File name: 'Microsoft.Bcl.AsyncInterfaces, Version=1.0.0.0, Culture=neutral, PublicKeyToken=cc7b13ffcd2ddd51'
 ---> System.IO.FileNotFoundException: Could not load file or assembly 'Microsoft.Bcl.AsyncInterfaces, Culture=neutral, PublicKeyToken=null'. The system cannot find the file specified.
File name: 'Microsoft.Bcl.AsyncInterfaces, Culture=neutral, PublicKeyToken=null'
   at System.Reflection.RuntimeAssembly.InternalLoad(ObjectHandleOnStack assemblyName, ObjectHandleOnStack requestingAssembly, StackCrawlMarkHandle stackMark, Boolean throwOnFileNotFound, ObjectHandleOnStack assemblyLoadContext, ObjectHandleOnStack retAssembly)
   at System.Reflection.RuntimeAssembly.InternalLoad(AssemblyName assemblyName, RuntimeAssembly requestingAssembly, StackCrawlMark& stackMark, Boolean throwOnFileNotFound, AssemblyLoadContext assemblyLoadContext)
   at System.Reflection.Assembly.Load(AssemblyName assemblyRef)
   at Microsoft.VisualStudio.TestPlatform.Common.ExtensionFramework.TestPluginCache.CurrentDomainAssemblyResolve(Object sender, AssemblyResolveEventArgs args)
   at Microsoft.VisualStudio.TestPlatform.PlatformAbstractions.PlatformAssemblyResolver.AssemblyResolverEvent(Object sender, Object eventArgs)
   at System.Runtime.Loader.AssemblyLoadContext.GetFirstResolvedAssemblyFromResolvingEvent(AssemblyName assemblyName)
   at System.Runtime.Loader.AssemblyLoadContext.ResolveUsingEvent(AssemblyName assemblyName)
   at System.Runtime.Loader.AssemblyLoadContext.ResolveUsingResolvingEvent(IntPtr gchManagedAssemblyLoadContext, AssemblyName assemblyName)
TpTrace Verbose: 0 : 21684, 1, 2022/11/14, 12:21:06.143, 3110073136139, vstest.console.dll, MetadataReaderExtensionsHelper: Discovering extensions inside assembly 'Microsoft.TestPlatform.Extensions.BlameDataCollector, Version=15.0.0.0, Culture=neutral, PublicKeyToken=b03f5f7f11d50a3a' file path 'C:\Program Files\dotnet\sdk\6.0.402\Extensions\Microsoft.TestPlatform.Extensions.BlameDataCollector.dll'
TpTrace Information: 0 : 21684, 1, 2022/11/14, 12:21:06.144, 3110073138117, vstest.console.dll, GetTestExtensionFromType: Register extension with identifier data 'logger://Microsoft/TestPlatform/Extensions/Blame/v1' and type 'Microsoft.TestPlatform.Extensions.BlameDataCollector.BlameLogger, Microsoft.TestPlatform.Extensions.BlameDataCollector, Version=15.0.0.0, Culture=neutral, PublicKeyToken=b03f5f7f11d50a3a' inside file 'C:\Program Files\dotnet\sdk\6.0.402\Extensions\Microsoft.TestPlatform.Extensions.BlameDataCollector.dll'
TpTrace Verbose: 0 : 21684, 1, 2022/11/14, 12:21:06.144, 3110073138437, vstest.console.dll, MetadataReaderExtensionsHelper: Discovering extensions inside assembly 'Microsoft.TestPlatform.Extensions.EventLogCollector, Version=15.0.0.0, Culture=neutral, PublicKeyToken=b03f5f7f11d50a3a' file path 'C:\Program Files\dotnet\sdk\6.0.402\Extensions\Microsoft.TestPlatform.Extensions.EventLogCollector.dll'
TpTrace Verbose: 0 : 21684, 1, 2022/11/14, 12:21:06.145, 3110073139855, vstest.console.dll, MetadataReaderExtensionsHelper: Discovering extensions inside assembly 'Microsoft.TestPlatform.TestHostRuntimeProvider, Version=15.0.0.0, Culture=neutral, PublicKeyToken=b03f5f7f11d50a3a' file path 'C:\Program Files\dotnet\sdk\6.0.402\Extensions\Microsoft.TestPlatform.TestHostRuntimeProvider.dll'
TpTrace Verbose: 0 : 21684, 1, 2022/11/14, 12:21:06.145, 3110073141129, vstest.console.dll, MetadataReaderExtensionsHelper: Discovering extensions inside assembly 'Microsoft.VisualStudio.TestPlatform.Extensions.Html.TestLogger, Version=15.0.0.0, Culture=neutral, PublicKeyToken=b03f5f7f11d50a3a' file path 'C:\Program Files\dotnet\sdk\6.0.402\Extensions\Microsoft.VisualStudio.TestPlatform.Extensions.Html.TestLogger.dll'
TpTrace Information: 0 : 21684, 1, 2022/11/14, 12:21:06.146, 3110073142675, vstest.console.dll, GetTestExtensionFromType: Register extension with identifier data 'logger://Microsoft/TestPlatform/HtmlLogger/v1' and type 'Microsoft.VisualStudio.TestPlatform.Extensions.HtmlLogger.HtmlLogger, Microsoft.VisualStudio.TestPlatform.Extensions.Html.TestLogger, Version=15.0.0.0, Culture=neutral, PublicKeyToken=b03f5f7f11d50a3a' inside file 'C:\Program Files\dotnet\sdk\6.0.402\Extensions\Microsoft.VisualStudio.TestPlatform.Extensions.Html.TestLogger.dll'
TpTrace Verbose: 0 : 21684, 1, 2022/11/14, 12:21:06.146, 3110073142997, vstest.console.dll, MetadataReaderExtensionsHelper: Discovering extensions inside assembly 'Microsoft.VisualStudio.TestPlatform.Extensions.Trx.TestLogger, Version=15.0.0.0, Culture=neutral, PublicKeyToken=b03f5f7f11d50a3a' file path 'C:\Program Files\dotnet\sdk\6.0.402\Extensions\Microsoft.VisualStudio.TestPlatform.Extensions.Trx.TestLogger.dll'
TpTrace Information: 0 : 21684, 1, 2022/11/14, 12:21:06.146, 3110073144463, vstest.console.dll, GetTestExtensionFromType: Register extension with identifier data 'logger://Microsoft/TestPlatform/TrxLogger/v1' and type 'Microsoft.VisualStudio.TestPlatform.Extensions.TrxLogger.TrxLogger, Microsoft.VisualStudio.TestPlatform.Extensions.Trx.TestLogger, Version=15.0.0.0, Culture=neutral, PublicKeyToken=b03f5f7f11d50a3a' inside file 'C:\Program Files\dotnet\sdk\6.0.402\Extensions\Microsoft.VisualStudio.TestPlatform.Extensions.Trx.TestLogger.dll'
TpTrace Verbose: 0 : 21684, 1, 2022/11/14, 12:21:06.146, 3110073144815, vstest.console.dll, TestPluginCache: Discovered the extensions using extension path ''.
TpTrace Verbose: 0 : 21684, 1, 2022/11/14, 12:21:06.147, 3110073145022, vstest.console.dll, TestPluginCache: Discoverers are ''.
TpTrace Verbose: 0 : 21684, 1, 2022/11/14, 12:21:06.147, 3110073145203, vstest.console.dll, TestPluginCache: Executors are ''.
TpTrace Verbose: 0 : 21684, 1, 2022/11/14, 12:21:06.147, 3110073145396, vstest.console.dll, TestPluginCache: Executors2 are ''.
TpTrace Verbose: 0 : 21684, 1, 2022/11/14, 12:21:06.147, 3110073145569, vstest.console.dll, TestPluginCache: Setting providers are ''.
TpTrace Verbose: 0 : 21684, 1, 2022/11/14, 12:21:06.147, 3110073145865, vstest.console.dll, TestPluginCache: Loggers are 'logger://Microsoft/TestPlatform/Extensions/Blame/v1,logger://Microsoft/TestPlatform/HtmlLogger/v1,logger://Microsoft/TestPlatform/TrxLogger/v1'.
TpTrace Verbose: 0 : 21684, 1, 2022/11/14, 12:21:06.147, 3110073146097, vstest.console.dll, TestPluginCache: TestHosts are 'HostProvider://DefaultTestHost,HostProvider://DotnetTestHost'.
TpTrace Verbose: 0 : 21684, 1, 2022/11/14, 12:21:06.147, 3110073146280, vstest.console.dll, TestPluginCache: DataCollectors are ''.
TpTrace Information: 0 : 21684, 1, 2022/11/14, 12:21:06.148, 3110073148052, vstest.console.dll, TestPluginManager.CreateTestExtension: Attempting to load test extension: Microsoft.TestPlatform.Extensions.BlameDataCollector.BlameLogger
TpTrace Verbose: 0 : 21684, 1, 2022/11/14, 12:21:06.152, 3110073160284, vstest.console.dll, TestEngine: Initializing Parallel Execution as MaxCpuCount is set to: 1
TpTrace Information: 0 : 21684, 1, 2022/11/14, 12:21:06.154, 3110073167651, vstest.console.dll, TestPluginManager.CreateTestExtension: Attempting to load test extension: Microsoft.VisualStudio.TestPlatform.CrossPlatEngine.Hosting.DefaultTestHostManager
TpTrace Information: 0 : 21684, 1, 2022/11/14, 12:21:06.156, 3110073171398, vstest.console.dll, TestPluginManager.CreateTestExtension: Attempting to load test extension: Microsoft.VisualStudio.TestPlatform.CrossPlatEngine.Hosting.DotnetTestHostManager
TpTrace Information: 0 : 21684, 1, 2022/11/14, 12:21:06.156, 3110073172939, vstest.console.dll, InferRunSettingsHelper.IsTestSettingsEnabled: Unable to navigate to RunSettings/MSTest. Current node: RunSettings
TpTrace Verbose: 0 : 21684, 1, 2022/11/14, 12:21:06.161, 3110073186764, vstest.console.dll, TestEngine.GetExecutionManager: Chosen execution manager 'Microsoft.VisualStudio.TestPlatform.CrossPlatEngine.Client.Parallel.ParallelProxyExecutionManager, Microsoft.TestPlatform.CrossPlatEngine, Version=15.0.0.0, Culture=neutral, PublicKeyToken=b03f5f7f11d50a3a' ParallelLevel '1'.
TpTrace Verbose: 0 : 21684, 1, 2022/11/14, 12:21:06.161, 3110073187400, vstest.console.dll, TestRunRequest.ExecuteAsync: Creating test run request.
TpTrace Verbose: 0 : 21684, 1, 2022/11/14, 12:21:06.162, 3110073188056, vstest.console.dll, TestRunRequest.ExecuteAsync: Starting.
TpTrace Information: 0 : 21684, 1, 2022/11/14, 12:21:06.162, 3110073188927, vstest.console.dll, TestRunRequest.ExecuteAsync: Starting run with settings:TestRunCriteria:
   KeepAlive=False,FrequencyOfRunStatsChangeEvent=10,RunStatsChangeEventTimeout=00:00:01.5000000,TestCaseFilter=,TestExecutorLauncher=
   Settingsxml=<RunSettings>
  <RunConfiguration>
    <ResultsDirectory>C:\Users\ddian\source\repos\SoftUni\CSharpOOP\OOPExams\18.04.2022\RepairShopAppUnitTests\RepairShop.Tests\bin\Debug\netcoreapp3.1\fine-code-coverage\coverage-tool-output</ResultsDirectory>
    <TargetPlatform>X64</TargetPlatform>
    <TargetFrameworkVersion>.NETCoreApp,Version=v3.1</TargetFrameworkVersion>
    <DesignMode>False</DesignMode>
    <CollectSourceInformation>False</CollectSourceInformation>
  </RunConfiguration>
  <LoggerRunSettings>
    <Loggers>
      <Logger friendlyName="blame" enabled="True" />
      <Logger friendlyName="Console" uri="logger://microsoft/TestPlatform/ConsoleLogger/v1" assemblyQualifiedName="Microsoft.VisualStudio.TestPlatform.CommandLine.Internal.ConsoleLogger, vstest.console, Version=15.0.0.0, Culture=neutral, PublicKeyToken=b03f5f7f11d50a3a" codeBase="C:\Program Files\dotnet\sdk\6.0.402\vstest.console.dll" enabled="True" />
    </Loggers>
  </LoggerRunSettings>
  <DataCollectionRunSettings>
    <DataCollectors>
      <DataCollector friendlyName="blame" enabled="True">
        <Configuration>
          <ResultsDirectory>C:\Users\ddian\source\repos\SoftUni\CSharpOOP\OOPExams\18.04.2022\RepairShopAppUnitTests\RepairShop.Tests\bin\Debug\netcoreapp3.1\fine-code-coverage\coverage-tool-output</ResultsDirectory>
        </Configuration>
      </DataCollector>
    </DataCollectors>
  </DataCollectionRunSettings>
</RunSettings>

TpTrace Verbose: 0 : 21684, 1, 2022/11/14, 12:21:06.162, 3110073189191, vstest.console.dll, TestRunRequest.ExecuteAsync: Wait for the first run request is over.
TpTrace Verbose: 0 : 21684, 1, 2022/11/14, 12:21:06.162, 3110073190013, vstest.console.dll, MulticastDelegateUtilities.SafeInvoke: TestRun.TestRunStart: Invoking callbacks was skipped because there are no subscribers.
TpTrace Verbose: 0 : 21684, 4, 2022/11/14, 12:21:06.163, 3110073190685, vstest.console.dll, MulticastDelegateUtilities.SafeInvoke: InternalTestLoggerEvents.SendTestRunStart: Invoking callback 1/1 for Microsoft.VisualStudio.TestPlatform.CommandLine.Internal.ConsoleLogger.TestRunStartHandler, took 0 ms.
TpTrace Verbose: 0 : 21684, 1, 2022/11/14, 12:21:06.163, 3110073192796, vstest.console.dll, ParallelProxyExecutionManager: Start execution. Total sources: 1
TpTrace Verbose: 0 : 21684, 1, 2022/11/14, 12:21:06.165, 3110073196513, vstest.console.dll, TestRequestSender is acting as server.
TpTrace Verbose: 0 : 21684, 1, 2022/11/14, 12:21:06.166, 3110073199885, vstest.console.dll, DataCollectionRequestSender.InitializeCommunication : Initialize communication. 
TpTrace Information: 0 : 21684, 1, 2022/11/14, 12:21:06.172, 3110073216025, vstest.console.dll, Listening on Endpoint : 127.0.0.1:50618
TpTrace Verbose: 0 : 21684, 1, 2022/11/14, 12:21:06.179, 3110073236000, vstest.console.dll, DotnetDataCollectionLauncher: Adding  --runtimeconfig "C:\Program Files\dotnet\sdk\6.0.402\datacollector.runtimeconfig.json" in args
TpTrace Verbose: 0 : 21684, 1, 2022/11/14, 12:21:06.179, 3110073236566, vstest.console.dll, DotnetDataCollectionLauncher: Adding  --depsfile "C:\Program Files\dotnet\sdk\6.0.402\datacollector.deps.json" in args
TpTrace Verbose: 0 : 21684, 1, 2022/11/14, 12:21:06.179, 3110073237061, vstest.console.dll, DotnetDataCollectionLauncher: Full path of dotnet.exe is C:\Program Files\dotnet\dotnet.exe
TpTrace Information: 0 : 21684, 1, 2022/11/14, 12:21:06.215, 3110073339081, vstest.console.dll, ProxyDataCollectionManager.Initialize: Launched datacollector processId: 17192 port: 50618
TpTrace Information: 0 : 21684, 1, 2022/11/14, 12:21:06.215, 3110073339908, vstest.console.dll, ProxyDataCollectionManager.Initialize: waiting for connection with timeout: 90 seconds
TpTrace Verbose: 0 : 21684, 1, 2022/11/14, 12:21:06.215, 3110073340379, vstest.console.dll, DataCollectionRequestSender.WaitForRequestHandlerConnection : Waiting for connection with timeout: 90000
TpTrace Information: 0 : 21684, 5, 2022/11/14, 12:21:06.567, 3110074336738, vstest.console.dll, Using the buffer size of 16384 bytes
TpTrace Verbose: 0 : 21684, 1, 2022/11/14, 12:21:06.567, 3110074336748, vstest.console.dll, SocketCommunicationManager.WaitForClientConnection took: 351 ms, with 90000 ms timeout, and finished with True.
TpTrace Information: 0 : 21684, 5, 2022/11/14, 12:21:06.567, 3110074337287, vstest.console.dll, Accepted Client request and set the flag
TpTrace Verbose: 0 : 21684, 1, 2022/11/14, 12:21:06.567, 3110074337809, vstest.console.dll, ProxyDataCollectionManager.InvokeDataCollectionServiceAction: Starting.
TpTrace Information: 0 : 21684, 1, 2022/11/14, 12:21:06.567, 3110074338440, vstest.console.dll, ProxyDataCollectionManager.BeforeTestRunStart: Get environment variable and port for datacollector processId: 17192 port: 50618
TpTrace Verbose: 0 : 21684, 1, 2022/11/14, 12:21:06.568, 3110074339070, vstest.console.dll, DataCollectionRequestSender.SendBeforeTestRunStartAndGetResult: Send BeforeTestRunStart message with settingsXml <RunSettings><RunConfiguration><ResultsDirectory>C:\Users\ddian\source\repos\SoftUni\CSharpOOP\OOPExams\18.04.2022\RepairShopAppUnitTests\RepairShop.Tests\bin\Debug\netcoreapp3.1\fine-code-coverage\coverage-tool-output</ResultsDirectory><TargetPlatform>X64</TargetPlatform><TargetFrameworkVersion>.NETCoreApp,Version=v3.1</TargetFrameworkVersion><DesignMode>False</DesignMode><CollectSourceInformation>False</CollectSourceInformation><TestAdaptersPaths>C:\Program Files\dotnet\sdk\6.0.402\Extensions</TestAdaptersPaths></RunConfiguration><LoggerRunSettings><Loggers><Logger friendlyName="blame" enabled="True" /><Logger friendlyName="Console" uri="logger://microsoft/TestPlatform/ConsoleLogger/v1" assemblyQualifiedName="Microsoft.VisualStudio.TestPlatform.CommandLine.Internal.ConsoleLogger, vstest.console, Version=15.0.0.0, Culture=neutral, PublicKeyToken=b03f5f7f11d50a3a" codeBase="C:\Program Files\dotnet\sdk\6.0.402\vstest.console.dll" enabled="True" /></Loggers></LoggerRunSettings><DataCollectionRunSettings><DataCollectors><DataCollector friendlyName="blame" enabled="True"><Configuration><ResultsDirectory>C:\Users\ddian\source\repos\SoftUni\CSharpOOP\OOPExams\18.04.2022\RepairShopAppUnitTests\RepairShop.Tests\bin\Debug\netcoreapp3.1\fine-code-coverage\coverage-tool-output</ResultsDirectory></Configuration></DataCollector></DataCollectors></DataCollectionRunSettings></RunSettings> and sources System.Collections.Generic.List`1[System.String]: 
TpTrace Verbose: 0 : 21684, 1, 2022/11/14, 12:21:06.659, 3110074597018, vstest.console.dll, DataCollectionRequestSender.SendBeforeTestRunStartAndGetResult: Received message: (DataCollection.SendMessage) -> {"MessageType":"DataCollection.SendMessage","Payload":{"FriendlyName":null,"Uri":null,"TestCaseId":"00000000-0000-0000-0000-000000000000","Message":"Logging DataCollector Diagnostics in file: C:\\Users\\ddian\\source\\repos\\SoftUni\\CSharpOOP\\OOPExams\\18.04.2022\\RepairShopAppUnitTests\\RepairShop.Tests\\bin\\Debug\\netcoreapp3.1\\fine-code-coverage\\coverage-tool-output\\diagnostics.datacollector.22-11-14_12-21-06_17885_1.log","Level":0}}
TpTrace Verbose: 0 : 21684, 1, 2022/11/14, 12:21:06.737, 3110074819302, vstest.console.dll, DataCollectionRequestSender.SendBeforeTestRunStartAndGetResult: Received message: (DataCollection.BeforeTestRunStartResult) -> {"MessageType":"DataCollection.BeforeTestRunStartResult","Payload":{"EnvironmentVariables":{},"DataCollectionEventsPort":50620}}
TpTrace Information: 0 : 21684, 1, 2022/11/14, 12:21:06.742, 3110074833072, vstest.console.dll, ProxyDataCollectionManager.BeforeTestRunStart: SendBeforeTestRunStartAndGetResult successful, env variable from datacollector:   and testhost port: 50620
TpTrace Information: 0 : 21684, 1, 2022/11/14, 12:21:06.742, 3110074833654, vstest.console.dll, ProxyDataCollectionManager.InvokeDataCollectionServiceAction: Completed.
TpTrace Verbose: 0 : 21684, 10, 2022/11/14, 12:21:06.742, 3110074834227, vstest.console.dll, ParallelProxyExecutionManager: Execution started. Started clients: 1
TpTrace Verbose: 0 : 21684, 1, 2022/11/14, 12:21:06.742, 3110074834281, vstest.console.dll, ProxyParallelExecutionManager: No sources available for execution.
TpTrace Information: 0 : 21684, 1, 2022/11/14, 12:21:06.742, 3110074834818, vstest.console.dll, TestRunRequest.ExecuteAsync: Started.
TpTrace Verbose: 0 : 21684, 1, 2022/11/14, 12:21:06.742, 3110074835137, vstest.console.dll, TestRunRequest.WaitForCompletion: Waiting with timeout -1.
TpTrace Verbose: 0 : 21684, 10, 2022/11/14, 12:21:06.742, 3110074835184, vstest.console.dll, TestRunRequest:SendTestRunMessage: Starting.
TpTrace Verbose: 0 : 21684, 4, 2022/11/14, 12:21:06.743, 3110074835878, vstest.console.dll, MulticastDelegateUtilities.SafeInvoke: InternalTestLoggerEvents.SendTestRunMessage: Invoking callback 1/1 for Microsoft.VisualStudio.TestPlatform.CommandLine.Internal.ConsoleLogger.TestMessageHandler, took 0 ms.
TpTrace Verbose: 0 : 21684, 10, 2022/11/14, 12:21:06.743, 3110074835879, vstest.console.dll, MulticastDelegateUtilities.SafeInvoke: TestRun.LogMessages: Invoking callback 1/1 for Microsoft.VisualStudio.TestPlatform.CommandLine.TestRunResultAggregator.TestRunMessageHandler, took 0 ms.
TpTrace Information: 0 : 21684, 10, 2022/11/14, 12:21:06.743, 3110074836375, vstest.console.dll, TestRunRequest:SendTestRunMessage: Completed.
TpTrace Verbose: 0 : 21684, 10, 2022/11/14, 12:21:06.743, 3110074836948, vstest.console.dll, ProxyExecutionManager: Test host is always Lazy initialize.
TpTrace Verbose: 0 : 21684, 10, 2022/11/14, 12:21:06.743, 3110074837656, vstest.console.dll, TestRequestSender.InitializeCommunication: initialize communication. 
TpTrace Information: 0 : 21684, 10, 2022/11/14, 12:21:06.744, 3110074839037, vstest.console.dll, SocketServer.Start: Listening on endpoint : 127.0.0.1:50621
TpTrace Verbose: 0 : 21684, 10, 2022/11/14, 12:21:06.744, 3110074840732, vstest.console.dll, DotnetTestHostmanager.GetTestHostProcessStartInfo: Platform environment 'X64' target architecture 'X64' framework '.NETCoreApp,Version=v3.1' OS 'Windows'
TpTrace Verbose: 0 : 21684, 10, 2022/11/14, 12:21:06.745, 3110074841407, vstest.console.dll, DotnetTestHostmanager: Adding  --runtimeconfig "C:\Users\ddian\source\repos\SoftUni\CSharpOOP\OOPExams\18.04.2022\RepairShopAppUnitTests\RepairShop.Tests\bin\Debug\netcoreapp3.1\fine-code-coverage\build-output\RepairShop.Tests.runtimeconfig.json" in args
TpTrace Verbose: 0 : 21684, 10, 2022/11/14, 12:21:06.745, 3110074841782, vstest.console.dll, DotnetTestHostmanager: Adding  --depsfile "C:\Users\ddian\source\repos\SoftUni\CSharpOOP\OOPExams\18.04.2022\RepairShopAppUnitTests\RepairShop.Tests\bin\Debug\netcoreapp3.1\fine-code-coverage\build-output\RepairShop.Tests.deps.json" in args
TpTrace Verbose: 0 : 21684, 10, 2022/11/14, 12:21:06.745, 3110074842295, vstest.console.dll, DotnetTestHostmanager.IsWinOnArm: Current PROCESSOR_ARCHITECTURE from environment variable 'AMD64'
TpTrace Verbose: 0 : 21684, 10, 2022/11/14, 12:21:06.745, 3110074842579, vstest.console.dll, DotnetTestHostmanager.IsWinOnArm: Is Windows on ARM 'False'
TpTrace Verbose: 0 : 21684, 10, 2022/11/14, 12:21:06.745, 3110074842922, vstest.console.dll, DotnetTestHostManager: testhost.exe found at path: C:\Users\ddian\source\repos\SoftUni\CSharpOOP\OOPExams\18.04.2022\RepairShopAppUnitTests\RepairShop.Tests\bin\Debug\netcoreapp3.1\fine-code-coverage\build-output\testhost.exe
TpTrace Verbose: 0 : 21684, 10, 2022/11/14, 12:21:06.745, 3110074843156, vstest.console.dll, DotnetTestHostmanager: Full path of host exe is C:\Users\ddian\source\repos\SoftUni\CSharpOOP\OOPExams\18.04.2022\RepairShopAppUnitTests\RepairShop.Tests\bin\Debug\netcoreapp3.1\fine-code-coverage\build-output\testhost.exe
TpTrace Verbose: 0 : 21684, 10, 2022/11/14, 12:21:06.745, 3110074843628, vstest.console.dll, DotnetTestHostmanager.LaunchTestHostAsync: Found 'VSTEST_WINAPPHOST_DOTNET_ROOT' in env variables, value 'C:\Program Files\dotnet', forwarding to 'DOTNET_ROOT'
TpTrace Verbose: 0 : 21684, 10, 2022/11/14, 12:21:06.746, 3110074844185, vstest.console.dll, DotnetTestHostManager: Starting process 'C:\Users\ddian\source\repos\SoftUni\CSharpOOP\OOPExams\18.04.2022\RepairShopAppUnitTests\RepairShop.Tests\bin\Debug\netcoreapp3.1\fine-code-coverage\build-output\testhost.exe' with command line ' --runtimeconfig "C:\Users\ddian\source\repos\SoftUni\CSharpOOP\OOPExams\18.04.2022\RepairShopAppUnitTests\RepairShop.Tests\bin\Debug\netcoreapp3.1\fine-code-coverage\build-output\RepairShop.Tests.runtimeconfig.json" --depsfile "C:\Users\ddian\source\repos\SoftUni\CSharpOOP\OOPExams\18.04.2022\RepairShopAppUnitTests\RepairShop.Tests\bin\Debug\netcoreapp3.1\fine-code-coverage\build-output\RepairShop.Tests.deps.json" --port 50621 --endpoint 127.0.0.1:050621 --role client --parentprocessid 21684 --diag "C:\Users\ddian\source\repos\SoftUni\CSharpOOP\OOPExams\18.04.2022\RepairShopAppUnitTests\RepairShop.Tests\bin\Debug\netcoreapp3.1\fine-code-coverage\coverage-tool-output\diagnostics.host.22-11-14_12-21-06_74468_10.log" --tracelevel 4 --datacollectionport 50620 --telemetryoptedin false'
TpTrace Verbose: 0 : 21684, 10, 2022/11/14, 12:21:06.755, 3110074870284, vstest.console.dll, MulticastDelegateUtilities.SafeInvoke: HostProviderEvents.OnHostLaunched: Invoking callback 1/2 for Microsoft.VisualStudio.TestPlatform.CrossPlatEngine.Client.ProxyExecutionManagerWithDataCollection.TestHostLaunchedHandler, took 1 ms.
TpTrace Verbose: 0 : 21684, 10, 2022/11/14, 12:21:06.755, 3110074870756, vstest.console.dll, Test Runtime launched
TpTrace Verbose: 0 : 21684, 10, 2022/11/14, 12:21:06.755, 3110074871129, vstest.console.dll, MulticastDelegateUtilities.SafeInvoke: HostProviderEvents.OnHostLaunched: Invoking callback 2/2 for Microsoft.VisualStudio.TestPlatform.CrossPlatEngine.Client.ProxyOperationManager.TestHostManagerHostLaunched, took 0 ms.
TpTrace Verbose: 0 : 21684, 10, 2022/11/14, 12:21:06.755, 3110074871852, vstest.console.dll, TestRequestSender.WaitForRequestHandlerConnection: waiting for connection with timeout: 90000.
TpTrace Verbose: 0 : 21684, 10, 2022/11/14, 12:21:06.935, 3110075381695, vstest.console.dll, TestRequestSender.WaitForRequestHandlerConnection: waiting took 179 ms, with timeout 90000 ms, and result 0, which is success.
TpTrace Verbose: 0 : 21684, 7, 2022/11/14, 12:21:06.935, 3110075381844, vstest.console.dll, MulticastDelegateUtilities.SafeInvoke: SocketServer: ClientConnected: Invoking callback 1/1 for Microsoft.VisualStudio.TestPlatform.CommunicationUtilities.TestRequestSender.<InitializeCommunication>b__24_0, took 0 ms.
TpTrace Verbose: 0 : 21684, 7, 2022/11/14, 12:21:06.936, 3110075382779, vstest.console.dll, SocketServer.OnClientConnected: Client connected for endPoint: 127.0.0.1:50621, starting MessageLoopAsync:
TpTrace Verbose: 0 : 21684, 7, 2022/11/14, 12:21:06.936, 3110075383601, vstest.console.dll, TcpClientExtensions.MessageLoopAsync: Polling on remoteEndPoint: 127.0.0.1:50622 localEndPoint: 127.0.0.1:50621
TpTrace Verbose: 0 : 21684, 10, 2022/11/14, 12:21:06.937, 3110075385673, vstest.console.dll, TestRequestSender.CheckVersionWithTestHost: Sending check version message: {"MessageType":"ProtocolVersion","Payload":7}
TpTrace Verbose: 0 : 21684, 7, 2022/11/14, 12:21:07.073, 3110075772853, vstest.console.dll, TcpClientExtensions.MessageLoopAsync: NotifyDataAvailable remoteEndPoint: 127.0.0.1:50622 localEndPoint: 127.0.0.1:50621
TpTrace Verbose: 0 : 21684, 7, 2022/11/14, 12:21:07.073, 3110075773885, vstest.console.dll, TestRequestSender.CheckVersionWithTestHost: onMessageReceived received message: (ProtocolVersion) -> {"MessageType":"ProtocolVersion","Payload":5}
TpTrace Verbose: 0 : 21684, 7, 2022/11/14, 12:21:07.074, 3110075776414, vstest.console.dll, MulticastDelegateUtilities.SafeInvoke: LengthPrefixCommunicationChannel: MessageReceived: Invoking callback 1/1 for Microsoft.VisualStudio.TestPlatform.CommunicationUtilities.TestRequestSender+<>c__DisplayClass26_0.<CheckVersionWithTestHost>b__0, took 0 ms.
TpTrace Verbose: 0 : 21684, 10, 2022/11/14, 12:21:07.074, 3110075776656, vstest.console.dll, TestPluginCache.GetExtensionPaths: Filtered extension paths: 
TpTrace Verbose: 0 : 21684, 7, 2022/11/14, 12:21:07.075, 3110075777086, vstest.console.dll, TcpClientExtensions.MessageLoopAsync: Polling on remoteEndPoint: 127.0.0.1:50622 localEndPoint: 127.0.0.1:50621
TpTrace Verbose: 0 : 21684, 10, 2022/11/14, 12:21:07.075, 3110075777422, vstest.console.dll, TestPluginCache.GetExtensionPaths: Added default extension paths: C:\Program Files\dotnet\sdk\6.0.402\Extensions\Microsoft.Diagnostics.NETCore.Client.dll
C:\Program Files\dotnet\sdk\6.0.402\Extensions\Microsoft.TestPlatform.Extensions.BlameDataCollector.dll
C:\Program Files\dotnet\sdk\6.0.402\Extensions\Microsoft.TestPlatform.Extensions.EventLogCollector.dll
C:\Program Files\dotnet\sdk\6.0.402\Extensions\Microsoft.TestPlatform.TestHostRuntimeProvider.dll
C:\Program Files\dotnet\sdk\6.0.402\Extensions\Microsoft.VisualStudio.TestPlatform.Extensions.Html.TestLogger.dll
C:\Program Files\dotnet\sdk\6.0.402\Extensions\Microsoft.VisualStudio.TestPlatform.Extensions.Trx.TestLogger.dll
TpTrace Verbose: 0 : 21684, 10, 2022/11/14, 12:21:07.075, 3110075778294, vstest.console.dll, TestPluginCache.GetExtensionPaths: Added unfilterableExtensionPaths: 
TpTrace Verbose: 0 : 21684, 10, 2022/11/14, 12:21:07.080, 3110075791526, vstest.console.dll, TestRequestSender.InitializeExecution: Sending initialize execution with message: {"Version":5,"MessageType":"TestExecution.Initialize","Payload":["C:\\Users\\ddian\\source\\repos\\SoftUni\\CSharpOOP\\OOPExams\\18.04.2022\\RepairShopAppUnitTests\\RepairShop.Tests\\bin\\Debug\\netcoreapp3.1\\fine-code-coverage\\build-output\\NUnit3.TestAdapter.dll"]}
TpTrace Warning: 0 : 21684, 10, 2022/11/14, 12:21:07.080, 3110075793030, vstest.console.dll, InferRunSettingsHelper.MakeRunsettingsCompatible: Removing the following settings: TargetPlatform from RunSettings file. To use those settings please move to latest version of Microsoft.NET.Test.Sdk
TpTrace Verbose: 0 : 21684, 10, 2022/11/14, 12:21:07.091, 3110075823749, vstest.console.dll, TestRequestSender.StartTestRun: Sending test run with message: {"Version":5,"MessageType":"TestExecution.StartWithSources","Payload":{"AdapterSourceMap":{"_none_":["C:\\Users\\ddian\\source\\repos\\SoftUni\\CSharpOOP\\OOPExams\\18.04.2022\\RepairShopAppUnitTests\\RepairShop.Tests\\bin\\Debug\\netcoreapp3.1\\fine-code-coverage\\build-output\\RepairShop.Tests.dll"]},"RunSettings":"<RunSettings>\r\n  <RunConfiguration>\r\n    <ResultsDirectory>C:\\Users\\ddian\\source\\repos\\SoftUni\\CSharpOOP\\OOPExams\\18.04.2022\\RepairShopAppUnitTests\\RepairShop.Tests\\bin\\Debug\\netcoreapp3.1\\fine-code-coverage\\coverage-tool-output</ResultsDirectory>\r\n    <TargetFrameworkVersion>.NETCoreApp,Version=v3.1</TargetFrameworkVersion>\r\n    <DesignMode>False</DesignMode>\r\n    <CollectSourceInformation>False</CollectSourceInformation>\r\n  </RunConfiguration>\r\n  <LoggerRunSettings>\r\n    <Loggers>\r\n      <Logger friendlyName=\"blame\" enabled=\"True\" />\r\n      <Logger friendlyName=\"Console\" uri=\"logger://microsoft/TestPlatform/ConsoleLogger/v1\" assemblyQualifiedName=\"Microsoft.VisualStudio.TestPlatform.CommandLine.Internal.ConsoleLogger, vstest.console, Version=15.0.0.0, Culture=neutral, PublicKeyToken=b03f5f7f11d50a3a\" codeBase=\"C:\\Program Files\\dotnet\\sdk\\6.0.402\\vstest.console.dll\" enabled=\"True\" />\r\n    </Loggers>\r\n  </LoggerRunSettings>\r\n  <DataCollectionRunSettings>\r\n    <DataCollectors>\r\n      <DataCollector friendlyName=\"blame\" enabled=\"True\">\r\n        <Configuration>\r\n          <ResultsDirectory>C:\\Users\\ddian\\source\\repos\\SoftUni\\CSharpOOP\\OOPExams\\18.04.2022\\RepairShopAppUnitTests\\RepairShop.Tests\\bin\\Debug\\netcoreapp3.1\\fine-code-coverage\\coverage-tool-output</ResultsDirectory>\r\n        </Configuration>\r\n      </DataCollector>\r\n    </DataCollectors>\r\n  </DataCollectionRunSettings>\r\n</RunSettings>","TestExecutionContext":{"FrequencyOfRunStatsChangeEvent":10,"RunStatsChangeEventTimeout":"00:00:01.5000000","InIsolation":false,"KeepAlive":false,"AreTestCaseLevelEventsRequired":false,"IsDebug":false,"TestCaseFilter":null,"FilterOptions":null},"Package":null}}
TpTrace Verbose: 0 : 21684, 7, 2022/11/14, 12:21:07.092, 3110075824948, vstest.console.dll, TcpClientExtensions.MessageLoopAsync: NotifyDataAvailable remoteEndPoint: 127.0.0.1:50622 localEndPoint: 127.0.0.1:50621
TpTrace Verbose: 0 : 21684, 7, 2022/11/14, 12:21:07.092, 3110075825439, vstest.console.dll, TestRequestSender.OnExecutionMessageReceived: Received message: {"Version":5,"MessageType":"TestSession.Message","Payload":{"MessageLevel":0,"Message":"Logging TestHost Diagnostics in file: C:\\Users\\ddian\\source\\repos\\SoftUni\\CSharpOOP\\OOPExams\\18.04.2022\\RepairShopAppUnitTests\\RepairShop.Tests\\bin\\Debug\\netcoreapp3.1\\fine-code-coverage\\coverage-tool-output\\diagnostics.host.22-11-14_12-21-06_74468_10.log"}}
TpTrace Verbose: 0 : 21684, 7, 2022/11/14, 12:21:07.094, 3110075831876, vstest.console.dll, TestRunRequest:SendTestRunMessage: Starting.
TpTrace Verbose: 0 : 21684, 7, 2022/11/14, 12:21:07.094, 3110075832430, vstest.console.dll, MulticastDelegateUtilities.SafeInvoke: TestRun.LogMessages: Invoking callback 1/1 for Microsoft.VisualStudio.TestPlatform.CommandLine.TestRunResultAggregator.TestRunMessageHandler, took 0 ms.
TpTrace Verbose: 0 : 21684, 4, 2022/11/14, 12:21:07.094, 3110075832483, vstest.console.dll, MulticastDelegateUtilities.SafeInvoke: InternalTestLoggerEvents.SendTestRunMessage: Invoking callback 1/1 for Microsoft.VisualStudio.TestPlatform.CommandLine.Internal.ConsoleLogger.TestMessageHandler, took 0 ms.
TpTrace Information: 0 : 21684, 7, 2022/11/14, 12:21:07.094, 3110075832703, vstest.console.dll, TestRunRequest:SendTestRunMessage: Completed.
TpTrace Verbose: 0 : 21684, 7, 2022/11/14, 12:21:07.094, 3110075833411, vstest.console.dll, MulticastDelegateUtilities.SafeInvoke: LengthPrefixCommunicationChannel: MessageReceived: Invoking callback 1/1 for Microsoft.VisualStudio.TestPlatform.CommunicationUtilities.TestRequestSender+<>c__DisplayClass31_0.<StartTestRun>b__1, took 2 ms.
TpTrace Verbose: 0 : 21684, 7, 2022/11/14, 12:21:07.095, 3110075833620, vstest.console.dll, TcpClientExtensions.MessageLoopAsync: Polling on remoteEndPoint: 127.0.0.1:50622 localEndPoint: 127.0.0.1:50621
TpTrace Verbose: 0 : 21684, 7, 2022/11/14, 12:21:07.240, 3110076247370, vstest.console.dll, TcpClientExtensions.MessageLoopAsync: NotifyDataAvailable remoteEndPoint: 127.0.0.1:50622 localEndPoint: 127.0.0.1:50621
TpTrace Verbose: 0 : 21684, 7, 2022/11/14, 12:21:07.241, 3110076248027, vstest.console.dll, TestRequestSender.OnExecutionMessageReceived: Received message: {"Version":5,"MessageType":"TestSession.Message","Payload":{"MessageLevel":0,"Message":"NUnit Adapter 3.17.0.0: Test execution started"}}
TpTrace Verbose: 0 : 21684, 7, 2022/11/14, 12:21:07.241, 3110076248793, vstest.console.dll, TestRunRequest:SendTestRunMessage: Starting.
TpTrace Verbose: 0 : 21684, 7, 2022/11/14, 12:21:07.241, 3110076249253, vstest.console.dll, MulticastDelegateUtilities.SafeInvoke: TestRun.LogMessages: Invoking callback 1/1 for Microsoft.VisualStudio.TestPlatform.CommandLine.TestRunResultAggregator.TestRunMessageHandler, took 0 ms.
TpTrace Verbose: 0 : 21684, 4, 2022/11/14, 12:21:07.241, 3110076249309, vstest.console.dll, MulticastDelegateUtilities.SafeInvoke: InternalTestLoggerEvents.SendTestRunMessage: Invoking callback 1/1 for Microsoft.VisualStudio.TestPlatform.CommandLine.Internal.ConsoleLogger.TestMessageHandler, took 0 ms.
TpTrace Information: 0 : 21684, 7, 2022/11/14, 12:21:07.241, 3110076249637, vstest.console.dll, TestRunRequest:SendTestRunMessage: Completed.
TpTrace Verbose: 0 : 21684, 7, 2022/11/14, 12:21:07.242, 3110076250438, vstest.console.dll, MulticastDelegateUtilities.SafeInvoke: LengthPrefixCommunicationChannel: MessageReceived: Invoking callback 1/1 for Microsoft.VisualStudio.TestPlatform.CommunicationUtilities.TestRequestSender+<>c__DisplayClass31_0.<StartTestRun>b__1, took 0 ms.
TpTrace Verbose: 0 : 21684, 7, 2022/11/14, 12:21:07.242, 3110076250792, vstest.console.dll, TcpClientExtensions.MessageLoopAsync: Polling on remoteEndPoint: 127.0.0.1:50622 localEndPoint: 127.0.0.1:50621
TpTrace Verbose: 0 : 21684, 7, 2022/11/14, 12:21:07.272, 3110076335859, vstest.console.dll, TcpClientExtensions.MessageLoopAsync: NotifyDataAvailable remoteEndPoint: 127.0.0.1:50622 localEndPoint: 127.0.0.1:50621
TpTrace Verbose: 0 : 21684, 7, 2022/11/14, 12:21:07.272, 3110076336538, vstest.console.dll, TestRequestSender.OnExecutionMessageReceived: Received message: {"Version":5,"MessageType":"TestSession.Message","Payload":{"MessageLevel":0,"Message":"Running all tests in C:\\Users\\ddian\\source\\repos\\SoftUni\\CSharpOOP\\OOPExams\\18.04.2022\\RepairShopAppUnitTests\\RepairShop.Tests\\bin\\Debug\\netcoreapp3.1\\fine-code-coverage\\build-output\\RepairShop.Tests.dll"}}
TpTrace Verbose: 0 : 21684, 7, 2022/11/14, 12:21:07.272, 3110076337334, vstest.console.dll, TestRunRequest:SendTestRunMessage: Starting.
TpTrace Verbose: 0 : 21684, 7, 2022/11/14, 12:21:07.272, 3110076337825, vstest.console.dll, MulticastDelegateUtilities.SafeInvoke: TestRun.LogMessages: Invoking callback 1/1 for Microsoft.VisualStudio.TestPlatform.CommandLine.TestRunResultAggregator.TestRunMessageHandler, took 0 ms.
TpTrace Verbose: 0 : 21684, 4, 2022/11/14, 12:21:07.272, 3110076337878, vstest.console.dll, MulticastDelegateUtilities.SafeInvoke: InternalTestLoggerEvents.SendTestRunMessage: Invoking callback 1/1 for Microsoft.VisualStudio.TestPlatform.CommandLine.Internal.ConsoleLogger.TestMessageHandler, took 0 ms.
TpTrace Information: 0 : 21684, 7, 2022/11/14, 12:21:07.272, 3110076338183, vstest.console.dll, TestRunRequest:SendTestRunMessage: Completed.
TpTrace Verbose: 0 : 21684, 7, 2022/11/14, 12:21:07.273, 3110076338935, vstest.console.dll, MulticastDelegateUtilities.SafeInvoke: LengthPrefixCommunicationChannel: MessageReceived: Invoking callback 1/1 for Microsoft.VisualStudio.TestPlatform.CommunicationUtilities.TestRequestSender+<>c__DisplayClass31_0.<StartTestRun>b__1, took 0 ms.
TpTrace Verbose: 0 : 21684, 7, 2022/11/14, 12:21:07.273, 3110076339267, vstest.console.dll, TcpClientExtensions.MessageLoopAsync: Polling on remoteEndPoint: 127.0.0.1:50622 localEndPoint: 127.0.0.1:50621
TpTrace Verbose: 0 : 21684, 7, 2022/11/14, 12:21:07.428, 3110076779710, vstest.console.dll, TcpClientExtensions.MessageLoopAsync: NotifyDataAvailable remoteEndPoint: 127.0.0.1:50622 localEndPoint: 127.0.0.1:50621
TpTrace Verbose: 0 : 21684, 7, 2022/11/14, 12:21:07.428, 3110076780421, vstest.console.dll, TestRequestSender.OnExecutionMessageReceived: Received message: {"Version":5,"MessageType":"TestSession.Message","Payload":{"MessageLevel":0,"Message":"   NUnit3TestExecutor discovered 15 of 15 NUnit test cases"}}
TpTrace Verbose: 0 : 21684, 7, 2022/11/14, 12:21:07.429, 3110076781089, vstest.console.dll, TestRunRequest:SendTestRunMessage: Starting.
TpTrace Verbose: 0 : 21684, 7, 2022/11/14, 12:21:07.429, 3110076781506, vstest.console.dll, MulticastDelegateUtilities.SafeInvoke: TestRun.LogMessages: Invoking callback 1/1 for Microsoft.VisualStudio.TestPlatform.CommandLine.TestRunResultAggregator.TestRunMessageHandler, took 0 ms.
TpTrace Verbose: 0 : 21684, 4, 2022/11/14, 12:21:07.429, 3110076781526, vstest.console.dll, MulticastDelegateUtilities.SafeInvoke: InternalTestLoggerEvents.SendTestRunMessage: Invoking callback 1/1 for Microsoft.VisualStudio.TestPlatform.CommandLine.Internal.ConsoleLogger.TestMessageHandler, took 0 ms.
TpTrace Information: 0 : 21684, 7, 2022/11/14, 12:21:07.429, 3110076781832, vstest.console.dll, TestRunRequest:SendTestRunMessage: Completed.
TpTrace Verbose: 0 : 21684, 7, 2022/11/14, 12:21:07.429, 3110076782529, vstest.console.dll, MulticastDelegateUtilities.SafeInvoke: LengthPrefixCommunicationChannel: MessageReceived: Invoking callback 1/1 for Microsoft.VisualStudio.TestPlatform.CommunicationUtilities.TestRequestSender+<>c__DisplayClass31_0.<StartTestRun>b__1, took 0 ms.
TpTrace Verbose: 0 : 21684, 7, 2022/11/14, 12:21:07.429, 3110076782827, vstest.console.dll, TcpClientExtensions.MessageLoopAsync: Polling on remoteEndPoint: 127.0.0.1:50622 localEndPoint: 127.0.0.1:50621
TpTrace Verbose: 0 : 21684, 7, 2022/11/14, 12:21:07.559, 3110077152140, vstest.console.dll, TcpClientExtensions.MessageLoopAsync: NotifyDataAvailable remoteEndPoint: 127.0.0.1:50622 localEndPoint: 127.0.0.1:50621
TpTrace Verbose: 0 : 21684, 7, 2022/11/14, 12:21:07.560, 3110077152872, vstest.console.dll, TestRequestSender.OnExecutionMessageReceived: Received message: {"Version":5,"MessageType":"TestExecution.StatsChange","Payload":{"NewTestResults":[{"TestCase":{"Id":"f1f982af-c37a-0619-0ac0-057205c00392","FullyQualifiedName":"RepairShop.Tests.Tests+RepairsShopTests.AddCar_ThrowsExceptionWhenMechanicsArentAvailable","DisplayName":"AddCar_ThrowsExceptionWhenMechanicsArentAvailable","ExecutorUri":"executor://NUnit3TestExecutor","Source":"C:\\Users\\ddian\\source\\repos\\SoftUni\\CSharpOOP\\OOPExams\\18.04.2022\\RepairShopAppUnitTests\\RepairShop.Tests\\bin\\Debug\\netcoreapp3.1\\fine-code-coverage\\build-output\\RepairShop.Tests.dll","CodeFilePath":null,"LineNumber":0,"Properties":[]},"Attachments":[],"Outcome":1,"ErrorMessage":null,"ErrorStackTrace":null,"DisplayName":"AddCar_ThrowsExceptionWhenMechanicsArentAvailable","Messages":[],"ComputerName":"DESKTOP-2K4D5J0","Duration":"00:00:00.0117020","StartTime":"2022-11-14T10:21:07.4570773+00:00","EndTime":"2022-11-14T10:21:07.4686964+00:00","Properties":[]},{"TestCase":{"Id":"1440ac51-6e95-3ab5-fb56-a8b653008719","FullyQualifiedName":"RepairShop.Tests.Tests+RepairsShopTests.CarsInGarage_DefaultValueIsZero","DisplayName":"CarsInGarage_DefaultValueIsZero","ExecutorUri":"executor://NUnit3TestExecutor","Source":"C:\\Users\\ddian\\source\\repos\\SoftUni\\CSharpOOP\\OOPExams\\18.04.2022\\RepairShopAppUnitTests\\RepairShop.Tests\\bin\\Debug\\netcoreapp3.1\\fine-code-coverage\\build-output\\RepairShop.Tests.dll","CodeFilePath":null,"LineNumber":0,"Properties":[]},"Attachments":[],"Outcome":1,"ErrorMessage":null,"ErrorStackTrace":null,"DisplayName":"CarsInGarage_DefaultValueIsZero","Messages":[],"ComputerName":"DESKTOP-2K4D5J0","Duration":"00:00:00.0071340","StartTime":"2022-11-14T10:21:07.470305+00:00","EndTime":"2022-11-14T10:21:07.4774364+00:00","Properties":[]},{"TestCase":{"Id":"f663d627-7c7e-6b2e-49c2-cdf312fdeb5e","FullyQualifiedName":"RepairShop.Tests.Tests+RepairsShopTests.CarsInGarage_IncreasesAfterAddingACar","DisplayName":"CarsInGarage_IncreasesAfterAddingACar","ExecutorUri":"executor://NUnit3TestExecutor","Source":"C:\\Users\\ddian\\source\\repos\\SoftUni\\CSharpOOP\\OOPExams\\18.04.2022\\RepairShopAppUnitTests\\RepairShop.Tests\\bin\\Debug\\netcoreapp3.1\\fine-code-coverage\\build-output\\RepairShop.Tests.dll","CodeFilePath":null,"LineNumber":0,"Properties":[]},"Attachments":[],"Outcome":1,"ErrorMessage":null,"ErrorStackTrace":null,"DisplayName":"CarsInGarage_IncreasesAfterAddingACar","Messages":[],"ComputerName":"DESKTOP-2K4D5J0","Duration":"00:00:00.0004260","StartTime":"2022-11-14T10:21:07.4774952+00:00","EndTime":"2022-11-14T10:21:07.4779209+00:00","Properties":[]},{"TestCase":{"Id":"25f91204-b0d4-1793-50cd-afd0f9f75a19","FullyQualifiedName":"RepairShop.Tests.Tests+RepairsShopTests.FixCar_IsFixingExistingCar","DisplayName":"FixCar_IsFixingExistingCar","ExecutorUri":"executor://NUnit3TestExecutor","Source":"C:\\Users\\ddian\\source\\repos\\SoftUni\\CSharpOOP\\OOPExams\\18.04.2022\\RepairShopAppUnitTests\\RepairShop.Tests\\bin\\Debug\\netcoreapp3.1\\fine-code-coverage\\build-output\\RepairShop.Tests.dll","CodeFilePath":null,"LineNumber":0,"Properties":[]},"Attachments":[],"Outcome":1,"ErrorMessage":null,"ErrorStackTrace":null,"DisplayName":"FixCar_IsFixingExistingCar","Messages":[],"ComputerName":"DESKTOP-2K4D5J0","Duration":"00:00:00.0008560","StartTime":"2022-11-14T10:21:07.4779395+00:00","EndTime":"2022-11-14T10:21:07.4787939+00:00","Properties":[]},{"TestCase":{"Id":"cd036e63-c7c1-a32b-3068-266362771e7d","FullyQualifiedName":"RepairShop.Tests.Tests+RepairsShopTests.FixCar_ThrowsExceptionWhenCarIsNotExisting","DisplayName":"FixCar_ThrowsExceptionWhenCarIsNotExisting","ExecutorUri":"executor://NUnit3TestExecutor","Source":"C:\\Users\\ddian\\source\\repos\\SoftUni\\CSharpOOP\\OOPExams\\18.04.2022\\RepairShopAppUnitTests\\RepairShop.Tests\\bin\\Debug\\netcoreapp3.1\\fine-code-coverage\\build-output\\RepairShop.Tests.dll","CodeFilePath":null,"LineNumber":0,"Properties":[]},"Attachments":[],"Outcome":1,"ErrorMessage":null,"ErrorStackTrace":null,"DisplayName":"FixCar_ThrowsExceptionWhenCarIsNotExisting","Messages":[],"ComputerName":"DESKTOP-2K4D5J0","Duration":"00:00:00.0006710","StartTime":"2022-11-14T10:21:07.478814+00:00","EndTime":"2022-11-14T10:21:07.479484+00:00","Properties":[]},{"TestCase":{"Id":"f965997d-2322-10f9-0918-f171ee51f088","FullyQualifiedName":"RepairShop.Tests.Tests+RepairsShopTests.MechanicsAvailable_IsSetWithCorrectData","DisplayName":"MechanicsAvailable_IsSetWithCorrectData","ExecutorUri":"executor://NUnit3TestExecutor","Source":"C:\\Users\\ddian\\source\\repos\\SoftUni\\CSharpOOP\\OOPExams\\18.04.2022\\RepairShopAppUnitTests\\RepairShop.Tests\\bin\\Debug\\netcoreapp3.1\\fine-code-coverage\\build-output\\RepairShop.Tests.dll","CodeFilePath":null,"LineNumber":0,"Properties":[]},"Attachments":[],"Outcome":1,"ErrorMessage":null,"ErrorStackTrace":null,"DisplayName":"MechanicsAvailable_IsSetWithCorrectData","Messages":[],"ComputerName":"DESKTOP-2K4D5J0","Duration":"00:00:00.0002990","StartTime":"2022-11-14T10:21:07.4795045+00:00","EndTime":"2022-11-14T10:21:07.4798035+00:00","Properties":[]},{"TestCase":{"Id":"2b24b747-71bb-8448-5059-949e19dac447","FullyQualifiedName":"RepairShop.Tests.Tests+RepairsShopTests.MechanicsAvailable_ThrowsExceptionWhenSetToZeroOrLess(0)","DisplayName":"MechanicsAvailable_ThrowsExceptionWhenSetToZeroOrLess(0)","ExecutorUri":"executor://NUnit3TestExecutor","Source":"C:\\Users\\ddian\\source\\repos\\SoftUni\\CSharpOOP\\OOPExams\\18.04.2022\\RepairShopAppUnitTests\\RepairShop.Tests\\bin\\Debug\\netcoreapp3.1\\fine-code-coverage\\build-output\\RepairShop.Tests.dll","CodeFilePath":null,"LineNumber":0,"Properties":[]},"Attachments":[],"Outcome":1,"ErrorMessage":null,"ErrorStackTrace":null,"DisplayName":"MechanicsAvailable_ThrowsExceptionWhenSetToZeroOrLess(0)","Messages":[],"ComputerName":"DESKTOP-2K4D5J0","Duration":"00:00:00.0004090","StartTime":"2022-11-14T10:21:07.4798451+00:00","EndTime":"2022-11-14T10:21:07.4802542+00:00","Properties":[]},{"TestCase":{"Id":"d2dde8b1-b313-9f42-fdc1-32aede44f1c0","FullyQualifiedName":"RepairShop.Tests.Tests+RepairsShopTests.MechanicsAvailable_ThrowsExceptionWhenSetToZeroOrLess(-5)","DisplayName":"MechanicsAvailable_ThrowsExceptionWhenSetToZeroOrLess(-5)","ExecutorUri":"executor://NUnit3TestExecutor","Source":"C:\\Users\\ddian\\source\\repos\\SoftUni\\CSharpOOP\\OOPExams\\18.04.2022\\RepairShopAppUnitTests\\RepairShop.Tests\\bin\\Debug\\netcoreapp3.1\\fine-code-coverage\\build-output\\RepairShop.Tests.dll","CodeFilePath":null,"LineNumber":0,"Properties":[]},"Attachments":[],"Outcome":1,"ErrorMessage":null,"ErrorStackTrace":null,"DisplayName":"MechanicsAvailable_ThrowsExceptionWhenSetToZeroOrLess(-5)","Messages":[],"ComputerName":"DESKTOP-2K4D5J0","Duration":"00:00:00.0000880","StartTime":"2022-11-14T10:21:07.4802661+00:00","EndTime":"2022-11-14T10:21:07.4803535+00:00","Properties":[]},{"TestCase":{"Id":"ca8ade00-82a3-a166-a56c-57ed4c384cba","FullyQualifiedName":"RepairShop.Tests.Tests+RepairsShopTests.MechanicsAvailable_ThrowsExceptionWhenSetToZeroOrLess(int.MinValue)","DisplayName":"MechanicsAvailable_ThrowsExceptionWhenSetToZeroOrLess(int.MinValue)","ExecutorUri":"executor://NUnit3TestExecutor","Source":"C:\\Users\\ddian\\source\\repos\\SoftUni\\CSharpOOP\\OOPExams\\18.04.2022\\RepairShopAppUnitTests\\RepairShop.Tests\\bin\\Debug\\netcoreapp3.1\\fine-code-coverage\\build-output\\RepairShop.Tests.dll","CodeFilePath":null,"LineNumber":0,"Properties":[]},"Attachments":[],"Outcome":1,"ErrorMessage":null,"ErrorStackTrace":null,"DisplayName":"MechanicsAvailable_ThrowsExceptionWhenSetToZeroOrLess(int.MinValue)","Messages":[],"ComputerName":"DESKTOP-2K4D5J0","Duration":"00:00:00.0000640","StartTime":"2022-11-14T10:21:07.4803613+00:00","EndTime":"2022-11-14T10:21:07.4804248+00:00","Properties":[]}],"TestRunStatistics":{"ExecutedTests":9,"Stats":{"Passed":9}},"ActiveTests":[{"Id":"2576e182-7640-7426-7597-54f67763d42c","FullyQualifiedName":"RepairShop.Tests.Tests+RepairsShopTests.Name_IsSetWithCorrectData","DisplayName":"Name_IsSetWithCorrectData","ExecutorUri":"executor://NUnit3TestExecutor","Source":"C:\\Users\\ddian\\source\\repos\\SoftUni\\CSharpOOP\\OOPExams\\18.04.2022\\RepairShopAppUnitTests\\RepairShop.Tests\\bin\\Debug\\netcoreapp3.1\\fine-code-coverage\\build-output\\RepairShop.Tests.dll","CodeFilePath":null,"LineNumber":0,"Properties":[]}]}}
TpTrace Verbose: 0 : 21684, 7, 2022/11/14, 12:21:07.580, 3110077210753, vstest.console.dll, TestRunRequest:SendTestRunStatsChange: Starting.
TpTrace Verbose: 0 : 21684, 7, 2022/11/14, 12:21:07.580, 3110077211359, vstest.console.dll, InProgress is Name_IsSetWithCorrectData
TpTrace Verbose: 0 : 21684, 7, 2022/11/14, 12:21:07.581, 3110077211974, vstest.console.dll, MulticastDelegateUtilities.SafeInvoke: TestRun.RunStatsChanged: Invoking callbacks was skipped because there are no subscribers.
TpTrace Information: 0 : 21684, 7, 2022/11/14, 12:21:07.581, 3110077212215, vstest.console.dll, TestRunRequest:SendTestRunStatsChange: Completed.
TpTrace Verbose: 0 : 21684, 7, 2022/11/14, 12:21:07.581, 3110077212428, vstest.console.dll, MulticastDelegateUtilities.SafeInvoke: LengthPrefixCommunicationChannel: MessageReceived: Invoking callback 1/1 for Microsoft.VisualStudio.TestPlatform.CommunicationUtilities.TestRequestSender+<>c__DisplayClass31_0.<StartTestRun>b__1, took 21 ms.
TpTrace Verbose: 0 : 21684, 7, 2022/11/14, 12:21:07.581, 3110077212637, vstest.console.dll, TcpClientExtensions.MessageLoopAsync: Polling on remoteEndPoint: 127.0.0.1:50622 localEndPoint: 127.0.0.1:50621
TpTrace Verbose: 0 : 21684, 4, 2022/11/14, 12:21:07.588, 3110077231990, vstest.console.dll, MulticastDelegateUtilities.SafeInvoke: InternalTestLoggerEvents.SendTestResult: Invoking callback 1/1 for Microsoft.VisualStudio.TestPlatform.CommandLine.Internal.ConsoleLogger.TestResultHandler, took 7 ms.
TpTrace Verbose: 0 : 21684, 4, 2022/11/14, 12:21:07.588, 3110077232566, vstest.console.dll, MulticastDelegateUtilities.SafeInvoke: InternalTestLoggerEvents.SendTestResult: Invoking callback 1/1 for Microsoft.VisualStudio.TestPlatform.CommandLine.Internal.ConsoleLogger.TestResultHandler, took 0 ms.
TpTrace Verbose: 0 : 21684, 4, 2022/11/14, 12:21:07.588, 3110077232974, vstest.console.dll, MulticastDelegateUtilities.SafeInvoke: InternalTestLoggerEvents.SendTestResult: Invoking callback 1/1 for Microsoft.VisualStudio.TestPlatform.CommandLine.Internal.ConsoleLogger.TestResultHandler, took 0 ms.
TpTrace Verbose: 0 : 21684, 4, 2022/11/14, 12:21:07.588, 3110077233256, vstest.console.dll, MulticastDelegateUtilities.SafeInvoke: InternalTestLoggerEvents.SendTestResult: Invoking callback 1/1 for Microsoft.VisualStudio.TestPlatform.CommandLine.Internal.ConsoleLogger.TestResultHandler, took 0 ms.
TpTrace Verbose: 0 : 21684, 4, 2022/11/14, 12:21:07.588, 3110077233641, vstest.console.dll, MulticastDelegateUtilities.SafeInvoke: InternalTestLoggerEvents.SendTestResult: Invoking callback 1/1 for Microsoft.VisualStudio.TestPlatform.CommandLine.Internal.ConsoleLogger.TestResultHandler, took 0 ms.
TpTrace Verbose: 0 : 21684, 4, 2022/11/14, 12:21:07.588, 3110077233945, vstest.console.dll, MulticastDelegateUtilities.SafeInvoke: InternalTestLoggerEvents.SendTestResult: Invoking callback 1/1 for Microsoft.VisualStudio.TestPlatform.CommandLine.Internal.ConsoleLogger.TestResultHandler, took 0 ms.
TpTrace Verbose: 0 : 21684, 4, 2022/11/14, 12:21:07.588, 3110077234245, vstest.console.dll, MulticastDelegateUtilities.SafeInvoke: InternalTestLoggerEvents.SendTestResult: Invoking callback 1/1 for Microsoft.VisualStudio.TestPlatform.CommandLine.Internal.ConsoleLogger.TestResultHandler, took 0 ms.
TpTrace Verbose: 0 : 21684, 4, 2022/11/14, 12:21:07.589, 3110077234555, vstest.console.dll, MulticastDelegateUtilities.SafeInvoke: InternalTestLoggerEvents.SendTestResult: Invoking callback 1/1 for Microsoft.VisualStudio.TestPlatform.CommandLine.Internal.ConsoleLogger.TestResultHandler, took 0 ms.
TpTrace Verbose: 0 : 21684, 4, 2022/11/14, 12:21:07.589, 3110077234869, vstest.console.dll, MulticastDelegateUtilities.SafeInvoke: InternalTestLoggerEvents.SendTestResult: Invoking callback 1/1 for Microsoft.VisualStudio.TestPlatform.CommandLine.Internal.ConsoleLogger.TestResultHandler, took 0 ms.
TpTrace Verbose: 0 : 21684, 7, 2022/11/14, 12:21:07.597, 3110077257448, vstest.console.dll, TcpClientExtensions.MessageLoopAsync: NotifyDataAvailable remoteEndPoint: 127.0.0.1:50622 localEndPoint: 127.0.0.1:50621
TpTrace Verbose: 0 : 21684, 7, 2022/11/14, 12:21:07.597, 3110077257891, vstest.console.dll, TestRequestSender.OnExecutionMessageReceived: Received message: {"Version":5,"MessageType":"TestSession.Message","Payload":{"MessageLevel":0,"Message":"NUnit Adapter 3.17.0.0: Test execution complete"}}
TpTrace Verbose: 0 : 21684, 7, 2022/11/14, 12:21:07.597, 3110077258416, vstest.console.dll, TestRunRequest:SendTestRunMessage: Starting.
TpTrace Verbose: 0 : 21684, 7, 2022/11/14, 12:21:07.597, 3110077258686, vstest.console.dll, MulticastDelegateUtilities.SafeInvoke: TestRun.LogMessages: Invoking callback 1/1 for Microsoft.VisualStudio.TestPlatform.CommandLine.TestRunResultAggregator.TestRunMessageHandler, took 0 ms.
TpTrace Verbose: 0 : 21684, 4, 2022/11/14, 12:21:07.597, 3110077258715, vstest.console.dll, MulticastDelegateUtilities.SafeInvoke: InternalTestLoggerEvents.SendTestRunMessage: Invoking callback 1/1 for Microsoft.VisualStudio.TestPlatform.CommandLine.Internal.ConsoleLogger.TestMessageHandler, took 0 ms.
TpTrace Information: 0 : 21684, 7, 2022/11/14, 12:21:07.597, 3110077258918, vstest.console.dll, TestRunRequest:SendTestRunMessage: Completed.
TpTrace Verbose: 0 : 21684, 7, 2022/11/14, 12:21:07.597, 3110077259473, vstest.console.dll, MulticastDelegateUtilities.SafeInvoke: LengthPrefixCommunicationChannel: MessageReceived: Invoking callback 1/1 for Microsoft.VisualStudio.TestPlatform.CommunicationUtilities.TestRequestSender+<>c__DisplayClass31_0.<StartTestRun>b__1, took 0 ms.
TpTrace Verbose: 0 : 21684, 7, 2022/11/14, 12:21:07.597, 3110077259768, vstest.console.dll, TcpClientExtensions.MessageLoopAsync: Polling on remoteEndPoint: 127.0.0.1:50622 localEndPoint: 127.0.0.1:50621
TpTrace Verbose: 0 : 21684, 7, 2022/11/14, 12:21:07.614, 3110077307057, vstest.console.dll, TcpClientExtensions.MessageLoopAsync: NotifyDataAvailable remoteEndPoint: 127.0.0.1:50622 localEndPoint: 127.0.0.1:50621
TpTrace Verbose: 0 : 21684, 7, 2022/11/14, 12:21:07.614, 3110077307745, vstest.console.dll, TestRequestSender.OnExecutionMessageReceived: Received message: {"Version":5,"MessageType":"TestExecution.Completed","Payload":{"TestRunCompleteArgs":{"TestRunStatistics":{"ExecutedTests":15,"Stats":{"Passed":15}},"IsCanceled":false,"IsAborted":false,"Error":null,"AttachmentSets":[],"ElapsedTimeInRunningTests":"00:00:00.3761422","Metrics":{}},"LastRunTests":{"NewTestResults":[{"TestCase":{"Id":"2576e182-7640-7426-7597-54f67763d42c","FullyQualifiedName":"RepairShop.Tests.Tests+RepairsShopTests.Name_IsSetWithCorrectData","DisplayName":"Name_IsSetWithCorrectData","ExecutorUri":"executor://NUnit3TestExecutor","Source":"C:\\Users\\ddian\\source\\repos\\SoftUni\\CSharpOOP\\OOPExams\\18.04.2022\\RepairShopAppUnitTests\\RepairShop.Tests\\bin\\Debug\\netcoreapp3.1\\fine-code-coverage\\build-output\\RepairShop.Tests.dll","CodeFilePath":null,"LineNumber":0,"Properties":[]},"Attachments":[],"Outcome":1,"ErrorMessage":null,"ErrorStackTrace":null,"DisplayName":"Name_IsSetWithCorrectData","Messages":[],"ComputerName":"DESKTOP-2K4D5J0","Duration":"00:00:00.0003830","StartTime":"2022-11-14T10:21:07.4818381+00:00","EndTime":"2022-11-14T10:21:07.4822207+00:00","Properties":[]},{"TestCase":{"Id":"90189384-cf1f-3ddf-2632-7b8613b86f3a","FullyQualifiedName":"RepairShop.Tests.Tests+RepairsShopTests.Name_ThrowsExceptionWhenSetToNullOrEmptyString(null)","DisplayName":"Name_ThrowsExceptionWhenSetToNullOrEmptyString(null)","ExecutorUri":"executor://NUnit3TestExecutor","Source":"C:\\Users\\ddian\\source\\repos\\SoftUni\\CSharpOOP\\OOPExams\\18.04.2022\\RepairShopAppUnitTests\\RepairShop.Tests\\bin\\Debug\\netcoreapp3.1\\fine-code-coverage\\build-output\\RepairShop.Tests.dll","CodeFilePath":null,"LineNumber":0,"Properties":[]},"Attachments":[],"Outcome":1,"ErrorMessage":null,"ErrorStackTrace":null,"DisplayName":"Name_ThrowsExceptionWhenSetToNullOrEmptyString(null)","Messages":[],"ComputerName":"DESKTOP-2K4D5J0","Duration":"00:00:00.0009630","StartTime":"2022-11-14T10:21:07.482245+00:00","EndTime":"2022-11-14T10:21:07.4832073+00:00","Properties":[]},{"TestCase":{"Id":"ca9772a2-f38b-af01-3c3b-7c4e79018cdd","FullyQualifiedName":"RepairShop.Tests.Tests+RepairsShopTests.Name_ThrowsExceptionWhenSetToNullOrEmptyString(\"\")","DisplayName":"Name_ThrowsExceptionWhenSetToNullOrEmptyString(\"\")","ExecutorUri":"executor://NUnit3TestExecutor","Source":"C:\\Users\\ddian\\source\\repos\\SoftUni\\CSharpOOP\\OOPExams\\18.04.2022\\RepairShopAppUnitTests\\RepairShop.Tests\\bin\\Debug\\netcoreapp3.1\\fine-code-coverage\\build-output\\RepairShop.Tests.dll","CodeFilePath":null,"LineNumber":0,"Properties":[]},"Attachments":[],"Outcome":1,"ErrorMessage":null,"ErrorStackTrace":null,"DisplayName":"Name_ThrowsExceptionWhenSetToNullOrEmptyString(\"\")","Messages":[],"ComputerName":"DESKTOP-2K4D5J0","Duration":"00:00:00.0001390","StartTime":"2022-11-14T10:21:07.4832257+00:00","EndTime":"2022-11-14T10:21:07.4833646+00:00","Properties":[]},{"TestCase":{"Id":"b6e9f264-ddd4-dda5-bc21-750d9e3c24b5","FullyQualifiedName":"RepairShop.Tests.Tests+RepairsShopTests.RemoveFixedCar_IsRemovingFixedCars","DisplayName":"RemoveFixedCar_IsRemovingFixedCars","ExecutorUri":"executor://NUnit3TestExecutor","Source":"C:\\Users\\ddian\\source\\repos\\SoftUni\\CSharpOOP\\OOPExams\\18.04.2022\\RepairShopAppUnitTests\\RepairShop.Tests\\bin\\Debug\\netcoreapp3.1\\fine-code-coverage\\build-output\\RepairShop.Tests.dll","CodeFilePath":null,"LineNumber":0,"Properties":[]},"Attachments":[],"Outcome":1,"ErrorMessage":null,"ErrorStackTrace":null,"DisplayName":"RemoveFixedCar_IsRemovingFixedCars","Messages":[],"ComputerName":"DESKTOP-2K4D5J0","Duration":"00:00:00.0007130","StartTime":"2022-11-14T10:21:07.4834242+00:00","EndTime":"2022-11-14T10:21:07.4841368+00:00","Properties":[]},{"TestCase":{"Id":"ffaa80bc-6ccf-5d0c-1856-6d619d59a833","FullyQualifiedName":"RepairShop.Tests.Tests+RepairsShopTests.RemoveFixedCar_ThrowsExceptionWhenThereArentFixedCars","DisplayName":"RemoveFixedCar_ThrowsExceptionWhenThereArentFixedCars","ExecutorUri":"executor://NUnit3TestExecutor","Source":"C:\\Users\\ddian\\source\\repos\\SoftUni\\CSharpOOP\\OOPExams\\18.04.2022\\RepairShopAppUnitTests\\RepairShop.Tests\\bin\\Debug\\netcoreapp3.1\\fine-code-coverage\\build-output\\RepairShop.Tests.dll","CodeFilePath":null,"LineNumber":0,"Properties":[]},"Attachments":[],"Outcome":1,"ErrorMessage":null,"ErrorStackTrace":null,"DisplayName":"RemoveFixedCar_ThrowsExceptionWhenThereArentFixedCars","Messages":[],"ComputerName":"DESKTOP-2K4D5J0","Duration":"00:00:00.0003540","StartTime":"2022-11-14T10:21:07.4841879+00:00","EndTime":"2022-11-14T10:21:07.4845413+00:00","Properties":[]},{"TestCase":{"Id":"670106ca-defd-c813-9cdf-cf1a0e6a6bcf","FullyQualifiedName":"RepairShop.Tests.Tests+RepairsShopTests.Report_WorksCorrectlyWithOneUnfixedCar","DisplayName":"Report_WorksCorrectlyWithOneUnfixedCar","ExecutorUri":"executor://NUnit3TestExecutor","Source":"C:\\Users\\ddian\\source\\repos\\SoftUni\\CSharpOOP\\OOPExams\\18.04.2022\\RepairShopAppUnitTests\\RepairShop.Tests\\bin\\Debug\\netcoreapp3.1\\fine-code-coverage\\build-output\\RepairShop.Tests.dll","CodeFilePath":null,"LineNumber":0,"Properties":[]},"Attachments":[],"Outcome":1,"ErrorMessage":null,"ErrorStackTrace":null,"DisplayName":"Report_WorksCorrectlyWithOneUnfixedCar","Messages":[],"ComputerName":"DESKTOP-2K4D5J0","Duration":"00:00:00.0006140","StartTime":"2022-11-14T10:21:07.4845511+00:00","EndTime":"2022-11-14T10:21:07.4851647+00:00","Properties":[]}],"TestRunStatistics":{"ExecutedTests":15,"Stats":{"Passed":15}},"ActiveTests":[]},"RunAttachments":[],"ExecutorUris":["executor://nunit3testexecutor/"]}}
TpTrace Verbose: 0 : 21684, 7, 2022/11/14, 12:21:07.615, 3110077308246, vstest.console.dll, TestRequestSender.EndSession: Sending end session.
TpTrace Verbose: 0 : 21684, 7, 2022/11/14, 12:21:07.615, 3110077308819, vstest.console.dll, ProxyOperationManager.Close: waiting for test host to exit for 100 ms
TpTrace Warning: 0 : 21684, 12, 2022/11/14, 12:21:07.648, 3110077404224, vstest.console.dll, TestHostManagerCallbacks.ErrorReceivedCallback Test host standard error line: 
TpTrace Verbose: 0 : 21684, 12, 2022/11/14, 12:21:07.657, 3110077429979, vstest.console.dll, TestHostProvider.ExitCallBack: Host exited starting callback.
TpTrace Information: 0 : 21684, 12, 2022/11/14, 12:21:07.658, 3110077431860, vstest.console.dll, TestHostManagerCallbacks.ExitCallBack: Testhost processId: 3636 exited with exitcode: 0 error: ''
TpTrace Verbose: 0 : 21684, 12, 2022/11/14, 12:21:07.658, 3110077432294, vstest.console.dll, DotnetTestHostManager.OnHostExited: invoking OnHostExited callback
TpTrace Verbose: 0 : 21684, 12, 2022/11/14, 12:21:07.658, 3110077432654, vstest.console.dll, CrossPlatEngine.TestHostManagerHostExited: calling on client process exit callback.
TpTrace Information: 0 : 21684, 12, 2022/11/14, 12:21:07.659, 3110077433047, vstest.console.dll, TestRequestSender.OnClientProcessExit: Test host process exited. Standard error: 
TpTrace Information: 0 : 21684, 7, 2022/11/14, 12:21:07.659, 3110077433161, vstest.console.dll, SocketServer.Stop: Stop server endPoint: 127.0.0.1:50621
TpTrace Information: 0 : 21684, 12, 2022/11/14, 12:21:07.659, 3110077433381, vstest.console.dll, SocketServer.Stop: Stop server endPoint: 127.0.0.1:50621
TpTrace Information: 0 : 21684, 7, 2022/11/14, 12:21:07.659, 3110077433701, vstest.console.dll, SocketServer.Stop: Cancellation requested. Stopping message loop.
TpTrace Information: 0 : 21684, 12, 2022/11/14, 12:21:07.659, 3110077433997, vstest.console.dll, SocketServer.Stop: Cancellation requested. Stopping message loop.
TpTrace Information: 0 : 21684, 7, 2022/11/14, 12:21:07.659, 3110077434574, vstest.console.dll, Closing the connection
TpTrace Verbose: 0 : 21684, 12, 2022/11/14, 12:21:07.659, 3110077434632, vstest.console.dll, MulticastDelegateUtilities.SafeInvoke: HostProviderEvents.OnHostExited: Invoking callback 1/1 for Microsoft.VisualStudio.TestPlatform.CrossPlatEngine.Client.ProxyOperationManager.TestHostManagerHostExited, took 0 ms.
TpTrace Verbose: 0 : 21684, 7, 2022/11/14, 12:21:07.660, 3110077435761, vstest.console.dll, ProxyDataCollectionManager.InvokeDataCollectionServiceAction: Starting.
TpTrace Information: 0 : 21684, 7, 2022/11/14, 12:21:07.660, 3110077436108, vstest.console.dll, ProxyDataCollectionManager.AfterTestRunEnd: Get attachment set and invoked data collectors processId: 17192 port: 50618
TpTrace Verbose: 0 : 21684, 7, 2022/11/14, 12:21:07.660, 3110077436480, vstest.console.dll, DataCollectionRequestSender.SendAfterTestRunStartAndGetResult: Send AfterTestRunEnd message with isCancelled: False
TpTrace Verbose: 0 : 21684, 7, 2022/11/14, 12:21:07.671, 3110077468409, vstest.console.dll, DataCollectionRequestSender.SendAfterTestRunStartAndGetResult: Received message: (DataCollection.AfterTestRunEndResult) -> {"MessageType":"DataCollection.AfterTestRunEndResult","Payload":{"AttachmentSets":[],"InvokedDataCollectors":[{"Uri":"datacollector://Microsoft/TestPlatform/Extensions/Blame/v1","FriendlyName":"Blame","AssemblyQualifiedName":"Microsoft.TestPlatform.Extensions.BlameDataCollector.BlameCollector, Microsoft.TestPlatform.Extensions.BlameDataCollector, Version=15.0.0.0, Culture=neutral, PublicKeyToken=b03f5f7f11d50a3a","FilePath":"C:\\Program Files\\dotnet\\sdk\\6.0.402\\Extensions\\Microsoft.TestPlatform.Extensions.BlameDataCollector.dll","HasAttachmentProcessor":false}],"Metrics":{}}}
TpTrace Warning: 0 : 21684, 8, 2022/11/14, 12:21:07.678, 3110077489452, vstest.console.dll, DataCollectionLauncher.ErrorReceivedCallback datacollector standard error line: 
TpTrace Information: 0 : 21684, 7, 2022/11/14, 12:21:07.679, 3110077492414, vstest.console.dll, ProxyDataCollectionManager.InvokeDataCollectionServiceAction: Completed.
TpTrace Information: 0 : 21684, 8, 2022/11/14, 12:21:07.704, 3110077561322, vstest.console.dll, DataCollectionLauncher.ExitCallBack: Data collector exited with exitcode: 0 error: ''
TpTrace Verbose: 0 : 21684, 7, 2022/11/14, 12:21:07.776, 3110077765136, vstest.console.dll, TestRunRequest:SendTestRunStatsChange: Starting.
TpTrace Verbose: 0 : 21684, 7, 2022/11/14, 12:21:07.776, 3110077765742, vstest.console.dll, MulticastDelegateUtilities.SafeInvoke: TestRun.RunStatsChanged: Invoking callbacks was skipped because there are no subscribers.
TpTrace Verbose: 0 : 21684, 4, 2022/11/14, 12:21:07.776, 3110077765888, vstest.console.dll, MulticastDelegateUtilities.SafeInvoke: InternalTestLoggerEvents.SendTestResult: Invoking callback 1/1 for Microsoft.VisualStudio.TestPlatform.CommandLine.Internal.ConsoleLogger.TestResultHandler, took 0 ms.
TpTrace Information: 0 : 21684, 7, 2022/11/14, 12:21:07.776, 3110077766155, vstest.console.dll, TestRunRequest:SendTestRunStatsChange: Completed.
TpTrace Verbose: 0 : 21684, 4, 2022/11/14, 12:21:07.776, 3110077766574, vstest.console.dll, MulticastDelegateUtilities.SafeInvoke: InternalTestLoggerEvents.SendTestResult: Invoking callback 1/1 for Microsoft.VisualStudio.TestPlatform.CommandLine.Internal.ConsoleLogger.TestResultHandler, took 0 ms.
TpTrace Verbose: 0 : 21684, 4, 2022/11/14, 12:21:07.776, 3110077767216, vstest.console.dll, MulticastDelegateUtilities.SafeInvoke: InternalTestLoggerEvents.SendTestResult: Invoking callback 1/1 for Microsoft.VisualStudio.TestPlatform.CommandLine.Internal.ConsoleLogger.TestResultHandler, took 0 ms.
TpTrace Verbose: 0 : 21684, 4, 2022/11/14, 12:21:07.777, 3110077767598, vstest.console.dll, MulticastDelegateUtilities.SafeInvoke: InternalTestLoggerEvents.SendTestResult: Invoking callback 1/1 for Microsoft.VisualStudio.TestPlatform.CommandLine.Internal.ConsoleLogger.TestResultHandler, took 0 ms.
TpTrace Verbose: 0 : 21684, 7, 2022/11/14, 12:21:07.777, 3110077767901, vstest.console.dll, ParallelProxyExecutionManager: HandlePartialRunComplete: Total completed clients = 1, Run complete = True, Run canceled: False.
TpTrace Verbose: 0 : 21684, 4, 2022/11/14, 12:21:07.777, 3110077767980, vstest.console.dll, MulticastDelegateUtilities.SafeInvoke: InternalTestLoggerEvents.SendTestResult: Invoking callback 1/1 for Microsoft.VisualStudio.TestPlatform.CommandLine.Internal.ConsoleLogger.TestResultHandler, took 0 ms.
TpTrace Verbose: 0 : 21684, 4, 2022/11/14, 12:21:07.777, 3110077768710, vstest.console.dll, MulticastDelegateUtilities.SafeInvoke: InternalTestLoggerEvents.SendTestResult: Invoking callback 1/1 for Microsoft.VisualStudio.TestPlatform.CommandLine.Internal.ConsoleLogger.TestResultHandler, took 0 ms.
TpTrace Verbose: 0 : 21684, 4, 2022/11/14, 12:21:07.827, 3110077910478, vstest.console.dll, MulticastDelegateUtilities.SafeInvoke: InternalTestLoggerEvents.SendTestRunComplete: Invoking callback 1/2 for Microsoft.TestPlatform.Extensions.BlameDataCollector.BlameLogger.TestRunCompleteHandler, took 0 ms.
TpTrace Verbose: 0 : 21684, 4, 2022/11/14, 12:21:07.835, 3110077934833, vstest.console.dll, MulticastDelegateUtilities.SafeInvoke: InternalTestLoggerEvents.SendTestRunComplete: Invoking callback 2/2 for Microsoft.VisualStudio.TestPlatform.CommandLine.Internal.ConsoleLogger.TestRunCompleteHandler, took 8 ms.
TpTrace Verbose: 0 : 21684, 7, 2022/11/14, 12:21:07.836, 3110077935850, vstest.console.dll, TestRunRequest:TestRunComplete: Starting. IsAborted:False IsCanceled:False.
TpTrace Verbose: 0 : 21684, 7, 2022/11/14, 12:21:07.838, 3110077940574, vstest.console.dll, TestLoggerManager.HandleTestRunComplete: Ignoring as the object is disposed.
TpTrace Verbose: 0 : 21684, 7, 2022/11/14, 12:21:07.838, 3110077941600, vstest.console.dll, MulticastDelegateUtilities.SafeInvoke: TestRun.TestRunComplete: Invoking callback 1/2 for Microsoft.VisualStudio.TestPlatform.CommandLine.TestRunResultAggregator.TestRunCompletionHandler, took 0 ms.
TpTrace Verbose: 0 : 21684, 7, 2022/11/14, 12:21:07.838, 3110077942127, vstest.console.dll, MulticastDelegateUtilities.SafeInvoke: TestRun.TestRunComplete: Invoking callback 2/2 for Microsoft.VisualStudio.TestPlatform.CommandLine.Processors.RunTestsArgumentExecutor+TestRunRequestEventsRegistrar.TestRunRequest_OnRunCompletion, took 0 ms.
TpTrace Information: 0 : 21684, 7, 2022/11/14, 12:21:07.838, 3110077942725, vstest.console.dll, TestRunRequest:TestRunComplete: Completed.
TpTrace Verbose: 0 : 21684, 1, 2022/11/14, 12:21:07.838, 3110077942749, vstest.console.dll, TestRunRequest.Dispose: Starting.
TpTrace Verbose: 0 : 21684, 7, 2022/11/14, 12:21:07.838, 3110077943074, vstest.console.dll, TestRequestSender.SetOperationComplete: Setting operation complete.
TpTrace Information: 0 : 21684, 1, 2022/11/14, 12:21:07.839, 3110077943401, vstest.console.dll, TestRunRequest.Dispose: Completed.
TpTrace Information: 0 : 21684, 7, 2022/11/14, 12:21:07.839, 3110077943742, vstest.console.dll, SocketServer.Stop: Stop server endPoint: 127.0.0.1:50621
TpTrace Information: 0 : 21684, 1, 2022/11/14, 12:21:07.839, 3110077944218, vstest.console.dll, TestRequestManager.RunTests: run tests completed.
TpTrace Information: 0 : 21684, 7, 2022/11/14, 12:21:07.839, 3110077944432, vstest.console.dll, SocketServer.Stop: Cancellation requested. Stopping message loop.
TpTrace Information: 0 : 21684, 1, 2022/11/14, 12:21:07.839, 3110077944943, vstest.console.dll, RunTestsArgumentProcessor:Execute: Test run is completed.
TpTrace Verbose: 0 : 21684, 7, 2022/11/14, 12:21:07.839, 3110077945134, vstest.console.dll, MulticastDelegateUtilities.SafeInvoke: LengthPrefixCommunicationChannel: MessageReceived: Invoking callback 1/1 for Microsoft.VisualStudio.TestPlatform.CommunicationUtilities.TestRequestSender+<>c__DisplayClass31_0.<StartTestRun>b__1, took 224 ms.
TpTrace Information: 0 : 21684, 7, 2022/11/14, 12:21:07.839, 3110077945825, vstest.console.dll, SocketServer.PrivateStop: Stopping server endPoint: 127.0.0.1:50621 error: 
TpTrace Verbose: 0 : 21684, 1, 2022/11/14, 12:21:07.839, 3110077945945, vstest.console.dll, Executor.Execute: Exiting with exit code of 0
