TpTrace Verbose: 0 : 9020, 1, 2022/11/15, 11:33:15.372, 163903875721, vstest.console.dll, Version: 17.3.1 Current process architecture: X64
TpTrace Verbose: 0 : 9020, 1, 2022/11/15, 11:33:15.374, 163903881396, vstest.console.dll, Runtime location: C:\Program Files\dotnet\shared\Microsoft.NETCore.App\6.0.10
TpTrace Information: 0 : 9020, 1, 2022/11/15, 11:33:15.380, 163903899239, vstest.console.dll, FilePatternParser: The given file C:\Users\ddian\source\repos\SoftUni\CSharpOOP\OOPExams\14.08.2022\PlanetWarsUnitTests\PlanetWars.Tests\bin\Debug\netcoreapp3.1\fine-code-coverage\build-output\PlanetWars.Tests.dll is a full path.
TpTrace Verbose: 0 : 9020, 1, 2022/11/15, 11:33:15.399, 163903952500, vstest.console.dll, TestPluginCache.DiscoverTestExtensions: finding test extensions in assemblies ends with: RuntimeProvider.dll TPluginInfo: Microsoft.VisualStudio.TestPlatform.Common.ExtensionFramework.Utilities.TestRuntimePluginInformation TExtension: Microsoft.VisualStudio.TestPlatform.ObjectModel.Host.ITestRuntimeProvider
TpTrace Verbose: 0 : 9020, 1, 2022/11/15, 11:33:15.399, 163903953339, vstest.console.dll, TestPluginCache.GetExtensionPaths: Filtered extension paths: 
TpTrace Verbose: 0 : 9020, 1, 2022/11/15, 11:33:15.399, 163903953740, vstest.console.dll, TestPluginCache.GetExtensionPaths: Added default extension paths: C:\Program Files\dotnet\sdk\6.0.402\Extensions\Microsoft.Diagnostics.NETCore.Client.dll
C:\Program Files\dotnet\sdk\6.0.402\Extensions\Microsoft.TestPlatform.Extensions.BlameDataCollector.dll
C:\Program Files\dotnet\sdk\6.0.402\Extensions\Microsoft.TestPlatform.Extensions.EventLogCollector.dll
C:\Program Files\dotnet\sdk\6.0.402\Extensions\Microsoft.TestPlatform.TestHostRuntimeProvider.dll
C:\Program Files\dotnet\sdk\6.0.402\Extensions\Microsoft.VisualStudio.TestPlatform.Extensions.Html.TestLogger.dll
C:\Program Files\dotnet\sdk\6.0.402\Extensions\Microsoft.VisualStudio.TestPlatform.Extensions.Trx.TestLogger.dll
TpTrace Verbose: 0 : 9020, 1, 2022/11/15, 11:33:15.399, 163903954020, vstest.console.dll, TestPluginCache.GetExtensionPaths: Added unfilterableExtensionPaths: 
TpTrace Information: 0 : 9020, 1, 2022/11/15, 11:33:15.400, 163903956011, vstest.console.dll, AssemblyResolver.ctor: Creating AssemblyResolver with searchDirectories C:\Program Files\dotnet\sdk\6.0.402\Extensions,C:\Program Files\dotnet\sdk\6.0.402
TpTrace Verbose: 0 : 9020, 1, 2022/11/15, 11:33:15.401, 163903959778, vstest.console.dll, TestPluginCache.DiscoverTestExtensions: Discovering the extensions using extension path.
TpTrace Verbose: 0 : 9020, 1, 2022/11/15, 11:33:15.402, 163903960375, vstest.console.dll, TestPluginCache.GetExtensionPaths: Filtered extension paths: 
TpTrace Verbose: 0 : 9020, 1, 2022/11/15, 11:33:15.402, 163903960664, vstest.console.dll, TestPluginCache.GetExtensionPaths: Added default extension paths: C:\Program Files\dotnet\sdk\6.0.402\Extensions\Microsoft.Diagnostics.NETCore.Client.dll
C:\Program Files\dotnet\sdk\6.0.402\Extensions\Microsoft.TestPlatform.Extensions.BlameDataCollector.dll
C:\Program Files\dotnet\sdk\6.0.402\Extensions\Microsoft.TestPlatform.Extensions.EventLogCollector.dll
C:\Program Files\dotnet\sdk\6.0.402\Extensions\Microsoft.TestPlatform.TestHostRuntimeProvider.dll
C:\Program Files\dotnet\sdk\6.0.402\Extensions\Microsoft.VisualStudio.TestPlatform.Extensions.Html.TestLogger.dll
C:\Program Files\dotnet\sdk\6.0.402\Extensions\Microsoft.VisualStudio.TestPlatform.Extensions.Trx.TestLogger.dll
TpTrace Verbose: 0 : 9020, 1, 2022/11/15, 11:33:15.402, 163903961755, vstest.console.dll, TestPluginCache.GetExtensionPaths: Added unfilterableExtensionPaths: 
TpTrace Verbose: 0 : 9020, 1, 2022/11/15, 11:33:15.402, 163903962249, vstest.console.dll, TestPluginCache.DiscoverTestExtensions: Discovering the extensions using allExtensionPaths: C:\Program Files\dotnet\sdk\6.0.402\Extensions\Microsoft.Diagnostics.NETCore.Client.dll
C:\Program Files\dotnet\sdk\6.0.402\Extensions\Microsoft.TestPlatform.Extensions.BlameDataCollector.dll
C:\Program Files\dotnet\sdk\6.0.402\Extensions\Microsoft.TestPlatform.Extensions.EventLogCollector.dll
C:\Program Files\dotnet\sdk\6.0.402\Extensions\Microsoft.TestPlatform.TestHostRuntimeProvider.dll
C:\Program Files\dotnet\sdk\6.0.402\Extensions\Microsoft.VisualStudio.TestPlatform.Extensions.Html.TestLogger.dll
C:\Program Files\dotnet\sdk\6.0.402\Extensions\Microsoft.VisualStudio.TestPlatform.Extensions.Trx.TestLogger.dll
TpTrace Information: 0 : 9020, 1, 2022/11/15, 11:33:15.403, 163903962996, vstest.console.dll, AssemblyResolver.AddSearchDirectories: Adding more searchDirectories C:\Program Files\dotnet\sdk\6.0.402\Extensions,C:\Program Files\dotnet\sdk\6.0.402
TpTrace Information: 0 : 9020, 1, 2022/11/15, 11:33:15.403, 163903963337, vstest.console.dll, AssemblyResolver.AddSearchDirectories: Adding more searchDirectories C:\Program Files\dotnet\sdk\6.0.402\Extensions,C:\Program Files\dotnet\sdk\6.0.402
TpTrace Information: 0 : 9020, 1, 2022/11/15, 11:33:15.403, 163903963597, vstest.console.dll, AssemblyResolver.AddSearchDirectories: Adding more searchDirectories C:\Program Files\dotnet\sdk\6.0.402\Extensions,C:\Program Files\dotnet\sdk\6.0.402
TpTrace Information: 0 : 9020, 1, 2022/11/15, 11:33:15.403, 163903963853, vstest.console.dll, AssemblyResolver.AddSearchDirectories: Adding more searchDirectories C:\Program Files\dotnet\sdk\6.0.402\Extensions,C:\Program Files\dotnet\sdk\6.0.402
TpTrace Information: 0 : 9020, 1, 2022/11/15, 11:33:15.403, 163903964096, vstest.console.dll, AssemblyResolver.AddSearchDirectories: Adding more searchDirectories C:\Program Files\dotnet\sdk\6.0.402\Extensions,C:\Program Files\dotnet\sdk\6.0.402
TpTrace Information: 0 : 9020, 1, 2022/11/15, 11:33:15.403, 163903964335, vstest.console.dll, AssemblyResolver.AddSearchDirectories: Adding more searchDirectories C:\Program Files\dotnet\sdk\6.0.402\Extensions,C:\Program Files\dotnet\sdk\6.0.402
TpTrace Information: 0 : 9020, 1, 2022/11/15, 11:33:15.403, 163903965561, vstest.console.dll, AssemblyResolver.OnResolve: Microsoft.Diagnostics.NETCore.Client: Resolving assembly.
TpTrace Information: 0 : 9020, 1, 2022/11/15, 11:33:15.404, 163903965945, vstest.console.dll, AssemblyResolver.OnResolve: Microsoft.Diagnostics.NETCore.Client: Searching in: 'C:\Program Files\dotnet\sdk\6.0.402\Extensions'.
TpTrace Information: 0 : 9020, 1, 2022/11/15, 11:33:15.405, 163903970197, vstest.console.dll, AssemblyResolver.OnResolve: Microsoft.Diagnostics.NETCore.Client: Loading assembly 'C:\Program Files\dotnet\sdk\6.0.402\Extensions\Microsoft.Diagnostics.NETCore.Client.dll'.
TpTrace Information: 0 : 9020, 1, 2022/11/15, 11:33:15.406, 163903973838, vstest.console.dll, AssemblyResolver.OnResolve: Resolved assembly: Microsoft.Diagnostics.NETCore.Client, from path: C:\Program Files\dotnet\sdk\6.0.402\Extensions\Microsoft.Diagnostics.NETCore.Client.dll
TpTrace Verbose: 0 : 9020, 1, 2022/11/15, 11:33:15.410, 163903983932, vstest.console.dll, MetadataReaderExtensionsHelper: Discovering extensions inside assembly 'Microsoft.Diagnostics.NETCore.Client, Version=0.2.5.801, Culture=neutral, PublicKeyToken=31bf3856ad364e35' file path 'C:\Program Files\dotnet\sdk\6.0.402\Extensions\Microsoft.Diagnostics.NETCore.Client.dll'
TpTrace Information: 0 : 9020, 1, 2022/11/15, 11:33:15.425, 163904027110, vstest.console.dll, AssemblyResolver.OnResolve: Microsoft.Bcl.AsyncInterfaces: Resolving assembly.
TpTrace Information: 0 : 9020, 1, 2022/11/15, 11:33:15.425, 163904027611, vstest.console.dll, AssemblyResolver.OnResolve: Microsoft.Bcl.AsyncInterfaces: Searching in: 'C:\Program Files\dotnet\sdk\6.0.402\Extensions'.
TpTrace Information: 0 : 9020, 1, 2022/11/15, 11:33:15.425, 163904027994, vstest.console.dll, AssemblyResolver.OnResolve: Microsoft.Bcl.AsyncInterfaces: Assembly path does not exist: 'C:\Program Files\dotnet\sdk\6.0.402\Extensions\Microsoft.Bcl.AsyncInterfaces.dll', returning.
TpTrace Information: 0 : 9020, 1, 2022/11/15, 11:33:15.426, 163904028275, vstest.console.dll, AssemblyResolver.OnResolve: Microsoft.Bcl.AsyncInterfaces: Assembly path does not exist: 'C:\Program Files\dotnet\sdk\6.0.402\Extensions\Microsoft.Bcl.AsyncInterfaces.exe', returning.
TpTrace Information: 0 : 9020, 1, 2022/11/15, 11:33:15.426, 163904028595, vstest.console.dll, AssemblyResolver.OnResolve: Microsoft.Bcl.AsyncInterfaces: Searching in: 'C:\Program Files\dotnet\sdk\6.0.402'.
TpTrace Information: 0 : 9020, 1, 2022/11/15, 11:33:15.426, 163904028900, vstest.console.dll, AssemblyResolver.OnResolve: Microsoft.Bcl.AsyncInterfaces: Assembly path does not exist: 'C:\Program Files\dotnet\sdk\6.0.402\Microsoft.Bcl.AsyncInterfaces.dll', returning.
TpTrace Information: 0 : 9020, 1, 2022/11/15, 11:33:15.426, 163904029174, vstest.console.dll, AssemblyResolver.OnResolve: Microsoft.Bcl.AsyncInterfaces: Assembly path does not exist: 'C:\Program Files\dotnet\sdk\6.0.402\Microsoft.Bcl.AsyncInterfaces.exe', returning.
TpTrace Information: 0 : 9020, 1, 2022/11/15, 11:33:15.426, 163904029376, vstest.console.dll, AssemblyResolver.OnResolve: Microsoft.Bcl.AsyncInterfaces: Failed to load assembly.
TpTrace Verbose: 0 : 9020, 1, 2022/11/15, 11:33:15.426, 163904029608, vstest.console.dll, CurrentDomainAssemblyResolve: Resolving assembly 'Microsoft.Bcl.AsyncInterfaces'.
TpTrace Information: 0 : 9020, 1, 2022/11/15, 11:33:15.426, 163904029893, vstest.console.dll, AssemblyResolver.OnResolve: Microsoft.Bcl.AsyncInterfaces: Resolving assembly.
TpTrace Information: 0 : 9020, 1, 2022/11/15, 11:33:15.426, 163904030120, vstest.console.dll, AssemblyResolver.OnResolve: Microsoft.Bcl.AsyncInterfaces: Resolved from cache.
TpTrace Verbose: 0 : 9020, 1, 2022/11/15, 11:33:15.426, 163904030322, vstest.console.dll, CurrentDomainAssemblyResolve: Resolving assembly 'Microsoft.Bcl.AsyncInterfaces'.
TpTrace Verbose: 0 : 9020, 1, 2022/11/15, 11:33:15.426, 163904030549, vstest.console.dll, CurrentDomainAssemblyResolve: Failed to resolve assembly 'Microsoft.Bcl.AsyncInterfaces'.
TpTrace Verbose: 0 : 9020, 1, 2022/11/15, 11:33:15.427, 163904032245, vstest.console.dll, CurrentDomainAssemblyResolve: Failed to resolve assembly 'Microsoft.Bcl.AsyncInterfaces'.
TpTrace Warning: 0 : 9020, 1, 2022/11/15, 11:33:15.439, 163904065793, vstest.console.dll, TestPluginDiscoverer: Failed to get types from assembly 'Microsoft.Diagnostics.NETCore.Client, Version=0.2.5.801, Culture=neutral, PublicKeyToken=31bf3856ad364e35'. Error: System.Reflection.ReflectionTypeLoadException: Unable to load one or more of the requested types.
Could not load file or assembly 'Microsoft.Bcl.AsyncInterfaces, Version=1.0.0.0, Culture=neutral, PublicKeyToken=cc7b13ffcd2ddd51'. The system cannot find the file specified.
   at System.Reflection.RuntimeModule.GetTypes(RuntimeModule module)
   at System.Reflection.Assembly.GetTypes()
   at Microsoft.VisualStudio.TestPlatform.Common.ExtensionFramework.TestPluginDiscoverer.GetTestExtensionsFromAssembly[TPluginInfo,TExtension](Assembly assembly, Dictionary`2 pluginInfos, String filePath)
System.IO.FileNotFoundException: Could not load file or assembly 'Microsoft.Bcl.AsyncInterfaces, Version=1.0.0.0, Culture=neutral, PublicKeyToken=cc7b13ffcd2ddd51'. The system cannot find the file specified.
File name: 'Microsoft.Bcl.AsyncInterfaces, Version=1.0.0.0, Culture=neutral, PublicKeyToken=cc7b13ffcd2ddd51'
 ---> System.IO.FileNotFoundException: Could not load file or assembly 'Microsoft.Bcl.AsyncInterfaces, Culture=neutral, PublicKeyToken=null'. The system cannot find the file specified.
File name: 'Microsoft.Bcl.AsyncInterfaces, Culture=neutral, PublicKeyToken=null'
   at System.Reflection.RuntimeAssembly.InternalLoad(ObjectHandleOnStack assemblyName, ObjectHandleOnStack requestingAssembly, StackCrawlMarkHandle stackMark, Boolean throwOnFileNotFound, ObjectHandleOnStack assemblyLoadContext, ObjectHandleOnStack retAssembly)
   at System.Reflection.RuntimeAssembly.InternalLoad(AssemblyName assemblyName, RuntimeAssembly requestingAssembly, StackCrawlMark& stackMark, Boolean throwOnFileNotFound, AssemblyLoadContext assemblyLoadContext)
   at System.Reflection.Assembly.Load(AssemblyName assemblyRef)
   at Microsoft.VisualStudio.TestPlatform.Common.ExtensionFramework.TestPluginCache.CurrentDomainAssemblyResolve(Object sender, AssemblyResolveEventArgs args)
   at Microsoft.VisualStudio.TestPlatform.PlatformAbstractions.PlatformAssemblyResolver.AssemblyResolverEvent(Object sender, Object eventArgs)
   at System.Runtime.Loader.AssemblyLoadContext.GetFirstResolvedAssemblyFromResolvingEvent(AssemblyName assemblyName)
   at System.Runtime.Loader.AssemblyLoadContext.ResolveUsingEvent(AssemblyName assemblyName)
   at System.Runtime.Loader.AssemblyLoadContext.ResolveUsingResolvingEvent(IntPtr gchManagedAssemblyLoadContext, AssemblyName assemblyName)
TpTrace Warning: 0 : 9020, 1, 2022/11/15, 11:33:15.439, 163904067125, vstest.console.dll, LoaderExceptions: System.IO.FileNotFoundException: Could not load file or assembly 'Microsoft.Bcl.AsyncInterfaces, Version=1.0.0.0, Culture=neutral, PublicKeyToken=cc7b13ffcd2ddd51'. The system cannot find the file specified.
File name: 'Microsoft.Bcl.AsyncInterfaces, Version=1.0.0.0, Culture=neutral, PublicKeyToken=cc7b13ffcd2ddd51'
 ---> System.IO.FileNotFoundException: Could not load file or assembly 'Microsoft.Bcl.AsyncInterfaces, Culture=neutral, PublicKeyToken=null'. The system cannot find the file specified.
File name: 'Microsoft.Bcl.AsyncInterfaces, Culture=neutral, PublicKeyToken=null'
   at System.Reflection.RuntimeAssembly.InternalLoad(ObjectHandleOnStack assemblyName, ObjectHandleOnStack requestingAssembly, StackCrawlMarkHandle stackMark, Boolean throwOnFileNotFound, ObjectHandleOnStack assemblyLoadContext, ObjectHandleOnStack retAssembly)
   at System.Reflection.RuntimeAssembly.InternalLoad(AssemblyName assemblyName, RuntimeAssembly requestingAssembly, StackCrawlMark& stackMark, Boolean throwOnFileNotFound, AssemblyLoadContext assemblyLoadContext)
   at System.Reflection.Assembly.Load(AssemblyName assemblyRef)
   at Microsoft.VisualStudio.TestPlatform.Common.ExtensionFramework.TestPluginCache.CurrentDomainAssemblyResolve(Object sender, AssemblyResolveEventArgs args)
   at Microsoft.VisualStudio.TestPlatform.PlatformAbstractions.PlatformAssemblyResolver.AssemblyResolverEvent(Object sender, Object eventArgs)
   at System.Runtime.Loader.AssemblyLoadContext.GetFirstResolvedAssemblyFromResolvingEvent(AssemblyName assemblyName)
   at System.Runtime.Loader.AssemblyLoadContext.ResolveUsingEvent(AssemblyName assemblyName)
   at System.Runtime.Loader.AssemblyLoadContext.ResolveUsingResolvingEvent(IntPtr gchManagedAssemblyLoadContext, AssemblyName assemblyName)
TpTrace Information: 0 : 9020, 1, 2022/11/15, 11:33:15.439, 163904067708, vstest.console.dll, AssemblyResolver.OnResolve: Microsoft.TestPlatform.Extensions.BlameDataCollector: Resolving assembly.
TpTrace Information: 0 : 9020, 1, 2022/11/15, 11:33:15.440, 163904068012, vstest.console.dll, AssemblyResolver.OnResolve: Microsoft.TestPlatform.Extensions.BlameDataCollector: Searching in: 'C:\Program Files\dotnet\sdk\6.0.402\Extensions'.
TpTrace Information: 0 : 9020, 1, 2022/11/15, 11:33:15.440, 163904070238, vstest.console.dll, AssemblyResolver.OnResolve: Microsoft.TestPlatform.Extensions.BlameDataCollector: Loading assembly 'C:\Program Files\dotnet\sdk\6.0.402\Extensions\Microsoft.TestPlatform.Extensions.BlameDataCollector.dll'.
TpTrace Information: 0 : 9020, 1, 2022/11/15, 11:33:15.441, 163904072703, vstest.console.dll, AssemblyResolver.OnResolve: Resolved assembly: Microsoft.TestPlatform.Extensions.BlameDataCollector, from path: C:\Program Files\dotnet\sdk\6.0.402\Extensions\Microsoft.TestPlatform.Extensions.BlameDataCollector.dll
TpTrace Verbose: 0 : 9020, 1, 2022/11/15, 11:33:15.441, 163904073121, vstest.console.dll, MetadataReaderExtensionsHelper: Discovering extensions inside assembly 'Microsoft.TestPlatform.Extensions.BlameDataCollector, Version=15.0.0.0, Culture=neutral, PublicKeyToken=b03f5f7f11d50a3a' file path 'C:\Program Files\dotnet\sdk\6.0.402\Extensions\Microsoft.TestPlatform.Extensions.BlameDataCollector.dll'
TpTrace Information: 0 : 9020, 1, 2022/11/15, 11:33:15.443, 163904077164, vstest.console.dll, AssemblyResolver.OnResolve: Microsoft.TestPlatform.Extensions.EventLogCollector: Resolving assembly.
TpTrace Information: 0 : 9020, 1, 2022/11/15, 11:33:15.443, 163904077637, vstest.console.dll, AssemblyResolver.OnResolve: Microsoft.TestPlatform.Extensions.EventLogCollector: Searching in: 'C:\Program Files\dotnet\sdk\6.0.402\Extensions'.
TpTrace Information: 0 : 9020, 1, 2022/11/15, 11:33:15.443, 163904079042, vstest.console.dll, AssemblyResolver.OnResolve: Microsoft.TestPlatform.Extensions.EventLogCollector: Loading assembly 'C:\Program Files\dotnet\sdk\6.0.402\Extensions\Microsoft.TestPlatform.Extensions.EventLogCollector.dll'.
TpTrace Information: 0 : 9020, 1, 2022/11/15, 11:33:15.444, 163904080209, vstest.console.dll, AssemblyResolver.OnResolve: Resolved assembly: Microsoft.TestPlatform.Extensions.EventLogCollector, from path: C:\Program Files\dotnet\sdk\6.0.402\Extensions\Microsoft.TestPlatform.Extensions.EventLogCollector.dll
TpTrace Verbose: 0 : 9020, 1, 2022/11/15, 11:33:15.444, 163904080499, vstest.console.dll, MetadataReaderExtensionsHelper: Discovering extensions inside assembly 'Microsoft.TestPlatform.Extensions.EventLogCollector, Version=15.0.0.0, Culture=neutral, PublicKeyToken=b03f5f7f11d50a3a' file path 'C:\Program Files\dotnet\sdk\6.0.402\Extensions\Microsoft.TestPlatform.Extensions.EventLogCollector.dll'
TpTrace Information: 0 : 9020, 1, 2022/11/15, 11:33:15.446, 163904086147, vstest.console.dll, AssemblyResolver.OnResolve: Microsoft.TestPlatform.TestHostRuntimeProvider: Resolving assembly.
TpTrace Information: 0 : 9020, 1, 2022/11/15, 11:33:15.446, 163904086498, vstest.console.dll, AssemblyResolver.OnResolve: Microsoft.TestPlatform.TestHostRuntimeProvider: Searching in: 'C:\Program Files\dotnet\sdk\6.0.402\Extensions'.
TpTrace Information: 0 : 9020, 1, 2022/11/15, 11:33:15.446, 163904087572, vstest.console.dll, AssemblyResolver.OnResolve: Microsoft.TestPlatform.TestHostRuntimeProvider: Loading assembly 'C:\Program Files\dotnet\sdk\6.0.402\Extensions\Microsoft.TestPlatform.TestHostRuntimeProvider.dll'.
TpTrace Information: 0 : 9020, 1, 2022/11/15, 11:33:15.447, 163904089029, vstest.console.dll, AssemblyResolver.OnResolve: Resolved assembly: Microsoft.TestPlatform.TestHostRuntimeProvider, from path: C:\Program Files\dotnet\sdk\6.0.402\Extensions\Microsoft.TestPlatform.TestHostRuntimeProvider.dll
TpTrace Verbose: 0 : 9020, 1, 2022/11/15, 11:33:15.447, 163904089411, vstest.console.dll, MetadataReaderExtensionsHelper: Discovering extensions inside assembly 'Microsoft.TestPlatform.TestHostRuntimeProvider, Version=15.0.0.0, Culture=neutral, PublicKeyToken=b03f5f7f11d50a3a' file path 'C:\Program Files\dotnet\sdk\6.0.402\Extensions\Microsoft.TestPlatform.TestHostRuntimeProvider.dll'
TpTrace Information: 0 : 9020, 1, 2022/11/15, 11:33:15.449, 163904094178, vstest.console.dll, GetTestExtensionFromType: Register extension with identifier data 'HostProvider://DefaultTestHost' and type 'Microsoft.VisualStudio.TestPlatform.CrossPlatEngine.Hosting.DefaultTestHostManager, Microsoft.TestPlatform.TestHostRuntimeProvider, Version=15.0.0.0, Culture=neutral, PublicKeyToken=b03f5f7f11d50a3a' inside file 'C:\Program Files\dotnet\sdk\6.0.402\Extensions\Microsoft.TestPlatform.TestHostRuntimeProvider.dll'
TpTrace Information: 0 : 9020, 1, 2022/11/15, 11:33:15.449, 163904094585, vstest.console.dll, GetTestExtensionFromType: Register extension with identifier data 'HostProvider://DotnetTestHost' and type 'Microsoft.VisualStudio.TestPlatform.CrossPlatEngine.Hosting.DotnetTestHostManager, Microsoft.TestPlatform.TestHostRuntimeProvider, Version=15.0.0.0, Culture=neutral, PublicKeyToken=b03f5f7f11d50a3a' inside file 'C:\Program Files\dotnet\sdk\6.0.402\Extensions\Microsoft.TestPlatform.TestHostRuntimeProvider.dll'
TpTrace Information: 0 : 9020, 1, 2022/11/15, 11:33:15.449, 163904094909, vstest.console.dll, AssemblyResolver.OnResolve: Microsoft.VisualStudio.TestPlatform.Extensions.Html.TestLogger: Resolving assembly.
TpTrace Information: 0 : 9020, 1, 2022/11/15, 11:33:15.449, 163904095116, vstest.console.dll, AssemblyResolver.OnResolve: Microsoft.VisualStudio.TestPlatform.Extensions.Html.TestLogger: Searching in: 'C:\Program Files\dotnet\sdk\6.0.402\Extensions'.
TpTrace Information: 0 : 9020, 1, 2022/11/15, 11:33:15.450, 163904096378, vstest.console.dll, AssemblyResolver.OnResolve: Microsoft.VisualStudio.TestPlatform.Extensions.Html.TestLogger: Loading assembly 'C:\Program Files\dotnet\sdk\6.0.402\Extensions\Microsoft.VisualStudio.TestPlatform.Extensions.Html.TestLogger.dll'.
TpTrace Information: 0 : 9020, 1, 2022/11/15, 11:33:15.450, 163904097908, vstest.console.dll, AssemblyResolver.OnResolve: Resolved assembly: Microsoft.VisualStudio.TestPlatform.Extensions.Html.TestLogger, from path: C:\Program Files\dotnet\sdk\6.0.402\Extensions\Microsoft.VisualStudio.TestPlatform.Extensions.Html.TestLogger.dll
TpTrace Verbose: 0 : 9020, 1, 2022/11/15, 11:33:15.450, 163904098208, vstest.console.dll, MetadataReaderExtensionsHelper: Discovering extensions inside assembly 'Microsoft.VisualStudio.TestPlatform.Extensions.Html.TestLogger, Version=15.0.0.0, Culture=neutral, PublicKeyToken=b03f5f7f11d50a3a' file path 'C:\Program Files\dotnet\sdk\6.0.402\Extensions\Microsoft.VisualStudio.TestPlatform.Extensions.Html.TestLogger.dll'
TpTrace Information: 0 : 9020, 1, 2022/11/15, 11:33:15.451, 163904100704, vstest.console.dll, AssemblyResolver.OnResolve: Microsoft.VisualStudio.TestPlatform.Extensions.Trx.TestLogger: Resolving assembly.
TpTrace Information: 0 : 9020, 1, 2022/11/15, 11:33:15.451, 163904101108, vstest.console.dll, AssemblyResolver.OnResolve: Microsoft.VisualStudio.TestPlatform.Extensions.Trx.TestLogger: Searching in: 'C:\Program Files\dotnet\sdk\6.0.402\Extensions'.
TpTrace Information: 0 : 9020, 1, 2022/11/15, 11:33:15.452, 163904102530, vstest.console.dll, AssemblyResolver.OnResolve: Microsoft.VisualStudio.TestPlatform.Extensions.Trx.TestLogger: Loading assembly 'C:\Program Files\dotnet\sdk\6.0.402\Extensions\Microsoft.VisualStudio.TestPlatform.Extensions.Trx.TestLogger.dll'.
TpTrace Information: 0 : 9020, 1, 2022/11/15, 11:33:15.452, 163904104246, vstest.console.dll, AssemblyResolver.OnResolve: Resolved assembly: Microsoft.VisualStudio.TestPlatform.Extensions.Trx.TestLogger, from path: C:\Program Files\dotnet\sdk\6.0.402\Extensions\Microsoft.VisualStudio.TestPlatform.Extensions.Trx.TestLogger.dll
TpTrace Verbose: 0 : 9020, 1, 2022/11/15, 11:33:15.452, 163904104566, vstest.console.dll, MetadataReaderExtensionsHelper: Discovering extensions inside assembly 'Microsoft.VisualStudio.TestPlatform.Extensions.Trx.TestLogger, Version=15.0.0.0, Culture=neutral, PublicKeyToken=b03f5f7f11d50a3a' file path 'C:\Program Files\dotnet\sdk\6.0.402\Extensions\Microsoft.VisualStudio.TestPlatform.Extensions.Trx.TestLogger.dll'
TpTrace Verbose: 0 : 9020, 1, 2022/11/15, 11:33:15.453, 163904107380, vstest.console.dll, TestPluginCache: Discovered the extensions using extension path ''.
TpTrace Verbose: 0 : 9020, 1, 2022/11/15, 11:33:15.454, 163904107689, vstest.console.dll, TestPluginCache: Discoverers are ''.
TpTrace Verbose: 0 : 9020, 1, 2022/11/15, 11:33:15.454, 163904107877, vstest.console.dll, TestPluginCache: Executors are ''.
TpTrace Verbose: 0 : 9020, 1, 2022/11/15, 11:33:15.454, 163904108053, vstest.console.dll, TestPluginCache: Executors2 are ''.
TpTrace Verbose: 0 : 9020, 1, 2022/11/15, 11:33:15.454, 163904108227, vstest.console.dll, TestPluginCache: Setting providers are ''.
TpTrace Verbose: 0 : 9020, 1, 2022/11/15, 11:33:15.454, 163904108400, vstest.console.dll, TestPluginCache: Loggers are ''.
TpTrace Verbose: 0 : 9020, 1, 2022/11/15, 11:33:15.454, 163904108900, vstest.console.dll, TestPluginCache: TestHosts are 'HostProvider://DefaultTestHost,HostProvider://DotnetTestHost'.
TpTrace Verbose: 0 : 9020, 1, 2022/11/15, 11:33:15.454, 163904109112, vstest.console.dll, TestPluginCache: DataCollectors are ''.
TpTrace Information: 0 : 9020, 1, 2022/11/15, 11:33:15.464, 163904136353, vstest.console.dll, RunTestsArgumentProcessor:Execute: Test run is starting.
TpTrace Verbose: 0 : 9020, 1, 2022/11/15, 11:33:15.464, 163904136962, vstest.console.dll, RunTestsArgumentProcessor:Execute: Queuing Test run.
TpTrace Information: 0 : 9020, 1, 2022/11/15, 11:33:15.464, 163904138092, vstest.console.dll, TestRequestManager.RunTests: run tests started.
TpTrace Information: 0 : 9020, 1, 2022/11/15, 11:33:15.466, 163904141667, vstest.console.dll, AssemblyMetadataProvider.GetFrameworkName: Determined framework:'.NETCoreApp,Version=v3.1' for source: 'C:\Users\ddian\source\repos\SoftUni\CSharpOOP\OOPExams\14.08.2022\PlanetWarsUnitTests\PlanetWars.Tests\bin\Debug\netcoreapp3.1\fine-code-coverage\build-output\PlanetWars.Tests.dll'
TpTrace Information: 0 : 9020, 1, 2022/11/15, 11:33:15.466, 163904142162, vstest.console.dll, Determined framework for all sources: .NETCoreApp,Version=v3.1
TpTrace Verbose: 0 : 9020, 1, 2022/11/15, 11:33:15.466, 163904143518, vstest.console.dll, TestRequestManager.UpdateRunSettingsIfRequired: Default architecture: X64 IsDefaultTargetArchitecture: True, Current process architecture: X64 OperatingSystem: Windows.
TpTrace Information: 0 : 9020, 1, 2022/11/15, 11:33:15.469, 163904151131, vstest.console.dll, AssemblyMetadataProvider.GetArchitecture: Determined architecture:AnyCPU info for assembly: C:\Users\ddian\source\repos\SoftUni\CSharpOOP\OOPExams\14.08.2022\PlanetWarsUnitTests\PlanetWars.Tests\bin\Debug\netcoreapp3.1\fine-code-coverage\build-output\PlanetWars.Tests.dll
TpTrace Information: 0 : 9020, 1, 2022/11/15, 11:33:15.469, 163904151491, vstest.console.dll, Determined platform for source 'C:\Users\ddian\source\repos\SoftUni\CSharpOOP\OOPExams\14.08.2022\PlanetWarsUnitTests\PlanetWars.Tests\bin\Debug\netcoreapp3.1\fine-code-coverage\build-output\PlanetWars.Tests.dll' was AnyCPU and it will use the default plaform X64.
TpTrace Information: 0 : 9020, 1, 2022/11/15, 11:33:15.469, 163904151688, vstest.console.dll, None of the sources provided any runnable platform, using the default platform: X64
TpTrace Information: 0 : 9020, 1, 2022/11/15, 11:33:15.469, 163904152049, vstest.console.dll, Platform was updated to 'X64'.
TpTrace Information: 0 : 9020, 1, 2022/11/15, 11:33:15.473, 163904161405, vstest.console.dll, InferRunSettingsHelper.IsTestSettingsEnabled: Unable to navigate to RunSettings/MSTest. Current node: RunSettings
TpTrace Information: 0 : 9020, 1, 2022/11/15, 11:33:15.473, 163904163251, vstest.console.dll, AssemblyResolver.OnResolve: Microsoft.VisualStudio.TestPlatform.Fakes: Resolving assembly.
TpTrace Information: 0 : 9020, 1, 2022/11/15, 11:33:15.473, 163904163554, vstest.console.dll, AssemblyResolver.OnResolve: Microsoft.VisualStudio.TestPlatform.Fakes: Searching in: 'C:\Program Files\dotnet\sdk\6.0.402\Extensions'.
TpTrace Information: 0 : 9020, 1, 2022/11/15, 11:33:15.473, 163904163920, vstest.console.dll, AssemblyResolver.OnResolve: Microsoft.VisualStudio.TestPlatform.Fakes: Assembly path does not exist: 'C:\Program Files\dotnet\sdk\6.0.402\Extensions\Microsoft.VisualStudio.TestPlatform.Fakes.dll', returning.
TpTrace Information: 0 : 9020, 1, 2022/11/15, 11:33:15.474, 163904164189, vstest.console.dll, AssemblyResolver.OnResolve: Microsoft.VisualStudio.TestPlatform.Fakes: Assembly path does not exist: 'C:\Program Files\dotnet\sdk\6.0.402\Extensions\Microsoft.VisualStudio.TestPlatform.Fakes.exe', returning.
TpTrace Information: 0 : 9020, 1, 2022/11/15, 11:33:15.474, 163904164384, vstest.console.dll, AssemblyResolver.OnResolve: Microsoft.VisualStudio.TestPlatform.Fakes: Searching in: 'C:\Program Files\dotnet\sdk\6.0.402'.
TpTrace Information: 0 : 9020, 1, 2022/11/15, 11:33:15.474, 163904164642, vstest.console.dll, AssemblyResolver.OnResolve: Microsoft.VisualStudio.TestPlatform.Fakes: Assembly path does not exist: 'C:\Program Files\dotnet\sdk\6.0.402\Microsoft.VisualStudio.TestPlatform.Fakes.dll', returning.
TpTrace Information: 0 : 9020, 1, 2022/11/15, 11:33:15.474, 163904164893, vstest.console.dll, AssemblyResolver.OnResolve: Microsoft.VisualStudio.TestPlatform.Fakes: Assembly path does not exist: 'C:\Program Files\dotnet\sdk\6.0.402\Microsoft.VisualStudio.TestPlatform.Fakes.exe', returning.
TpTrace Information: 0 : 9020, 1, 2022/11/15, 11:33:15.474, 163904165085, vstest.console.dll, AssemblyResolver.OnResolve: Microsoft.VisualStudio.TestPlatform.Fakes: Failed to load assembly.
TpTrace Information: 0 : 9020, 1, 2022/11/15, 11:33:15.474, 163904166009, vstest.console.dll, Failed to load assembly Microsoft.VisualStudio.TestPlatform.Fakes, Version=17.0.0.0, Culture=neutral. Reason:System.IO.FileNotFoundException: Could not load file or assembly 'Microsoft.VisualStudio.TestPlatform.Fakes, Version=17.0.0.0, Culture=neutral, PublicKeyToken=null'. The system cannot find the file specified.
File name: 'Microsoft.VisualStudio.TestPlatform.Fakes, Version=17.0.0.0, Culture=neutral, PublicKeyToken=null'
   at System.Reflection.RuntimeAssembly.InternalLoad(ObjectHandleOnStack assemblyName, ObjectHandleOnStack requestingAssembly, StackCrawlMarkHandle stackMark, Boolean throwOnFileNotFound, ObjectHandleOnStack assemblyLoadContext, ObjectHandleOnStack retAssembly)
   at System.Reflection.RuntimeAssembly.InternalLoad(AssemblyName assemblyName, RuntimeAssembly requestingAssembly, StackCrawlMark& stackMark, Boolean throwOnFileNotFound, AssemblyLoadContext assemblyLoadContext)
   at System.Reflection.Assembly.Load(AssemblyName assemblyRef)
   at Microsoft.VisualStudio.TestPlatform.Common.Utilities.FakesUtilities.LoadTestPlatformAssembly()
TpTrace Verbose: 0 : 9020, 1, 2022/11/15, 11:33:15.477, 163904174639, vstest.console.dll, TestPluginCache.DiscoverTestExtensions: finding test extensions in assemblies ends with: TestLogger.dll TPluginInfo: Microsoft.VisualStudio.TestPlatform.Common.ExtensionFramework.Utilities.TestLoggerPluginInformation TExtension: Microsoft.VisualStudio.TestPlatform.ObjectModel.Client.ITestLogger
TpTrace Verbose: 0 : 9020, 1, 2022/11/15, 11:33:15.477, 163904175022, vstest.console.dll, TestPluginCache.GetExtensionPaths: Filtered extension paths: 
TpTrace Verbose: 0 : 9020, 1, 2022/11/15, 11:33:15.477, 163904175222, vstest.console.dll, TestPluginCache.GetExtensionPaths: Added default extension paths: C:\Program Files\dotnet\sdk\6.0.402\Extensions\Microsoft.Diagnostics.NETCore.Client.dll
C:\Program Files\dotnet\sdk\6.0.402\Extensions\Microsoft.TestPlatform.Extensions.BlameDataCollector.dll
C:\Program Files\dotnet\sdk\6.0.402\Extensions\Microsoft.TestPlatform.Extensions.EventLogCollector.dll
C:\Program Files\dotnet\sdk\6.0.402\Extensions\Microsoft.TestPlatform.TestHostRuntimeProvider.dll
C:\Program Files\dotnet\sdk\6.0.402\Extensions\Microsoft.VisualStudio.TestPlatform.Extensions.Html.TestLogger.dll
C:\Program Files\dotnet\sdk\6.0.402\Extensions\Microsoft.VisualStudio.TestPlatform.Extensions.Trx.TestLogger.dll
TpTrace Verbose: 0 : 9020, 1, 2022/11/15, 11:33:15.477, 163904175419, vstest.console.dll, TestPluginCache.GetExtensionPaths: Added unfilterableExtensionPaths: 
TpTrace Information: 0 : 9020, 1, 2022/11/15, 11:33:15.478, 163904175973, vstest.console.dll, AssemblyResolver.AddSearchDirectories: Adding more searchDirectories C:\Program Files\dotnet\sdk\6.0.402\Extensions,C:\Program Files\dotnet\sdk\6.0.402
TpTrace Verbose: 0 : 9020, 1, 2022/11/15, 11:33:15.478, 163904176205, vstest.console.dll, TestPluginCache.DiscoverTestExtensions: Discovering the extensions using extension path.
TpTrace Verbose: 0 : 9020, 1, 2022/11/15, 11:33:15.478, 163904176414, vstest.console.dll, TestPluginCache.GetExtensionPaths: Filtered extension paths: 
TpTrace Verbose: 0 : 9020, 1, 2022/11/15, 11:33:15.478, 163904176618, vstest.console.dll, TestPluginCache.GetExtensionPaths: Added default extension paths: C:\Program Files\dotnet\sdk\6.0.402\Extensions\Microsoft.Diagnostics.NETCore.Client.dll
C:\Program Files\dotnet\sdk\6.0.402\Extensions\Microsoft.TestPlatform.Extensions.BlameDataCollector.dll
C:\Program Files\dotnet\sdk\6.0.402\Extensions\Microsoft.TestPlatform.Extensions.EventLogCollector.dll
C:\Program Files\dotnet\sdk\6.0.402\Extensions\Microsoft.TestPlatform.TestHostRuntimeProvider.dll
C:\Program Files\dotnet\sdk\6.0.402\Extensions\Microsoft.VisualStudio.TestPlatform.Extensions.Html.TestLogger.dll
C:\Program Files\dotnet\sdk\6.0.402\Extensions\Microsoft.VisualStudio.TestPlatform.Extensions.Trx.TestLogger.dll
TpTrace Verbose: 0 : 9020, 1, 2022/11/15, 11:33:15.478, 163904176803, vstest.console.dll, TestPluginCache.GetExtensionPaths: Added unfilterableExtensionPaths: 
TpTrace Verbose: 0 : 9020, 1, 2022/11/15, 11:33:15.478, 163904177124, vstest.console.dll, TestPluginCache.DiscoverTestExtensions: Discovering the extensions using allExtensionPaths: C:\Program Files\dotnet\sdk\6.0.402\Extensions\Microsoft.Diagnostics.NETCore.Client.dll
C:\Program Files\dotnet\sdk\6.0.402\Extensions\Microsoft.TestPlatform.Extensions.BlameDataCollector.dll
C:\Program Files\dotnet\sdk\6.0.402\Extensions\Microsoft.TestPlatform.Extensions.EventLogCollector.dll
C:\Program Files\dotnet\sdk\6.0.402\Extensions\Microsoft.TestPlatform.TestHostRuntimeProvider.dll
C:\Program Files\dotnet\sdk\6.0.402\Extensions\Microsoft.VisualStudio.TestPlatform.Extensions.Html.TestLogger.dll
C:\Program Files\dotnet\sdk\6.0.402\Extensions\Microsoft.VisualStudio.TestPlatform.Extensions.Trx.TestLogger.dll
TpTrace Information: 0 : 9020, 1, 2022/11/15, 11:33:15.478, 163904177357, vstest.console.dll, AssemblyResolver.AddSearchDirectories: Adding more searchDirectories C:\Program Files\dotnet\sdk\6.0.402\Extensions,C:\Program Files\dotnet\sdk\6.0.402
TpTrace Information: 0 : 9020, 1, 2022/11/15, 11:33:15.478, 163904177568, vstest.console.dll, AssemblyResolver.AddSearchDirectories: Adding more searchDirectories C:\Program Files\dotnet\sdk\6.0.402\Extensions,C:\Program Files\dotnet\sdk\6.0.402
TpTrace Information: 0 : 9020, 1, 2022/11/15, 11:33:15.478, 163904177756, vstest.console.dll, AssemblyResolver.AddSearchDirectories: Adding more searchDirectories C:\Program Files\dotnet\sdk\6.0.402\Extensions,C:\Program Files\dotnet\sdk\6.0.402
TpTrace Information: 0 : 9020, 1, 2022/11/15, 11:33:15.478, 163904177941, vstest.console.dll, AssemblyResolver.AddSearchDirectories: Adding more searchDirectories C:\Program Files\dotnet\sdk\6.0.402\Extensions,C:\Program Files\dotnet\sdk\6.0.402
TpTrace Information: 0 : 9020, 1, 2022/11/15, 11:33:15.478, 163904178128, vstest.console.dll, AssemblyResolver.AddSearchDirectories: Adding more searchDirectories C:\Program Files\dotnet\sdk\6.0.402\Extensions,C:\Program Files\dotnet\sdk\6.0.402
TpTrace Information: 0 : 9020, 1, 2022/11/15, 11:33:15.478, 163904178313, vstest.console.dll, AssemblyResolver.AddSearchDirectories: Adding more searchDirectories C:\Program Files\dotnet\sdk\6.0.402\Extensions,C:\Program Files\dotnet\sdk\6.0.402
TpTrace Verbose: 0 : 9020, 1, 2022/11/15, 11:33:15.479, 163904178742, vstest.console.dll, MetadataReaderExtensionsHelper: Discovering extensions inside assembly 'Microsoft.Diagnostics.NETCore.Client, Version=0.2.5.801, Culture=neutral, PublicKeyToken=31bf3856ad364e35' file path 'C:\Program Files\dotnet\sdk\6.0.402\Extensions\Microsoft.Diagnostics.NETCore.Client.dll'
TpTrace Information: 0 : 9020, 1, 2022/11/15, 11:33:15.479, 163904180641, vstest.console.dll, AssemblyResolver.OnResolve: Microsoft.Bcl.AsyncInterfaces: Resolving assembly.
TpTrace Information: 0 : 9020, 1, 2022/11/15, 11:33:15.479, 163904180893, vstest.console.dll, AssemblyResolver.OnResolve: Microsoft.Bcl.AsyncInterfaces: Resolved from cache.
TpTrace Verbose: 0 : 9020, 1, 2022/11/15, 11:33:15.479, 163904181099, vstest.console.dll, CurrentDomainAssemblyResolve: Resolving assembly 'Microsoft.Bcl.AsyncInterfaces'.
TpTrace Information: 0 : 9020, 1, 2022/11/15, 11:33:15.480, 163904181330, vstest.console.dll, AssemblyResolver.OnResolve: Microsoft.Bcl.AsyncInterfaces: Resolving assembly.
TpTrace Information: 0 : 9020, 1, 2022/11/15, 11:33:15.480, 163904181523, vstest.console.dll, AssemblyResolver.OnResolve: Microsoft.Bcl.AsyncInterfaces: Resolved from cache.
TpTrace Verbose: 0 : 9020, 1, 2022/11/15, 11:33:15.480, 163904181707, vstest.console.dll, CurrentDomainAssemblyResolve: Resolving assembly 'Microsoft.Bcl.AsyncInterfaces'.
TpTrace Verbose: 0 : 9020, 1, 2022/11/15, 11:33:15.480, 163904181886, vstest.console.dll, CurrentDomainAssemblyResolve: Failed to resolve assembly 'Microsoft.Bcl.AsyncInterfaces'.
TpTrace Verbose: 0 : 9020, 1, 2022/11/15, 11:33:15.480, 163904182507, vstest.console.dll, CurrentDomainAssemblyResolve: Failed to resolve assembly 'Microsoft.Bcl.AsyncInterfaces'.
TpTrace Warning: 0 : 9020, 1, 2022/11/15, 11:33:15.480, 163904183891, vstest.console.dll, TestPluginDiscoverer: Failed to get types from assembly 'Microsoft.Diagnostics.NETCore.Client, Version=0.2.5.801, Culture=neutral, PublicKeyToken=31bf3856ad364e35'. Error: System.Reflection.ReflectionTypeLoadException: Unable to load one or more of the requested types.
Could not load file or assembly 'Microsoft.Bcl.AsyncInterfaces, Version=1.0.0.0, Culture=neutral, PublicKeyToken=cc7b13ffcd2ddd51'. The system cannot find the file specified.
   at System.Reflection.RuntimeModule.GetTypes(RuntimeModule module)
   at System.Reflection.Assembly.GetTypes()
   at Microsoft.VisualStudio.TestPlatform.Common.ExtensionFramework.TestPluginDiscoverer.GetTestExtensionsFromAssembly[TPluginInfo,TExtension](Assembly assembly, Dictionary`2 pluginInfos, String filePath)
System.IO.FileNotFoundException: Could not load file or assembly 'Microsoft.Bcl.AsyncInterfaces, Version=1.0.0.0, Culture=neutral, PublicKeyToken=cc7b13ffcd2ddd51'. The system cannot find the file specified.
File name: 'Microsoft.Bcl.AsyncInterfaces, Version=1.0.0.0, Culture=neutral, PublicKeyToken=cc7b13ffcd2ddd51'
 ---> System.IO.FileNotFoundException: Could not load file or assembly 'Microsoft.Bcl.AsyncInterfaces, Culture=neutral, PublicKeyToken=null'. The system cannot find the file specified.
File name: 'Microsoft.Bcl.AsyncInterfaces, Culture=neutral, PublicKeyToken=null'
   at System.Reflection.RuntimeAssembly.InternalLoad(ObjectHandleOnStack assemblyName, ObjectHandleOnStack requestingAssembly, StackCrawlMarkHandle stackMark, Boolean throwOnFileNotFound, ObjectHandleOnStack assemblyLoadContext, ObjectHandleOnStack retAssembly)
   at System.Reflection.RuntimeAssembly.InternalLoad(AssemblyName assemblyName, RuntimeAssembly requestingAssembly, StackCrawlMark& stackMark, Boolean throwOnFileNotFound, AssemblyLoadContext assemblyLoadContext)
   at System.Reflection.Assembly.Load(AssemblyName assemblyRef)
   at Microsoft.VisualStudio.TestPlatform.Common.ExtensionFramework.TestPluginCache.CurrentDomainAssemblyResolve(Object sender, AssemblyResolveEventArgs args)
   at Microsoft.VisualStudio.TestPlatform.PlatformAbstractions.PlatformAssemblyResolver.AssemblyResolverEvent(Object sender, Object eventArgs)
   at System.Runtime.Loader.AssemblyLoadContext.GetFirstResolvedAssemblyFromResolvingEvent(AssemblyName assemblyName)
   at System.Runtime.Loader.AssemblyLoadContext.ResolveUsingEvent(AssemblyName assemblyName)
   at System.Runtime.Loader.AssemblyLoadContext.ResolveUsingResolvingEvent(IntPtr gchManagedAssemblyLoadContext, AssemblyName assemblyName)
TpTrace Warning: 0 : 9020, 1, 2022/11/15, 11:33:15.481, 163904184483, vstest.console.dll, LoaderExceptions: System.IO.FileNotFoundException: Could not load file or assembly 'Microsoft.Bcl.AsyncInterfaces, Version=1.0.0.0, Culture=neutral, PublicKeyToken=cc7b13ffcd2ddd51'. The system cannot find the file specified.
File name: 'Microsoft.Bcl.AsyncInterfaces, Version=1.0.0.0, Culture=neutral, PublicKeyToken=cc7b13ffcd2ddd51'
 ---> System.IO.FileNotFoundException: Could not load file or assembly 'Microsoft.Bcl.AsyncInterfaces, Culture=neutral, PublicKeyToken=null'. The system cannot find the file specified.
File name: 'Microsoft.Bcl.AsyncInterfaces, Culture=neutral, PublicKeyToken=null'
   at System.Reflection.RuntimeAssembly.InternalLoad(ObjectHandleOnStack assemblyName, ObjectHandleOnStack requestingAssembly, StackCrawlMarkHandle stackMark, Boolean throwOnFileNotFound, ObjectHandleOnStack assemblyLoadContext, ObjectHandleOnStack retAssembly)
   at System.Reflection.RuntimeAssembly.InternalLoad(AssemblyName assemblyName, RuntimeAssembly requestingAssembly, StackCrawlMark& stackMark, Boolean throwOnFileNotFound, AssemblyLoadContext assemblyLoadContext)
   at System.Reflection.Assembly.Load(AssemblyName assemblyRef)
   at Microsoft.VisualStudio.TestPlatform.Common.ExtensionFramework.TestPluginCache.CurrentDomainAssemblyResolve(Object sender, AssemblyResolveEventArgs args)
   at Microsoft.VisualStudio.TestPlatform.PlatformAbstractions.PlatformAssemblyResolver.AssemblyResolverEvent(Object sender, Object eventArgs)
   at System.Runtime.Loader.AssemblyLoadContext.GetFirstResolvedAssemblyFromResolvingEvent(AssemblyName assemblyName)
   at System.Runtime.Loader.AssemblyLoadContext.ResolveUsingEvent(AssemblyName assemblyName)
   at System.Runtime.Loader.AssemblyLoadContext.ResolveUsingResolvingEvent(IntPtr gchManagedAssemblyLoadContext, AssemblyName assemblyName)
TpTrace Verbose: 0 : 9020, 1, 2022/11/15, 11:33:15.481, 163904184847, vstest.console.dll, MetadataReaderExtensionsHelper: Discovering extensions inside assembly 'Microsoft.TestPlatform.Extensions.BlameDataCollector, Version=15.0.0.0, Culture=neutral, PublicKeyToken=b03f5f7f11d50a3a' file path 'C:\Program Files\dotnet\sdk\6.0.402\Extensions\Microsoft.TestPlatform.Extensions.BlameDataCollector.dll'
TpTrace Information: 0 : 9020, 1, 2022/11/15, 11:33:15.481, 163904186695, vstest.console.dll, GetTestExtensionFromType: Register extension with identifier data 'logger://Microsoft/TestPlatform/Extensions/Blame/v1' and type 'Microsoft.TestPlatform.Extensions.BlameDataCollector.BlameLogger, Microsoft.TestPlatform.Extensions.BlameDataCollector, Version=15.0.0.0, Culture=neutral, PublicKeyToken=b03f5f7f11d50a3a' inside file 'C:\Program Files\dotnet\sdk\6.0.402\Extensions\Microsoft.TestPlatform.Extensions.BlameDataCollector.dll'
TpTrace Verbose: 0 : 9020, 1, 2022/11/15, 11:33:15.482, 163904186999, vstest.console.dll, MetadataReaderExtensionsHelper: Discovering extensions inside assembly 'Microsoft.TestPlatform.Extensions.EventLogCollector, Version=15.0.0.0, Culture=neutral, PublicKeyToken=b03f5f7f11d50a3a' file path 'C:\Program Files\dotnet\sdk\6.0.402\Extensions\Microsoft.TestPlatform.Extensions.EventLogCollector.dll'
TpTrace Verbose: 0 : 9020, 1, 2022/11/15, 11:33:15.482, 163904188239, vstest.console.dll, MetadataReaderExtensionsHelper: Discovering extensions inside assembly 'Microsoft.TestPlatform.TestHostRuntimeProvider, Version=15.0.0.0, Culture=neutral, PublicKeyToken=b03f5f7f11d50a3a' file path 'C:\Program Files\dotnet\sdk\6.0.402\Extensions\Microsoft.TestPlatform.TestHostRuntimeProvider.dll'
TpTrace Verbose: 0 : 9020, 1, 2022/11/15, 11:33:15.483, 163904190494, vstest.console.dll, MetadataReaderExtensionsHelper: Discovering extensions inside assembly 'Microsoft.VisualStudio.TestPlatform.Extensions.Html.TestLogger, Version=15.0.0.0, Culture=neutral, PublicKeyToken=b03f5f7f11d50a3a' file path 'C:\Program Files\dotnet\sdk\6.0.402\Extensions\Microsoft.VisualStudio.TestPlatform.Extensions.Html.TestLogger.dll'
TpTrace Information: 0 : 9020, 1, 2022/11/15, 11:33:15.483, 163904192396, vstest.console.dll, GetTestExtensionFromType: Register extension with identifier data 'logger://Microsoft/TestPlatform/HtmlLogger/v1' and type 'Microsoft.VisualStudio.TestPlatform.Extensions.HtmlLogger.HtmlLogger, Microsoft.VisualStudio.TestPlatform.Extensions.Html.TestLogger, Version=15.0.0.0, Culture=neutral, PublicKeyToken=b03f5f7f11d50a3a' inside file 'C:\Program Files\dotnet\sdk\6.0.402\Extensions\Microsoft.VisualStudio.TestPlatform.Extensions.Html.TestLogger.dll'
TpTrace Verbose: 0 : 9020, 1, 2022/11/15, 11:33:15.484, 163904192731, vstest.console.dll, MetadataReaderExtensionsHelper: Discovering extensions inside assembly 'Microsoft.VisualStudio.TestPlatform.Extensions.Trx.TestLogger, Version=15.0.0.0, Culture=neutral, PublicKeyToken=b03f5f7f11d50a3a' file path 'C:\Program Files\dotnet\sdk\6.0.402\Extensions\Microsoft.VisualStudio.TestPlatform.Extensions.Trx.TestLogger.dll'
TpTrace Information: 0 : 9020, 1, 2022/11/15, 11:33:15.484, 163904194359, vstest.console.dll, GetTestExtensionFromType: Register extension with identifier data 'logger://Microsoft/TestPlatform/TrxLogger/v1' and type 'Microsoft.VisualStudio.TestPlatform.Extensions.TrxLogger.TrxLogger, Microsoft.VisualStudio.TestPlatform.Extensions.Trx.TestLogger, Version=15.0.0.0, Culture=neutral, PublicKeyToken=b03f5f7f11d50a3a' inside file 'C:\Program Files\dotnet\sdk\6.0.402\Extensions\Microsoft.VisualStudio.TestPlatform.Extensions.Trx.TestLogger.dll'
TpTrace Verbose: 0 : 9020, 1, 2022/11/15, 11:33:15.484, 163904194699, vstest.console.dll, TestPluginCache: Discovered the extensions using extension path ''.
TpTrace Verbose: 0 : 9020, 1, 2022/11/15, 11:33:15.484, 163904194900, vstest.console.dll, TestPluginCache: Discoverers are ''.
TpTrace Verbose: 0 : 9020, 1, 2022/11/15, 11:33:15.484, 163904195077, vstest.console.dll, TestPluginCache: Executors are ''.
TpTrace Verbose: 0 : 9020, 1, 2022/11/15, 11:33:15.484, 163904195266, vstest.console.dll, TestPluginCache: Executors2 are ''.
TpTrace Verbose: 0 : 9020, 1, 2022/11/15, 11:33:15.485, 163904195439, vstest.console.dll, TestPluginCache: Setting providers are ''.
TpTrace Verbose: 0 : 9020, 1, 2022/11/15, 11:33:15.485, 163904195730, vstest.console.dll, TestPluginCache: Loggers are 'logger://Microsoft/TestPlatform/Extensions/Blame/v1,logger://Microsoft/TestPlatform/HtmlLogger/v1,logger://Microsoft/TestPlatform/TrxLogger/v1'.
TpTrace Verbose: 0 : 9020, 1, 2022/11/15, 11:33:15.485, 163904195972, vstest.console.dll, TestPluginCache: TestHosts are 'HostProvider://DefaultTestHost,HostProvider://DotnetTestHost'.
TpTrace Verbose: 0 : 9020, 1, 2022/11/15, 11:33:15.485, 163904196154, vstest.console.dll, TestPluginCache: DataCollectors are ''.
TpTrace Information: 0 : 9020, 1, 2022/11/15, 11:33:15.485, 163904197818, vstest.console.dll, TestPluginManager.CreateTestExtension: Attempting to load test extension: Microsoft.TestPlatform.Extensions.BlameDataCollector.BlameLogger
TpTrace Verbose: 0 : 9020, 1, 2022/11/15, 11:33:15.490, 163904209862, vstest.console.dll, TestEngine: Initializing Parallel Execution as MaxCpuCount is set to: 1
TpTrace Information: 0 : 9020, 1, 2022/11/15, 11:33:15.492, 163904217262, vstest.console.dll, TestPluginManager.CreateTestExtension: Attempting to load test extension: Microsoft.VisualStudio.TestPlatform.CrossPlatEngine.Hosting.DefaultTestHostManager
TpTrace Information: 0 : 9020, 1, 2022/11/15, 11:33:15.493, 163904220763, vstest.console.dll, TestPluginManager.CreateTestExtension: Attempting to load test extension: Microsoft.VisualStudio.TestPlatform.CrossPlatEngine.Hosting.DotnetTestHostManager
TpTrace Information: 0 : 9020, 1, 2022/11/15, 11:33:15.494, 163904222255, vstest.console.dll, InferRunSettingsHelper.IsTestSettingsEnabled: Unable to navigate to RunSettings/MSTest. Current node: RunSettings
TpTrace Verbose: 0 : 9020, 1, 2022/11/15, 11:33:15.499, 163904235362, vstest.console.dll, TestEngine.GetExecutionManager: Chosen execution manager 'Microsoft.VisualStudio.TestPlatform.CrossPlatEngine.Client.Parallel.ParallelProxyExecutionManager, Microsoft.TestPlatform.CrossPlatEngine, Version=15.0.0.0, Culture=neutral, PublicKeyToken=b03f5f7f11d50a3a' ParallelLevel '1'.
TpTrace Verbose: 0 : 9020, 1, 2022/11/15, 11:33:15.499, 163904236017, vstest.console.dll, TestRunRequest.ExecuteAsync: Creating test run request.
TpTrace Verbose: 0 : 9020, 1, 2022/11/15, 11:33:15.499, 163904236682, vstest.console.dll, TestRunRequest.ExecuteAsync: Starting.
TpTrace Information: 0 : 9020, 1, 2022/11/15, 11:33:15.499, 163904237541, vstest.console.dll, TestRunRequest.ExecuteAsync: Starting run with settings:TestRunCriteria:
   KeepAlive=False,FrequencyOfRunStatsChangeEvent=10,RunStatsChangeEventTimeout=00:00:01.5000000,TestCaseFilter=,TestExecutorLauncher=
   Settingsxml=<RunSettings>
  <RunConfiguration>
    <ResultsDirectory>C:\Users\ddian\source\repos\SoftUni\CSharpOOP\OOPExams\14.08.2022\PlanetWarsUnitTests\PlanetWars.Tests\bin\Debug\netcoreapp3.1\fine-code-coverage\coverage-tool-output</ResultsDirectory>
    <TargetPlatform>X64</TargetPlatform>
    <TargetFrameworkVersion>.NETCoreApp,Version=v3.1</TargetFrameworkVersion>
    <DesignMode>False</DesignMode>
    <CollectSourceInformation>False</CollectSourceInformation>
  </RunConfiguration>
  <LoggerRunSettings>
    <Loggers>
      <Logger friendlyName="blame" enabled="True" />
      <Logger friendlyName="Console" uri="logger://microsoft/TestPlatform/ConsoleLogger/v1" assemblyQualifiedName="Microsoft.VisualStudio.TestPlatform.CommandLine.Internal.ConsoleLogger, vstest.console, Version=15.0.0.0, Culture=neutral, PublicKeyToken=b03f5f7f11d50a3a" codeBase="C:\Program Files\dotnet\sdk\6.0.402\vstest.console.dll" enabled="True" />
    </Loggers>
  </LoggerRunSettings>
  <DataCollectionRunSettings>
    <DataCollectors>
      <DataCollector friendlyName="blame" enabled="True">
        <Configuration>
          <ResultsDirectory>C:\Users\ddian\source\repos\SoftUni\CSharpOOP\OOPExams\14.08.2022\PlanetWarsUnitTests\PlanetWars.Tests\bin\Debug\netcoreapp3.1\fine-code-coverage\coverage-tool-output</ResultsDirectory>
        </Configuration>
      </DataCollector>
    </DataCollectors>
  </DataCollectionRunSettings>
</RunSettings>

TpTrace Verbose: 0 : 9020, 1, 2022/11/15, 11:33:15.499, 163904237801, vstest.console.dll, TestRunRequest.ExecuteAsync: Wait for the first run request is over.
TpTrace Verbose: 0 : 9020, 1, 2022/11/15, 11:33:15.500, 163904238662, vstest.console.dll, MulticastDelegateUtilities.SafeInvoke: TestRun.TestRunStart: Invoking callbacks was skipped because there are no subscribers.
TpTrace Verbose: 0 : 9020, 4, 2022/11/15, 11:33:15.500, 163904239230, vstest.console.dll, MulticastDelegateUtilities.SafeInvoke: InternalTestLoggerEvents.SendTestRunStart: Invoking callback 1/1 for Microsoft.VisualStudio.TestPlatform.CommandLine.Internal.ConsoleLogger.TestRunStartHandler, took 0 ms.
TpTrace Verbose: 0 : 9020, 1, 2022/11/15, 11:33:15.501, 163904241430, vstest.console.dll, ParallelProxyExecutionManager: Start execution. Total sources: 1
TpTrace Verbose: 0 : 9020, 1, 2022/11/15, 11:33:15.502, 163904245125, vstest.console.dll, TestRequestSender is acting as server.
TpTrace Verbose: 0 : 9020, 1, 2022/11/15, 11:33:15.503, 163904248152, vstest.console.dll, DataCollectionRequestSender.InitializeCommunication : Initialize communication. 
TpTrace Information: 0 : 9020, 1, 2022/11/15, 11:33:15.508, 163904261816, vstest.console.dll, Listening on Endpoint : 127.0.0.1:54445
TpTrace Verbose: 0 : 9020, 1, 2022/11/15, 11:33:15.515, 163904282690, vstest.console.dll, DotnetDataCollectionLauncher: Adding  --runtimeconfig "C:\Program Files\dotnet\sdk\6.0.402\datacollector.runtimeconfig.json" in args
TpTrace Verbose: 0 : 9020, 1, 2022/11/15, 11:33:15.515, 163904283144, vstest.console.dll, DotnetDataCollectionLauncher: Adding  --depsfile "C:\Program Files\dotnet\sdk\6.0.402\datacollector.deps.json" in args
TpTrace Verbose: 0 : 9020, 1, 2022/11/15, 11:33:15.516, 163904283659, vstest.console.dll, DotnetDataCollectionLauncher: Full path of dotnet.exe is C:\Program Files\dotnet\dotnet.exe
TpTrace Information: 0 : 9020, 1, 2022/11/15, 11:33:15.528, 163904318760, vstest.console.dll, ProxyDataCollectionManager.Initialize: Launched datacollector processId: 5048 port: 54445
TpTrace Information: 0 : 9020, 1, 2022/11/15, 11:33:15.528, 163904319652, vstest.console.dll, ProxyDataCollectionManager.Initialize: waiting for connection with timeout: 90 seconds
TpTrace Verbose: 0 : 9020, 1, 2022/11/15, 11:33:15.528, 163904320145, vstest.console.dll, DataCollectionRequestSender.WaitForRequestHandlerConnection : Waiting for connection with timeout: 90000
TpTrace Verbose: 0 : 9020, 1, 2022/11/15, 11:33:15.696, 163904795953, vstest.console.dll, SocketCommunicationManager.WaitForClientConnection took: 167 ms, with 90000 ms timeout, and finished with True.
TpTrace Information: 0 : 9020, 5, 2022/11/15, 11:33:15.696, 163904795934, vstest.console.dll, Using the buffer size of 16384 bytes
TpTrace Verbose: 0 : 9020, 1, 2022/11/15, 11:33:15.697, 163904796652, vstest.console.dll, ProxyDataCollectionManager.InvokeDataCollectionServiceAction: Starting.
TpTrace Information: 0 : 9020, 5, 2022/11/15, 11:33:15.697, 163904796855, vstest.console.dll, Accepted Client request and set the flag
TpTrace Information: 0 : 9020, 1, 2022/11/15, 11:33:15.697, 163904797281, vstest.console.dll, ProxyDataCollectionManager.BeforeTestRunStart: Get environment variable and port for datacollector processId: 5048 port: 54445
TpTrace Verbose: 0 : 9020, 1, 2022/11/15, 11:33:15.697, 163904797973, vstest.console.dll, DataCollectionRequestSender.SendBeforeTestRunStartAndGetResult: Send BeforeTestRunStart message with settingsXml <RunSettings><RunConfiguration><ResultsDirectory>C:\Users\ddian\source\repos\SoftUni\CSharpOOP\OOPExams\14.08.2022\PlanetWarsUnitTests\PlanetWars.Tests\bin\Debug\netcoreapp3.1\fine-code-coverage\coverage-tool-output</ResultsDirectory><TargetPlatform>X64</TargetPlatform><TargetFrameworkVersion>.NETCoreApp,Version=v3.1</TargetFrameworkVersion><DesignMode>False</DesignMode><CollectSourceInformation>False</CollectSourceInformation><TestAdaptersPaths>C:\Program Files\dotnet\sdk\6.0.402\Extensions</TestAdaptersPaths></RunConfiguration><LoggerRunSettings><Loggers><Logger friendlyName="blame" enabled="True" /><Logger friendlyName="Console" uri="logger://microsoft/TestPlatform/ConsoleLogger/v1" assemblyQualifiedName="Microsoft.VisualStudio.TestPlatform.CommandLine.Internal.ConsoleLogger, vstest.console, Version=15.0.0.0, Culture=neutral, PublicKeyToken=b03f5f7f11d50a3a" codeBase="C:\Program Files\dotnet\sdk\6.0.402\vstest.console.dll" enabled="True" /></Loggers></LoggerRunSettings><DataCollectionRunSettings><DataCollectors><DataCollector friendlyName="blame" enabled="True"><Configuration><ResultsDirectory>C:\Users\ddian\source\repos\SoftUni\CSharpOOP\OOPExams\14.08.2022\PlanetWarsUnitTests\PlanetWars.Tests\bin\Debug\netcoreapp3.1\fine-code-coverage\coverage-tool-output</ResultsDirectory></Configuration></DataCollector></DataCollectors></DataCollectionRunSettings></RunSettings> and sources System.Collections.Generic.List`1[System.String]: 
TpTrace Verbose: 0 : 9020, 1, 2022/11/15, 11:33:15.830, 163905175073, vstest.console.dll, DataCollectionRequestSender.SendBeforeTestRunStartAndGetResult: Received message: (DataCollection.SendMessage) -> {"MessageType":"DataCollection.SendMessage","Payload":{"FriendlyName":null,"Uri":null,"TestCaseId":"00000000-0000-0000-0000-000000000000","Message":"Logging DataCollector Diagnostics in file: C:\\Users\\ddian\\source\\repos\\SoftUni\\CSharpOOP\\OOPExams\\14.08.2022\\PlanetWarsUnitTests\\PlanetWars.Tests\\bin\\Debug\\netcoreapp3.1\\fine-code-coverage\\coverage-tool-output\\diagnostics.datacollector.22-11-15_11-33-15_51555_1.log","Level":0}}
TpTrace Verbose: 0 : 9020, 1, 2022/11/15, 11:33:15.897, 163905366283, vstest.console.dll, DataCollectionRequestSender.SendBeforeTestRunStartAndGetResult: Received message: (DataCollection.BeforeTestRunStartResult) -> {"MessageType":"DataCollection.BeforeTestRunStartResult","Payload":{"EnvironmentVariables":{},"DataCollectionEventsPort":54447}}
TpTrace Information: 0 : 9020, 1, 2022/11/15, 11:33:15.902, 163905380588, vstest.console.dll, ProxyDataCollectionManager.BeforeTestRunStart: SendBeforeTestRunStartAndGetResult successful, env variable from datacollector:   and testhost port: 54447
TpTrace Information: 0 : 9020, 1, 2022/11/15, 11:33:15.903, 163905381056, vstest.console.dll, ProxyDataCollectionManager.InvokeDataCollectionServiceAction: Completed.
TpTrace Verbose: 0 : 9020, 7, 2022/11/15, 11:33:15.903, 163905381476, vstest.console.dll, ParallelProxyExecutionManager: Execution started. Started clients: 1
TpTrace Verbose: 0 : 9020, 1, 2022/11/15, 11:33:15.903, 163905381648, vstest.console.dll, ProxyParallelExecutionManager: No sources available for execution.
TpTrace Information: 0 : 9020, 1, 2022/11/15, 11:33:15.903, 163905382259, vstest.console.dll, TestRunRequest.ExecuteAsync: Started.
TpTrace Verbose: 0 : 9020, 7, 2022/11/15, 11:33:15.903, 163905382690, vstest.console.dll, TestRunRequest:SendTestRunMessage: Starting.
TpTrace Verbose: 0 : 9020, 1, 2022/11/15, 11:33:15.903, 163905382703, vstest.console.dll, TestRunRequest.WaitForCompletion: Waiting with timeout -1.
TpTrace Verbose: 0 : 9020, 7, 2022/11/15, 11:33:15.903, 163905383311, vstest.console.dll, MulticastDelegateUtilities.SafeInvoke: TestRun.LogMessages: Invoking callback 1/1 for Microsoft.VisualStudio.TestPlatform.CommandLine.TestRunResultAggregator.TestRunMessageHandler, took 0 ms.
TpTrace Verbose: 0 : 9020, 4, 2022/11/15, 11:33:15.903, 163905383318, vstest.console.dll, MulticastDelegateUtilities.SafeInvoke: InternalTestLoggerEvents.SendTestRunMessage: Invoking callback 1/1 for Microsoft.VisualStudio.TestPlatform.CommandLine.Internal.ConsoleLogger.TestMessageHandler, took 0 ms.
TpTrace Information: 0 : 9020, 7, 2022/11/15, 11:33:15.903, 163905383598, vstest.console.dll, TestRunRequest:SendTestRunMessage: Completed.
TpTrace Verbose: 0 : 9020, 7, 2022/11/15, 11:33:15.904, 163905384580, vstest.console.dll, ProxyExecutionManager: Test host is always Lazy initialize.
TpTrace Verbose: 0 : 9020, 7, 2022/11/15, 11:33:15.904, 163905385299, vstest.console.dll, TestRequestSender.InitializeCommunication: initialize communication. 
TpTrace Information: 0 : 9020, 7, 2022/11/15, 11:33:15.905, 163905386604, vstest.console.dll, SocketServer.Start: Listening on endpoint : 127.0.0.1:54448
TpTrace Verbose: 0 : 9020, 7, 2022/11/15, 11:33:15.905, 163905388366, vstest.console.dll, DotnetTestHostmanager.GetTestHostProcessStartInfo: Platform environment 'X64' target architecture 'X64' framework '.NETCoreApp,Version=v3.1' OS 'Windows'
TpTrace Verbose: 0 : 9020, 7, 2022/11/15, 11:33:15.905, 163905389011, vstest.console.dll, DotnetTestHostmanager: Adding  --runtimeconfig "C:\Users\ddian\source\repos\SoftUni\CSharpOOP\OOPExams\14.08.2022\PlanetWarsUnitTests\PlanetWars.Tests\bin\Debug\netcoreapp3.1\fine-code-coverage\build-output\PlanetWars.Tests.runtimeconfig.json" in args
TpTrace Verbose: 0 : 9020, 7, 2022/11/15, 11:33:15.906, 163905389419, vstest.console.dll, DotnetTestHostmanager: Adding  --depsfile "C:\Users\ddian\source\repos\SoftUni\CSharpOOP\OOPExams\14.08.2022\PlanetWarsUnitTests\PlanetWars.Tests\bin\Debug\netcoreapp3.1\fine-code-coverage\build-output\PlanetWars.Tests.deps.json" in args
TpTrace Verbose: 0 : 9020, 7, 2022/11/15, 11:33:15.906, 163905389913, vstest.console.dll, DotnetTestHostmanager.IsWinOnArm: Current PROCESSOR_ARCHITECTURE from environment variable 'AMD64'
TpTrace Verbose: 0 : 9020, 7, 2022/11/15, 11:33:15.906, 163905390168, vstest.console.dll, DotnetTestHostmanager.IsWinOnArm: Is Windows on ARM 'False'
TpTrace Verbose: 0 : 9020, 7, 2022/11/15, 11:33:15.906, 163905390500, vstest.console.dll, DotnetTestHostManager: testhost.exe found at path: C:\Users\ddian\source\repos\SoftUni\CSharpOOP\OOPExams\14.08.2022\PlanetWarsUnitTests\PlanetWars.Tests\bin\Debug\netcoreapp3.1\fine-code-coverage\build-output\testhost.exe
TpTrace Verbose: 0 : 9020, 7, 2022/11/15, 11:33:15.906, 163905390720, vstest.console.dll, DotnetTestHostmanager: Full path of host exe is C:\Users\ddian\source\repos\SoftUni\CSharpOOP\OOPExams\14.08.2022\PlanetWarsUnitTests\PlanetWars.Tests\bin\Debug\netcoreapp3.1\fine-code-coverage\build-output\testhost.exe
TpTrace Verbose: 0 : 9020, 7, 2022/11/15, 11:33:15.906, 163905391164, vstest.console.dll, DotnetTestHostmanager.LaunchTestHostAsync: Found 'VSTEST_WINAPPHOST_DOTNET_ROOT' in env variables, value 'C:\Program Files\dotnet', forwarding to 'DOTNET_ROOT'
TpTrace Verbose: 0 : 9020, 7, 2022/11/15, 11:33:15.906, 163905391691, vstest.console.dll, DotnetTestHostManager: Starting process 'C:\Users\ddian\source\repos\SoftUni\CSharpOOP\OOPExams\14.08.2022\PlanetWarsUnitTests\PlanetWars.Tests\bin\Debug\netcoreapp3.1\fine-code-coverage\build-output\testhost.exe' with command line ' --runtimeconfig "C:\Users\ddian\source\repos\SoftUni\CSharpOOP\OOPExams\14.08.2022\PlanetWarsUnitTests\PlanetWars.Tests\bin\Debug\netcoreapp3.1\fine-code-coverage\build-output\PlanetWars.Tests.runtimeconfig.json" --depsfile "C:\Users\ddian\source\repos\SoftUni\CSharpOOP\OOPExams\14.08.2022\PlanetWarsUnitTests\PlanetWars.Tests\bin\Debug\netcoreapp3.1\fine-code-coverage\build-output\PlanetWars.Tests.deps.json" --port 54448 --endpoint 127.0.0.1:054448 --role client --parentprocessid 9020 --diag "C:\Users\ddian\source\repos\SoftUni\CSharpOOP\OOPExams\14.08.2022\PlanetWarsUnitTests\PlanetWars.Tests\bin\Debug\netcoreapp3.1\fine-code-coverage\coverage-tool-output\diagnostics.host.22-11-15_11-33-15_90541_7.log" --tracelevel 4 --datacollectionport 54447 --telemetryoptedin false'
TpTrace Verbose: 0 : 9020, 7, 2022/11/15, 11:33:15.922, 163905435798, vstest.console.dll, MulticastDelegateUtilities.SafeInvoke: HostProviderEvents.OnHostLaunched: Invoking callback 1/2 for Microsoft.VisualStudio.TestPlatform.CrossPlatEngine.Client.ProxyExecutionManagerWithDataCollection.TestHostLaunchedHandler, took 1 ms.
TpTrace Verbose: 0 : 9020, 7, 2022/11/15, 11:33:15.922, 163905436308, vstest.console.dll, Test Runtime launched
TpTrace Verbose: 0 : 9020, 7, 2022/11/15, 11:33:15.922, 163905436678, vstest.console.dll, MulticastDelegateUtilities.SafeInvoke: HostProviderEvents.OnHostLaunched: Invoking callback 2/2 for Microsoft.VisualStudio.TestPlatform.CrossPlatEngine.Client.ProxyOperationManager.TestHostManagerHostLaunched, took 0 ms.
TpTrace Verbose: 0 : 9020, 7, 2022/11/15, 11:33:15.923, 163905438499, vstest.console.dll, TestRequestSender.WaitForRequestHandlerConnection: waiting for connection with timeout: 90000.
TpTrace Verbose: 0 : 9020, 7, 2022/11/15, 11:33:16.354, 163906660387, vstest.console.dll, TestRequestSender.WaitForRequestHandlerConnection: waiting took 430 ms, with timeout 90000 ms, and result 0, which is success.
TpTrace Verbose: 0 : 9020, 7, 2022/11/15, 11:33:16.355, 163906664037, vstest.console.dll, TestRequestSender.CheckVersionWithTestHost: Sending check version message: {"MessageType":"ProtocolVersion","Payload":7}
TpTrace Verbose: 0 : 9020, 10, 2022/11/15, 11:33:16.355, 163906665265, vstest.console.dll, MulticastDelegateUtilities.SafeInvoke: SocketServer: ClientConnected: Invoking callback 1/1 for Microsoft.VisualStudio.TestPlatform.CommunicationUtilities.TestRequestSender.<InitializeCommunication>b__24_0, took 1 ms.
TpTrace Verbose: 0 : 9020, 10, 2022/11/15, 11:33:16.356, 163906665797, vstest.console.dll, SocketServer.OnClientConnected: Client connected for endPoint: 127.0.0.1:54448, starting MessageLoopAsync:
TpTrace Verbose: 0 : 9020, 10, 2022/11/15, 11:33:16.356, 163906666629, vstest.console.dll, TcpClientExtensions.MessageLoopAsync: Polling on remoteEndPoint: 127.0.0.1:54449 localEndPoint: 127.0.0.1:54448
TpTrace Verbose: 0 : 9020, 10, 2022/11/15, 11:33:16.596, 163907346196, vstest.console.dll, TcpClientExtensions.MessageLoopAsync: NotifyDataAvailable remoteEndPoint: 127.0.0.1:54449 localEndPoint: 127.0.0.1:54448
TpTrace Verbose: 0 : 9020, 10, 2022/11/15, 11:33:16.596, 163907347310, vstest.console.dll, TestRequestSender.CheckVersionWithTestHost: onMessageReceived received message: (ProtocolVersion) -> {"MessageType":"ProtocolVersion","Payload":6}
TpTrace Verbose: 0 : 9020, 10, 2022/11/15, 11:33:16.597, 163907350701, vstest.console.dll, MulticastDelegateUtilities.SafeInvoke: LengthPrefixCommunicationChannel: MessageReceived: Invoking callback 1/1 for Microsoft.VisualStudio.TestPlatform.CommunicationUtilities.TestRequestSender+<>c__DisplayClass26_0.<CheckVersionWithTestHost>b__0, took 1 ms.
TpTrace Verbose: 0 : 9020, 7, 2022/11/15, 11:33:16.597, 163907350857, vstest.console.dll, TestPluginCache.GetExtensionPaths: Filtered extension paths: 
TpTrace Verbose: 0 : 9020, 10, 2022/11/15, 11:33:16.597, 163907351471, vstest.console.dll, TcpClientExtensions.MessageLoopAsync: Polling on remoteEndPoint: 127.0.0.1:54449 localEndPoint: 127.0.0.1:54448
TpTrace Verbose: 0 : 9020, 7, 2022/11/15, 11:33:16.598, 163907351798, vstest.console.dll, TestPluginCache.GetExtensionPaths: Added default extension paths: C:\Program Files\dotnet\sdk\6.0.402\Extensions\Microsoft.Diagnostics.NETCore.Client.dll
C:\Program Files\dotnet\sdk\6.0.402\Extensions\Microsoft.TestPlatform.Extensions.BlameDataCollector.dll
C:\Program Files\dotnet\sdk\6.0.402\Extensions\Microsoft.TestPlatform.Extensions.EventLogCollector.dll
C:\Program Files\dotnet\sdk\6.0.402\Extensions\Microsoft.TestPlatform.TestHostRuntimeProvider.dll
C:\Program Files\dotnet\sdk\6.0.402\Extensions\Microsoft.VisualStudio.TestPlatform.Extensions.Html.TestLogger.dll
C:\Program Files\dotnet\sdk\6.0.402\Extensions\Microsoft.VisualStudio.TestPlatform.Extensions.Trx.TestLogger.dll
TpTrace Verbose: 0 : 9020, 7, 2022/11/15, 11:33:16.598, 163907352455, vstest.console.dll, TestPluginCache.GetExtensionPaths: Added unfilterableExtensionPaths: 
TpTrace Verbose: 0 : 9020, 7, 2022/11/15, 11:33:16.603, 163907367719, vstest.console.dll, TestRequestSender.InitializeExecution: Sending initialize execution with message: {"Version":6,"MessageType":"TestExecution.Initialize","Payload":["C:\\Users\\ddian\\source\\repos\\SoftUni\\CSharpOOP\\OOPExams\\14.08.2022\\PlanetWarsUnitTests\\PlanetWars.Tests\\bin\\Debug\\netcoreapp3.1\\fine-code-coverage\\build-output\\NUnit3.TestAdapter.dll"]}
TpTrace Warning: 0 : 9020, 7, 2022/11/15, 11:33:16.604, 163907369776, vstest.console.dll, InferRunSettingsHelper.MakeRunsettingsCompatible: Removing the following settings: TargetPlatform from RunSettings file. To use those settings please move to latest version of Microsoft.NET.Test.Sdk
TpTrace Verbose: 0 : 9020, 10, 2022/11/15, 11:33:16.661, 163907530620, vstest.console.dll, TcpClientExtensions.MessageLoopAsync: NotifyDataAvailable remoteEndPoint: 127.0.0.1:54449 localEndPoint: 127.0.0.1:54448
TpTrace Verbose: 0 : 9020, 10, 2022/11/15, 11:33:16.661, 163907533146, vstest.console.dll, TestRequestSender.OnExecutionMessageReceived: Received message: {"Version":6,"MessageType":"TestSession.Message","Payload":{"MessageLevel":0,"Message":"Logging TestHost Diagnostics in file: C:\\Users\\ddian\\source\\repos\\SoftUni\\CSharpOOP\\OOPExams\\14.08.2022\\PlanetWarsUnitTests\\PlanetWars.Tests\\bin\\Debug\\netcoreapp3.1\\fine-code-coverage\\coverage-tool-output\\diagnostics.host.22-11-15_11-33-15_90541_7.log"}}
TpTrace Verbose: 0 : 9020, 10, 2022/11/15, 11:33:16.666, 163907546351, vstest.console.dll, TestRunRequest:SendTestRunMessage: Starting.
TpTrace Verbose: 0 : 9020, 10, 2022/11/15, 11:33:16.666, 163907547258, vstest.console.dll, MulticastDelegateUtilities.SafeInvoke: TestRun.LogMessages: Invoking callback 1/1 for Microsoft.VisualStudio.TestPlatform.CommandLine.TestRunResultAggregator.TestRunMessageHandler, took 0 ms.
TpTrace Information: 0 : 9020, 10, 2022/11/15, 11:33:16.667, 163907547661, vstest.console.dll, TestRunRequest:SendTestRunMessage: Completed.
TpTrace Verbose: 0 : 9020, 10, 2022/11/15, 11:33:16.667, 163907548081, vstest.console.dll, MulticastDelegateUtilities.SafeInvoke: LengthPrefixCommunicationChannel: MessageReceived: Invoking callback 1/1 for Microsoft.VisualStudio.TestPlatform.CommunicationUtilities.TestRequestSender+<>c__DisplayClass31_0.<StartTestRun>b__1, took 5 ms.
TpTrace Verbose: 0 : 9020, 10, 2022/11/15, 11:33:16.667, 163907548447, vstest.console.dll, TcpClientExtensions.MessageLoopAsync: Polling on remoteEndPoint: 127.0.0.1:54449 localEndPoint: 127.0.0.1:54448
TpTrace Verbose: 0 : 9020, 4, 2022/11/15, 11:33:16.667, 163907549060, vstest.console.dll, MulticastDelegateUtilities.SafeInvoke: InternalTestLoggerEvents.SendTestRunMessage: Invoking callback 1/1 for Microsoft.VisualStudio.TestPlatform.CommandLine.Internal.ConsoleLogger.TestMessageHandler, took 0 ms.
TpTrace Verbose: 0 : 9020, 7, 2022/11/15, 11:33:16.673, 163907564732, vstest.console.dll, TestRequestSender.StartTestRun: Sending test run with message: {"Version":6,"MessageType":"TestExecution.StartWithSources","Payload":{"AdapterSourceMap":{"_none_":["C:\\Users\\ddian\\source\\repos\\SoftUni\\CSharpOOP\\OOPExams\\14.08.2022\\PlanetWarsUnitTests\\PlanetWars.Tests\\bin\\Debug\\netcoreapp3.1\\fine-code-coverage\\build-output\\PlanetWars.Tests.dll"]},"RunSettings":"<RunSettings>\r\n  <RunConfiguration>\r\n    <ResultsDirectory>C:\\Users\\ddian\\source\\repos\\SoftUni\\CSharpOOP\\OOPExams\\14.08.2022\\PlanetWarsUnitTests\\PlanetWars.Tests\\bin\\Debug\\netcoreapp3.1\\fine-code-coverage\\coverage-tool-output</ResultsDirectory>\r\n    <TargetFrameworkVersion>.NETCoreApp,Version=v3.1</TargetFrameworkVersion>\r\n    <DesignMode>False</DesignMode>\r\n    <CollectSourceInformation>False</CollectSourceInformation>\r\n  </RunConfiguration>\r\n  <LoggerRunSettings>\r\n    <Loggers>\r\n      <Logger friendlyName=\"blame\" enabled=\"True\" />\r\n      <Logger friendlyName=\"Console\" uri=\"logger://microsoft/TestPlatform/ConsoleLogger/v1\" assemblyQualifiedName=\"Microsoft.VisualStudio.TestPlatform.CommandLine.Internal.ConsoleLogger, vstest.console, Version=15.0.0.0, Culture=neutral, PublicKeyToken=b03f5f7f11d50a3a\" codeBase=\"C:\\Program Files\\dotnet\\sdk\\6.0.402\\vstest.console.dll\" enabled=\"True\" />\r\n    </Loggers>\r\n  </LoggerRunSettings>\r\n  <DataCollectionRunSettings>\r\n    <DataCollectors>\r\n      <DataCollector friendlyName=\"blame\" enabled=\"True\">\r\n        <Configuration>\r\n          <ResultsDirectory>C:\\Users\\ddian\\source\\repos\\SoftUni\\CSharpOOP\\OOPExams\\14.08.2022\\PlanetWarsUnitTests\\PlanetWars.Tests\\bin\\Debug\\netcoreapp3.1\\fine-code-coverage\\coverage-tool-output</ResultsDirectory>\r\n        </Configuration>\r\n      </DataCollector>\r\n    </DataCollectors>\r\n  </DataCollectionRunSettings>\r\n</RunSettings>","TestExecutionContext":{"FrequencyOfRunStatsChangeEvent":10,"RunStatsChangeEventTimeout":"00:00:01.5000000","InIsolation":false,"KeepAlive":false,"AreTestCaseLevelEventsRequired":false,"IsDebug":false,"TestCaseFilter":null,"FilterOptions":null},"Package":null}}
TpTrace Verbose: 0 : 9020, 10, 2022/11/15, 11:33:16.962, 163908386726, vstest.console.dll, TcpClientExtensions.MessageLoopAsync: NotifyDataAvailable remoteEndPoint: 127.0.0.1:54449 localEndPoint: 127.0.0.1:54448
TpTrace Verbose: 0 : 9020, 10, 2022/11/15, 11:33:16.963, 163908387465, vstest.console.dll, TestRequestSender.OnExecutionMessageReceived: Received message: {"Version":6,"MessageType":"TestSession.Message","Payload":{"MessageLevel":0,"Message":"NUnit Adapter 4.2.0.0: Test execution started"}}
TpTrace Verbose: 0 : 9020, 10, 2022/11/15, 11:33:16.963, 163908388373, vstest.console.dll, TestRunRequest:SendTestRunMessage: Starting.
TpTrace Verbose: 0 : 9020, 10, 2022/11/15, 11:33:16.963, 163908388764, vstest.console.dll, MulticastDelegateUtilities.SafeInvoke: TestRun.LogMessages: Invoking callback 1/1 for Microsoft.VisualStudio.TestPlatform.CommandLine.TestRunResultAggregator.TestRunMessageHandler, took 0 ms.
TpTrace Verbose: 0 : 9020, 4, 2022/11/15, 11:33:16.963, 163908388779, vstest.console.dll, MulticastDelegateUtilities.SafeInvoke: InternalTestLoggerEvents.SendTestRunMessage: Invoking callback 1/1 for Microsoft.VisualStudio.TestPlatform.CommandLine.Internal.ConsoleLogger.TestMessageHandler, took 0 ms.
TpTrace Information: 0 : 9020, 10, 2022/11/15, 11:33:16.963, 163908389018, vstest.console.dll, TestRunRequest:SendTestRunMessage: Completed.
TpTrace Verbose: 0 : 9020, 10, 2022/11/15, 11:33:16.963, 163908389503, vstest.console.dll, MulticastDelegateUtilities.SafeInvoke: LengthPrefixCommunicationChannel: MessageReceived: Invoking callback 1/1 for Microsoft.VisualStudio.TestPlatform.CommunicationUtilities.TestRequestSender+<>c__DisplayClass31_0.<StartTestRun>b__1, took 0 ms.
TpTrace Verbose: 0 : 9020, 10, 2022/11/15, 11:33:16.964, 163908389758, vstest.console.dll, TcpClientExtensions.MessageLoopAsync: Polling on remoteEndPoint: 127.0.0.1:54449 localEndPoint: 127.0.0.1:54448
TpTrace Verbose: 0 : 9020, 10, 2022/11/15, 11:33:16.991, 163908466634, vstest.console.dll, TcpClientExtensions.MessageLoopAsync: NotifyDataAvailable remoteEndPoint: 127.0.0.1:54449 localEndPoint: 127.0.0.1:54448
TpTrace Verbose: 0 : 9020, 10, 2022/11/15, 11:33:16.991, 163908467147, vstest.console.dll, TestRequestSender.OnExecutionMessageReceived: Received message: {"Version":6,"MessageType":"TestSession.Message","Payload":{"MessageLevel":0,"Message":"Running all tests in C:\\Users\\ddian\\source\\repos\\SoftUni\\CSharpOOP\\OOPExams\\14.08.2022\\PlanetWarsUnitTests\\PlanetWars.Tests\\bin\\Debug\\netcoreapp3.1\\fine-code-coverage\\build-output\\PlanetWars.Tests.dll"}}
TpTrace Verbose: 0 : 9020, 10, 2022/11/15, 11:33:16.991, 163908467568, vstest.console.dll, TestRunRequest:SendTestRunMessage: Starting.
TpTrace Verbose: 0 : 9020, 10, 2022/11/15, 11:33:16.991, 163908467894, vstest.console.dll, MulticastDelegateUtilities.SafeInvoke: TestRun.LogMessages: Invoking callback 1/1 for Microsoft.VisualStudio.TestPlatform.CommandLine.TestRunResultAggregator.TestRunMessageHandler, took 0 ms.
TpTrace Verbose: 0 : 9020, 4, 2022/11/15, 11:33:16.991, 163908467916, vstest.console.dll, MulticastDelegateUtilities.SafeInvoke: InternalTestLoggerEvents.SendTestRunMessage: Invoking callback 1/1 for Microsoft.VisualStudio.TestPlatform.CommandLine.Internal.ConsoleLogger.TestMessageHandler, took 0 ms.
TpTrace Information: 0 : 9020, 10, 2022/11/15, 11:33:16.991, 163908468157, vstest.console.dll, TestRunRequest:SendTestRunMessage: Completed.
TpTrace Verbose: 0 : 9020, 10, 2022/11/15, 11:33:16.991, 163908468671, vstest.console.dll, MulticastDelegateUtilities.SafeInvoke: LengthPrefixCommunicationChannel: MessageReceived: Invoking callback 1/1 for Microsoft.VisualStudio.TestPlatform.CommunicationUtilities.TestRequestSender+<>c__DisplayClass31_0.<StartTestRun>b__1, took 0 ms.
TpTrace Verbose: 0 : 9020, 10, 2022/11/15, 11:33:16.991, 163908468878, vstest.console.dll, TcpClientExtensions.MessageLoopAsync: Polling on remoteEndPoint: 127.0.0.1:54449 localEndPoint: 127.0.0.1:54448
TpTrace Verbose: 0 : 9020, 10, 2022/11/15, 11:33:17.154, 163908929759, vstest.console.dll, TcpClientExtensions.MessageLoopAsync: NotifyDataAvailable remoteEndPoint: 127.0.0.1:54449 localEndPoint: 127.0.0.1:54448
TpTrace Verbose: 0 : 9020, 10, 2022/11/15, 11:33:17.154, 163908930298, vstest.console.dll, TestRequestSender.OnExecutionMessageReceived: Received message: {"Version":6,"MessageType":"TestSession.Message","Payload":{"MessageLevel":0,"Message":"   NUnit3TestExecutor discovered 23 of 23 NUnit test cases using Current Discovery mode, Non-Explicit run"}}
TpTrace Verbose: 0 : 9020, 10, 2022/11/15, 11:33:17.154, 163908930750, vstest.console.dll, TestRunRequest:SendTestRunMessage: Starting.
TpTrace Verbose: 0 : 9020, 10, 2022/11/15, 11:33:17.154, 163908931027, vstest.console.dll, MulticastDelegateUtilities.SafeInvoke: TestRun.LogMessages: Invoking callback 1/1 for Microsoft.VisualStudio.TestPlatform.CommandLine.TestRunResultAggregator.TestRunMessageHandler, took 0 ms.
TpTrace Verbose: 0 : 9020, 4, 2022/11/15, 11:33:17.154, 163908931111, vstest.console.dll, MulticastDelegateUtilities.SafeInvoke: InternalTestLoggerEvents.SendTestRunMessage: Invoking callback 1/1 for Microsoft.VisualStudio.TestPlatform.CommandLine.Internal.ConsoleLogger.TestMessageHandler, took 0 ms.
TpTrace Information: 0 : 9020, 10, 2022/11/15, 11:33:17.154, 163908931308, vstest.console.dll, TestRunRequest:SendTestRunMessage: Completed.
TpTrace Verbose: 0 : 9020, 10, 2022/11/15, 11:33:17.155, 163908931763, vstest.console.dll, MulticastDelegateUtilities.SafeInvoke: LengthPrefixCommunicationChannel: MessageReceived: Invoking callback 1/1 for Microsoft.VisualStudio.TestPlatform.CommunicationUtilities.TestRequestSender+<>c__DisplayClass31_0.<StartTestRun>b__1, took 0 ms.
TpTrace Verbose: 0 : 9020, 10, 2022/11/15, 11:33:17.155, 163908931957, vstest.console.dll, TcpClientExtensions.MessageLoopAsync: Polling on remoteEndPoint: 127.0.0.1:54449 localEndPoint: 127.0.0.1:54448
TpTrace Verbose: 0 : 9020, 10, 2022/11/15, 11:33:18.099, 163911609110, vstest.console.dll, TcpClientExtensions.MessageLoopAsync: NotifyDataAvailable remoteEndPoint: 127.0.0.1:54449 localEndPoint: 127.0.0.1:54448
TpTrace Verbose: 0 : 9020, 10, 2022/11/15, 11:33:18.099, 163911610066, vstest.console.dll, TestRequestSender.OnExecutionMessageReceived: Received message: {"Version":6,"MessageType":"TestExecution.StatsChange","Payload":{"NewTestResults":[{"TestCase":{"Id":"6408a59b-fcfe-d65a-7010-e3e27d8adfe1","FullyQualifiedName":"PlanetWars.Tests.Tests+PlanetWarsTests.AddWeaponThrowsInvalidOperationExceptionWhenAddingAlreadyAddedWeapon","DisplayName":"AddWeaponThrowsInvalidOperationExceptionWhenAddingAlreadyAddedWeapon","ExecutorUri":"executor://NUnit3TestExecutor","Source":"C:\\Users\\ddian\\source\\repos\\SoftUni\\CSharpOOP\\OOPExams\\14.08.2022\\PlanetWarsUnitTests\\PlanetWars.Tests\\bin\\Debug\\netcoreapp3.1\\fine-code-coverage\\build-output\\PlanetWars.Tests.dll","CodeFilePath":null,"LineNumber":0,"Properties":[{"Key":{"Id":"NUnit.Seed","Label":"Seed","Category":"","Description":"","Attributes":0,"ValueType":"System.String"},"Value":"495266563"}]},"Attachments":[],"Outcome":1,"ErrorMessage":null,"ErrorStackTrace":null,"DisplayName":"AddWeaponThrowsInvalidOperationExceptionWhenAddingAlreadyAddedWeapon","Messages":[],"ComputerName":"DESKTOP-2K4D5J0","Duration":"00:00:00.0104040","StartTime":"2022-11-15T09:33:17.1843563+00:00","EndTime":"2022-11-15T09:33:17.1946795+00:00","Properties":[{"Key":{"Id":"NUnit.Seed","Label":"Seed","Category":"","Description":"","Attributes":0,"ValueType":"System.String"},"Value":"495266563"}]},{"TestCase":{"Id":"eb5ae5fe-37f9-adc7-3ea0-5cb92d98e9b1","FullyQualifiedName":"PlanetWars.Tests.Tests+PlanetWarsTests.AddWeaponWorksIfNotContainsGivenWeapon","DisplayName":"AddWeaponWorksIfNotContainsGivenWeapon","ExecutorUri":"executor://NUnit3TestExecutor","Source":"C:\\Users\\ddian\\source\\repos\\SoftUni\\CSharpOOP\\OOPExams\\14.08.2022\\PlanetWarsUnitTests\\PlanetWars.Tests\\bin\\Debug\\netcoreapp3.1\\fine-code-coverage\\build-output\\PlanetWars.Tests.dll","CodeFilePath":null,"LineNumber":0,"Properties":[{"Key":{"Id":"NUnit.Seed","Label":"Seed","Category":"","Description":"","Attributes":0,"ValueType":"System.String"},"Value":"629855109"}]},"Attachments":[],"Outcome":1,"ErrorMessage":null,"ErrorStackTrace":null,"DisplayName":"AddWeaponWorksIfNotContainsGivenWeapon","Messages":[],"ComputerName":"DESKTOP-2K4D5J0","Duration":"00:00:00.0069130","StartTime":"2022-11-15T09:33:17.1962176+00:00","EndTime":"2022-11-15T09:33:17.2031285+00:00","Properties":[{"Key":{"Id":"NUnit.Seed","Label":"Seed","Category":"","Description":"","Attributes":0,"ValueType":"System.String"},"Value":"629855109"}]},{"TestCase":{"Id":"38397838-3cb0-b713-8fe9-17e3c30b1a1a","FullyQualifiedName":"PlanetWars.Tests.Tests+PlanetWarsTests.BudgetSetsWithProperValue","DisplayName":"BudgetSetsWithProperValue","ExecutorUri":"executor://NUnit3TestExecutor","Source":"C:\\Users\\ddian\\source\\repos\\SoftUni\\CSharpOOP\\OOPExams\\14.08.2022\\PlanetWarsUnitTests\\PlanetWars.Tests\\bin\\Debug\\netcoreapp3.1\\fine-code-coverage\\build-output\\PlanetWars.Tests.dll","CodeFilePath":null,"LineNumber":0,"Properties":[{"Key":{"Id":"NUnit.Seed","Label":"Seed","Category":"","Description":"","Attributes":0,"ValueType":"System.String"},"Value":"1766737619"}]},"Attachments":[],"Outcome":1,"ErrorMessage":null,"ErrorStackTrace":null,"DisplayName":"BudgetSetsWithProperValue","Messages":[],"ComputerName":"DESKTOP-2K4D5J0","Duration":"00:00:00.0017820","StartTime":"2022-11-15T09:33:17.2031659+00:00","EndTime":"2022-11-15T09:33:17.2049473+00:00","Properties":[{"Key":{"Id":"NUnit.Seed","Label":"Seed","Category":"","Description":"","Attributes":0,"ValueType":"System.String"},"Value":"1766737619"}]},{"TestCase":{"Id":"0bfd3f3b-865a-fffb-1f48-41e7ebf043d2","FullyQualifiedName":"PlanetWars.Tests.Tests+PlanetWarsTests.BudgetThrowsArgumentExceptionWhenSetBelowZero","DisplayName":"BudgetThrowsArgumentExceptionWhenSetBelowZero","ExecutorUri":"executor://NUnit3TestExecutor","Source":"C:\\Users\\ddian\\source\\repos\\SoftUni\\CSharpOOP\\OOPExams\\14.08.2022\\PlanetWarsUnitTests\\PlanetWars.Tests\\bin\\Debug\\netcoreapp3.1\\fine-code-coverage\\build-output\\PlanetWars.Tests.dll","CodeFilePath":null,"LineNumber":0,"Properties":[{"Key":{"Id":"NUnit.Seed","Label":"Seed","Category":"","Description":"","Attributes":0,"ValueType":"System.String"},"Value":"592539290"}]},"Attachments":[],"Outcome":1,"ErrorMessage":null,"ErrorStackTrace":null,"DisplayName":"BudgetThrowsArgumentExceptionWhenSetBelowZero","Messages":[],"ComputerName":"DESKTOP-2K4D5J0","Duration":"00:00:00.0006900","StartTime":"2022-11-15T09:33:17.2049741+00:00","EndTime":"2022-11-15T09:33:17.2056645+00:00","Properties":[{"Key":{"Id":"NUnit.Seed","Label":"Seed","Category":"","Description":"","Attributes":0,"ValueType":"System.String"},"Value":"592539290"}]},{"TestCase":{"Id":"429da1c6-0248-ad0f-6096-264c7fd821f5","FullyQualifiedName":"PlanetWars.Tests.Tests+PlanetWarsTests.DestructionLevelIsSetCorrectly","DisplayName":"DestructionLevelIsSetCorrectly","ExecutorUri":"executor://NUnit3TestExecutor","Source":"C:\\Users\\ddian\\source\\repos\\SoftUni\\CSharpOOP\\OOPExams\\14.08.2022\\PlanetWarsUnitTests\\PlanetWars.Tests\\bin\\Debug\\netcoreapp3.1\\fine-code-coverage\\build-output\\PlanetWars.Tests.dll","CodeFilePath":null,"LineNumber":0,"Properties":[{"Key":{"Id":"NUnit.Seed","Label":"Seed","Category":"","Description":"","Attributes":0,"ValueType":"System.String"},"Value":"902338372"}]},"Attachments":[],"Outcome":1,"ErrorMessage":null,"ErrorStackTrace":null,"DisplayName":"DestructionLevelIsSetCorrectly","Messages":[],"ComputerName":"DESKTOP-2K4D5J0","Duration":"00:00:00.0002620","StartTime":"2022-11-15T09:33:17.2056779+00:00","EndTime":"2022-11-15T09:33:17.2059399+00:00","Properties":[{"Key":{"Id":"NUnit.Seed","Label":"Seed","Category":"","Description":"","Attributes":0,"ValueType":"System.String"},"Value":"902338372"}]},{"TestCase":{"Id":"8bc927d2-1a28-4bc0-0fea-5ec49f962b53","FullyQualifiedName":"PlanetWars.Tests.Tests+PlanetWarsTests.DestructOpponentDestroysWhenOpponentHasLowerMilitaryPowerRatio","DisplayName":"DestructOpponentDestroysWhenOpponentHasLowerMilitaryPowerRatio","ExecutorUri":"executor://NUnit3TestExecutor","Source":"C:\\Users\\ddian\\source\\repos\\SoftUni\\CSharpOOP\\OOPExams\\14.08.2022\\PlanetWarsUnitTests\\PlanetWars.Tests\\bin\\Debug\\netcoreapp3.1\\fine-code-coverage\\build-output\\PlanetWars.Tests.dll","CodeFilePath":null,"LineNumber":0,"Properties":[{"Key":{"Id":"NUnit.Seed","Label":"Seed","Category":"","Description":"","Attributes":0,"ValueType":"System.String"},"Value":"1123330194"}]},"Attachments":[],"Outcome":1,"ErrorMessage":null,"ErrorStackTrace":null,"DisplayName":"DestructOpponentDestroysWhenOpponentHasLowerMilitaryPowerRatio","Messages":[],"ComputerName":"DESKTOP-2K4D5J0","Duration":"00:00:00.0011100","StartTime":"2022-11-15T09:33:17.2059512+00:00","EndTime":"2022-11-15T09:33:17.2070616+00:00","Properties":[{"Key":{"Id":"NUnit.Seed","Label":"Seed","Category":"","Description":"","Attributes":0,"ValueType":"System.String"},"Value":"1123330194"}]},{"TestCase":{"Id":"b302de26-8314-ed8b-e49c-ce670f79ab4c","FullyQualifiedName":"PlanetWars.Tests.Tests+PlanetWarsTests.DestructOpponentThrowsInvalidOperationExceptionWhenOpponentHasBiggerMilitaryPowerRatio","DisplayName":"DestructOpponentThrowsInvalidOperationExceptionWhenOpponentHasBiggerMilitaryPowerRatio","ExecutorUri":"executor://NUnit3TestExecutor","Source":"C:\\Users\\ddian\\source\\repos\\SoftUni\\CSharpOOP\\OOPExams\\14.08.2022\\PlanetWarsUnitTests\\PlanetWars.Tests\\bin\\Debug\\netcoreapp3.1\\fine-code-coverage\\build-output\\PlanetWars.Tests.dll","CodeFilePath":null,"LineNumber":0,"Properties":[{"Key":{"Id":"NUnit.Seed","Label":"Seed","Category":"","Description":"","Attributes":0,"ValueType":"System.String"},"Value":"425738825"}]},"Attachments":[],"Outcome":1,"ErrorMessage":null,"ErrorStackTrace":null,"DisplayName":"DestructOpponentThrowsInvalidOperationExceptionWhenOpponentHasBiggerMilitaryPowerRatio","Messages":[],"ComputerName":"DESKTOP-2K4D5J0","Duration":"00:00:00.0004800","StartTime":"2022-11-15T09:33:17.2070747+00:00","EndTime":"2022-11-15T09:33:17.2075553+00:00","Properties":[{"Key":{"Id":"NUnit.Seed","Label":"Seed","Category":"","Description":"","Attributes":0,"ValueType":"System.String"},"Value":"425738825"}]},{"TestCase":{"Id":"0180f51f-0c66-c385-d44a-b1dbf7ae419e","FullyQualifiedName":"PlanetWars.Tests.Tests+PlanetWarsTests.DestructOpponentThrowsInvalidOperationExceptionWhenOpponentHasEqualMilitaryPowerRatio","DisplayName":"DestructOpponentThrowsInvalidOperationExceptionWhenOpponentHasEqualMilitaryPowerRatio","ExecutorUri":"executor://NUnit3TestExecutor","Source":"C:\\Users\\ddian\\source\\repos\\SoftUni\\CSharpOOP\\OOPExams\\14.08.2022\\PlanetWarsUnitTests\\PlanetWars.Tests\\bin\\Debug\\netcoreapp3.1\\fine-code-coverage\\build-output\\PlanetWars.Tests.dll","CodeFilePath":null,"LineNumber":0,"Properties":[{"Key":{"Id":"NUnit.Seed","Label":"Seed","Category":"","Description":"","Attributes":0,"ValueType":"System.String"},"Value":"642626977"}]},"Attachments":[],"Outcome":1,"ErrorMessage":null,"ErrorStackTrace":null,"DisplayName":"DestructOpponentThrowsInvalidOperationExceptionWhenOpponentHasEqualMilitaryPowerRatio","Messages":[],"ComputerName":"DESKTOP-2K4D5J0","Duration":"00:00:00.0004520","StartTime":"2022-11-15T09:33:17.2075669+00:00","EndTime":"2022-11-15T09:33:17.2080197+00:00","Properties":[{"Key":{"Id":"NUnit.Seed","Label":"Seed","Category":"","Description":"","Attributes":0,"ValueType":"System.String"},"Value":"642626977"}]},{"TestCase":{"Id":"1efef470-4aea-d4b3-52c1-bd4cce089e4b","FullyQualifiedName":"PlanetWars.Tests.Tests+PlanetWarsTests.IsNuclearChangesValueAccordingToDestructionLevel","DisplayName":"IsNuclearChangesValueAccordingToDestructionLevel","ExecutorUri":"executor://NUnit3TestExecutor","Source":"C:\\Users\\ddian\\source\\repos\\SoftUni\\CSharpOOP\\OOPExams\\14.08.2022\\PlanetWarsUnitTests\\PlanetWars.Tests\\bin\\Debug\\netcoreapp3.1\\fine-code-coverage\\build-output\\PlanetWars.Tests.dll","CodeFilePath":null,"LineNumber":0,"Properties":[{"Key":{"Id":"NUnit.Seed","Label":"Seed","Category":"","Description":"","Attributes":0,"ValueType":"System.String"},"Value":"1959586530"}]},"Attachments":[],"Outcome":1,"ErrorMessage":null,"ErrorStackTrace":null,"DisplayName":"IsNuclearChangesValueAccordingToDestructionLevel","Messages":[],"ComputerName":"DESKTOP-2K4D5J0","Duration":"00:00:00.0031780","StartTime":"2022-11-15T09:33:17.208031+00:00","EndTime":"2022-11-15T09:33:17.2112084+00:00","Properties":[{"Key":{"Id":"NUnit.Seed","Label":"Seed","Category":"","Description":"","Attributes":0,"ValueType":"System.String"},"Value":"1959586530"}]}],"TestRunStatistics":{"ExecutedTests":9,"Stats":{"Passed":9}},"ActiveTests":[{"Id":"c04bbc3a-7e6b-b53c-dacb-33da5f866fab","FullyQualifiedName":"PlanetWars.Tests.Tests+PlanetWarsTests.IsNuclearIsTrueWhenDestructionLevelIsHigherThanTen","DisplayName":"IsNuclearIsTrueWhenDestructionLevelIsHigherThanTen","ExecutorUri":"executor://NUnit3TestExecutor","Source":"C:\\Users\\ddian\\source\\repos\\SoftUni\\CSharpOOP\\OOPExams\\14.08.2022\\PlanetWarsUnitTests\\PlanetWars.Tests\\bin\\Debug\\netcoreapp3.1\\fine-code-coverage\\build-output\\PlanetWars.Tests.dll","CodeFilePath":null,"LineNumber":0,"Properties":[{"Key":{"Id":"NUnit.Seed","Label":"Seed","Category":"","Description":"","Attributes":0,"ValueType":"System.String"},"Value":"2055093076"}]}]}}
TpTrace Verbose: 0 : 9020, 10, 2022/11/15, 11:33:18.143, 163911734133, vstest.console.dll, TestRunRequest:SendTestRunStatsChange: Starting.
TpTrace Verbose: 0 : 9020, 10, 2022/11/15, 11:33:18.143, 163911734874, vstest.console.dll, InProgress is IsNuclearIsTrueWhenDestructionLevelIsHigherThanTen
TpTrace Verbose: 0 : 9020, 10, 2022/11/15, 11:33:18.143, 163911735853, vstest.console.dll, MulticastDelegateUtilities.SafeInvoke: TestRun.RunStatsChanged: Invoking callbacks was skipped because there are no subscribers.
TpTrace Information: 0 : 9020, 10, 2022/11/15, 11:33:18.144, 163911736253, vstest.console.dll, TestRunRequest:SendTestRunStatsChange: Completed.
TpTrace Verbose: 0 : 9020, 10, 2022/11/15, 11:33:18.144, 163911736567, vstest.console.dll, MulticastDelegateUtilities.SafeInvoke: LengthPrefixCommunicationChannel: MessageReceived: Invoking callback 1/1 for Microsoft.VisualStudio.TestPlatform.CommunicationUtilities.TestRequestSender+<>c__DisplayClass31_0.<StartTestRun>b__1, took 44 ms.
TpTrace Verbose: 0 : 9020, 10, 2022/11/15, 11:33:18.144, 163911736892, vstest.console.dll, TcpClientExtensions.MessageLoopAsync: Polling on remoteEndPoint: 127.0.0.1:54449 localEndPoint: 127.0.0.1:54448
TpTrace Verbose: 0 : 9020, 10, 2022/11/15, 11:33:18.146, 163911744339, vstest.console.dll, TcpClientExtensions.MessageLoopAsync: NotifyDataAvailable remoteEndPoint: 127.0.0.1:54449 localEndPoint: 127.0.0.1:54448
TpTrace Verbose: 0 : 9020, 4, 2022/11/15, 11:33:18.583, 163912983642, vstest.console.dll, MulticastDelegateUtilities.SafeInvoke: InternalTestLoggerEvents.SendTestResult: Invoking callback 1/1 for Microsoft.VisualStudio.TestPlatform.CommandLine.Internal.ConsoleLogger.TestResultHandler, took 440 ms.
TpTrace Verbose: 0 : 9020, 10, 2022/11/15, 11:33:18.583, 163912982250, vstest.console.dll, TestRequestSender.OnExecutionMessageReceived: Received message: {"Version":6,"MessageType":"TestExecution.StatsChange","Payload":{"NewTestResults":[{"TestCase":{"Id":"c04bbc3a-7e6b-b53c-dacb-33da5f866fab","FullyQualifiedName":"PlanetWars.Tests.Tests+PlanetWarsTests.IsNuclearIsTrueWhenDestructionLevelIsHigherThanTen","DisplayName":"IsNuclearIsTrueWhenDestructionLevelIsHigherThanTen","ExecutorUri":"executor://NUnit3TestExecutor","Source":"C:\\Users\\ddian\\source\\repos\\SoftUni\\CSharpOOP\\OOPExams\\14.08.2022\\PlanetWarsUnitTests\\PlanetWars.Tests\\bin\\Debug\\netcoreapp3.1\\fine-code-coverage\\build-output\\PlanetWars.Tests.dll","CodeFilePath":null,"LineNumber":0,"Properties":[{"Key":{"Id":"NUnit.Seed","Label":"Seed","Category":"","Description":"","Attributes":0,"ValueType":"System.String"},"Value":"2055093076"}]},"Attachments":[],"Outcome":1,"ErrorMessage":null,"ErrorStackTrace":null,"DisplayName":"IsNuclearIsTrueWhenDestructionLevelIsHigherThanTen","Messages":[],"ComputerName":"DESKTOP-2K4D5J0","Duration":"00:00:00.0002400","StartTime":"2022-11-15T09:33:17.2112377+00:00","EndTime":"2022-11-15T09:33:17.2114774+00:00","Properties":[{"Key":{"Id":"NUnit.Seed","Label":"Seed","Category":"","Description":"","Attributes":0,"ValueType":"System.String"},"Value":"2055093076"}]},{"TestCase":{"Id":"0197fad3-852d-3ab5-e0a8-706190aed780","FullyQualifiedName":"PlanetWars.Tests.Tests+PlanetWarsTests.MilitaryPowerRatioIsCalculatingProperly","DisplayName":"MilitaryPowerRatioIsCalculatingProperly","ExecutorUri":"executor://NUnit3TestExecutor","Source":"C:\\Users\\ddian\\source\\repos\\SoftUni\\CSharpOOP\\OOPExams\\14.08.2022\\PlanetWarsUnitTests\\PlanetWars.Tests\\bin\\Debug\\netcoreapp3.1\\fine-code-coverage\\build-output\\PlanetWars.Tests.dll","CodeFilePath":null,"LineNumber":0,"Properties":[{"Key":{"Id":"NUnit.Seed","Label":"Seed","Category":"","Description":"","Attributes":0,"ValueType":"System.String"},"Value":"1484420893"}]},"Attachments":[],"Outcome":1,"ErrorMessage":null,"ErrorStackTrace":null,"DisplayName":"MilitaryPowerRatioIsCalculatingProperly","Messages":[],"ComputerName":"DESKTOP-2K4D5J0","Duration":"00:00:00.0001990","StartTime":"2022-11-15T09:33:17.2114891+00:00","EndTime":"2022-11-15T09:33:17.2116876+00:00","Properties":[{"Key":{"Id":"NUnit.Seed","Label":"Seed","Category":"","Description":"","Attributes":0,"ValueType":"System.String"},"Value":"1484420893"}]},{"TestCase":{"Id":"c1ddf2b7-6e36-8f58-14a2-600082768c70","FullyQualifiedName":"PlanetWars.Tests.Tests+PlanetWarsTests.PlanetNameSetWithProperName","DisplayName":"PlanetNameSetWithProperName","ExecutorUri":"executor://NUnit3TestExecutor","Source":"C:\\Users\\ddian\\source\\repos\\SoftUni\\CSharpOOP\\OOPExams\\14.08.2022\\PlanetWarsUnitTests\\PlanetWars.Tests\\bin\\Debug\\netcoreapp3.1\\fine-code-coverage\\build-output\\PlanetWars.Tests.dll","CodeFilePath":null,"LineNumber":0,"Properties":[{"Key":{"Id":"NUnit.Seed","Label":"Seed","Category":"","Description":"","Attributes":0,"ValueType":"System.String"},"Value":"847670078"}]},"Attachments":[],"Outcome":1,"ErrorMessage":null,"ErrorStackTrace":null,"DisplayName":"PlanetNameSetWithProperName","Messages":[],"ComputerName":"DESKTOP-2K4D5J0","Duration":"00:00:00.0001240","StartTime":"2022-11-15T09:33:17.2116985+00:00","EndTime":"2022-11-15T09:33:17.211823+00:00","Properties":[{"Key":{"Id":"NUnit.Seed","Label":"Seed","Category":"","Description":"","Attributes":0,"ValueType":"System.String"},"Value":"847670078"}]},{"TestCase":{"Id":"a80d5c17-0dc1-c06f-360b-89809b42c5c9","FullyQualifiedName":"PlanetWars.Tests.Tests+PlanetWarsTests.PlanetNameThrowsExceptionWhenSetToEmptyString","DisplayName":"PlanetNameThrowsExceptionWhenSetToEmptyString","ExecutorUri":"executor://NUnit3TestExecutor","Source":"C:\\Users\\ddian\\source\\repos\\SoftUni\\CSharpOOP\\OOPExams\\14.08.2022\\PlanetWarsUnitTests\\PlanetWars.Tests\\bin\\Debug\\netcoreapp3.1\\fine-code-coverage\\build-output\\PlanetWars.Tests.dll","CodeFilePath":null,"LineNumber":0,"Properties":[{"Key":{"Id":"NUnit.Seed","Label":"Seed","Category":"","Description":"","Attributes":0,"ValueType":"System.String"},"Value":"1376734817"}]},"Attachments":[],"Outcome":1,"ErrorMessage":null,"ErrorStackTrace":null,"DisplayName":"PlanetNameThrowsExceptionWhenSetToEmptyString","Messages":[],"ComputerName":"DESKTOP-2K4D5J0","Duration":"00:00:00.0003030","StartTime":"2022-11-15T09:33:17.2118315+00:00","EndTime":"2022-11-15T09:33:17.212134+00:00","Properties":[{"Key":{"Id":"NUnit.Seed","Label":"Seed","Category":"","Description":"","Attributes":0,"ValueType":"System.String"},"Value":"1376734817"}]},{"TestCase":{"Id":"2352b978-6183-0f80-1d5e-981f3042ff56","FullyQualifiedName":"PlanetWars.Tests.Tests+PlanetWarsTests.PlanetNameThrowsExceptionWhenSetToNull","DisplayName":"PlanetNameThrowsExceptionWhenSetToNull","ExecutorUri":"executor://NUnit3TestExecutor","Source":"C:\\Users\\ddian\\source\\repos\\SoftUni\\CSharpOOP\\OOPExams\\14.08.2022\\PlanetWarsUnitTests\\PlanetWars.Tests\\bin\\Debug\\netcoreapp3.1\\fine-code-coverage\\build-output\\PlanetWars.Tests.dll","CodeFilePath":null,"LineNumber":0,"Properties":[{"Key":{"Id":"NUnit.Seed","Label":"Seed","Category":"","Description":"","Attributes":0,"ValueType":"System.String"},"Value":"1427161348"}]},"Attachments":[],"Outcome":1,"ErrorMessage":null,"ErrorStackTrace":null,"DisplayName":"PlanetNameThrowsExceptionWhenSetToNull","Messages":[],"ComputerName":"DESKTOP-2K4D5J0","Duration":"00:00:00.0002550","StartTime":"2022-11-15T09:33:17.2121442+00:00","EndTime":"2022-11-15T09:33:17.2123992+00:00","Properties":[{"Key":{"Id":"NUnit.Seed","Label":"Seed","Category":"","Description":"","Attributes":0,"ValueType":"System.String"},"Value":"1427161348"}]},{"TestCase":{"Id":"44c48b29-f358-becd-0ae2-a952a00beeae","FullyQualifiedName":"PlanetWars.Tests.Tests+PlanetWarsTests.PriceThrowsArgumentExceptionWhenSetBelowZero","DisplayName":"PriceThrowsArgumentExceptionWhenSetBelowZero","ExecutorUri":"executor://NUnit3TestExecutor","Source":"C:\\Users\\ddian\\source\\repos\\SoftUni\\CSharpOOP\\OOPExams\\14.08.2022\\PlanetWarsUnitTests\\PlanetWars.Tests\\bin\\Debug\\netcoreapp3.1\\fine-code-coverage\\build-output\\PlanetWars.Tests.dll","CodeFilePath":null,"LineNumber":0,"Properties":[{"Key":{"Id":"NUnit.Seed","Label":"Seed","Category":"","Description":"","Attributes":0,"ValueType":"System.String"},"Value":"1183353470"}]},"Attachments":[],"Outcome":1,"ErrorMessage":null,"ErrorStackTrace":null,"DisplayName":"PriceThrowsArgumentExceptionWhenSetBelowZero","Messages":[],"ComputerName":"DESKTOP-2K4D5J0","Duration":"00:00:00.0002280","StartTime":"2022-11-15T09:33:17.2124122+00:00","EndTime":"2022-11-15T09:33:17.2126407+00:00","Properties":[{"Key":{"Id":"NUnit.Seed","Label":"Seed","Category":"","Description":"","Attributes":0,"ValueType":"System.String"},"Value":"1183353470"}]},{"TestCase":{"Id":"e03e79db-d418-b0d3-5801-0c7669286850","FullyQualifiedName":"PlanetWars.Tests.Tests+PlanetWarsTests.PriceWorksCorrectlyWhenHigherThanZero","DisplayName":"PriceWorksCorrectlyWhenHigherThanZero","ExecutorUri":"executor://NUnit3TestExecutor","Source":"C:\\Users\\ddian\\source\\repos\\SoftUni\\CSharpOOP\\OOPExams\\14.08.2022\\PlanetWarsUnitTests\\PlanetWars.Tests\\bin\\Debug\\netcoreapp3.1\\fine-code-coverage\\build-output\\PlanetWars.Tests.dll","CodeFilePath":null,"LineNumber":0,"Properties":[{"Key":{"Id":"NUnit.Seed","Label":"Seed","Category":"","Description":"","Attributes":0,"ValueType":"System.String"},"Value":"76949178"}]},"Attachments":[],"Outcome":1,"ErrorMessage":null,"ErrorStackTrace":null,"DisplayName":"PriceWorksCorrectlyWhenHigherThanZero","Messages":[],"ComputerName":"DESKTOP-2K4D5J0","Duration":"00:00:00.0001560","StartTime":"2022-11-15T09:33:17.2126541+00:00","EndTime":"2022-11-15T09:33:17.2128093+00:00","Properties":[{"Key":{"Id":"NUnit.Seed","Label":"Seed","Category":"","Description":"","Attributes":0,"ValueType":"System.String"},"Value":"76949178"}]},{"TestCase":{"Id":"e1cc99bc-d0e9-2118-b296-58ab51c863c4","FullyQualifiedName":"PlanetWars.Tests.Tests+PlanetWarsTests.ProfitSetsBudgetAmountRight","DisplayName":"ProfitSetsBudgetAmountRight","ExecutorUri":"executor://NUnit3TestExecutor","Source":"C:\\Users\\ddian\\source\\repos\\SoftUni\\CSharpOOP\\OOPExams\\14.08.2022\\PlanetWarsUnitTests\\PlanetWars.Tests\\bin\\Debug\\netcoreapp3.1\\fine-code-coverage\\build-output\\PlanetWars.Tests.dll","CodeFilePath":null,"LineNumber":0,"Properties":[{"Key":{"Id":"NUnit.Seed","Label":"Seed","Category":"","Description":"","Attributes":0,"ValueType":"System.String"},"Value":"1912051686"}]},"Attachments":[],"Outcome":1,"ErrorMessage":null,"ErrorStackTrace":null,"DisplayName":"ProfitSetsBudgetAmountRight","Messages":[],"ComputerName":"DESKTOP-2K4D5J0","Duration":"00:00:00.0001730","StartTime":"2022-11-15T09:33:17.2128184+00:00","EndTime":"2022-11-15T09:33:17.2129912+00:00","Properties":[{"Key":{"Id":"NUnit.Seed","Label":"Seed","Category":"","Description":"","Attributes":0,"ValueType":"System.String"},"Value":"1912051686"}]},{"TestCase":{"Id":"0154db45-20e8-c5fb-eea7-298fbbcb5d39","FullyQualifiedName":"PlanetWars.Tests.Tests+PlanetWarsTests.RemoveWeaponIsRemovingWeaponFromCollection","DisplayName":"RemoveWeaponIsRemovingWeaponFromCollection","ExecutorUri":"executor://NUnit3TestExecutor","Source":"C:\\Users\\ddian\\source\\repos\\SoftUni\\CSharpOOP\\OOPExams\\14.08.2022\\PlanetWarsUnitTests\\PlanetWars.Tests\\bin\\Debug\\netcoreapp3.1\\fine-code-coverage\\build-output\\PlanetWars.Tests.dll","CodeFilePath":null,"LineNumber":0,"Properties":[{"Key":{"Id":"NUnit.Seed","Label":"Seed","Category":"","Description":"","Attributes":0,"ValueType":"System.String"},"Value":"1821443392"}]},"Attachments":[],"Outcome":1,"ErrorMessage":null,"ErrorStackTrace":null,"DisplayName":"RemoveWeaponIsRemovingWeaponFromCollection","Messages":[],"ComputerName":"DESKTOP-2K4D5J0","Duration":"00:00:00.0005140","StartTime":"2022-11-15T09:33:17.213023+00:00","EndTime":"2022-11-15T09:33:17.2135367+00:00","Properties":[{"Key":{"Id":"NUnit.Seed","Label":"Seed","Category":"","Description":"","Attributes":0,"ValueType":"System.String"},"Value":"1821443392"}]}],"TestRunStatistics":{"ExecutedTests":18,"Stats":{"Passed":18}},"ActiveTests":[{"Id":"16209fd5-0e26-3177-b983-993abe8314d2","FullyQualifiedName":"PlanetWars.Tests.Tests+PlanetWarsTests.SpendFundsSetBudgetCorrectlyWhenAmountIsLessThanBudget","DisplayName":"SpendFundsSetBudgetCorrectlyWhenAmountIsLessThanBudget","ExecutorUri":"executor://NUnit3TestExecutor","Source":"C:\\Users\\ddian\\source\\repos\\SoftUni\\CSharpOOP\\OOPExams\\14.08.2022\\PlanetWarsUnitTests\\PlanetWars.Tests\\bin\\Debug\\netcoreapp3.1\\fine-code-coverage\\build-output\\PlanetWars.Tests.dll","CodeFilePath":null,"LineNumber":0,"Properties":[{"Key":{"Id":"NUnit.Seed","Label":"Seed","Category":"","Description":"","Attributes":0,"ValueType":"System.String"},"Value":"2058983019"}]}]}}
TpTrace Verbose: 0 : 9020, 4, 2022/11/15, 11:33:18.584, 163912984587, vstest.console.dll, MulticastDelegateUtilities.SafeInvoke: InternalTestLoggerEvents.SendTestResult: Invoking callback 1/1 for Microsoft.VisualStudio.TestPlatform.CommandLine.Internal.ConsoleLogger.TestResultHandler, took 0 ms.
TpTrace Verbose: 0 : 9020, 4, 2022/11/15, 11:33:18.584, 163912985870, vstest.console.dll, MulticastDelegateUtilities.SafeInvoke: InternalTestLoggerEvents.SendTestResult: Invoking callback 1/1 for Microsoft.VisualStudio.TestPlatform.CommandLine.Internal.ConsoleLogger.TestResultHandler, took 0 ms.
TpTrace Verbose: 0 : 9020, 4, 2022/11/15, 11:33:18.584, 163912986367, vstest.console.dll, MulticastDelegateUtilities.SafeInvoke: InternalTestLoggerEvents.SendTestResult: Invoking callback 1/1 for Microsoft.VisualStudio.TestPlatform.CommandLine.Internal.ConsoleLogger.TestResultHandler, took 0 ms.
TpTrace Verbose: 0 : 9020, 4, 2022/11/15, 11:33:18.585, 163912986820, vstest.console.dll, MulticastDelegateUtilities.SafeInvoke: InternalTestLoggerEvents.SendTestResult: Invoking callback 1/1 for Microsoft.VisualStudio.TestPlatform.CommandLine.Internal.ConsoleLogger.TestResultHandler, took 0 ms.
TpTrace Verbose: 0 : 9020, 4, 2022/11/15, 11:33:18.585, 163912987360, vstest.console.dll, MulticastDelegateUtilities.SafeInvoke: InternalTestLoggerEvents.SendTestResult: Invoking callback 1/1 for Microsoft.VisualStudio.TestPlatform.CommandLine.Internal.ConsoleLogger.TestResultHandler, took 0 ms.
TpTrace Verbose: 0 : 9020, 4, 2022/11/15, 11:33:18.585, 163912987828, vstest.console.dll, MulticastDelegateUtilities.SafeInvoke: InternalTestLoggerEvents.SendTestResult: Invoking callback 1/1 for Microsoft.VisualStudio.TestPlatform.CommandLine.Internal.ConsoleLogger.TestResultHandler, took 0 ms.
TpTrace Verbose: 0 : 9020, 4, 2022/11/15, 11:33:18.585, 163912988345, vstest.console.dll, MulticastDelegateUtilities.SafeInvoke: InternalTestLoggerEvents.SendTestResult: Invoking callback 1/1 for Microsoft.VisualStudio.TestPlatform.CommandLine.Internal.ConsoleLogger.TestResultHandler, took 0 ms.
TpTrace Verbose: 0 : 9020, 4, 2022/11/15, 11:33:18.585, 163912988799, vstest.console.dll, MulticastDelegateUtilities.SafeInvoke: InternalTestLoggerEvents.SendTestResult: Invoking callback 1/1 for Microsoft.VisualStudio.TestPlatform.CommandLine.Internal.ConsoleLogger.TestResultHandler, took 0 ms.
TpTrace Verbose: 0 : 9020, 10, 2022/11/15, 11:33:18.586, 163912990391, vstest.console.dll, TestRunRequest:SendTestRunStatsChange: Starting.
TpTrace Verbose: 0 : 9020, 10, 2022/11/15, 11:33:18.586, 163912990841, vstest.console.dll, InProgress is SpendFundsSetBudgetCorrectlyWhenAmountIsLessThanBudget
TpTrace Verbose: 0 : 9020, 10, 2022/11/15, 11:33:18.586, 163912991384, vstest.console.dll, MulticastDelegateUtilities.SafeInvoke: TestRun.RunStatsChanged: Invoking callbacks was skipped because there are no subscribers.
TpTrace Verbose: 0 : 9020, 4, 2022/11/15, 11:33:18.586, 163912991532, vstest.console.dll, MulticastDelegateUtilities.SafeInvoke: InternalTestLoggerEvents.SendTestResult: Invoking callback 1/1 for Microsoft.VisualStudio.TestPlatform.CommandLine.Internal.ConsoleLogger.TestResultHandler, took 0 ms.
TpTrace Information: 0 : 9020, 10, 2022/11/15, 11:33:18.586, 163912991723, vstest.console.dll, TestRunRequest:SendTestRunStatsChange: Completed.
TpTrace Verbose: 0 : 9020, 4, 2022/11/15, 11:33:18.586, 163912992155, vstest.console.dll, MulticastDelegateUtilities.SafeInvoke: InternalTestLoggerEvents.SendTestResult: Invoking callback 1/1 for Microsoft.VisualStudio.TestPlatform.CommandLine.Internal.ConsoleLogger.TestResultHandler, took 0 ms.
TpTrace Verbose: 0 : 9020, 10, 2022/11/15, 11:33:18.587, 163912992488, vstest.console.dll, MulticastDelegateUtilities.SafeInvoke: LengthPrefixCommunicationChannel: MessageReceived: Invoking callback 1/1 for Microsoft.VisualStudio.TestPlatform.CommunicationUtilities.TestRequestSender+<>c__DisplayClass31_0.<StartTestRun>b__1, took 3 ms.
TpTrace Verbose: 0 : 9020, 4, 2022/11/15, 11:33:18.587, 163912992916, vstest.console.dll, MulticastDelegateUtilities.SafeInvoke: InternalTestLoggerEvents.SendTestResult: Invoking callback 1/1 for Microsoft.VisualStudio.TestPlatform.CommandLine.Internal.ConsoleLogger.TestResultHandler, took 0 ms.
TpTrace Verbose: 0 : 9020, 10, 2022/11/15, 11:33:18.587, 163912993137, vstest.console.dll, TcpClientExtensions.MessageLoopAsync: Polling on remoteEndPoint: 127.0.0.1:54449 localEndPoint: 127.0.0.1:54448
TpTrace Verbose: 0 : 9020, 4, 2022/11/15, 11:33:18.587, 163912993526, vstest.console.dll, MulticastDelegateUtilities.SafeInvoke: InternalTestLoggerEvents.SendTestResult: Invoking callback 1/1 for Microsoft.VisualStudio.TestPlatform.CommandLine.Internal.ConsoleLogger.TestResultHandler, took 0 ms.
TpTrace Verbose: 0 : 9020, 10, 2022/11/15, 11:33:18.587, 163912993860, vstest.console.dll, TcpClientExtensions.MessageLoopAsync: NotifyDataAvailable remoteEndPoint: 127.0.0.1:54449 localEndPoint: 127.0.0.1:54448
TpTrace Verbose: 0 : 9020, 4, 2022/11/15, 11:33:18.587, 163912994214, vstest.console.dll, MulticastDelegateUtilities.SafeInvoke: InternalTestLoggerEvents.SendTestResult: Invoking callback 1/1 for Microsoft.VisualStudio.TestPlatform.CommandLine.Internal.ConsoleLogger.TestResultHandler, took 0 ms.
TpTrace Verbose: 0 : 9020, 10, 2022/11/15, 11:33:18.587, 163912994518, vstest.console.dll, TestRequestSender.OnExecutionMessageReceived: Received message: {"Version":6,"MessageType":"TestSession.Message","Payload":{"MessageLevel":0,"Message":"NUnit Adapter 4.2.0.0: Test execution complete"}}
TpTrace Verbose: 0 : 9020, 4, 2022/11/15, 11:33:18.587, 163912994830, vstest.console.dll, MulticastDelegateUtilities.SafeInvoke: InternalTestLoggerEvents.SendTestResult: Invoking callback 1/1 for Microsoft.VisualStudio.TestPlatform.CommandLine.Internal.ConsoleLogger.TestResultHandler, took 0 ms.
TpTrace Verbose: 0 : 9020, 10, 2022/11/15, 11:33:18.587, 163912995251, vstest.console.dll, TestRunRequest:SendTestRunMessage: Starting.
TpTrace Verbose: 0 : 9020, 10, 2022/11/15, 11:33:18.588, 163912995789, vstest.console.dll, MulticastDelegateUtilities.SafeInvoke: TestRun.LogMessages: Invoking callback 1/1 for Microsoft.VisualStudio.TestPlatform.CommandLine.TestRunResultAggregator.TestRunMessageHandler, took 0 ms.
TpTrace Information: 0 : 9020, 10, 2022/11/15, 11:33:18.588, 163912996122, vstest.console.dll, TestRunRequest:SendTestRunMessage: Completed.
TpTrace Verbose: 0 : 9020, 10, 2022/11/15, 11:33:18.588, 163912996439, vstest.console.dll, MulticastDelegateUtilities.SafeInvoke: LengthPrefixCommunicationChannel: MessageReceived: Invoking callback 1/1 for Microsoft.VisualStudio.TestPlatform.CommunicationUtilities.TestRequestSender+<>c__DisplayClass31_0.<StartTestRun>b__1, took 0 ms.
TpTrace Verbose: 0 : 9020, 10, 2022/11/15, 11:33:18.588, 163912996755, vstest.console.dll, TcpClientExtensions.MessageLoopAsync: Polling on remoteEndPoint: 127.0.0.1:54449 localEndPoint: 127.0.0.1:54448
TpTrace Verbose: 0 : 9020, 10, 2022/11/15, 11:33:18.588, 163912997099, vstest.console.dll, TcpClientExtensions.MessageLoopAsync: NotifyDataAvailable remoteEndPoint: 127.0.0.1:54449 localEndPoint: 127.0.0.1:54448
TpTrace Verbose: 0 : 9020, 10, 2022/11/15, 11:33:18.588, 163912997688, vstest.console.dll, TestRequestSender.OnExecutionMessageReceived: Received message: {"Version":6,"MessageType":"TestExecution.Completed","Payload":{"TestRunCompleteArgs":{"TestRunStatistics":{"ExecutedTests":23,"Stats":{"Passed":23}},"IsCanceled":false,"IsAborted":false,"Error":null,"AttachmentSets":[],"InvokedDataCollectors":[],"ElapsedTimeInRunningTests":"00:00:01.2550260","Metrics":{},"DiscoveredExtensions":{"TestDiscoverers":["NUnit.VisualStudio.TestAdapter.NUnit3TestDiscoverer, NUnit3.TestAdapter, Version=4.2.0.0, Culture=neutral, PublicKeyToken=4cb40d35494691ac"],"TestExecutors":["executor://NUnit3TestExecutor"],"TestExecutors2":[],"TestSettingsProviders":[]}},"LastRunTests":{"NewTestResults":[{"TestCase":{"Id":"16209fd5-0e26-3177-b983-993abe8314d2","FullyQualifiedName":"PlanetWars.Tests.Tests+PlanetWarsTests.SpendFundsSetBudgetCorrectlyWhenAmountIsLessThanBudget","DisplayName":"SpendFundsSetBudgetCorrectlyWhenAmountIsLessThanBudget","ExecutorUri":"executor://NUnit3TestExecutor","Source":"C:\\Users\\ddian\\source\\repos\\SoftUni\\CSharpOOP\\OOPExams\\14.08.2022\\PlanetWarsUnitTests\\PlanetWars.Tests\\bin\\Debug\\netcoreapp3.1\\fine-code-coverage\\build-output\\PlanetWars.Tests.dll","CodeFilePath":null,"LineNumber":0,"Properties":[{"Key":{"Id":"NUnit.Seed","Label":"Seed","Category":"","Description":"","Attributes":0,"ValueType":"System.String"},"Value":"2058983019"}]},"Attachments":[],"Outcome":1,"ErrorMessage":null,"ErrorStackTrace":null,"DisplayName":"SpendFundsSetBudgetCorrectlyWhenAmountIsLessThanBudget","Messages":[],"ComputerName":"DESKTOP-2K4D5J0","Duration":"00:00:00.0002130","StartTime":"2022-11-15T09:33:17.213548+00:00","EndTime":"2022-11-15T09:33:17.213761+00:00","Properties":[{"Key":{"Id":"NUnit.Seed","Label":"Seed","Category":"","Description":"","Attributes":0,"ValueType":"System.String"},"Value":"2058983019"}]},{"TestCase":{"Id":"e9c56079-ede7-a8c5-11ba-416fd0c996f1","FullyQualifiedName":"PlanetWars.Tests.Tests+PlanetWarsTests.SpendFundsThrowsInvalidOperationExceptionWhenAmountIsMoreThanBudget","DisplayName":"SpendFundsThrowsInvalidOperationExceptionWhenAmountIsMoreThanBudget","ExecutorUri":"executor://NUnit3TestExecutor","Source":"C:\\Users\\ddian\\source\\repos\\SoftUni\\CSharpOOP\\OOPExams\\14.08.2022\\PlanetWarsUnitTests\\PlanetWars.Tests\\bin\\Debug\\netcoreapp3.1\\fine-code-coverage\\build-output\\PlanetWars.Tests.dll","CodeFilePath":null,"LineNumber":0,"Properties":[{"Key":{"Id":"NUnit.Seed","Label":"Seed","Category":"","Description":"","Attributes":0,"ValueType":"System.String"},"Value":"481960811"}]},"Attachments":[],"Outcome":1,"ErrorMessage":null,"ErrorStackTrace":null,"DisplayName":"SpendFundsThrowsInvalidOperationExceptionWhenAmountIsMoreThanBudget","Messages":[],"ComputerName":"DESKTOP-2K4D5J0","Duration":"00:00:00.0003250","StartTime":"2022-11-15T09:33:17.2137698+00:00","EndTime":"2022-11-15T09:33:17.2140953+00:00","Properties":[{"Key":{"Id":"NUnit.Seed","Label":"Seed","Category":"","Description":"","Attributes":0,"ValueType":"System.String"},"Value":"481960811"}]},{"TestCase":{"Id":"6099ccbb-4c5d-07b2-fd09-1306c5de14c6","FullyQualifiedName":"PlanetWars.Tests.Tests+PlanetWarsTests.UpgradingWeaponThrowsExceptionWhenWeaponIsNotPresentInRepository","DisplayName":"UpgradingWeaponThrowsExceptionWhenWeaponIsNotPresentInRepository","ExecutorUri":"executor://NUnit3TestExecutor","Source":"C:\\Users\\ddian\\source\\repos\\SoftUni\\CSharpOOP\\OOPExams\\14.08.2022\\PlanetWarsUnitTests\\PlanetWars.Tests\\bin\\Debug\\netcoreapp3.1\\fine-code-coverage\\build-output\\PlanetWars.Tests.dll","CodeFilePath":null,"LineNumber":0,"Properties":[{"Key":{"Id":"NUnit.Seed","Label":"Seed","Category":"","Description":"","Attributes":0,"ValueType":"System.String"},"Value":"916583132"}]},"Attachments":[],"Outcome":1,"ErrorMessage":null,"ErrorStackTrace":null,"DisplayName":"UpgradingWeaponThrowsExceptionWhenWeaponIsNotPresentInRepository","Messages":[],"ComputerName":"DESKTOP-2K4D5J0","Duration":"00:00:00.0005660","StartTime":"2022-11-15T09:33:17.2141065+00:00","EndTime":"2022-11-15T09:33:17.2146728+00:00","Properties":[{"Key":{"Id":"NUnit.Seed","Label":"Seed","Category":"","Description":"","Attributes":0,"ValueType":"System.String"},"Value":"916583132"}]},{"TestCase":{"Id":"e386eaa1-677f-b5d0-1ca9-a679e9c0dd69","FullyQualifiedName":"PlanetWars.Tests.Tests+PlanetWarsTests.UpgradingWeaponWorksProperlyWhenWeaponIsPresentInRepository","DisplayName":"UpgradingWeaponWorksProperlyWhenWeaponIsPresentInRepository","ExecutorUri":"executor://NUnit3TestExecutor","Source":"C:\\Users\\ddian\\source\\repos\\SoftUni\\CSharpOOP\\OOPExams\\14.08.2022\\PlanetWarsUnitTests\\PlanetWars.Tests\\bin\\Debug\\netcoreapp3.1\\fine-code-coverage\\build-output\\PlanetWars.Tests.dll","CodeFilePath":null,"LineNumber":0,"Properties":[{"Key":{"Id":"NUnit.Seed","Label":"Seed","Category":"","Description":"","Attributes":0,"ValueType":"System.String"},"Value":"33455296"}]},"Attachments":[],"Outcome":1,"ErrorMessage":null,"ErrorStackTrace":null,"DisplayName":"UpgradingWeaponWorksProperlyWhenWeaponIsPresentInRepository","Messages":[],"ComputerName":"DESKTOP-2K4D5J0","Duration":"00:00:00.0001880","StartTime":"2022-11-15T09:33:17.2146817+00:00","EndTime":"2022-11-15T09:33:17.2148696+00:00","Properties":[{"Key":{"Id":"NUnit.Seed","Label":"Seed","Category":"","Description":"","Attributes":0,"ValueType":"System.String"},"Value":"33455296"}]},{"TestCase":{"Id":"89ebc40b-49c4-d09d-0761-78e2d99334a9","FullyQualifiedName":"PlanetWars.Tests.Tests+PlanetWarsTests.WeaponsIsInitialized","DisplayName":"WeaponsIsInitialized","ExecutorUri":"executor://NUnit3TestExecutor","Source":"C:\\Users\\ddian\\source\\repos\\SoftUni\\CSharpOOP\\OOPExams\\14.08.2022\\PlanetWarsUnitTests\\PlanetWars.Tests\\bin\\Debug\\netcoreapp3.1\\fine-code-coverage\\build-output\\PlanetWars.Tests.dll","CodeFilePath":null,"LineNumber":0,"Properties":[{"Key":{"Id":"NUnit.Seed","Label":"Seed","Category":"","Description":"","Attributes":0,"ValueType":"System.String"},"Value":"1280115753"}]},"Attachments":[],"Outcome":1,"ErrorMessage":null,"ErrorStackTrace":null,"DisplayName":"WeaponsIsInitialized","Messages":[],"ComputerName":"DESKTOP-2K4D5J0","Duration":"00:00:00.0021010","StartTime":"2022-11-15T09:33:17.2148781+00:00","EndTime":"2022-11-15T09:33:17.2169793+00:00","Properties":[{"Key":{"Id":"NUnit.Seed","Label":"Seed","Category":"","Description":"","Attributes":0,"ValueType":"System.String"},"Value":"1280115753"}]}],"TestRunStatistics":{"ExecutedTests":23,"Stats":{"Passed":23}},"ActiveTests":[]},"RunAttachments":[],"ExecutorUris":["executor://nunit3testexecutor/"]}}
TpTrace Verbose: 0 : 9020, 10, 2022/11/15, 11:33:18.589, 163912998572, vstest.console.dll, TestRequestSender.EndSession: Sending end session.
TpTrace Verbose: 0 : 9020, 10, 2022/11/15, 11:33:18.589, 163912999556, vstest.console.dll, ProxyOperationManager.Close: waiting for test host to exit for 100 ms
TpTrace Verbose: 0 : 9020, 4, 2022/11/15, 11:33:18.591, 163913003891, vstest.console.dll, MulticastDelegateUtilities.SafeInvoke: InternalTestLoggerEvents.SendTestResult: Invoking callback 1/1 for Microsoft.VisualStudio.TestPlatform.CommandLine.Internal.ConsoleLogger.TestResultHandler, took 2 ms.
TpTrace Verbose: 0 : 9020, 4, 2022/11/15, 11:33:18.591, 163913004512, vstest.console.dll, MulticastDelegateUtilities.SafeInvoke: InternalTestLoggerEvents.SendTestResult: Invoking callback 1/1 for Microsoft.VisualStudio.TestPlatform.CommandLine.Internal.ConsoleLogger.TestResultHandler, took 0 ms.
TpTrace Verbose: 0 : 9020, 4, 2022/11/15, 11:33:18.591, 163913004981, vstest.console.dll, MulticastDelegateUtilities.SafeInvoke: InternalTestLoggerEvents.SendTestResult: Invoking callback 1/1 for Microsoft.VisualStudio.TestPlatform.CommandLine.Internal.ConsoleLogger.TestResultHandler, took 0 ms.
TpTrace Verbose: 0 : 9020, 4, 2022/11/15, 11:33:18.591, 163913005395, vstest.console.dll, MulticastDelegateUtilities.SafeInvoke: InternalTestLoggerEvents.SendTestRunMessage: Invoking callback 1/1 for Microsoft.VisualStudio.TestPlatform.CommandLine.Internal.ConsoleLogger.TestMessageHandler, took 0 ms.
TpTrace Warning: 0 : 9020, 10, 2022/11/15, 11:33:18.687, 163913277560, vstest.console.dll, ProxyOperationManager: Timed out waiting for test host to exit. Will terminate process.
TpTrace Information: 0 : 9020, 10, 2022/11/15, 11:33:18.688, 163913279299, vstest.console.dll, SocketServer.Stop: Stop server endPoint: 127.0.0.1:54448
TpTrace Information: 0 : 9020, 10, 2022/11/15, 11:33:18.688, 163913280395, vstest.console.dll, SocketServer.Stop: Cancellation requested. Stopping message loop.
TpTrace Information: 0 : 9020, 10, 2022/11/15, 11:33:18.688, 163913280985, vstest.console.dll, Closing the connection
TpTrace Verbose: 0 : 9020, 10, 2022/11/15, 11:33:18.691, 163913288708, vstest.console.dll, ProxyDataCollectionManager.InvokeDataCollectionServiceAction: Starting.
TpTrace Information: 0 : 9020, 10, 2022/11/15, 11:33:18.691, 163913289217, vstest.console.dll, ProxyDataCollectionManager.AfterTestRunEnd: Get attachment set and invoked data collectors processId: 5048 port: 54445
TpTrace Verbose: 0 : 9020, 10, 2022/11/15, 11:33:18.691, 163913289518, vstest.console.dll, DataCollectionRequestSender.SendAfterTestRunStartAndGetResult: Send AfterTestRunEnd message with isCancelled: False
TpTrace Verbose: 0 : 9020, 10, 2022/11/15, 11:33:18.699, 163913311119, vstest.console.dll, DataCollectionRequestSender.SendAfterTestRunStartAndGetResult: Received message: (DataCollection.AfterTestRunEndResult) -> {"MessageType":"DataCollection.AfterTestRunEndResult","Payload":{"AttachmentSets":[],"InvokedDataCollectors":[{"Uri":"datacollector://Microsoft/TestPlatform/Extensions/Blame/v1","FriendlyName":"Blame","AssemblyQualifiedName":"Microsoft.TestPlatform.Extensions.BlameDataCollector.BlameCollector, Microsoft.TestPlatform.Extensions.BlameDataCollector, Version=15.0.0.0, Culture=neutral, PublicKeyToken=b03f5f7f11d50a3a","FilePath":"C:\\Program Files\\dotnet\\sdk\\6.0.402\\Extensions\\Microsoft.TestPlatform.Extensions.BlameDataCollector.dll","HasAttachmentProcessor":false}],"Metrics":{}}}
TpTrace Information: 0 : 9020, 10, 2022/11/15, 11:33:18.704, 163913326620, vstest.console.dll, ProxyDataCollectionManager.InvokeDataCollectionServiceAction: Completed.
TpTrace Verbose: 0 : 9020, 10, 2022/11/15, 11:33:18.739, 163913425290, vstest.console.dll, TestRunRequest:SendTestRunStatsChange: Starting.
TpTrace Verbose: 0 : 9020, 10, 2022/11/15, 11:33:18.739, 163913425767, vstest.console.dll, MulticastDelegateUtilities.SafeInvoke: TestRun.RunStatsChanged: Invoking callbacks was skipped because there are no subscribers.
TpTrace Verbose: 0 : 9020, 4, 2022/11/15, 11:33:18.739, 163913425893, vstest.console.dll, MulticastDelegateUtilities.SafeInvoke: InternalTestLoggerEvents.SendTestResult: Invoking callback 1/1 for Microsoft.VisualStudio.TestPlatform.CommandLine.Internal.ConsoleLogger.TestResultHandler, took 0 ms.
TpTrace Information: 0 : 9020, 10, 2022/11/15, 11:33:18.739, 163913426058, vstest.console.dll, TestRunRequest:SendTestRunStatsChange: Completed.
TpTrace Verbose: 0 : 9020, 4, 2022/11/15, 11:33:18.740, 163913426412, vstest.console.dll, MulticastDelegateUtilities.SafeInvoke: InternalTestLoggerEvents.SendTestResult: Invoking callback 1/1 for Microsoft.VisualStudio.TestPlatform.CommandLine.Internal.ConsoleLogger.TestResultHandler, took 0 ms.
TpTrace Verbose: 0 : 9020, 4, 2022/11/15, 11:33:18.740, 163913427019, vstest.console.dll, MulticastDelegateUtilities.SafeInvoke: InternalTestLoggerEvents.SendTestResult: Invoking callback 1/1 for Microsoft.VisualStudio.TestPlatform.CommandLine.Internal.ConsoleLogger.TestResultHandler, took 0 ms.
TpTrace Verbose: 0 : 9020, 10, 2022/11/15, 11:33:18.740, 163913427384, vstest.console.dll, ParallelProxyExecutionManager: HandlePartialRunComplete: Total completed clients = 1, Run complete = True, Run canceled: False.
TpTrace Verbose: 0 : 9020, 4, 2022/11/15, 11:33:18.740, 163913427382, vstest.console.dll, MulticastDelegateUtilities.SafeInvoke: InternalTestLoggerEvents.SendTestResult: Invoking callback 1/1 for Microsoft.VisualStudio.TestPlatform.CommandLine.Internal.ConsoleLogger.TestResultHandler, took 0 ms.
TpTrace Verbose: 0 : 9020, 4, 2022/11/15, 11:33:18.740, 163913427983, vstest.console.dll, MulticastDelegateUtilities.SafeInvoke: InternalTestLoggerEvents.SendTestResult: Invoking callback 1/1 for Microsoft.VisualStudio.TestPlatform.CommandLine.Internal.ConsoleLogger.TestResultHandler, took 0 ms.
TpTrace Verbose: 0 : 9020, 4, 2022/11/15, 11:33:18.817, 163913645523, vstest.console.dll, MulticastDelegateUtilities.SafeInvoke: InternalTestLoggerEvents.SendTestRunComplete: Invoking callback 1/2 for Microsoft.TestPlatform.Extensions.BlameDataCollector.BlameLogger.TestRunCompleteHandler, took 0 ms.
TpTrace Verbose: 0 : 9020, 7, 2022/11/15, 11:33:18.819, 163913651604, vstest.console.dll, TestHostProvider.ExitCallBack: Host exited starting callback.
TpTrace Warning: 0 : 9020, 9, 2022/11/15, 11:33:18.820, 163913654578, vstest.console.dll, DataCollectionLauncher.ErrorReceivedCallback datacollector standard error line: 
TpTrace Verbose: 0 : 9020, 4, 2022/11/15, 11:33:18.824, 163913666751, vstest.console.dll, MulticastDelegateUtilities.SafeInvoke: InternalTestLoggerEvents.SendTestRunComplete: Invoking callback 2/2 for Microsoft.VisualStudio.TestPlatform.CommandLine.Internal.ConsoleLogger.TestRunCompleteHandler, took 7 ms.
TpTrace Verbose: 0 : 9020, 10, 2022/11/15, 11:33:18.825, 163913668119, vstest.console.dll, TestRunRequest:TestRunComplete: Starting. IsAborted:False IsCanceled:False.
TpTrace Verbose: 0 : 9020, 10, 2022/11/15, 11:33:18.826, 163913672944, vstest.console.dll, TestLoggerManager.HandleTestRunComplete: Ignoring as the object is disposed.
TpTrace Verbose: 0 : 9020, 10, 2022/11/15, 11:33:18.827, 163913674195, vstest.console.dll, MulticastDelegateUtilities.SafeInvoke: TestRun.TestRunComplete: Invoking callback 1/2 for Microsoft.VisualStudio.TestPlatform.CommandLine.TestRunResultAggregator.TestRunCompletionHandler, took 0 ms.
TpTrace Verbose: 0 : 9020, 10, 2022/11/15, 11:33:18.827, 163913674810, vstest.console.dll, MulticastDelegateUtilities.SafeInvoke: TestRun.TestRunComplete: Invoking callback 2/2 for Microsoft.VisualStudio.TestPlatform.CommandLine.Processors.RunTestsArgumentExecutor+TestRunRequestEventsRegistrar.TestRunRequest_OnRunCompletion, took 0 ms.
TpTrace Information: 0 : 9020, 10, 2022/11/15, 11:33:18.827, 163913675480, vstest.console.dll, TestRunRequest:TestRunComplete: Completed.
TpTrace Information: 0 : 9020, 12, 2022/11/15, 11:33:18.827, 163913675779, vstest.console.dll, DataCollectionLauncher.ExitCallBack: Data collector exited with exitcode: 0 error: ''
TpTrace Verbose: 0 : 9020, 1, 2022/11/15, 11:33:18.827, 163913675500, vstest.console.dll, TestRunRequest.Dispose: Starting.
TpTrace Verbose: 0 : 9020, 10, 2022/11/15, 11:33:18.828, 163913676311, vstest.console.dll, TestRequestSender.SetOperationComplete: Setting operation complete.
TpTrace Information: 0 : 9020, 1, 2022/11/15, 11:33:18.828, 163913676663, vstest.console.dll, TestRunRequest.Dispose: Completed.
TpTrace Information: 0 : 9020, 10, 2022/11/15, 11:33:18.828, 163913676978, vstest.console.dll, SocketServer.Stop: Stop server endPoint: 127.0.0.1:54448
TpTrace Information: 0 : 9020, 1, 2022/11/15, 11:33:18.828, 163913677325, vstest.console.dll, TestRequestManager.RunTests: run tests completed.
TpTrace Information: 0 : 9020, 10, 2022/11/15, 11:33:18.828, 163913677559, vstest.console.dll, SocketServer.Stop: Cancellation requested. Stopping message loop.
TpTrace Information: 0 : 9020, 1, 2022/11/15, 11:33:18.828, 163913678061, vstest.console.dll, RunTestsArgumentProcessor:Execute: Test run is completed.
TpTrace Verbose: 0 : 9020, 10, 2022/11/15, 11:33:18.828, 163913678223, vstest.console.dll, MulticastDelegateUtilities.SafeInvoke: LengthPrefixCommunicationChannel: MessageReceived: Invoking callback 1/1 for Microsoft.VisualStudio.TestPlatform.CommunicationUtilities.TestRequestSender+<>c__DisplayClass31_0.<StartTestRun>b__1, took 239 ms.
TpTrace Information: 0 : 9020, 10, 2022/11/15, 11:33:18.829, 163913678830, vstest.console.dll, SocketServer.PrivateStop: Stopping server endPoint: 127.0.0.1:54448 error: 
TpTrace Verbose: 0 : 9020, 1, 2022/11/15, 11:33:18.829, 163913679104, vstest.console.dll, Executor.Execute: Exiting with exit code of 0
