<?xml version="1.0" encoding="utf-8"?>
<!DOCTYPE coverage SYSTEM "http://cobertura.sourceforge.net/xml/coverage-04.dtd">
<coverage line-rate="0.923444976076555" branch-rate="0.923076923076923" lines-covered="193" lines-valid="209" branches-covered="24" branches-valid="26" complexity="50" version="0" timestamp="1669564394">
  <sources>
    <source>C:\Users\ddian\source\repos\SoftUni\CSharpOOP\UnitTestingExercise\Database\</source>
  </sources>
  <packages>
    <package name="FightingArena" line-rate="0.987341772151899" branch-rate="1" complexity="29">
      <classes>
        <class name="FightingArena.Arena" filename="C:\Users\ddian\source\repos\SoftUni\CSharpOOP\UnitTestingExercise\Database\FightingArena\Arena.cs" line-rate="0.962962962962963" branch-rate="1" complexity="11">
          <methods>
            <method name="get_Warriors" signature="()" line-rate="0" branch-rate="1" complexity="1">
              <lines>
                <line number="17" hits="0" branch="false" />
              </lines>
            </method>
            <method name="get_Count" signature="()" line-rate="1" branch-rate="1" complexity="1">
              <lines>
                <line number="19" hits="2" branch="false" />
              </lines>
            </method>
            <method name="Enroll" signature="(...)" line-rate="1" branch-rate="1" complexity="2">
              <lines>
                <line number="22" hits="9" branch="false" />
                <line number="23" hits="13" branch="true" condition-coverage="100% (2/2)" />
                <line number="24" hits="1" branch="false" />
                <line number="25" hits="1" branch="false" />
                <line number="28" hits="8" branch="false" />
                <line number="29" hits="8" branch="false" />
              </lines>
            </method>
            <method name="Fight" signature="(...)" line-rate="1" branch-rate="1" complexity="6">
              <lines>
                <line number="32" hits="3" branch="false" />
                <line number="33" hits="3" branch="false" />
                <line number="34" hits="7" branch="false" />
                <line number="35" hits="3" branch="false" />
                <line number="36" hits="9" branch="false" />
                <line number="38" hits="3" branch="true" condition-coverage="100% (4/4)" />
                <line number="39" hits="2" branch="false" />
                <line number="40" hits="2" branch="false" />
                <line number="42" hits="2" branch="true" condition-coverage="100% (2/2)" />
                <line number="43" hits="1" branch="false" />
                <line number="44" hits="1" branch="false" />
                <line number="45" hits="1" branch="false" />
                <line number="47" hits="2" branch="false" />
                <line number="50" hits="1" branch="false" />
                <line number="51" hits="1" branch="false" />
              </lines>
            </method>
            <method name=".ctor" signature="()" line-rate="1" branch-rate="1" complexity="1">
              <lines>
                <line number="11" hits="6" branch="false" />
                <line number="12" hits="6" branch="false" />
                <line number="13" hits="6" branch="false" />
                <line number="14" hits="6" branch="false" />
              </lines>
            </method>
          </methods>
          <lines>
            <line number="11" hits="6" branch="false" />
            <line number="12" hits="6" branch="false" />
            <line number="13" hits="6" branch="false" />
            <line number="14" hits="6" branch="false" />
            <line number="17" hits="0" branch="false" />
            <line number="19" hits="2" branch="false" />
            <line number="22" hits="9" branch="false" />
            <line number="23" hits="13" branch="true" condition-coverage="100% (2/2)" />
            <line number="24" hits="1" branch="false" />
            <line number="25" hits="1" branch="false" />
            <line number="28" hits="8" branch="false" />
            <line number="29" hits="8" branch="false" />
            <line number="32" hits="3" branch="false" />
            <line number="33" hits="3" branch="false" />
            <line number="34" hits="7" branch="false" />
            <line number="35" hits="3" branch="false" />
            <line number="36" hits="9" branch="false" />
            <line number="38" hits="3" branch="true" condition-coverage="100% (4/4)" />
            <line number="39" hits="2" branch="false" />
            <line number="40" hits="2" branch="false" />
            <line number="42" hits="2" branch="true" condition-coverage="100% (2/2)" />
            <line number="43" hits="1" branch="false" />
            <line number="44" hits="1" branch="false" />
            <line number="45" hits="1" branch="false" />
            <line number="47" hits="2" branch="false" />
            <line number="50" hits="1" branch="false" />
            <line number="51" hits="1" branch="false" />
          </lines>
        </class>
        <class name="FightingArena.Warrior" filename="C:\Users\ddian\source\repos\SoftUni\CSharpOOP\UnitTestingExercise\Database\FightingArena\Warrior.cs" line-rate="1" branch-rate="1" complexity="18">
          <methods>
            <method name="get_Name" signature="()" line-rate="1" branch-rate="1" complexity="1">
              <lines>
                <line number="23" hits="21" branch="false" />
                <line number="24" hits="21" branch="false" />
                <line number="25" hits="21" branch="false" />
              </lines>
            </method>
            <method name="set_Name" signature="(...)" line-rate="1" branch-rate="1" complexity="2">
              <lines>
                <line number="27" hits="42" branch="false" />
                <line number="28" hits="42" branch="true" condition-coverage="100% (2/2)" />
                <line number="29" hits="2" branch="false" />
                <line number="30" hits="2" branch="false" />
                <line number="33" hits="40" branch="false" />
                <line number="34" hits="40" branch="false" />
              </lines>
            </method>
            <method name="get_Damage" signature="()" line-rate="1" branch-rate="1" complexity="1">
              <lines>
                <line number="40" hits="27" branch="false" />
                <line number="41" hits="27" branch="false" />
                <line number="42" hits="27" branch="false" />
              </lines>
            </method>
            <method name="set_Damage" signature="(...)" line-rate="1" branch-rate="1" complexity="2">
              <lines>
                <line number="44" hits="40" branch="false" />
                <line number="45" hits="40" branch="true" condition-coverage="100% (2/2)" />
                <line number="46" hits="3" branch="false" />
                <line number="47" hits="3" branch="false" />
                <line number="50" hits="37" branch="false" />
                <line number="51" hits="37" branch="false" />
              </lines>
            </method>
            <method name="get_HP" signature="()" line-rate="1" branch-rate="1" complexity="1">
              <lines>
                <line number="57" hits="55" branch="false" />
                <line number="58" hits="55" branch="false" />
                <line number="59" hits="55" branch="false" />
              </lines>
            </method>
            <method name="set_HP" signature="(...)" line-rate="1" branch-rate="1" complexity="2">
              <lines>
                <line number="61" hits="49" branch="false" />
                <line number="62" hits="49" branch="true" condition-coverage="100% (2/2)" />
                <line number="63" hits="2" branch="false" />
                <line number="64" hits="2" branch="false" />
                <line number="67" hits="47" branch="false" />
                <line number="68" hits="47" branch="false" />
              </lines>
            </method>
            <method name="Attack" signature="(...)" line-rate="1" branch-rate="1" complexity="8">
              <lines>
                <line number="72" hits="12" branch="false" />
                <line number="73" hits="12" branch="true" condition-coverage="100% (2/2)" />
                <line number="74" hits="3" branch="false" />
                <line number="75" hits="3" branch="false" />
                <line number="78" hits="9" branch="true" condition-coverage="100% (2/2)" />
                <line number="79" hits="2" branch="false" />
                <line number="80" hits="2" branch="false" />
                <line number="83" hits="7" branch="true" condition-coverage="100% (2/2)" />
                <line number="84" hits="1" branch="false" />
                <line number="85" hits="1" branch="false" />
                <line number="88" hits="6" branch="false" />
                <line number="90" hits="6" branch="true" condition-coverage="100% (2/2)" />
                <line number="91" hits="1" branch="false" />
                <line number="92" hits="1" branch="false" />
                <line number="93" hits="1" branch="false" />
                <line number="95" hits="5" branch="false" />
                <line number="96" hits="5" branch="false" />
                <line number="97" hits="5" branch="false" />
                <line number="98" hits="6" branch="false" />
              </lines>
            </method>
            <method name=".ctor" signature="(...)" line-rate="1" branch-rate="1" complexity="1">
              <lines>
                <line number="13" hits="42" branch="false" />
                <line number="14" hits="42" branch="false" />
                <line number="15" hits="42" branch="false" />
                <line number="16" hits="40" branch="false" />
                <line number="17" hits="37" branch="false" />
                <line number="18" hits="35" branch="false" />
              </lines>
            </method>
          </methods>
          <lines>
            <line number="13" hits="42" branch="false" />
            <line number="14" hits="42" branch="false" />
            <line number="15" hits="42" branch="false" />
            <line number="16" hits="40" branch="false" />
            <line number="17" hits="37" branch="false" />
            <line number="18" hits="35" branch="false" />
            <line number="23" hits="21" branch="false" />
            <line number="24" hits="21" branch="false" />
            <line number="25" hits="21" branch="false" />
            <line number="27" hits="42" branch="false" />
            <line number="28" hits="42" branch="true" condition-coverage="100% (2/2)" />
            <line number="29" hits="2" branch="false" />
            <line number="30" hits="2" branch="false" />
            <line number="33" hits="40" branch="false" />
            <line number="34" hits="40" branch="false" />
            <line number="40" hits="27" branch="false" />
            <line number="41" hits="27" branch="false" />
            <line number="42" hits="27" branch="false" />
            <line number="44" hits="40" branch="false" />
            <line number="45" hits="40" branch="true" condition-coverage="100% (2/2)" />
            <line number="46" hits="3" branch="false" />
            <line number="47" hits="3" branch="false" />
            <line number="50" hits="37" branch="false" />
            <line number="51" hits="37" branch="false" />
            <line number="57" hits="55" branch="false" />
            <line number="58" hits="55" branch="false" />
            <line number="59" hits="55" branch="false" />
            <line number="61" hits="49" branch="false" />
            <line number="62" hits="49" branch="true" condition-coverage="100% (2/2)" />
            <line number="63" hits="2" branch="false" />
            <line number="64" hits="2" branch="false" />
            <line number="67" hits="47" branch="false" />
            <line number="68" hits="47" branch="false" />
            <line number="72" hits="12" branch="false" />
            <line number="73" hits="12" branch="true" condition-coverage="100% (2/2)" />
            <line number="74" hits="3" branch="false" />
            <line number="75" hits="3" branch="false" />
            <line number="78" hits="9" branch="true" condition-coverage="100% (2/2)" />
            <line number="79" hits="2" branch="false" />
            <line number="80" hits="2" branch="false" />
            <line number="83" hits="7" branch="true" condition-coverage="100% (2/2)" />
            <line number="84" hits="1" branch="false" />
            <line number="85" hits="1" branch="false" />
            <line number="88" hits="6" branch="false" />
            <line number="90" hits="6" branch="true" condition-coverage="100% (2/2)" />
            <line number="91" hits="1" branch="false" />
            <line number="92" hits="1" branch="false" />
            <line number="93" hits="1" branch="false" />
            <line number="95" hits="5" branch="false" />
            <line number="96" hits="5" branch="false" />
            <line number="97" hits="5" branch="false" />
            <line number="98" hits="6" branch="false" />
          </lines>
        </class>
      </classes>
    </package>
    <package name="FightingArena.Tests" line-rate="0.884615384615385" branch-rate="0.5" complexity="21">
      <classes>
        <class name="AutoGeneratedProgram" filename="C:\Users\ddian\source\repos\SoftUni\CSharpOOP\UnitTestingExercise\Database\FightingArena.Tests\obj\Debug\netcoreapp3.1\FightingArena.Tests.Program.cs" line-rate="0" branch-rate="1" complexity="1">
          <methods>
            <method name="Main" signature="(...)" line-rate="0" branch-rate="1" complexity="1">
              <lines>
                <line number="4" hits="0" branch="false" />
              </lines>
            </method>
          </methods>
          <lines>
            <line number="4" hits="0" branch="false" />
          </lines>
        </class>
        <class name="FightingArena.Tests.ArenaTests" filename="C:\Users\ddian\source\repos\SoftUni\CSharpOOP\UnitTestingExercise\Database\FightingArena.Tests\ArenaTests.cs" line-rate="0.84" branch-rate="0.5" complexity="8">
          <methods>
            <method name="DefaultWarriorsCountInTheArenaIsZero" signature="()" line-rate="1" branch-rate="1" complexity="1">
              <lines>
                <line number="11" hits="1" branch="false" />
                <line number="12" hits="1" branch="false" />
                <line number="14" hits="1" branch="false" />
                <line number="15" hits="1" branch="false" />
              </lines>
            </method>
            <method name="EnrollIsAddingWarrior" signature="()" line-rate="1" branch-rate="1" complexity="1">
              <lines>
                <line number="19" hits="1" branch="false" />
                <line number="20" hits="1" branch="false" />
                <line number="21" hits="1" branch="false" />
                <line number="23" hits="1" branch="false" />
                <line number="25" hits="1" branch="false" />
                <line number="26" hits="1" branch="false" />
              </lines>
            </method>
            <method name="EnrollingSameWarriorTwiceIsThrowingException" signature="()" line-rate="0.9" branch-rate="1" complexity="1">
              <lines>
                <line number="30" hits="1" branch="false" />
                <line number="31" hits="1" branch="false" />
                <line number="32" hits="1" branch="false" />
                <line number="33" hits="1" branch="false" />
                <line number="35" hits="1" branch="false" />
                <line number="36" hits="1" branch="false" />
                <line number="37" hits="1" branch="false" />
                <line number="38" hits="0" branch="false" />
                <line number="39" hits="1" branch="false" />
                <line number="40" hits="1" branch="false" />
              </lines>
            </method>
            <method name="FightIsNotPossibleWithMissingAttackerOrDefender" signature="(...)" line-rate="0.666666666666667" branch-rate="0.5" complexity="4">
              <lines>
                <line number="45" hits="2" branch="false" />
                <line number="46" hits="2" branch="false" />
                <line number="47" hits="2" branch="false" />
                <line number="48" hits="2" branch="false" />
                <line number="49" hits="2" branch="false" />
                <line number="50" hits="2" branch="false" />
                <line number="51" hits="2" branch="false" />
                <line number="53" hits="2" branch="true" condition-coverage="50% (1/2)" />
                <line number="54" hits="0" branch="false" />
                <line number="55" hits="0" branch="false" />
                <line number="56" hits="0" branch="false" />
                <line number="57" hits="2" branch="true" condition-coverage="50% (1/2)" />
                <line number="58" hits="0" branch="false" />
                <line number="59" hits="0" branch="false" />
                <line number="60" hits="0" branch="false" />
                <line number="62" hits="2" branch="false" />
                <line number="63" hits="2" branch="false" />
                <line number="64" hits="2" branch="false" />
                <line number="65" hits="0" branch="false" />
                <line number="66" hits="2" branch="false" />
                <line number="67" hits="2" branch="false" />
              </lines>
            </method>
            <method name="FightIsHappeningWithValidWarriorNames" signature="()" line-rate="1" branch-rate="1" complexity="1">
              <lines>
                <line number="71" hits="1" branch="false" />
                <line number="72" hits="1" branch="false" />
                <line number="73" hits="1" branch="false" />
                <line number="74" hits="1" branch="false" />
                <line number="75" hits="1" branch="false" />
                <line number="76" hits="1" branch="false" />
                <line number="78" hits="1" branch="false" />
                <line number="80" hits="1" branch="false" />
                <line number="81" hits="1" branch="false" />
              </lines>
            </method>
          </methods>
          <lines>
            <line number="11" hits="1" branch="false" />
            <line number="12" hits="1" branch="false" />
            <line number="14" hits="1" branch="false" />
            <line number="15" hits="1" branch="false" />
            <line number="19" hits="1" branch="false" />
            <line number="20" hits="1" branch="false" />
            <line number="21" hits="1" branch="false" />
            <line number="23" hits="1" branch="false" />
            <line number="25" hits="1" branch="false" />
            <line number="26" hits="1" branch="false" />
            <line number="30" hits="1" branch="false" />
            <line number="31" hits="1" branch="false" />
            <line number="32" hits="1" branch="false" />
            <line number="33" hits="1" branch="false" />
            <line number="35" hits="1" branch="false" />
            <line number="36" hits="1" branch="false" />
            <line number="37" hits="1" branch="false" />
            <line number="38" hits="0" branch="false" />
            <line number="39" hits="1" branch="false" />
            <line number="40" hits="1" branch="false" />
            <line number="45" hits="2" branch="false" />
            <line number="46" hits="2" branch="false" />
            <line number="47" hits="2" branch="false" />
            <line number="48" hits="2" branch="false" />
            <line number="49" hits="2" branch="false" />
            <line number="50" hits="2" branch="false" />
            <line number="51" hits="2" branch="false" />
            <line number="53" hits="2" branch="true" condition-coverage="50% (1/2)" />
            <line number="54" hits="0" branch="false" />
            <line number="55" hits="0" branch="false" />
            <line number="56" hits="0" branch="false" />
            <line number="57" hits="2" branch="true" condition-coverage="50% (1/2)" />
            <line number="58" hits="0" branch="false" />
            <line number="59" hits="0" branch="false" />
            <line number="60" hits="0" branch="false" />
            <line number="62" hits="2" branch="false" />
            <line number="63" hits="2" branch="false" />
            <line number="64" hits="2" branch="false" />
            <line number="65" hits="0" branch="false" />
            <line number="66" hits="2" branch="false" />
            <line number="67" hits="2" branch="false" />
            <line number="71" hits="1" branch="false" />
            <line number="72" hits="1" branch="false" />
            <line number="73" hits="1" branch="false" />
            <line number="74" hits="1" branch="false" />
            <line number="75" hits="1" branch="false" />
            <line number="76" hits="1" branch="false" />
            <line number="78" hits="1" branch="false" />
            <line number="80" hits="1" branch="false" />
            <line number="81" hits="1" branch="false" />
          </lines>
        </class>
        <class name="FightingArena.Tests.WarriorTests" filename="C:\Users\ddian\source\repos\SoftUni\CSharpOOP\UnitTestingExercise\Database\FightingArena.Tests\WarriorTests.cs" line-rate="0.924050632911392" branch-rate="1" complexity="12">
          <methods>
            <method name="WarriorNameCanNotBeNullOrEmpty" signature="(...)" line-rate="0.857142857142857" branch-rate="1" complexity="1">
              <lines>
                <line number="12" hits="2" branch="false" />
                <line number="13" hits="2" branch="false" />
                <line number="14" hits="2" branch="false" />
                <line number="15" hits="2" branch="false" />
                <line number="16" hits="0" branch="false" />
                <line number="17" hits="2" branch="false" />
                <line number="18" hits="2" branch="false" />
              </lines>
            </method>
            <method name="WarriorNameIsSetWithCorrectlyGivenData" signature="()" line-rate="1" branch-rate="1" complexity="1">
              <lines>
                <line number="22" hits="1" branch="false" />
                <line number="23" hits="1" branch="false" />
                <line number="25" hits="1" branch="false" />
                <line number="26" hits="1" branch="false" />
              </lines>
            </method>
            <method name="WarriorDamageCanNotBeLessThanOrZero" signature="(...)" line-rate="0.857142857142857" branch-rate="1" complexity="1">
              <lines>
                <line number="32" hits="3" branch="false" />
                <line number="33" hits="3" branch="false" />
                <line number="34" hits="3" branch="false" />
                <line number="35" hits="3" branch="false" />
                <line number="36" hits="0" branch="false" />
                <line number="37" hits="3" branch="false" />
                <line number="38" hits="3" branch="false" />
              </lines>
            </method>
            <method name="WarriorDamageIsSetWithCorrectlyGivenValueAboveZero" signature="()" line-rate="1" branch-rate="1" complexity="1">
              <lines>
                <line number="42" hits="1" branch="false" />
                <line number="43" hits="1" branch="false" />
                <line number="45" hits="1" branch="false" />
                <line number="46" hits="1" branch="false" />
              </lines>
            </method>
            <method name="WarriorHPCanNotBeLessThanZero" signature="(...)" line-rate="0.857142857142857" branch-rate="1" complexity="1">
              <lines>
                <line number="51" hits="2" branch="false" />
                <line number="52" hits="2" branch="false" />
                <line number="53" hits="2" branch="false" />
                <line number="54" hits="2" branch="false" />
                <line number="55" hits="0" branch="false" />
                <line number="56" hits="2" branch="false" />
                <line number="58" hits="2" branch="false" />
              </lines>
            </method>
            <method name="WarriorHPIsSetWhenGivenValueIsZeroOrAbove" signature="(...)" line-rate="1" branch-rate="1" complexity="1">
              <lines>
                <line number="64" hits="3" branch="false" />
                <line number="65" hits="3" branch="false" />
                <line number="67" hits="3" branch="false" />
                <line number="68" hits="3" branch="false" />
              </lines>
            </method>
            <method name="AttackIsNotAllowedWhenHPIsLowerOrEqualThanMIN_ATTACK_HP" signature="(...)" line-rate="0.888888888888889" branch-rate="1" complexity="1">
              <lines>
                <line number="73" hits="2" branch="false" />
                <line number="74" hits="2" branch="false" />
                <line number="75" hits="2" branch="false" />
                <line number="77" hits="2" branch="false" />
                <line number="78" hits="2" branch="false" />
                <line number="79" hits="2" branch="false" />
                <line number="80" hits="0" branch="false" />
                <line number="81" hits="2" branch="false" />
                <line number="82" hits="2" branch="false" />
              </lines>
            </method>
            <method name="AttackIsNotAllowedWhenEnemyHPIsLowerOrEqualThanMIN_ATTACK_HP" signature="(...)" line-rate="0.888888888888889" branch-rate="1" complexity="1">
              <lines>
                <line number="87" hits="2" branch="false" />
                <line number="88" hits="2" branch="false" />
                <line number="89" hits="2" branch="false" />
                <line number="91" hits="2" branch="false" />
                <line number="92" hits="2" branch="false" />
                <line number="93" hits="2" branch="false" />
                <line number="94" hits="0" branch="false" />
                <line number="95" hits="2" branch="false" />
                <line number="96" hits="2" branch="false" />
              </lines>
            </method>
            <method name="ExceptionIsThrowedWhenAttackingStrongerEnemy" signature="(...)" line-rate="0.888888888888889" branch-rate="1" complexity="1">
              <lines>
                <line number="101" hits="2" branch="false" />
                <line number="102" hits="2" branch="false" />
                <line number="103" hits="2" branch="false" />
                <line number="105" hits="2" branch="false" />
                <line number="106" hits="2" branch="false" />
                <line number="107" hits="2" branch="false" />
                <line number="108" hits="0" branch="false" />
                <line number="109" hits="2" branch="false" />
                <line number="110" hits="2" branch="false" />
              </lines>
            </method>
            <method name="AttackingEnemyIsReducingAttackerHPWithEnemyDamage" signature="(...)" line-rate="1" branch-rate="1" complexity="1">
              <lines>
                <line number="115" hits="2" branch="false" />
                <line number="116" hits="2" branch="false" />
                <line number="117" hits="2" branch="false" />
                <line number="119" hits="2" branch="false" />
                <line number="121" hits="2" branch="false" />
                <line number="122" hits="2" branch="false" />
              </lines>
            </method>
            <method name="EnemyIsDyingWhenAttackerDamageIsHigherOrEqualToEnemyHP" signature="(...)" line-rate="1" branch-rate="1" complexity="1">
              <lines>
                <line number="127" hits="2" branch="false" />
                <line number="128" hits="2" branch="false" />
                <line number="129" hits="2" branch="false" />
                <line number="131" hits="2" branch="false" />
                <line number="133" hits="2" branch="false" />
                <line number="134" hits="2" branch="false" />
              </lines>
            </method>
            <method name="AttackingEnemyIsReducingEnemyHPWithAttackerDamageWhenNotEnoughToKillIt" signature="()" line-rate="1" branch-rate="1" complexity="1">
              <lines>
                <line number="138" hits="1" branch="false" />
                <line number="139" hits="1" branch="false" />
                <line number="140" hits="1" branch="false" />
                <line number="141" hits="1" branch="false" />
                <line number="142" hits="1" branch="false" />
                <line number="144" hits="1" branch="false" />
                <line number="145" hits="1" branch="false" />
              </lines>
            </method>
          </methods>
          <lines>
            <line number="12" hits="2" branch="false" />
            <line number="13" hits="2" branch="false" />
            <line number="14" hits="2" branch="false" />
            <line number="15" hits="2" branch="false" />
            <line number="16" hits="0" branch="false" />
            <line number="17" hits="2" branch="false" />
            <line number="18" hits="2" branch="false" />
            <line number="22" hits="1" branch="false" />
            <line number="23" hits="1" branch="false" />
            <line number="25" hits="1" branch="false" />
            <line number="26" hits="1" branch="false" />
            <line number="32" hits="3" branch="false" />
            <line number="33" hits="3" branch="false" />
            <line number="34" hits="3" branch="false" />
            <line number="35" hits="3" branch="false" />
            <line number="36" hits="0" branch="false" />
            <line number="37" hits="3" branch="false" />
            <line number="38" hits="3" branch="false" />
            <line number="42" hits="1" branch="false" />
            <line number="43" hits="1" branch="false" />
            <line number="45" hits="1" branch="false" />
            <line number="46" hits="1" branch="false" />
            <line number="51" hits="2" branch="false" />
            <line number="52" hits="2" branch="false" />
            <line number="53" hits="2" branch="false" />
            <line number="54" hits="2" branch="false" />
            <line number="55" hits="0" branch="false" />
            <line number="56" hits="2" branch="false" />
            <line number="58" hits="2" branch="false" />
            <line number="64" hits="3" branch="false" />
            <line number="65" hits="3" branch="false" />
            <line number="67" hits="3" branch="false" />
            <line number="68" hits="3" branch="false" />
            <line number="73" hits="2" branch="false" />
            <line number="74" hits="2" branch="false" />
            <line number="75" hits="2" branch="false" />
            <line number="77" hits="2" branch="false" />
            <line number="78" hits="2" branch="false" />
            <line number="79" hits="2" branch="false" />
            <line number="80" hits="0" branch="false" />
            <line number="81" hits="2" branch="false" />
            <line number="82" hits="2" branch="false" />
            <line number="87" hits="2" branch="false" />
            <line number="88" hits="2" branch="false" />
            <line number="89" hits="2" branch="false" />
            <line number="91" hits="2" branch="false" />
            <line number="92" hits="2" branch="false" />
            <line number="93" hits="2" branch="false" />
            <line number="94" hits="0" branch="false" />
            <line number="95" hits="2" branch="false" />
            <line number="96" hits="2" branch="false" />
            <line number="101" hits="2" branch="false" />
            <line number="102" hits="2" branch="false" />
            <line number="103" hits="2" branch="false" />
            <line number="105" hits="2" branch="false" />
            <line number="106" hits="2" branch="false" />
            <line number="107" hits="2" branch="false" />
            <line number="108" hits="0" branch="false" />
            <line number="109" hits="2" branch="false" />
            <line number="110" hits="2" branch="false" />
            <line number="115" hits="2" branch="false" />
            <line number="116" hits="2" branch="false" />
            <line number="117" hits="2" branch="false" />
            <line number="119" hits="2" branch="false" />
            <line number="121" hits="2" branch="false" />
            <line number="122" hits="2" branch="false" />
            <line number="127" hits="2" branch="false" />
            <line number="128" hits="2" branch="false" />
            <line number="129" hits="2" branch="false" />
            <line number="131" hits="2" branch="false" />
            <line number="133" hits="2" branch="false" />
            <line number="134" hits="2" branch="false" />
            <line number="138" hits="1" branch="false" />
            <line number="139" hits="1" branch="false" />
            <line number="140" hits="1" branch="false" />
            <line number="141" hits="1" branch="false" />
            <line number="142" hits="1" branch="false" />
            <line number="144" hits="1" branch="false" />
            <line number="145" hits="1" branch="false" />
          </lines>
        </class>
      </classes>
    </package>
  </packages>
</coverage>