TpTrace Verbose: 0 : 16968, 1, 2022/11/27, 15:53:10.993, 6064560565581, vstest.console.dll, Version: 17.3.1 Current process architecture: X64
TpTrace Verbose: 0 : 16968, 1, 2022/11/27, 15:53:10.995, 6064560585214, vstest.console.dll, Runtime location: C:\Program Files\dotnet\shared\Microsoft.NETCore.App\6.0.10
TpTrace Information: 0 : 16968, 1, 2022/11/27, 15:53:11.005, 6064560683360, vstest.console.dll, FilePatternParser: The given file C:\Users\ddian\source\repos\SoftUni\CSharpOOP\UnitTestingExercise\Database\FightingArena.Tests\bin\Debug\netcoreapp3.1\fine-code-coverage\build-output\FightingArena.Tests.dll is a full path.
TpTrace Verbose: 0 : 16968, 1, 2022/11/27, 15:53:11.023, 6064560864404, vstest.console.dll, TestPluginCache.DiscoverTestExtensions: finding test extensions in assemblies ends with: RuntimeProvider.dll TPluginInfo: Microsoft.VisualStudio.TestPlatform.Common.ExtensionFramework.Utilities.TestRuntimePluginInformation TExtension: Microsoft.VisualStudio.TestPlatform.ObjectModel.Host.ITestRuntimeProvider
TpTrace Verbose: 0 : 16968, 1, 2022/11/27, 15:53:11.023, 6064560868687, vstest.console.dll, TestPluginCache.GetExtensionPaths: Filtered extension paths: 
TpTrace Verbose: 0 : 16968, 1, 2022/11/27, 15:53:11.024, 6064560870562, vstest.console.dll, TestPluginCache.GetExtensionPaths: Added default extension paths: C:\Program Files\dotnet\sdk\6.0.402\Extensions\Microsoft.Diagnostics.NETCore.Client.dll
C:\Program Files\dotnet\sdk\6.0.402\Extensions\Microsoft.TestPlatform.Extensions.BlameDataCollector.dll
C:\Program Files\dotnet\sdk\6.0.402\Extensions\Microsoft.TestPlatform.Extensions.EventLogCollector.dll
C:\Program Files\dotnet\sdk\6.0.402\Extensions\Microsoft.TestPlatform.TestHostRuntimeProvider.dll
C:\Program Files\dotnet\sdk\6.0.402\Extensions\Microsoft.VisualStudio.TestPlatform.Extensions.Html.TestLogger.dll
C:\Program Files\dotnet\sdk\6.0.402\Extensions\Microsoft.VisualStudio.TestPlatform.Extensions.Trx.TestLogger.dll
TpTrace Verbose: 0 : 16968, 1, 2022/11/27, 15:53:11.024, 6064560871790, vstest.console.dll, TestPluginCache.GetExtensionPaths: Added unfilterableExtensionPaths: 
TpTrace Information: 0 : 16968, 1, 2022/11/27, 15:53:11.025, 6064560882568, vstest.console.dll, AssemblyResolver.ctor: Creating AssemblyResolver with searchDirectories C:\Program Files\dotnet\sdk\6.0.402\Extensions,C:\Program Files\dotnet\sdk\6.0.402
TpTrace Verbose: 0 : 16968, 1, 2022/11/27, 15:53:11.027, 6064560903770, vstest.console.dll, TestPluginCache.DiscoverTestExtensions: Discovering the extensions using extension path.
TpTrace Verbose: 0 : 16968, 1, 2022/11/27, 15:53:11.027, 6064560907721, vstest.console.dll, TestPluginCache.GetExtensionPaths: Filtered extension paths: 
TpTrace Verbose: 0 : 16968, 1, 2022/11/27, 15:53:11.027, 6064560909598, vstest.console.dll, TestPluginCache.GetExtensionPaths: Added default extension paths: C:\Program Files\dotnet\sdk\6.0.402\Extensions\Microsoft.Diagnostics.NETCore.Client.dll
C:\Program Files\dotnet\sdk\6.0.402\Extensions\Microsoft.TestPlatform.Extensions.BlameDataCollector.dll
C:\Program Files\dotnet\sdk\6.0.402\Extensions\Microsoft.TestPlatform.Extensions.EventLogCollector.dll
C:\Program Files\dotnet\sdk\6.0.402\Extensions\Microsoft.TestPlatform.TestHostRuntimeProvider.dll
C:\Program Files\dotnet\sdk\6.0.402\Extensions\Microsoft.VisualStudio.TestPlatform.Extensions.Html.TestLogger.dll
C:\Program Files\dotnet\sdk\6.0.402\Extensions\Microsoft.VisualStudio.TestPlatform.Extensions.Trx.TestLogger.dll
TpTrace Verbose: 0 : 16968, 1, 2022/11/27, 15:53:11.028, 6064560911097, vstest.console.dll, TestPluginCache.GetExtensionPaths: Added unfilterableExtensionPaths: 
TpTrace Verbose: 0 : 16968, 1, 2022/11/27, 15:53:11.028, 6064560913181, vstest.console.dll, TestPluginCache.DiscoverTestExtensions: Discovering the extensions using allExtensionPaths: C:\Program Files\dotnet\sdk\6.0.402\Extensions\Microsoft.Diagnostics.NETCore.Client.dll
C:\Program Files\dotnet\sdk\6.0.402\Extensions\Microsoft.TestPlatform.Extensions.BlameDataCollector.dll
C:\Program Files\dotnet\sdk\6.0.402\Extensions\Microsoft.TestPlatform.Extensions.EventLogCollector.dll
C:\Program Files\dotnet\sdk\6.0.402\Extensions\Microsoft.TestPlatform.TestHostRuntimeProvider.dll
C:\Program Files\dotnet\sdk\6.0.402\Extensions\Microsoft.VisualStudio.TestPlatform.Extensions.Html.TestLogger.dll
C:\Program Files\dotnet\sdk\6.0.402\Extensions\Microsoft.VisualStudio.TestPlatform.Extensions.Trx.TestLogger.dll
TpTrace Information: 0 : 16968, 1, 2022/11/27, 15:53:11.028, 6064560916707, vstest.console.dll, AssemblyResolver.AddSearchDirectories: Adding more searchDirectories C:\Program Files\dotnet\sdk\6.0.402\Extensions,C:\Program Files\dotnet\sdk\6.0.402
TpTrace Information: 0 : 16968, 1, 2022/11/27, 15:53:11.029, 6064560923832, vstest.console.dll, AssemblyResolver.AddSearchDirectories: Adding more searchDirectories C:\Program Files\dotnet\sdk\6.0.402\Extensions,C:\Program Files\dotnet\sdk\6.0.402
TpTrace Information: 0 : 16968, 1, 2022/11/27, 15:53:11.029, 6064560925905, vstest.console.dll, AssemblyResolver.AddSearchDirectories: Adding more searchDirectories C:\Program Files\dotnet\sdk\6.0.402\Extensions,C:\Program Files\dotnet\sdk\6.0.402
TpTrace Information: 0 : 16968, 1, 2022/11/27, 15:53:11.029, 6064560927570, vstest.console.dll, AssemblyResolver.AddSearchDirectories: Adding more searchDirectories C:\Program Files\dotnet\sdk\6.0.402\Extensions,C:\Program Files\dotnet\sdk\6.0.402
TpTrace Information: 0 : 16968, 1, 2022/11/27, 15:53:11.029, 6064560929160, vstest.console.dll, AssemblyResolver.AddSearchDirectories: Adding more searchDirectories C:\Program Files\dotnet\sdk\6.0.402\Extensions,C:\Program Files\dotnet\sdk\6.0.402
TpTrace Information: 0 : 16968, 1, 2022/11/27, 15:53:11.030, 6064560930514, vstest.console.dll, AssemblyResolver.AddSearchDirectories: Adding more searchDirectories C:\Program Files\dotnet\sdk\6.0.402\Extensions,C:\Program Files\dotnet\sdk\6.0.402
TpTrace Information: 0 : 16968, 1, 2022/11/27, 15:53:11.030, 6064560936309, vstest.console.dll, AssemblyResolver.OnResolve: Microsoft.Diagnostics.NETCore.Client: Resolving assembly.
TpTrace Information: 0 : 16968, 1, 2022/11/27, 15:53:11.030, 6064560938027, vstest.console.dll, AssemblyResolver.OnResolve: Microsoft.Diagnostics.NETCore.Client: Searching in: 'C:\Program Files\dotnet\sdk\6.0.402\Extensions'.
TpTrace Information: 0 : 16968, 1, 2022/11/27, 15:53:11.032, 6064560954513, vstest.console.dll, AssemblyResolver.OnResolve: Microsoft.Diagnostics.NETCore.Client: Loading assembly 'C:\Program Files\dotnet\sdk\6.0.402\Extensions\Microsoft.Diagnostics.NETCore.Client.dll'.
TpTrace Information: 0 : 16968, 1, 2022/11/27, 15:53:11.033, 6064560966874, vstest.console.dll, AssemblyResolver.OnResolve: Resolved assembly: Microsoft.Diagnostics.NETCore.Client, from path: C:\Program Files\dotnet\sdk\6.0.402\Extensions\Microsoft.Diagnostics.NETCore.Client.dll
TpTrace Verbose: 0 : 16968, 1, 2022/11/27, 15:53:11.039, 6064561020315, vstest.console.dll, MetadataReaderExtensionsHelper: Discovering extensions inside assembly 'Microsoft.Diagnostics.NETCore.Client, Version=0.2.5.801, Culture=neutral, PublicKeyToken=31bf3856ad364e35' file path 'C:\Program Files\dotnet\sdk\6.0.402\Extensions\Microsoft.Diagnostics.NETCore.Client.dll'
TpTrace Information: 0 : 16968, 1, 2022/11/27, 15:53:11.057, 6064561208910, vstest.console.dll, AssemblyResolver.OnResolve: Microsoft.Bcl.AsyncInterfaces: Resolving assembly.
TpTrace Information: 0 : 16968, 1, 2022/11/27, 15:53:11.058, 6064561211880, vstest.console.dll, AssemblyResolver.OnResolve: Microsoft.Bcl.AsyncInterfaces: Searching in: 'C:\Program Files\dotnet\sdk\6.0.402\Extensions'.
TpTrace Information: 0 : 16968, 1, 2022/11/27, 15:53:11.058, 6064561214940, vstest.console.dll, AssemblyResolver.OnResolve: Microsoft.Bcl.AsyncInterfaces: Assembly path does not exist: 'C:\Program Files\dotnet\sdk\6.0.402\Extensions\Microsoft.Bcl.AsyncInterfaces.dll', returning.
TpTrace Information: 0 : 16968, 1, 2022/11/27, 15:53:11.058, 6064561217620, vstest.console.dll, AssemblyResolver.OnResolve: Microsoft.Bcl.AsyncInterfaces: Assembly path does not exist: 'C:\Program Files\dotnet\sdk\6.0.402\Extensions\Microsoft.Bcl.AsyncInterfaces.exe', returning.
TpTrace Information: 0 : 16968, 1, 2022/11/27, 15:53:11.059, 6064561220640, vstest.console.dll, AssemblyResolver.OnResolve: Microsoft.Bcl.AsyncInterfaces: Searching in: 'C:\Program Files\dotnet\sdk\6.0.402'.
TpTrace Information: 0 : 16968, 1, 2022/11/27, 15:53:11.059, 6064561223528, vstest.console.dll, AssemblyResolver.OnResolve: Microsoft.Bcl.AsyncInterfaces: Assembly path does not exist: 'C:\Program Files\dotnet\sdk\6.0.402\Microsoft.Bcl.AsyncInterfaces.dll', returning.
TpTrace Information: 0 : 16968, 1, 2022/11/27, 15:53:11.059, 6064561225530, vstest.console.dll, AssemblyResolver.OnResolve: Microsoft.Bcl.AsyncInterfaces: Assembly path does not exist: 'C:\Program Files\dotnet\sdk\6.0.402\Microsoft.Bcl.AsyncInterfaces.exe', returning.
TpTrace Information: 0 : 16968, 1, 2022/11/27, 15:53:11.059, 6064561227109, vstest.console.dll, AssemblyResolver.OnResolve: Microsoft.Bcl.AsyncInterfaces: Failed to load assembly.
TpTrace Verbose: 0 : 16968, 1, 2022/11/27, 15:53:11.059, 6064561228957, vstest.console.dll, CurrentDomainAssemblyResolve: Resolving assembly 'Microsoft.Bcl.AsyncInterfaces'.
TpTrace Information: 0 : 16968, 1, 2022/11/27, 15:53:11.060, 6064561231941, vstest.console.dll, AssemblyResolver.OnResolve: Microsoft.Bcl.AsyncInterfaces: Resolving assembly.
TpTrace Information: 0 : 16968, 1, 2022/11/27, 15:53:11.060, 6064561233736, vstest.console.dll, AssemblyResolver.OnResolve: Microsoft.Bcl.AsyncInterfaces: Resolved from cache.
TpTrace Verbose: 0 : 16968, 1, 2022/11/27, 15:53:11.060, 6064561235282, vstest.console.dll, CurrentDomainAssemblyResolve: Resolving assembly 'Microsoft.Bcl.AsyncInterfaces'.
TpTrace Verbose: 0 : 16968, 1, 2022/11/27, 15:53:11.060, 6064561236797, vstest.console.dll, CurrentDomainAssemblyResolve: Failed to resolve assembly 'Microsoft.Bcl.AsyncInterfaces'.
TpTrace Verbose: 0 : 16968, 1, 2022/11/27, 15:53:11.061, 6064561246351, vstest.console.dll, CurrentDomainAssemblyResolve: Failed to resolve assembly 'Microsoft.Bcl.AsyncInterfaces'.
TpTrace Warning: 0 : 16968, 1, 2022/11/27, 15:53:11.101, 6064561646901, vstest.console.dll, TestPluginDiscoverer: Failed to get types from assembly 'Microsoft.Diagnostics.NETCore.Client, Version=0.2.5.801, Culture=neutral, PublicKeyToken=31bf3856ad364e35'. Error: System.Reflection.ReflectionTypeLoadException: Unable to load one or more of the requested types.
Could not load file or assembly 'Microsoft.Bcl.AsyncInterfaces, Version=1.0.0.0, Culture=neutral, PublicKeyToken=cc7b13ffcd2ddd51'. The system cannot find the file specified.
   at System.Reflection.RuntimeModule.GetTypes(RuntimeModule module)
   at System.Reflection.Assembly.GetTypes()
   at Microsoft.VisualStudio.TestPlatform.Common.ExtensionFramework.TestPluginDiscoverer.GetTestExtensionsFromAssembly[TPluginInfo,TExtension](Assembly assembly, Dictionary`2 pluginInfos, String filePath)
System.IO.FileNotFoundException: Could not load file or assembly 'Microsoft.Bcl.AsyncInterfaces, Version=1.0.0.0, Culture=neutral, PublicKeyToken=cc7b13ffcd2ddd51'. The system cannot find the file specified.
File name: 'Microsoft.Bcl.AsyncInterfaces, Version=1.0.0.0, Culture=neutral, PublicKeyToken=cc7b13ffcd2ddd51'
 ---> System.IO.FileNotFoundException: Could not load file or assembly 'Microsoft.Bcl.AsyncInterfaces, Culture=neutral, PublicKeyToken=null'. The system cannot find the file specified.
File name: 'Microsoft.Bcl.AsyncInterfaces, Culture=neutral, PublicKeyToken=null'
   at System.Reflection.RuntimeAssembly.InternalLoad(ObjectHandleOnStack assemblyName, ObjectHandleOnStack requestingAssembly, StackCrawlMarkHandle stackMark, Boolean throwOnFileNotFound, ObjectHandleOnStack assemblyLoadContext, ObjectHandleOnStack retAssembly)
   at System.Reflection.RuntimeAssembly.InternalLoad(AssemblyName assemblyName, RuntimeAssembly requestingAssembly, StackCrawlMark& stackMark, Boolean throwOnFileNotFound, AssemblyLoadContext assemblyLoadContext)
   at System.Reflection.Assembly.Load(AssemblyName assemblyRef)
   at Microsoft.VisualStudio.TestPlatform.Common.ExtensionFramework.TestPluginCache.CurrentDomainAssemblyResolve(Object sender, AssemblyResolveEventArgs args)
   at Microsoft.VisualStudio.TestPlatform.PlatformAbstractions.PlatformAssemblyResolver.AssemblyResolverEvent(Object sender, Object eventArgs)
   at System.Runtime.Loader.AssemblyLoadContext.GetFirstResolvedAssemblyFromResolvingEvent(AssemblyName assemblyName)
   at System.Runtime.Loader.AssemblyLoadContext.ResolveUsingEvent(AssemblyName assemblyName)
   at System.Runtime.Loader.AssemblyLoadContext.ResolveUsingResolvingEvent(IntPtr gchManagedAssemblyLoadContext, AssemblyName assemblyName)
TpTrace Warning: 0 : 16968, 1, 2022/11/27, 15:53:11.102, 6064561655754, vstest.console.dll, LoaderExceptions: System.IO.FileNotFoundException: Could not load file or assembly 'Microsoft.Bcl.AsyncInterfaces, Version=1.0.0.0, Culture=neutral, PublicKeyToken=cc7b13ffcd2ddd51'. The system cannot find the file specified.
File name: 'Microsoft.Bcl.AsyncInterfaces, Version=1.0.0.0, Culture=neutral, PublicKeyToken=cc7b13ffcd2ddd51'
 ---> System.IO.FileNotFoundException: Could not load file or assembly 'Microsoft.Bcl.AsyncInterfaces, Culture=neutral, PublicKeyToken=null'. The system cannot find the file specified.
File name: 'Microsoft.Bcl.AsyncInterfaces, Culture=neutral, PublicKeyToken=null'
   at System.Reflection.RuntimeAssembly.InternalLoad(ObjectHandleOnStack assemblyName, ObjectHandleOnStack requestingAssembly, StackCrawlMarkHandle stackMark, Boolean throwOnFileNotFound, ObjectHandleOnStack assemblyLoadContext, ObjectHandleOnStack retAssembly)
   at System.Reflection.RuntimeAssembly.InternalLoad(AssemblyName assemblyName, RuntimeAssembly requestingAssembly, StackCrawlMark& stackMark, Boolean throwOnFileNotFound, AssemblyLoadContext assemblyLoadContext)
   at System.Reflection.Assembly.Load(AssemblyName assemblyRef)
   at Microsoft.VisualStudio.TestPlatform.Common.ExtensionFramework.TestPluginCache.CurrentDomainAssemblyResolve(Object sender, AssemblyResolveEventArgs args)
   at Microsoft.VisualStudio.TestPlatform.PlatformAbstractions.PlatformAssemblyResolver.AssemblyResolverEvent(Object sender, Object eventArgs)
   at System.Runtime.Loader.AssemblyLoadContext.GetFirstResolvedAssemblyFromResolvingEvent(AssemblyName assemblyName)
   at System.Runtime.Loader.AssemblyLoadContext.ResolveUsingEvent(AssemblyName assemblyName)
   at System.Runtime.Loader.AssemblyLoadContext.ResolveUsingResolvingEvent(IntPtr gchManagedAssemblyLoadContext, AssemblyName assemblyName)
TpTrace Information: 0 : 16968, 1, 2022/11/27, 15:53:11.103, 6064561659833, vstest.console.dll, AssemblyResolver.OnResolve: Microsoft.TestPlatform.Extensions.BlameDataCollector: Resolving assembly.
TpTrace Information: 0 : 16968, 1, 2022/11/27, 15:53:11.103, 6064561661716, vstest.console.dll, AssemblyResolver.OnResolve: Microsoft.TestPlatform.Extensions.BlameDataCollector: Searching in: 'C:\Program Files\dotnet\sdk\6.0.402\Extensions'.
TpTrace Information: 0 : 16968, 1, 2022/11/27, 15:53:11.104, 6064561669883, vstest.console.dll, AssemblyResolver.OnResolve: Microsoft.TestPlatform.Extensions.BlameDataCollector: Loading assembly 'C:\Program Files\dotnet\sdk\6.0.402\Extensions\Microsoft.TestPlatform.Extensions.BlameDataCollector.dll'.
TpTrace Information: 0 : 16968, 1, 2022/11/27, 15:53:11.105, 6064561681990, vstest.console.dll, AssemblyResolver.OnResolve: Resolved assembly: Microsoft.TestPlatform.Extensions.BlameDataCollector, from path: C:\Program Files\dotnet\sdk\6.0.402\Extensions\Microsoft.TestPlatform.Extensions.BlameDataCollector.dll
TpTrace Verbose: 0 : 16968, 1, 2022/11/27, 15:53:11.105, 6064561684571, vstest.console.dll, MetadataReaderExtensionsHelper: Discovering extensions inside assembly 'Microsoft.TestPlatform.Extensions.BlameDataCollector, Version=15.0.0.0, Culture=neutral, PublicKeyToken=b03f5f7f11d50a3a' file path 'C:\Program Files\dotnet\sdk\6.0.402\Extensions\Microsoft.TestPlatform.Extensions.BlameDataCollector.dll'
TpTrace Information: 0 : 16968, 1, 2022/11/27, 15:53:11.108, 6064561712884, vstest.console.dll, AssemblyResolver.OnResolve: Microsoft.TestPlatform.Extensions.EventLogCollector: Resolving assembly.
TpTrace Information: 0 : 16968, 1, 2022/11/27, 15:53:11.108, 6064561715667, vstest.console.dll, AssemblyResolver.OnResolve: Microsoft.TestPlatform.Extensions.EventLogCollector: Searching in: 'C:\Program Files\dotnet\sdk\6.0.402\Extensions'.
TpTrace Information: 0 : 16968, 1, 2022/11/27, 15:53:11.109, 6064561723709, vstest.console.dll, AssemblyResolver.OnResolve: Microsoft.TestPlatform.Extensions.EventLogCollector: Loading assembly 'C:\Program Files\dotnet\sdk\6.0.402\Extensions\Microsoft.TestPlatform.Extensions.EventLogCollector.dll'.
TpTrace Information: 0 : 16968, 1, 2022/11/27, 15:53:11.110, 6064561731647, vstest.console.dll, AssemblyResolver.OnResolve: Resolved assembly: Microsoft.TestPlatform.Extensions.EventLogCollector, from path: C:\Program Files\dotnet\sdk\6.0.402\Extensions\Microsoft.TestPlatform.Extensions.EventLogCollector.dll
TpTrace Verbose: 0 : 16968, 1, 2022/11/27, 15:53:11.110, 6064561733406, vstest.console.dll, MetadataReaderExtensionsHelper: Discovering extensions inside assembly 'Microsoft.TestPlatform.Extensions.EventLogCollector, Version=15.0.0.0, Culture=neutral, PublicKeyToken=b03f5f7f11d50a3a' file path 'C:\Program Files\dotnet\sdk\6.0.402\Extensions\Microsoft.TestPlatform.Extensions.EventLogCollector.dll'
TpTrace Information: 0 : 16968, 1, 2022/11/27, 15:53:11.115, 6064561785437, vstest.console.dll, AssemblyResolver.OnResolve: Microsoft.TestPlatform.TestHostRuntimeProvider: Resolving assembly.
TpTrace Information: 0 : 16968, 1, 2022/11/27, 15:53:11.115, 6064561788349, vstest.console.dll, AssemblyResolver.OnResolve: Microsoft.TestPlatform.TestHostRuntimeProvider: Searching in: 'C:\Program Files\dotnet\sdk\6.0.402\Extensions'.
TpTrace Information: 0 : 16968, 1, 2022/11/27, 15:53:11.116, 6064561796655, vstest.console.dll, AssemblyResolver.OnResolve: Microsoft.TestPlatform.TestHostRuntimeProvider: Loading assembly 'C:\Program Files\dotnet\sdk\6.0.402\Extensions\Microsoft.TestPlatform.TestHostRuntimeProvider.dll'.
TpTrace Information: 0 : 16968, 1, 2022/11/27, 15:53:11.118, 6064561809830, vstest.console.dll, AssemblyResolver.OnResolve: Resolved assembly: Microsoft.TestPlatform.TestHostRuntimeProvider, from path: C:\Program Files\dotnet\sdk\6.0.402\Extensions\Microsoft.TestPlatform.TestHostRuntimeProvider.dll
TpTrace Verbose: 0 : 16968, 1, 2022/11/27, 15:53:11.118, 6064561812834, vstest.console.dll, MetadataReaderExtensionsHelper: Discovering extensions inside assembly 'Microsoft.TestPlatform.TestHostRuntimeProvider, Version=15.0.0.0, Culture=neutral, PublicKeyToken=b03f5f7f11d50a3a' file path 'C:\Program Files\dotnet\sdk\6.0.402\Extensions\Microsoft.TestPlatform.TestHostRuntimeProvider.dll'
TpTrace Information: 0 : 16968, 1, 2022/11/27, 15:53:11.122, 6064561858693, vstest.console.dll, GetTestExtensionFromType: Register extension with identifier data 'HostProvider://DefaultTestHost' and type 'Microsoft.VisualStudio.TestPlatform.CrossPlatEngine.Hosting.DefaultTestHostManager, Microsoft.TestPlatform.TestHostRuntimeProvider, Version=15.0.0.0, Culture=neutral, PublicKeyToken=b03f5f7f11d50a3a' inside file 'C:\Program Files\dotnet\sdk\6.0.402\Extensions\Microsoft.TestPlatform.TestHostRuntimeProvider.dll'
TpTrace Information: 0 : 16968, 1, 2022/11/27, 15:53:11.124, 6064561870082, vstest.console.dll, GetTestExtensionFromType: Register extension with identifier data 'HostProvider://DotnetTestHost' and type 'Microsoft.VisualStudio.TestPlatform.CrossPlatEngine.Hosting.DotnetTestHostManager, Microsoft.TestPlatform.TestHostRuntimeProvider, Version=15.0.0.0, Culture=neutral, PublicKeyToken=b03f5f7f11d50a3a' inside file 'C:\Program Files\dotnet\sdk\6.0.402\Extensions\Microsoft.TestPlatform.TestHostRuntimeProvider.dll'
TpTrace Information: 0 : 16968, 1, 2022/11/27, 15:53:11.124, 6064561874737, vstest.console.dll, AssemblyResolver.OnResolve: Microsoft.VisualStudio.TestPlatform.Extensions.Html.TestLogger: Resolving assembly.
TpTrace Information: 0 : 16968, 1, 2022/11/27, 15:53:11.124, 6064561877045, vstest.console.dll, AssemblyResolver.OnResolve: Microsoft.VisualStudio.TestPlatform.Extensions.Html.TestLogger: Searching in: 'C:\Program Files\dotnet\sdk\6.0.402\Extensions'.
TpTrace Information: 0 : 16968, 1, 2022/11/27, 15:53:11.125, 6064561887289, vstest.console.dll, AssemblyResolver.OnResolve: Microsoft.VisualStudio.TestPlatform.Extensions.Html.TestLogger: Loading assembly 'C:\Program Files\dotnet\sdk\6.0.402\Extensions\Microsoft.VisualStudio.TestPlatform.Extensions.Html.TestLogger.dll'.
TpTrace Information: 0 : 16968, 1, 2022/11/27, 15:53:11.128, 6064561916017, vstest.console.dll, AssemblyResolver.OnResolve: Resolved assembly: Microsoft.VisualStudio.TestPlatform.Extensions.Html.TestLogger, from path: C:\Program Files\dotnet\sdk\6.0.402\Extensions\Microsoft.VisualStudio.TestPlatform.Extensions.Html.TestLogger.dll
TpTrace Verbose: 0 : 16968, 1, 2022/11/27, 15:53:11.128, 6064561918961, vstest.console.dll, MetadataReaderExtensionsHelper: Discovering extensions inside assembly 'Microsoft.VisualStudio.TestPlatform.Extensions.Html.TestLogger, Version=15.0.0.0, Culture=neutral, PublicKeyToken=b03f5f7f11d50a3a' file path 'C:\Program Files\dotnet\sdk\6.0.402\Extensions\Microsoft.VisualStudio.TestPlatform.Extensions.Html.TestLogger.dll'
TpTrace Information: 0 : 16968, 1, 2022/11/27, 15:53:11.130, 6064561934478, vstest.console.dll, AssemblyResolver.OnResolve: Microsoft.VisualStudio.TestPlatform.Extensions.Trx.TestLogger: Resolving assembly.
TpTrace Information: 0 : 16968, 1, 2022/11/27, 15:53:11.130, 6064561937238, vstest.console.dll, AssemblyResolver.OnResolve: Microsoft.VisualStudio.TestPlatform.Extensions.Trx.TestLogger: Searching in: 'C:\Program Files\dotnet\sdk\6.0.402\Extensions'.
TpTrace Information: 0 : 16968, 1, 2022/11/27, 15:53:11.131, 6064561946503, vstest.console.dll, AssemblyResolver.OnResolve: Microsoft.VisualStudio.TestPlatform.Extensions.Trx.TestLogger: Loading assembly 'C:\Program Files\dotnet\sdk\6.0.402\Extensions\Microsoft.VisualStudio.TestPlatform.Extensions.Trx.TestLogger.dll'.
TpTrace Information: 0 : 16968, 1, 2022/11/27, 15:53:11.133, 6064561959845, vstest.console.dll, AssemblyResolver.OnResolve: Resolved assembly: Microsoft.VisualStudio.TestPlatform.Extensions.Trx.TestLogger, from path: C:\Program Files\dotnet\sdk\6.0.402\Extensions\Microsoft.VisualStudio.TestPlatform.Extensions.Trx.TestLogger.dll
TpTrace Verbose: 0 : 16968, 1, 2022/11/27, 15:53:11.133, 6064561962644, vstest.console.dll, MetadataReaderExtensionsHelper: Discovering extensions inside assembly 'Microsoft.VisualStudio.TestPlatform.Extensions.Trx.TestLogger, Version=15.0.0.0, Culture=neutral, PublicKeyToken=b03f5f7f11d50a3a' file path 'C:\Program Files\dotnet\sdk\6.0.402\Extensions\Microsoft.VisualStudio.TestPlatform.Extensions.Trx.TestLogger.dll'
TpTrace Verbose: 0 : 16968, 1, 2022/11/27, 15:53:11.135, 6064561981044, vstest.console.dll, TestPluginCache: Discovered the extensions using extension path ''.
TpTrace Verbose: 0 : 16968, 1, 2022/11/27, 15:53:11.135, 6064561983578, vstest.console.dll, TestPluginCache: Discoverers are ''.
TpTrace Verbose: 0 : 16968, 1, 2022/11/27, 15:53:11.135, 6064561985262, vstest.console.dll, TestPluginCache: Executors are ''.
TpTrace Verbose: 0 : 16968, 1, 2022/11/27, 15:53:11.135, 6064561986906, vstest.console.dll, TestPluginCache: Executors2 are ''.
TpTrace Verbose: 0 : 16968, 1, 2022/11/27, 15:53:11.135, 6064561988468, vstest.console.dll, TestPluginCache: Setting providers are ''.
TpTrace Verbose: 0 : 16968, 1, 2022/11/27, 15:53:11.136, 6064561990046, vstest.console.dll, TestPluginCache: Loggers are ''.
TpTrace Verbose: 0 : 16968, 1, 2022/11/27, 15:53:11.136, 6064561994095, vstest.console.dll, TestPluginCache: TestHosts are 'HostProvider://DefaultTestHost,HostProvider://DotnetTestHost'.
TpTrace Verbose: 0 : 16968, 1, 2022/11/27, 15:53:11.136, 6064561996049, vstest.console.dll, TestPluginCache: DataCollectors are ''.
TpTrace Information: 0 : 16968, 1, 2022/11/27, 15:53:11.154, 6064562174064, vstest.console.dll, RunTestsArgumentProcessor:Execute: Test run is starting.
TpTrace Verbose: 0 : 16968, 1, 2022/11/27, 15:53:11.154, 6064562176765, vstest.console.dll, RunTestsArgumentProcessor:Execute: Queuing Test run.
TpTrace Information: 0 : 16968, 1, 2022/11/27, 15:53:11.155, 6064562182691, vstest.console.dll, TestRequestManager.RunTests: run tests started.
TpTrace Information: 0 : 16968, 1, 2022/11/27, 15:53:11.157, 6064562205147, vstest.console.dll, AssemblyMetadataProvider.GetFrameworkName: Determined framework:'.NETCoreApp,Version=v3.1' for source: 'C:\Users\ddian\source\repos\SoftUni\CSharpOOP\UnitTestingExercise\Database\FightingArena.Tests\bin\Debug\netcoreapp3.1\fine-code-coverage\build-output\FightingArena.Tests.dll'
TpTrace Information: 0 : 16968, 1, 2022/11/27, 15:53:11.157, 6064562208549, vstest.console.dll, Determined framework for all sources: .NETCoreApp,Version=v3.1
TpTrace Verbose: 0 : 16968, 1, 2022/11/27, 15:53:11.158, 6064562216271, vstest.console.dll, TestRequestManager.UpdateRunSettingsIfRequired: Default architecture: X64 IsDefaultTargetArchitecture: True, Current process architecture: X64 OperatingSystem: Windows.
TpTrace Information: 0 : 16968, 1, 2022/11/27, 15:53:11.161, 6064562245731, vstest.console.dll, AssemblyMetadataProvider.GetArchitecture: Determined architecture:AnyCPU info for assembly: C:\Users\ddian\source\repos\SoftUni\CSharpOOP\UnitTestingExercise\Database\FightingArena.Tests\bin\Debug\netcoreapp3.1\fine-code-coverage\build-output\FightingArena.Tests.dll
TpTrace Information: 0 : 16968, 1, 2022/11/27, 15:53:11.161, 6064562247528, vstest.console.dll, Determined platform for source 'C:\Users\ddian\source\repos\SoftUni\CSharpOOP\UnitTestingExercise\Database\FightingArena.Tests\bin\Debug\netcoreapp3.1\fine-code-coverage\build-output\FightingArena.Tests.dll' was AnyCPU and it will use the default plaform X64.
TpTrace Information: 0 : 16968, 1, 2022/11/27, 15:53:11.161, 6064562248740, vstest.console.dll, None of the sources provided any runnable platform, using the default platform: X64
TpTrace Information: 0 : 16968, 1, 2022/11/27, 15:53:11.162, 6064562250598, vstest.console.dll, Platform was updated to 'X64'.
TpTrace Information: 0 : 16968, 1, 2022/11/27, 15:53:11.166, 6064562290999, vstest.console.dll, InferRunSettingsHelper.IsTestSettingsEnabled: Unable to navigate to RunSettings/MSTest. Current node: RunSettings
TpTrace Information: 0 : 16968, 1, 2022/11/27, 15:53:11.167, 6064562300324, vstest.console.dll, AssemblyResolver.OnResolve: Microsoft.VisualStudio.TestPlatform.Fakes: Resolving assembly.
TpTrace Information: 0 : 16968, 1, 2022/11/27, 15:53:11.167, 6064562302647, vstest.console.dll, AssemblyResolver.OnResolve: Microsoft.VisualStudio.TestPlatform.Fakes: Searching in: 'C:\Program Files\dotnet\sdk\6.0.402\Extensions'.
TpTrace Information: 0 : 16968, 1, 2022/11/27, 15:53:11.167, 6064562304784, vstest.console.dll, AssemblyResolver.OnResolve: Microsoft.VisualStudio.TestPlatform.Fakes: Assembly path does not exist: 'C:\Program Files\dotnet\sdk\6.0.402\Extensions\Microsoft.VisualStudio.TestPlatform.Fakes.dll', returning.
TpTrace Information: 0 : 16968, 1, 2022/11/27, 15:53:11.167, 6064562306337, vstest.console.dll, AssemblyResolver.OnResolve: Microsoft.VisualStudio.TestPlatform.Fakes: Assembly path does not exist: 'C:\Program Files\dotnet\sdk\6.0.402\Extensions\Microsoft.VisualStudio.TestPlatform.Fakes.exe', returning.
TpTrace Information: 0 : 16968, 1, 2022/11/27, 15:53:11.167, 6064562307448, vstest.console.dll, AssemblyResolver.OnResolve: Microsoft.VisualStudio.TestPlatform.Fakes: Searching in: 'C:\Program Files\dotnet\sdk\6.0.402'.
TpTrace Information: 0 : 16968, 1, 2022/11/27, 15:53:11.167, 6064562308943, vstest.console.dll, AssemblyResolver.OnResolve: Microsoft.VisualStudio.TestPlatform.Fakes: Assembly path does not exist: 'C:\Program Files\dotnet\sdk\6.0.402\Microsoft.VisualStudio.TestPlatform.Fakes.dll', returning.
TpTrace Information: 0 : 16968, 1, 2022/11/27, 15:53:11.168, 6064562310340, vstest.console.dll, AssemblyResolver.OnResolve: Microsoft.VisualStudio.TestPlatform.Fakes: Assembly path does not exist: 'C:\Program Files\dotnet\sdk\6.0.402\Microsoft.VisualStudio.TestPlatform.Fakes.exe', returning.
TpTrace Information: 0 : 16968, 1, 2022/11/27, 15:53:11.168, 6064562311634, vstest.console.dll, AssemblyResolver.OnResolve: Microsoft.VisualStudio.TestPlatform.Fakes: Failed to load assembly.
TpTrace Information: 0 : 16968, 1, 2022/11/27, 15:53:11.168, 6064562316387, vstest.console.dll, Failed to load assembly Microsoft.VisualStudio.TestPlatform.Fakes, Version=17.0.0.0, Culture=neutral. Reason:System.IO.FileNotFoundException: Could not load file or assembly 'Microsoft.VisualStudio.TestPlatform.Fakes, Version=17.0.0.0, Culture=neutral, PublicKeyToken=null'. The system cannot find the file specified.
File name: 'Microsoft.VisualStudio.TestPlatform.Fakes, Version=17.0.0.0, Culture=neutral, PublicKeyToken=null'
   at System.Reflection.RuntimeAssembly.InternalLoad(ObjectHandleOnStack assemblyName, ObjectHandleOnStack requestingAssembly, StackCrawlMarkHandle stackMark, Boolean throwOnFileNotFound, ObjectHandleOnStack assemblyLoadContext, ObjectHandleOnStack retAssembly)
   at System.Reflection.RuntimeAssembly.InternalLoad(AssemblyName assemblyName, RuntimeAssembly requestingAssembly, StackCrawlMark& stackMark, Boolean throwOnFileNotFound, AssemblyLoadContext assemblyLoadContext)
   at System.Reflection.Assembly.Load(AssemblyName assemblyRef)
   at Microsoft.VisualStudio.TestPlatform.Common.Utilities.FakesUtilities.LoadTestPlatformAssembly()
TpTrace Verbose: 0 : 16968, 1, 2022/11/27, 15:53:11.172, 6064562358658, vstest.console.dll, TestPluginCache.DiscoverTestExtensions: finding test extensions in assemblies ends with: TestLogger.dll TPluginInfo: Microsoft.VisualStudio.TestPlatform.Common.ExtensionFramework.Utilities.TestLoggerPluginInformation TExtension: Microsoft.VisualStudio.TestPlatform.ObjectModel.Client.ITestLogger
TpTrace Verbose: 0 : 16968, 1, 2022/11/27, 15:53:11.173, 6064562361259, vstest.console.dll, TestPluginCache.GetExtensionPaths: Filtered extension paths: 
TpTrace Verbose: 0 : 16968, 1, 2022/11/27, 15:53:11.173, 6064562363146, vstest.console.dll, TestPluginCache.GetExtensionPaths: Added default extension paths: C:\Program Files\dotnet\sdk\6.0.402\Extensions\Microsoft.Diagnostics.NETCore.Client.dll
C:\Program Files\dotnet\sdk\6.0.402\Extensions\Microsoft.TestPlatform.Extensions.BlameDataCollector.dll
C:\Program Files\dotnet\sdk\6.0.402\Extensions\Microsoft.TestPlatform.Extensions.EventLogCollector.dll
C:\Program Files\dotnet\sdk\6.0.402\Extensions\Microsoft.TestPlatform.TestHostRuntimeProvider.dll
C:\Program Files\dotnet\sdk\6.0.402\Extensions\Microsoft.VisualStudio.TestPlatform.Extensions.Html.TestLogger.dll
C:\Program Files\dotnet\sdk\6.0.402\Extensions\Microsoft.VisualStudio.TestPlatform.Extensions.Trx.TestLogger.dll
TpTrace Verbose: 0 : 16968, 1, 2022/11/27, 15:53:11.173, 6064562364836, vstest.console.dll, TestPluginCache.GetExtensionPaths: Added unfilterableExtensionPaths: 
TpTrace Information: 0 : 16968, 1, 2022/11/27, 15:53:11.173, 6064562367923, vstest.console.dll, AssemblyResolver.AddSearchDirectories: Adding more searchDirectories C:\Program Files\dotnet\sdk\6.0.402\Extensions,C:\Program Files\dotnet\sdk\6.0.402
TpTrace Verbose: 0 : 16968, 1, 2022/11/27, 15:53:11.174, 6064562369739, vstest.console.dll, TestPluginCache.DiscoverTestExtensions: Discovering the extensions using extension path.
TpTrace Verbose: 0 : 16968, 1, 2022/11/27, 15:53:11.174, 6064562371685, vstest.console.dll, TestPluginCache.GetExtensionPaths: Filtered extension paths: 
TpTrace Verbose: 0 : 16968, 1, 2022/11/27, 15:53:11.174, 6064562373256, vstest.console.dll, TestPluginCache.GetExtensionPaths: Added default extension paths: C:\Program Files\dotnet\sdk\6.0.402\Extensions\Microsoft.Diagnostics.NETCore.Client.dll
C:\Program Files\dotnet\sdk\6.0.402\Extensions\Microsoft.TestPlatform.Extensions.BlameDataCollector.dll
C:\Program Files\dotnet\sdk\6.0.402\Extensions\Microsoft.TestPlatform.Extensions.EventLogCollector.dll
C:\Program Files\dotnet\sdk\6.0.402\Extensions\Microsoft.TestPlatform.TestHostRuntimeProvider.dll
C:\Program Files\dotnet\sdk\6.0.402\Extensions\Microsoft.VisualStudio.TestPlatform.Extensions.Html.TestLogger.dll
C:\Program Files\dotnet\sdk\6.0.402\Extensions\Microsoft.VisualStudio.TestPlatform.Extensions.Trx.TestLogger.dll
TpTrace Verbose: 0 : 16968, 1, 2022/11/27, 15:53:11.174, 6064562374918, vstest.console.dll, TestPluginCache.GetExtensionPaths: Added unfilterableExtensionPaths: 
TpTrace Verbose: 0 : 16968, 1, 2022/11/27, 15:53:11.174, 6064562376439, vstest.console.dll, TestPluginCache.DiscoverTestExtensions: Discovering the extensions using allExtensionPaths: C:\Program Files\dotnet\sdk\6.0.402\Extensions\Microsoft.Diagnostics.NETCore.Client.dll
C:\Program Files\dotnet\sdk\6.0.402\Extensions\Microsoft.TestPlatform.Extensions.BlameDataCollector.dll
C:\Program Files\dotnet\sdk\6.0.402\Extensions\Microsoft.TestPlatform.Extensions.EventLogCollector.dll
C:\Program Files\dotnet\sdk\6.0.402\Extensions\Microsoft.TestPlatform.TestHostRuntimeProvider.dll
C:\Program Files\dotnet\sdk\6.0.402\Extensions\Microsoft.VisualStudio.TestPlatform.Extensions.Html.TestLogger.dll
C:\Program Files\dotnet\sdk\6.0.402\Extensions\Microsoft.VisualStudio.TestPlatform.Extensions.Trx.TestLogger.dll
TpTrace Information: 0 : 16968, 1, 2022/11/27, 15:53:11.174, 6064562378164, vstest.console.dll, AssemblyResolver.AddSearchDirectories: Adding more searchDirectories C:\Program Files\dotnet\sdk\6.0.402\Extensions,C:\Program Files\dotnet\sdk\6.0.402
TpTrace Information: 0 : 16968, 1, 2022/11/27, 15:53:11.175, 6064562379779, vstest.console.dll, AssemblyResolver.AddSearchDirectories: Adding more searchDirectories C:\Program Files\dotnet\sdk\6.0.402\Extensions,C:\Program Files\dotnet\sdk\6.0.402
TpTrace Information: 0 : 16968, 1, 2022/11/27, 15:53:11.175, 6064562381333, vstest.console.dll, AssemblyResolver.AddSearchDirectories: Adding more searchDirectories C:\Program Files\dotnet\sdk\6.0.402\Extensions,C:\Program Files\dotnet\sdk\6.0.402
TpTrace Information: 0 : 16968, 1, 2022/11/27, 15:53:11.175, 6064562382960, vstest.console.dll, AssemblyResolver.AddSearchDirectories: Adding more searchDirectories C:\Program Files\dotnet\sdk\6.0.402\Extensions,C:\Program Files\dotnet\sdk\6.0.402
TpTrace Information: 0 : 16968, 1, 2022/11/27, 15:53:11.175, 6064562384734, vstest.console.dll, AssemblyResolver.AddSearchDirectories: Adding more searchDirectories C:\Program Files\dotnet\sdk\6.0.402\Extensions,C:\Program Files\dotnet\sdk\6.0.402
TpTrace Information: 0 : 16968, 1, 2022/11/27, 15:53:11.175, 6064562385920, vstest.console.dll, AssemblyResolver.AddSearchDirectories: Adding more searchDirectories C:\Program Files\dotnet\sdk\6.0.402\Extensions,C:\Program Files\dotnet\sdk\6.0.402
TpTrace Verbose: 0 : 16968, 1, 2022/11/27, 15:53:11.175, 6064562388361, vstest.console.dll, MetadataReaderExtensionsHelper: Discovering extensions inside assembly 'Microsoft.Diagnostics.NETCore.Client, Version=0.2.5.801, Culture=neutral, PublicKeyToken=31bf3856ad364e35' file path 'C:\Program Files\dotnet\sdk\6.0.402\Extensions\Microsoft.Diagnostics.NETCore.Client.dll'
TpTrace Information: 0 : 16968, 1, 2022/11/27, 15:53:11.176, 6064562398897, vstest.console.dll, AssemblyResolver.OnResolve: Microsoft.Bcl.AsyncInterfaces: Resolving assembly.
TpTrace Information: 0 : 16968, 1, 2022/11/27, 15:53:11.177, 6064562401329, vstest.console.dll, AssemblyResolver.OnResolve: Microsoft.Bcl.AsyncInterfaces: Resolved from cache.
TpTrace Verbose: 0 : 16968, 1, 2022/11/27, 15:53:11.177, 6064562408892, vstest.console.dll, CurrentDomainAssemblyResolve: Resolving assembly 'Microsoft.Bcl.AsyncInterfaces'.
TpTrace Information: 0 : 16968, 1, 2022/11/27, 15:53:11.178, 6064562412338, vstest.console.dll, AssemblyResolver.OnResolve: Microsoft.Bcl.AsyncInterfaces: Resolving assembly.
TpTrace Information: 0 : 16968, 1, 2022/11/27, 15:53:11.178, 6064562413965, vstest.console.dll, AssemblyResolver.OnResolve: Microsoft.Bcl.AsyncInterfaces: Resolved from cache.
TpTrace Verbose: 0 : 16968, 1, 2022/11/27, 15:53:11.178, 6064562415167, vstest.console.dll, CurrentDomainAssemblyResolve: Resolving assembly 'Microsoft.Bcl.AsyncInterfaces'.
TpTrace Verbose: 0 : 16968, 1, 2022/11/27, 15:53:11.178, 6064562416237, vstest.console.dll, CurrentDomainAssemblyResolve: Failed to resolve assembly 'Microsoft.Bcl.AsyncInterfaces'.
TpTrace Verbose: 0 : 16968, 1, 2022/11/27, 15:53:11.179, 6064562420382, vstest.console.dll, CurrentDomainAssemblyResolve: Failed to resolve assembly 'Microsoft.Bcl.AsyncInterfaces'.
TpTrace Warning: 0 : 16968, 1, 2022/11/27, 15:53:11.179, 6064562426630, vstest.console.dll, TestPluginDiscoverer: Failed to get types from assembly 'Microsoft.Diagnostics.NETCore.Client, Version=0.2.5.801, Culture=neutral, PublicKeyToken=31bf3856ad364e35'. Error: System.Reflection.ReflectionTypeLoadException: Unable to load one or more of the requested types.
Could not load file or assembly 'Microsoft.Bcl.AsyncInterfaces, Version=1.0.0.0, Culture=neutral, PublicKeyToken=cc7b13ffcd2ddd51'. The system cannot find the file specified.
   at System.Reflection.RuntimeModule.GetTypes(RuntimeModule module)
   at System.Reflection.Assembly.GetTypes()
   at Microsoft.VisualStudio.TestPlatform.Common.ExtensionFramework.TestPluginDiscoverer.GetTestExtensionsFromAssembly[TPluginInfo,TExtension](Assembly assembly, Dictionary`2 pluginInfos, String filePath)
System.IO.FileNotFoundException: Could not load file or assembly 'Microsoft.Bcl.AsyncInterfaces, Version=1.0.0.0, Culture=neutral, PublicKeyToken=cc7b13ffcd2ddd51'. The system cannot find the file specified.
File name: 'Microsoft.Bcl.AsyncInterfaces, Version=1.0.0.0, Culture=neutral, PublicKeyToken=cc7b13ffcd2ddd51'
 ---> System.IO.FileNotFoundException: Could not load file or assembly 'Microsoft.Bcl.AsyncInterfaces, Culture=neutral, PublicKeyToken=null'. The system cannot find the file specified.
File name: 'Microsoft.Bcl.AsyncInterfaces, Culture=neutral, PublicKeyToken=null'
   at System.Reflection.RuntimeAssembly.InternalLoad(ObjectHandleOnStack assemblyName, ObjectHandleOnStack requestingAssembly, StackCrawlMarkHandle stackMark, Boolean throwOnFileNotFound, ObjectHandleOnStack assemblyLoadContext, ObjectHandleOnStack retAssembly)
   at System.Reflection.RuntimeAssembly.InternalLoad(AssemblyName assemblyName, RuntimeAssembly requestingAssembly, StackCrawlMark& stackMark, Boolean throwOnFileNotFound, AssemblyLoadContext assemblyLoadContext)
   at System.Reflection.Assembly.Load(AssemblyName assemblyRef)
   at Microsoft.VisualStudio.TestPlatform.Common.ExtensionFramework.TestPluginCache.CurrentDomainAssemblyResolve(Object sender, AssemblyResolveEventArgs args)
   at Microsoft.VisualStudio.TestPlatform.PlatformAbstractions.PlatformAssemblyResolver.AssemblyResolverEvent(Object sender, Object eventArgs)
   at System.Runtime.Loader.AssemblyLoadContext.GetFirstResolvedAssemblyFromResolvingEvent(AssemblyName assemblyName)
   at System.Runtime.Loader.AssemblyLoadContext.ResolveUsingEvent(AssemblyName assemblyName)
   at System.Runtime.Loader.AssemblyLoadContext.ResolveUsingResolvingEvent(IntPtr gchManagedAssemblyLoadContext, AssemblyName assemblyName)
TpTrace Warning: 0 : 16968, 1, 2022/11/27, 15:53:11.180, 6064562430033, vstest.console.dll, LoaderExceptions: System.IO.FileNotFoundException: Could not load file or assembly 'Microsoft.Bcl.AsyncInterfaces, Version=1.0.0.0, Culture=neutral, PublicKeyToken=cc7b13ffcd2ddd51'. The system cannot find the file specified.
File name: 'Microsoft.Bcl.AsyncInterfaces, Version=1.0.0.0, Culture=neutral, PublicKeyToken=cc7b13ffcd2ddd51'
 ---> System.IO.FileNotFoundException: Could not load file or assembly 'Microsoft.Bcl.AsyncInterfaces, Culture=neutral, PublicKeyToken=null'. The system cannot find the file specified.
File name: 'Microsoft.Bcl.AsyncInterfaces, Culture=neutral, PublicKeyToken=null'
   at System.Reflection.RuntimeAssembly.InternalLoad(ObjectHandleOnStack assemblyName, ObjectHandleOnStack requestingAssembly, StackCrawlMarkHandle stackMark, Boolean throwOnFileNotFound, ObjectHandleOnStack assemblyLoadContext, ObjectHandleOnStack retAssembly)
   at System.Reflection.RuntimeAssembly.InternalLoad(AssemblyName assemblyName, RuntimeAssembly requestingAssembly, StackCrawlMark& stackMark, Boolean throwOnFileNotFound, AssemblyLoadContext assemblyLoadContext)
   at System.Reflection.Assembly.Load(AssemblyName assemblyRef)
   at Microsoft.VisualStudio.TestPlatform.Common.ExtensionFramework.TestPluginCache.CurrentDomainAssemblyResolve(Object sender, AssemblyResolveEventArgs args)
   at Microsoft.VisualStudio.TestPlatform.PlatformAbstractions.PlatformAssemblyResolver.AssemblyResolverEvent(Object sender, Object eventArgs)
   at System.Runtime.Loader.AssemblyLoadContext.GetFirstResolvedAssemblyFromResolvingEvent(AssemblyName assemblyName)
   at System.Runtime.Loader.AssemblyLoadContext.ResolveUsingEvent(AssemblyName assemblyName)
   at System.Runtime.Loader.AssemblyLoadContext.ResolveUsingResolvingEvent(IntPtr gchManagedAssemblyLoadContext, AssemblyName assemblyName)
TpTrace Verbose: 0 : 16968, 1, 2022/11/27, 15:53:11.180, 6064562432245, vstest.console.dll, MetadataReaderExtensionsHelper: Discovering extensions inside assembly 'Microsoft.TestPlatform.Extensions.BlameDataCollector, Version=15.0.0.0, Culture=neutral, PublicKeyToken=b03f5f7f11d50a3a' file path 'C:\Program Files\dotnet\sdk\6.0.402\Extensions\Microsoft.TestPlatform.Extensions.BlameDataCollector.dll'
TpTrace Information: 0 : 16968, 1, 2022/11/27, 15:53:11.181, 6064562441681, vstest.console.dll, GetTestExtensionFromType: Register extension with identifier data 'logger://Microsoft/TestPlatform/Extensions/Blame/v1' and type 'Microsoft.TestPlatform.Extensions.BlameDataCollector.BlameLogger, Microsoft.TestPlatform.Extensions.BlameDataCollector, Version=15.0.0.0, Culture=neutral, PublicKeyToken=b03f5f7f11d50a3a' inside file 'C:\Program Files\dotnet\sdk\6.0.402\Extensions\Microsoft.TestPlatform.Extensions.BlameDataCollector.dll'
TpTrace Verbose: 0 : 16968, 1, 2022/11/27, 15:53:11.181, 6064562444153, vstest.console.dll, MetadataReaderExtensionsHelper: Discovering extensions inside assembly 'Microsoft.TestPlatform.Extensions.EventLogCollector, Version=15.0.0.0, Culture=neutral, PublicKeyToken=b03f5f7f11d50a3a' file path 'C:\Program Files\dotnet\sdk\6.0.402\Extensions\Microsoft.TestPlatform.Extensions.EventLogCollector.dll'
TpTrace Verbose: 0 : 16968, 1, 2022/11/27, 15:53:11.182, 6064562452037, vstest.console.dll, MetadataReaderExtensionsHelper: Discovering extensions inside assembly 'Microsoft.TestPlatform.TestHostRuntimeProvider, Version=15.0.0.0, Culture=neutral, PublicKeyToken=b03f5f7f11d50a3a' file path 'C:\Program Files\dotnet\sdk\6.0.402\Extensions\Microsoft.TestPlatform.TestHostRuntimeProvider.dll'
TpTrace Verbose: 0 : 16968, 1, 2022/11/27, 15:53:11.183, 6064562460286, vstest.console.dll, MetadataReaderExtensionsHelper: Discovering extensions inside assembly 'Microsoft.VisualStudio.TestPlatform.Extensions.Html.TestLogger, Version=15.0.0.0, Culture=neutral, PublicKeyToken=b03f5f7f11d50a3a' file path 'C:\Program Files\dotnet\sdk\6.0.402\Extensions\Microsoft.VisualStudio.TestPlatform.Extensions.Html.TestLogger.dll'
TpTrace Information: 0 : 16968, 1, 2022/11/27, 15:53:11.184, 6064562472515, vstest.console.dll, GetTestExtensionFromType: Register extension with identifier data 'logger://Microsoft/TestPlatform/HtmlLogger/v1' and type 'Microsoft.VisualStudio.TestPlatform.Extensions.HtmlLogger.HtmlLogger, Microsoft.VisualStudio.TestPlatform.Extensions.Html.TestLogger, Version=15.0.0.0, Culture=neutral, PublicKeyToken=b03f5f7f11d50a3a' inside file 'C:\Program Files\dotnet\sdk\6.0.402\Extensions\Microsoft.VisualStudio.TestPlatform.Extensions.Html.TestLogger.dll'
TpTrace Verbose: 0 : 16968, 1, 2022/11/27, 15:53:11.184, 6064562475286, vstest.console.dll, MetadataReaderExtensionsHelper: Discovering extensions inside assembly 'Microsoft.VisualStudio.TestPlatform.Extensions.Trx.TestLogger, Version=15.0.0.0, Culture=neutral, PublicKeyToken=b03f5f7f11d50a3a' file path 'C:\Program Files\dotnet\sdk\6.0.402\Extensions\Microsoft.VisualStudio.TestPlatform.Extensions.Trx.TestLogger.dll'
TpTrace Information: 0 : 16968, 1, 2022/11/27, 15:53:11.185, 6064562487628, vstest.console.dll, GetTestExtensionFromType: Register extension with identifier data 'logger://Microsoft/TestPlatform/TrxLogger/v1' and type 'Microsoft.VisualStudio.TestPlatform.Extensions.TrxLogger.TrxLogger, Microsoft.VisualStudio.TestPlatform.Extensions.Trx.TestLogger, Version=15.0.0.0, Culture=neutral, PublicKeyToken=b03f5f7f11d50a3a' inside file 'C:\Program Files\dotnet\sdk\6.0.402\Extensions\Microsoft.VisualStudio.TestPlatform.Extensions.Trx.TestLogger.dll'
TpTrace Verbose: 0 : 16968, 1, 2022/11/27, 15:53:11.186, 6064562490520, vstest.console.dll, TestPluginCache: Discovered the extensions using extension path ''.
TpTrace Verbose: 0 : 16968, 1, 2022/11/27, 15:53:11.186, 6064562492615, vstest.console.dll, TestPluginCache: Discoverers are ''.
TpTrace Verbose: 0 : 16968, 1, 2022/11/27, 15:53:11.186, 6064562494170, vstest.console.dll, TestPluginCache: Executors are ''.
TpTrace Verbose: 0 : 16968, 1, 2022/11/27, 15:53:11.186, 6064562495432, vstest.console.dll, TestPluginCache: Executors2 are ''.
TpTrace Verbose: 0 : 16968, 1, 2022/11/27, 15:53:11.186, 6064562496510, vstest.console.dll, TestPluginCache: Setting providers are ''.
TpTrace Verbose: 0 : 16968, 1, 2022/11/27, 15:53:11.186, 6064562499064, vstest.console.dll, TestPluginCache: Loggers are 'logger://Microsoft/TestPlatform/Extensions/Blame/v1,logger://Microsoft/TestPlatform/HtmlLogger/v1,logger://Microsoft/TestPlatform/TrxLogger/v1'.
TpTrace Verbose: 0 : 16968, 1, 2022/11/27, 15:53:11.187, 6064562501495, vstest.console.dll, TestPluginCache: TestHosts are 'HostProvider://DefaultTestHost,HostProvider://DotnetTestHost'.
TpTrace Verbose: 0 : 16968, 1, 2022/11/27, 15:53:11.188, 6064562511326, vstest.console.dll, TestPluginCache: DataCollectors are ''.
TpTrace Information: 0 : 16968, 1, 2022/11/27, 15:53:11.189, 6064562520506, vstest.console.dll, TestPluginManager.CreateTestExtension: Attempting to load test extension: Microsoft.TestPlatform.Extensions.BlameDataCollector.BlameLogger
TpTrace Verbose: 0 : 16968, 1, 2022/11/27, 15:53:11.196, 6064562597411, vstest.console.dll, TestEngine: Initializing Parallel Execution as MaxCpuCount is set to: 1
TpTrace Information: 0 : 16968, 1, 2022/11/27, 15:53:11.201, 6064562644240, vstest.console.dll, TestPluginManager.CreateTestExtension: Attempting to load test extension: Microsoft.VisualStudio.TestPlatform.CrossPlatEngine.Hosting.DefaultTestHostManager
TpTrace Information: 0 : 16968, 1, 2022/11/27, 15:53:11.203, 6064562663456, vstest.console.dll, TestPluginManager.CreateTestExtension: Attempting to load test extension: Microsoft.VisualStudio.TestPlatform.CrossPlatEngine.Hosting.DotnetTestHostManager
TpTrace Information: 0 : 16968, 1, 2022/11/27, 15:53:11.204, 6064562673417, vstest.console.dll, InferRunSettingsHelper.IsTestSettingsEnabled: Unable to navigate to RunSettings/MSTest. Current node: RunSettings
TpTrace Verbose: 0 : 16968, 1, 2022/11/27, 15:53:11.212, 6064562750251, vstest.console.dll, TestEngine.GetExecutionManager: Chosen execution manager 'Microsoft.VisualStudio.TestPlatform.CrossPlatEngine.Client.Parallel.ParallelProxyExecutionManager, Microsoft.TestPlatform.CrossPlatEngine, Version=15.0.0.0, Culture=neutral, PublicKeyToken=b03f5f7f11d50a3a' ParallelLevel '1'.
TpTrace Verbose: 0 : 16968, 1, 2022/11/27, 15:53:11.212, 6064562753815, vstest.console.dll, TestRunRequest.ExecuteAsync: Creating test run request.
TpTrace Verbose: 0 : 16968, 1, 2022/11/27, 15:53:11.212, 6064562758436, vstest.console.dll, TestRunRequest.ExecuteAsync: Starting.
TpTrace Information: 0 : 16968, 1, 2022/11/27, 15:53:11.213, 6064562764763, vstest.console.dll, TestRunRequest.ExecuteAsync: Starting run with settings:TestRunCriteria:
   KeepAlive=False,FrequencyOfRunStatsChangeEvent=10,RunStatsChangeEventTimeout=00:00:01.5000000,TestCaseFilter=,TestExecutorLauncher=
   Settingsxml=<RunSettings>
  <RunConfiguration>
    <ResultsDirectory>C:\Users\ddian\source\repos\SoftUni\CSharpOOP\UnitTestingExercise\Database\FightingArena.Tests\bin\Debug\netcoreapp3.1\fine-code-coverage\coverage-tool-output</ResultsDirectory>
    <TargetPlatform>X64</TargetPlatform>
    <TargetFrameworkVersion>.NETCoreApp,Version=v3.1</TargetFrameworkVersion>
    <DesignMode>False</DesignMode>
    <CollectSourceInformation>False</CollectSourceInformation>
  </RunConfiguration>
  <LoggerRunSettings>
    <Loggers>
      <Logger friendlyName="blame" enabled="True" />
      <Logger friendlyName="Console" uri="logger://microsoft/TestPlatform/ConsoleLogger/v1" assemblyQualifiedName="Microsoft.VisualStudio.TestPlatform.CommandLine.Internal.ConsoleLogger, vstest.console, Version=15.0.0.0, Culture=neutral, PublicKeyToken=b03f5f7f11d50a3a" codeBase="C:\Program Files\dotnet\sdk\6.0.402\vstest.console.dll" enabled="True" />
    </Loggers>
  </LoggerRunSettings>
  <DataCollectionRunSettings>
    <DataCollectors>
      <DataCollector friendlyName="blame" enabled="True">
        <Configuration>
          <ResultsDirectory>C:\Users\ddian\source\repos\SoftUni\CSharpOOP\UnitTestingExercise\Database\FightingArena.Tests\bin\Debug\netcoreapp3.1\fine-code-coverage\coverage-tool-output</ResultsDirectory>
        </Configuration>
      </DataCollector>
    </DataCollectors>
  </DataCollectionRunSettings>
</RunSettings>

TpTrace Verbose: 0 : 16968, 1, 2022/11/27, 15:53:11.213, 6064562766923, vstest.console.dll, TestRunRequest.ExecuteAsync: Wait for the first run request is over.
TpTrace Verbose: 0 : 16968, 1, 2022/11/27, 15:53:11.214, 6064562773231, vstest.console.dll, MulticastDelegateUtilities.SafeInvoke: TestRun.TestRunStart: Invoking callbacks was skipped because there are no subscribers.
TpTrace Verbose: 0 : 16968, 4, 2022/11/27, 15:53:11.214, 6064562776156, vstest.console.dll, MulticastDelegateUtilities.SafeInvoke: InternalTestLoggerEvents.SendTestRunStart: Invoking callback 1/1 for Microsoft.VisualStudio.TestPlatform.CommandLine.Internal.ConsoleLogger.TestRunStartHandler, took 0 ms.
TpTrace Verbose: 0 : 16968, 1, 2022/11/27, 15:53:11.216, 6064562792248, vstest.console.dll, ParallelProxyExecutionManager: Start execution. Total sources: 1
TpTrace Verbose: 0 : 16968, 1, 2022/11/27, 15:53:11.218, 6064562819028, vstest.console.dll, TestRequestSender is acting as server.
TpTrace Verbose: 0 : 16968, 1, 2022/11/27, 15:53:11.220, 6064562838005, vstest.console.dll, DataCollectionRequestSender.InitializeCommunication : Initialize communication. 
TpTrace Information: 0 : 16968, 1, 2022/11/27, 15:53:11.228, 6064562916981, vstest.console.dll, Listening on Endpoint : 127.0.0.1:52731
TpTrace Verbose: 0 : 16968, 1, 2022/11/27, 15:53:11.238, 6064563018698, vstest.console.dll, DotnetDataCollectionLauncher: Adding  --runtimeconfig "C:\Program Files\dotnet\sdk\6.0.402\datacollector.runtimeconfig.json" in args
TpTrace Verbose: 0 : 16968, 1, 2022/11/27, 15:53:11.239, 6064563020932, vstest.console.dll, DotnetDataCollectionLauncher: Adding  --depsfile "C:\Program Files\dotnet\sdk\6.0.402\datacollector.deps.json" in args
TpTrace Verbose: 0 : 16968, 1, 2022/11/27, 15:53:11.239, 6064563028434, vstest.console.dll, DotnetDataCollectionLauncher: Full path of dotnet.exe is C:\Program Files\dotnet\dotnet.exe
TpTrace Information: 0 : 16968, 1, 2022/11/27, 15:53:11.259, 6064563225310, vstest.console.dll, ProxyDataCollectionManager.Initialize: Launched datacollector processId: 19536 port: 52731
TpTrace Information: 0 : 16968, 1, 2022/11/27, 15:53:11.259, 6064563229701, vstest.console.dll, ProxyDataCollectionManager.Initialize: waiting for connection with timeout: 90 seconds
TpTrace Verbose: 0 : 16968, 1, 2022/11/27, 15:53:11.260, 6064563232257, vstest.console.dll, DataCollectionRequestSender.WaitForRequestHandlerConnection : Waiting for connection with timeout: 90000
TpTrace Information: 0 : 16968, 5, 2022/11/27, 15:53:11.453, 6064565169355, vstest.console.dll, Using the buffer size of 16384 bytes
TpTrace Verbose: 0 : 16968, 1, 2022/11/27, 15:53:11.453, 6064565169549, vstest.console.dll, SocketCommunicationManager.WaitForClientConnection took: 193 ms, with 90000 ms timeout, and finished with True.
TpTrace Information: 0 : 16968, 5, 2022/11/27, 15:53:11.454, 6064565172701, vstest.console.dll, Accepted Client request and set the flag
TpTrace Verbose: 0 : 16968, 1, 2022/11/27, 15:53:11.454, 6064565175502, vstest.console.dll, ProxyDataCollectionManager.InvokeDataCollectionServiceAction: Starting.
TpTrace Information: 0 : 16968, 1, 2022/11/27, 15:53:11.455, 6064565179793, vstest.console.dll, ProxyDataCollectionManager.BeforeTestRunStart: Get environment variable and port for datacollector processId: 19536 port: 52731
TpTrace Verbose: 0 : 16968, 1, 2022/11/27, 15:53:11.455, 6064565183551, vstest.console.dll, DataCollectionRequestSender.SendBeforeTestRunStartAndGetResult: Send BeforeTestRunStart message with settingsXml <RunSettings><RunConfiguration><ResultsDirectory>C:\Users\ddian\source\repos\SoftUni\CSharpOOP\UnitTestingExercise\Database\FightingArena.Tests\bin\Debug\netcoreapp3.1\fine-code-coverage\coverage-tool-output</ResultsDirectory><TargetPlatform>X64</TargetPlatform><TargetFrameworkVersion>.NETCoreApp,Version=v3.1</TargetFrameworkVersion><DesignMode>False</DesignMode><CollectSourceInformation>False</CollectSourceInformation><TestAdaptersPaths>C:\Program Files\dotnet\sdk\6.0.402\Extensions</TestAdaptersPaths></RunConfiguration><LoggerRunSettings><Loggers><Logger friendlyName="blame" enabled="True" /><Logger friendlyName="Console" uri="logger://microsoft/TestPlatform/ConsoleLogger/v1" assemblyQualifiedName="Microsoft.VisualStudio.TestPlatform.CommandLine.Internal.ConsoleLogger, vstest.console, Version=15.0.0.0, Culture=neutral, PublicKeyToken=b03f5f7f11d50a3a" codeBase="C:\Program Files\dotnet\sdk\6.0.402\vstest.console.dll" enabled="True" /></Loggers></LoggerRunSettings><DataCollectionRunSettings><DataCollectors><DataCollector friendlyName="blame" enabled="True"><Configuration><ResultsDirectory>C:\Users\ddian\source\repos\SoftUni\CSharpOOP\UnitTestingExercise\Database\FightingArena.Tests\bin\Debug\netcoreapp3.1\fine-code-coverage\coverage-tool-output</ResultsDirectory></Configuration></DataCollector></DataCollectors></DataCollectionRunSettings></RunSettings> and sources System.Collections.Generic.List`1[System.String]: 
TpTrace Verbose: 0 : 16968, 1, 2022/11/27, 15:53:11.555, 6064566186523, vstest.console.dll, DataCollectionRequestSender.SendBeforeTestRunStartAndGetResult: Received message: (DataCollection.SendMessage) -> {"MessageType":"DataCollection.SendMessage","Payload":{"FriendlyName":null,"Uri":null,"TestCaseId":"00000000-0000-0000-0000-000000000000","Message":"Logging DataCollector Diagnostics in file: C:\\Users\\ddian\\source\\repos\\SoftUni\\CSharpOOP\\UnitTestingExercise\\Database\\FightingArena.Tests\\bin\\Debug\\netcoreapp3.1\\fine-code-coverage\\coverage-tool-output\\diagnostics.datacollector.22-11-27_15-53-11_23864_1.log","Level":0}}
TpTrace Verbose: 0 : 16968, 1, 2022/11/27, 15:53:11.666, 6064567295015, vstest.console.dll, DataCollectionRequestSender.SendBeforeTestRunStartAndGetResult: Received message: (DataCollection.BeforeTestRunStartResult) -> {"MessageType":"DataCollection.BeforeTestRunStartResult","Payload":{"EnvironmentVariables":{},"DataCollectionEventsPort":52733}}
TpTrace Information: 0 : 16968, 1, 2022/11/27, 15:53:11.674, 6064567371519, vstest.console.dll, ProxyDataCollectionManager.BeforeTestRunStart: SendBeforeTestRunStartAndGetResult successful, env variable from datacollector:   and testhost port: 52733
TpTrace Information: 0 : 16968, 1, 2022/11/27, 15:53:11.674, 6064567374209, vstest.console.dll, ProxyDataCollectionManager.InvokeDataCollectionServiceAction: Completed.
TpTrace Verbose: 0 : 16968, 7, 2022/11/27, 15:53:11.674, 6064567377159, vstest.console.dll, ParallelProxyExecutionManager: Execution started. Started clients: 1
TpTrace Verbose: 0 : 16968, 1, 2022/11/27, 15:53:11.674, 6064567377977, vstest.console.dll, ProxyParallelExecutionManager: No sources available for execution.
TpTrace Information: 0 : 16968, 1, 2022/11/27, 15:53:11.675, 6064567381758, vstest.console.dll, TestRunRequest.ExecuteAsync: Started.
TpTrace Verbose: 0 : 16968, 7, 2022/11/27, 15:53:11.675, 6064567384103, vstest.console.dll, TestRunRequest:SendTestRunMessage: Starting.
TpTrace Verbose: 0 : 16968, 1, 2022/11/27, 15:53:11.675, 6064567384732, vstest.console.dll, TestRunRequest.WaitForCompletion: Waiting with timeout -1.
TpTrace Verbose: 0 : 16968, 4, 2022/11/27, 15:53:11.675, 6064567388528, vstest.console.dll, MulticastDelegateUtilities.SafeInvoke: InternalTestLoggerEvents.SendTestRunMessage: Invoking callback 1/1 for Microsoft.VisualStudio.TestPlatform.CommandLine.Internal.ConsoleLogger.TestMessageHandler, took 0 ms.
TpTrace Verbose: 0 : 16968, 7, 2022/11/27, 15:53:11.675, 6064567388531, vstest.console.dll, MulticastDelegateUtilities.SafeInvoke: TestRun.LogMessages: Invoking callback 1/1 for Microsoft.VisualStudio.TestPlatform.CommandLine.TestRunResultAggregator.TestRunMessageHandler, took 0 ms.
TpTrace Information: 0 : 16968, 7, 2022/11/27, 15:53:11.676, 6064567392077, vstest.console.dll, TestRunRequest:SendTestRunMessage: Completed.
TpTrace Verbose: 0 : 16968, 7, 2022/11/27, 15:53:11.676, 6064567395990, vstest.console.dll, ProxyExecutionManager: Test host is always Lazy initialize.
TpTrace Verbose: 0 : 16968, 7, 2022/11/27, 15:53:11.677, 6064567400543, vstest.console.dll, TestRequestSender.InitializeCommunication: initialize communication. 
TpTrace Information: 0 : 16968, 7, 2022/11/27, 15:53:11.677, 6064567409292, vstest.console.dll, SocketServer.Start: Listening on endpoint : 127.0.0.1:52734
TpTrace Verbose: 0 : 16968, 7, 2022/11/27, 15:53:11.679, 6064567420302, vstest.console.dll, DotnetTestHostmanager.GetTestHostProcessStartInfo: Platform environment 'X64' target architecture 'X64' framework '.NETCoreApp,Version=v3.1' OS 'Windows'
TpTrace Verbose: 0 : 16968, 7, 2022/11/27, 15:53:11.679, 6064567426529, vstest.console.dll, DotnetTestHostmanager: Adding  --runtimeconfig "C:\Users\ddian\source\repos\SoftUni\CSharpOOP\UnitTestingExercise\Database\FightingArena.Tests\bin\Debug\netcoreapp3.1\fine-code-coverage\build-output\FightingArena.Tests.runtimeconfig.json" in args
TpTrace Verbose: 0 : 16968, 7, 2022/11/27, 15:53:11.679, 6064567429582, vstest.console.dll, DotnetTestHostmanager: Adding  --depsfile "C:\Users\ddian\source\repos\SoftUni\CSharpOOP\UnitTestingExercise\Database\FightingArena.Tests\bin\Debug\netcoreapp3.1\fine-code-coverage\build-output\FightingArena.Tests.deps.json" in args
TpTrace Verbose: 0 : 16968, 7, 2022/11/27, 15:53:11.680, 6064567433712, vstest.console.dll, DotnetTestHostmanager.IsWinOnArm: Current PROCESSOR_ARCHITECTURE from environment variable 'AMD64'
TpTrace Verbose: 0 : 16968, 7, 2022/11/27, 15:53:11.680, 6064567436036, vstest.console.dll, DotnetTestHostmanager.IsWinOnArm: Is Windows on ARM 'False'
TpTrace Information: 0 : 16968, 7, 2022/11/27, 15:53:11.680, 6064567439348, vstest.console.dll, AssemblyResolver.OnResolve: Microsoft.Extensions.DependencyModel: Resolving assembly.
TpTrace Information: 0 : 16968, 7, 2022/11/27, 15:53:11.681, 6064567441136, vstest.console.dll, AssemblyResolver.OnResolve: Microsoft.Extensions.DependencyModel: Searching in: 'C:\Program Files\dotnet\sdk\6.0.402\Extensions'.
TpTrace Information: 0 : 16968, 7, 2022/11/27, 15:53:11.681, 6064567443708, vstest.console.dll, AssemblyResolver.OnResolve: Microsoft.Extensions.DependencyModel: Assembly path does not exist: 'C:\Program Files\dotnet\sdk\6.0.402\Extensions\Microsoft.Extensions.DependencyModel.dll', returning.
TpTrace Information: 0 : 16968, 7, 2022/11/27, 15:53:11.681, 6064567445876, vstest.console.dll, AssemblyResolver.OnResolve: Microsoft.Extensions.DependencyModel: Assembly path does not exist: 'C:\Program Files\dotnet\sdk\6.0.402\Extensions\Microsoft.Extensions.DependencyModel.exe', returning.
TpTrace Information: 0 : 16968, 7, 2022/11/27, 15:53:11.681, 6064567447557, vstest.console.dll, AssemblyResolver.OnResolve: Microsoft.Extensions.DependencyModel: Searching in: 'C:\Program Files\dotnet\sdk\6.0.402'.
TpTrace Information: 0 : 16968, 7, 2022/11/27, 15:53:11.682, 6064567459035, vstest.console.dll, AssemblyResolver.OnResolve: Microsoft.Extensions.DependencyModel: Loading assembly 'C:\Program Files\dotnet\sdk\6.0.402\Microsoft.Extensions.DependencyModel.dll'.
TpTrace Information: 0 : 16968, 7, 2022/11/27, 15:53:11.684, 6064567471588, vstest.console.dll, AssemblyResolver.OnResolve: Resolved assembly: Microsoft.Extensions.DependencyModel, from path: C:\Program Files\dotnet\sdk\6.0.402\Microsoft.Extensions.DependencyModel.dll
TpTrace Verbose: 0 : 16968, 7, 2022/11/27, 15:53:11.684, 6064567478480, vstest.console.dll, DotnetTestHostmanager: Reading file C:\Users\ddian\source\repos\SoftUni\CSharpOOP\UnitTestingExercise\Database\FightingArena.Tests\bin\Debug\netcoreapp3.1\fine-code-coverage\build-output\FightingArena.Tests.deps.json to get path of testhost.dll
TpTrace Verbose: 0 : 16968, 7, 2022/11/27, 15:53:11.708, 6064567718979, vstest.console.dll, DotnetTestHostmanager: Relative path of testhost.dll with respect to package folder is microsoft.testplatform.testhost/15.9.0\lib/netstandard1.5/testhost.dll
TpTrace Verbose: 0 : 16968, 7, 2022/11/27, 15:53:11.710, 6064567731557, vstest.console.dll, DotnetTestHostmanager: Looking for path microsoft.testplatform.testhost/15.9.0\lib/netstandard1.5/testhost.dll in folder C:\Users\ddian\.dotnet\store\|arch|\|tfm|
TpTrace Verbose: 0 : 16968, 7, 2022/11/27, 15:53:11.710, 6064567734082, vstest.console.dll, DotnetTestHostmanager: Looking for path microsoft.testplatform.testhost/15.9.0\lib/netstandard1.5/testhost.dll in folder C:\Users\ddian\.nuget\packages
TpTrace Verbose: 0 : 16968, 7, 2022/11/27, 15:53:11.710, 6064567735951, vstest.console.dll, DotnetTestHostmanager: Found testhost.dll in C:\Users\ddian\.nuget\packages\microsoft.testplatform.testhost/15.9.0\lib/netstandard1.5/testhost.dll
TpTrace Verbose: 0 : 16968, 7, 2022/11/27, 15:53:11.710, 6064567738658, vstest.console.dll, DotnetTestHostmanager: Current process architetcure 'X64'
TpTrace Verbose: 0 : 16968, 7, 2022/11/27, 15:53:11.711, 6064567741330, vstest.console.dll, DotnetTestHostmanager.LaunchTestHostAsync: Compatible muxer architecture of running process 'X64' and target architecture 'X64'
TpTrace Verbose: 0 : 16968, 7, 2022/11/27, 15:53:11.711, 6064567742619, vstest.console.dll, DotnetTestHostmanager: Full path of testhost.dll is C:\Users\ddian\.nuget\packages\microsoft.testplatform.testhost/15.9.0\lib/netstandard1.5/testhost.dll
TpTrace Verbose: 0 : 16968, 7, 2022/11/27, 15:53:11.711, 6064567743752, vstest.console.dll, DotnetTestHostmanager: Full path of host exe is C:\Program Files\dotnet\dotnet.exe
TpTrace Verbose: 0 : 16968, 7, 2022/11/27, 15:53:11.711, 6064567746580, vstest.console.dll, DotnetTestHostManager: Starting process 'C:\Program Files\dotnet\dotnet.exe' with command line 'exec --runtimeconfig "C:\Users\ddian\source\repos\SoftUni\CSharpOOP\UnitTestingExercise\Database\FightingArena.Tests\bin\Debug\netcoreapp3.1\fine-code-coverage\build-output\FightingArena.Tests.runtimeconfig.json" --depsfile "C:\Users\ddian\source\repos\SoftUni\CSharpOOP\UnitTestingExercise\Database\FightingArena.Tests\bin\Debug\netcoreapp3.1\fine-code-coverage\build-output\FightingArena.Tests.deps.json" "C:\Users\ddian\.nuget\packages\microsoft.testplatform.testhost/15.9.0\lib/netstandard1.5/testhost.dll" --port 52734 --endpoint 127.0.0.1:052734 --role client --parentprocessid 16968 --diag "C:\Users\ddian\source\repos\SoftUni\CSharpOOP\UnitTestingExercise\Database\FightingArena.Tests\bin\Debug\netcoreapp3.1\fine-code-coverage\coverage-tool-output\diagnostics.host.22-11-27_15-53-11_67859_7.log" --tracelevel 4 --datacollectionport 52733 --telemetryoptedin false'
TpTrace Verbose: 0 : 16968, 7, 2022/11/27, 15:53:11.720, 6064567837740, vstest.console.dll, MulticastDelegateUtilities.SafeInvoke: HostProviderEvents.OnHostLaunched: Invoking callback 1/2 for Microsoft.VisualStudio.TestPlatform.CrossPlatEngine.Client.ProxyExecutionManagerWithDataCollection.TestHostLaunchedHandler, took 1 ms.
TpTrace Verbose: 0 : 16968, 7, 2022/11/27, 15:53:11.721, 6064567840374, vstest.console.dll, Test Runtime launched
TpTrace Verbose: 0 : 16968, 7, 2022/11/27, 15:53:11.721, 6064567842591, vstest.console.dll, MulticastDelegateUtilities.SafeInvoke: HostProviderEvents.OnHostLaunched: Invoking callback 2/2 for Microsoft.VisualStudio.TestPlatform.CrossPlatEngine.Client.ProxyOperationManager.TestHostManagerHostLaunched, took 0 ms.
TpTrace Verbose: 0 : 16968, 7, 2022/11/27, 15:53:11.721, 6064567846485, vstest.console.dll, TestRequestSender.WaitForRequestHandlerConnection: waiting for connection with timeout: 90000.
TpTrace Verbose: 0 : 16968, 7, 2022/11/27, 15:53:11.961, 6064570248465, vstest.console.dll, TestRequestSender.WaitForRequestHandlerConnection: waiting took 240 ms, with timeout 90000 ms, and result 0, which is success.
TpTrace Verbose: 0 : 16968, 12, 2022/11/27, 15:53:11.961, 6064570248465, vstest.console.dll, MulticastDelegateUtilities.SafeInvoke: SocketServer: ClientConnected: Invoking callback 1/1 for Microsoft.VisualStudio.TestPlatform.CommunicationUtilities.TestRequestSender.<InitializeCommunication>b__24_0, took 0 ms.
TpTrace Verbose: 0 : 16968, 12, 2022/11/27, 15:53:11.962, 6064570253277, vstest.console.dll, SocketServer.OnClientConnected: Client connected for endPoint: 127.0.0.1:52734, starting MessageLoopAsync:
TpTrace Verbose: 0 : 16968, 12, 2022/11/27, 15:53:11.962, 6064570256748, vstest.console.dll, TcpClientExtensions.MessageLoopAsync: Polling on remoteEndPoint: 127.0.0.1:52735 localEndPoint: 127.0.0.1:52734
TpTrace Verbose: 0 : 16968, 7, 2022/11/27, 15:53:11.963, 6064570263274, vstest.console.dll, TestRequestSender.CheckVersionWithTestHost: Sending check version message: {"MessageType":"ProtocolVersion","Payload":7}
TpTrace Verbose: 0 : 16968, 12, 2022/11/27, 15:53:12.148, 6064572110393, vstest.console.dll, TcpClientExtensions.MessageLoopAsync: NotifyDataAvailable remoteEndPoint: 127.0.0.1:52735 localEndPoint: 127.0.0.1:52734
TpTrace Verbose: 0 : 16968, 12, 2022/11/27, 15:53:12.148, 6064572113850, vstest.console.dll, TestRequestSender.CheckVersionWithTestHost: onMessageReceived received message: (ProtocolVersion) -> {"MessageType":"ProtocolVersion","Payload":2}
TpTrace Verbose: 0 : 16968, 12, 2022/11/27, 15:53:12.149, 6064572121158, vstest.console.dll, MulticastDelegateUtilities.SafeInvoke: LengthPrefixCommunicationChannel: MessageReceived: Invoking callback 1/1 for Microsoft.VisualStudio.TestPlatform.CommunicationUtilities.TestRequestSender+<>c__DisplayClass26_0.<CheckVersionWithTestHost>b__0, took 0 ms.
TpTrace Verbose: 0 : 16968, 7, 2022/11/27, 15:53:12.149, 6064572122451, vstest.console.dll, TestPluginCache.GetExtensionPaths: Filtered extension paths: 
TpTrace Verbose: 0 : 16968, 12, 2022/11/27, 15:53:12.149, 6064572123719, vstest.console.dll, TcpClientExtensions.MessageLoopAsync: Polling on remoteEndPoint: 127.0.0.1:52735 localEndPoint: 127.0.0.1:52734
TpTrace Verbose: 0 : 16968, 7, 2022/11/27, 15:53:12.149, 6064572125282, vstest.console.dll, TestPluginCache.GetExtensionPaths: Added default extension paths: C:\Program Files\dotnet\sdk\6.0.402\Extensions\Microsoft.Diagnostics.NETCore.Client.dll
C:\Program Files\dotnet\sdk\6.0.402\Extensions\Microsoft.TestPlatform.Extensions.BlameDataCollector.dll
C:\Program Files\dotnet\sdk\6.0.402\Extensions\Microsoft.TestPlatform.Extensions.EventLogCollector.dll
C:\Program Files\dotnet\sdk\6.0.402\Extensions\Microsoft.TestPlatform.TestHostRuntimeProvider.dll
C:\Program Files\dotnet\sdk\6.0.402\Extensions\Microsoft.VisualStudio.TestPlatform.Extensions.Html.TestLogger.dll
C:\Program Files\dotnet\sdk\6.0.402\Extensions\Microsoft.VisualStudio.TestPlatform.Extensions.Trx.TestLogger.dll
TpTrace Verbose: 0 : 16968, 7, 2022/11/27, 15:53:12.149, 6064572128187, vstest.console.dll, TestPluginCache.GetExtensionPaths: Added unfilterableExtensionPaths: 
TpTrace Verbose: 0 : 16968, 7, 2022/11/27, 15:53:12.154, 6064572175677, vstest.console.dll, TestRequestSender.InitializeExecution: Sending initialize execution with message: {"Version":2,"MessageType":"TestExecution.Initialize","Payload":["C:\\Users\\ddian\\source\\repos\\SoftUni\\CSharpOOP\\UnitTestingExercise\\Database\\FightingArena.Tests\\bin\\Debug\\netcoreapp3.1\\fine-code-coverage\\build-output\\NUnit3.TestAdapter.dll"]}
TpTrace Warning: 0 : 16968, 7, 2022/11/27, 15:53:12.155, 6064572183144, vstest.console.dll, InferRunSettingsHelper.MakeRunsettingsCompatible: Removing the following settings: TargetPlatform from RunSettings file. To use those settings please move to latest version of Microsoft.NET.Test.Sdk
TpTrace Verbose: 0 : 16968, 12, 2022/11/27, 15:53:12.163, 6064572261787, vstest.console.dll, TcpClientExtensions.MessageLoopAsync: NotifyDataAvailable remoteEndPoint: 127.0.0.1:52735 localEndPoint: 127.0.0.1:52734
TpTrace Verbose: 0 : 16968, 12, 2022/11/27, 15:53:12.163, 6064572264806, vstest.console.dll, TestRequestSender.OnExecutionMessageReceived: Received message: {"Version":2,"MessageType":"TestSession.Message","Payload":{"MessageLevel":0,"Message":"Logging TestHost Diagnostics in file: C:\\Users\\ddian\\source\\repos\\SoftUni\\CSharpOOP\\UnitTestingExercise\\Database\\FightingArena.Tests\\bin\\Debug\\netcoreapp3.1\\fine-code-coverage\\coverage-tool-output\\diagnostics.host.22-11-27_15-53-11_67859_7.log"}}
TpTrace Verbose: 0 : 16968, 7, 2022/11/27, 15:53:12.165, 6064572280910, vstest.console.dll, TestRequestSender.StartTestRun: Sending test run with message: {"Version":2,"MessageType":"TestExecution.StartWithSources","Payload":{"AdapterSourceMap":{"_none_":["C:\\Users\\ddian\\source\\repos\\SoftUni\\CSharpOOP\\UnitTestingExercise\\Database\\FightingArena.Tests\\bin\\Debug\\netcoreapp3.1\\fine-code-coverage\\build-output\\FightingArena.Tests.dll"]},"RunSettings":"<RunSettings>\r\n  <RunConfiguration>\r\n    <ResultsDirectory>C:\\Users\\ddian\\source\\repos\\SoftUni\\CSharpOOP\\UnitTestingExercise\\Database\\FightingArena.Tests\\bin\\Debug\\netcoreapp3.1\\fine-code-coverage\\coverage-tool-output</ResultsDirectory>\r\n    <TargetFrameworkVersion>.NETCoreApp,Version=v3.1</TargetFrameworkVersion>\r\n    <DesignMode>False</DesignMode>\r\n    <CollectSourceInformation>False</CollectSourceInformation>\r\n  </RunConfiguration>\r\n  <LoggerRunSettings>\r\n    <Loggers>\r\n      <Logger friendlyName=\"blame\" enabled=\"True\" />\r\n      <Logger friendlyName=\"Console\" uri=\"logger://microsoft/TestPlatform/ConsoleLogger/v1\" assemblyQualifiedName=\"Microsoft.VisualStudio.TestPlatform.CommandLine.Internal.ConsoleLogger, vstest.console, Version=15.0.0.0, Culture=neutral, PublicKeyToken=b03f5f7f11d50a3a\" codeBase=\"C:\\Program Files\\dotnet\\sdk\\6.0.402\\vstest.console.dll\" enabled=\"True\" />\r\n    </Loggers>\r\n  </LoggerRunSettings>\r\n  <DataCollectionRunSettings>\r\n    <DataCollectors>\r\n      <DataCollector friendlyName=\"blame\" enabled=\"True\">\r\n        <Configuration>\r\n          <ResultsDirectory>C:\\Users\\ddian\\source\\repos\\SoftUni\\CSharpOOP\\UnitTestingExercise\\Database\\FightingArena.Tests\\bin\\Debug\\netcoreapp3.1\\fine-code-coverage\\coverage-tool-output</ResultsDirectory>\r\n        </Configuration>\r\n      </DataCollector>\r\n    </DataCollectors>\r\n  </DataCollectionRunSettings>\r\n</RunSettings>","TestExecutionContext":{"FrequencyOfRunStatsChangeEvent":10,"RunStatsChangeEventTimeout":"00:00:01.5000000","InIsolation":false,"KeepAlive":false,"AreTestCaseLevelEventsRequired":false,"IsDebug":false,"TestCaseFilter":null,"FilterOptions":null},"Package":null}}
TpTrace Verbose: 0 : 16968, 12, 2022/11/27, 15:53:12.168, 6064572310050, vstest.console.dll, TestRunRequest:SendTestRunMessage: Starting.
TpTrace Verbose: 0 : 16968, 12, 2022/11/27, 15:53:12.168, 6064572314578, vstest.console.dll, MulticastDelegateUtilities.SafeInvoke: TestRun.LogMessages: Invoking callback 1/1 for Microsoft.VisualStudio.TestPlatform.CommandLine.TestRunResultAggregator.TestRunMessageHandler, took 0 ms.
TpTrace Verbose: 0 : 16968, 4, 2022/11/27, 15:53:12.168, 6064572314781, vstest.console.dll, MulticastDelegateUtilities.SafeInvoke: InternalTestLoggerEvents.SendTestRunMessage: Invoking callback 1/1 for Microsoft.VisualStudio.TestPlatform.CommandLine.Internal.ConsoleLogger.TestMessageHandler, took 0 ms.
TpTrace Information: 0 : 16968, 12, 2022/11/27, 15:53:12.168, 6064572316444, vstest.console.dll, TestRunRequest:SendTestRunMessage: Completed.
TpTrace Verbose: 0 : 16968, 12, 2022/11/27, 15:53:12.169, 6064572320035, vstest.console.dll, MulticastDelegateUtilities.SafeInvoke: LengthPrefixCommunicationChannel: MessageReceived: Invoking callback 1/1 for Microsoft.VisualStudio.TestPlatform.CommunicationUtilities.TestRequestSender+<>c__DisplayClass31_0.<StartTestRun>b__1, took 5 ms.
TpTrace Verbose: 0 : 16968, 12, 2022/11/27, 15:53:12.169, 6064572321194, vstest.console.dll, TcpClientExtensions.MessageLoopAsync: Polling on remoteEndPoint: 127.0.0.1:52735 localEndPoint: 127.0.0.1:52734
TpTrace Verbose: 0 : 16968, 12, 2022/11/27, 15:53:12.279, 6064573428430, vstest.console.dll, TcpClientExtensions.MessageLoopAsync: NotifyDataAvailable remoteEndPoint: 127.0.0.1:52735 localEndPoint: 127.0.0.1:52734
TpTrace Verbose: 0 : 16968, 12, 2022/11/27, 15:53:12.280, 6064573430689, vstest.console.dll, TestRequestSender.OnExecutionMessageReceived: Received message: {"Version":2,"MessageType":"TestSession.Message","Payload":{"MessageLevel":0,"Message":"NUnit Adapter 3.9.0.0: Test execution started"}}
TpTrace Verbose: 0 : 16968, 12, 2022/11/27, 15:53:12.280, 6064573433986, vstest.console.dll, TestRunRequest:SendTestRunMessage: Starting.
TpTrace Verbose: 0 : 16968, 12, 2022/11/27, 15:53:12.280, 6064573435997, vstest.console.dll, MulticastDelegateUtilities.SafeInvoke: TestRun.LogMessages: Invoking callback 1/1 for Microsoft.VisualStudio.TestPlatform.CommandLine.TestRunResultAggregator.TestRunMessageHandler, took 0 ms.
TpTrace Information: 0 : 16968, 12, 2022/11/27, 15:53:12.280, 6064573437700, vstest.console.dll, TestRunRequest:SendTestRunMessage: Completed.
TpTrace Verbose: 0 : 16968, 4, 2022/11/27, 15:53:12.280, 6064573436369, vstest.console.dll, MulticastDelegateUtilities.SafeInvoke: InternalTestLoggerEvents.SendTestRunMessage: Invoking callback 1/1 for Microsoft.VisualStudio.TestPlatform.CommandLine.Internal.ConsoleLogger.TestMessageHandler, took 0 ms.
TpTrace Verbose: 0 : 16968, 12, 2022/11/27, 15:53:12.280, 6064573439259, vstest.console.dll, MulticastDelegateUtilities.SafeInvoke: LengthPrefixCommunicationChannel: MessageReceived: Invoking callback 1/1 for Microsoft.VisualStudio.TestPlatform.CommunicationUtilities.TestRequestSender+<>c__DisplayClass31_0.<StartTestRun>b__1, took 0 ms.
TpTrace Verbose: 0 : 16968, 12, 2022/11/27, 15:53:12.281, 6064573442339, vstest.console.dll, TcpClientExtensions.MessageLoopAsync: Polling on remoteEndPoint: 127.0.0.1:52735 localEndPoint: 127.0.0.1:52734
TpTrace Verbose: 0 : 16968, 12, 2022/11/27, 15:53:12.287, 6064573501244, vstest.console.dll, TcpClientExtensions.MessageLoopAsync: NotifyDataAvailable remoteEndPoint: 127.0.0.1:52735 localEndPoint: 127.0.0.1:52734
TpTrace Verbose: 0 : 16968, 12, 2022/11/27, 15:53:12.287, 6064573503978, vstest.console.dll, TestRequestSender.OnExecutionMessageReceived: Received message: {"Version":2,"MessageType":"TestSession.Message","Payload":{"MessageLevel":0,"Message":"Running all tests in C:\\Users\\ddian\\source\\repos\\SoftUni\\CSharpOOP\\UnitTestingExercise\\Database\\FightingArena.Tests\\bin\\Debug\\netcoreapp3.1\\fine-code-coverage\\build-output\\FightingArena.Tests.dll"}}
TpTrace Verbose: 0 : 16968, 12, 2022/11/27, 15:53:12.287, 6064573506016, vstest.console.dll, TestRunRequest:SendTestRunMessage: Starting.
TpTrace Verbose: 0 : 16968, 12, 2022/11/27, 15:53:12.287, 6064573507450, vstest.console.dll, MulticastDelegateUtilities.SafeInvoke: TestRun.LogMessages: Invoking callback 1/1 for Microsoft.VisualStudio.TestPlatform.CommandLine.TestRunResultAggregator.TestRunMessageHandler, took 0 ms.
TpTrace Verbose: 0 : 16968, 4, 2022/11/27, 15:53:12.287, 6064573507815, vstest.console.dll, MulticastDelegateUtilities.SafeInvoke: InternalTestLoggerEvents.SendTestRunMessage: Invoking callback 1/1 for Microsoft.VisualStudio.TestPlatform.CommandLine.Internal.ConsoleLogger.TestMessageHandler, took 0 ms.
TpTrace Information: 0 : 16968, 12, 2022/11/27, 15:53:12.287, 6064573508714, vstest.console.dll, TestRunRequest:SendTestRunMessage: Completed.
TpTrace Verbose: 0 : 16968, 12, 2022/11/27, 15:53:12.288, 6064573511284, vstest.console.dll, MulticastDelegateUtilities.SafeInvoke: LengthPrefixCommunicationChannel: MessageReceived: Invoking callback 1/1 for Microsoft.VisualStudio.TestPlatform.CommunicationUtilities.TestRequestSender+<>c__DisplayClass31_0.<StartTestRun>b__1, took 0 ms.
TpTrace Verbose: 0 : 16968, 12, 2022/11/27, 15:53:12.288, 6064573512470, vstest.console.dll, TcpClientExtensions.MessageLoopAsync: Polling on remoteEndPoint: 127.0.0.1:52735 localEndPoint: 127.0.0.1:52734
TpTrace Verbose: 0 : 16968, 12, 2022/11/27, 15:53:12.418, 6064574814272, vstest.console.dll, TcpClientExtensions.MessageLoopAsync: NotifyDataAvailable remoteEndPoint: 127.0.0.1:52735 localEndPoint: 127.0.0.1:52734
TpTrace Verbose: 0 : 16968, 12, 2022/11/27, 15:53:12.418, 6064574817702, vstest.console.dll, TestRequestSender.OnExecutionMessageReceived: Received message: {"Version":2,"MessageType":"TestSession.Message","Payload":{"MessageLevel":0,"Message":"NUnit3TestExecutor converted 29 of 29 NUnit test cases"}}
TpTrace Verbose: 0 : 16968, 12, 2022/11/27, 15:53:12.419, 6064574820755, vstest.console.dll, TestRunRequest:SendTestRunMessage: Starting.
TpTrace Verbose: 0 : 16968, 12, 2022/11/27, 15:53:12.419, 6064574823229, vstest.console.dll, MulticastDelegateUtilities.SafeInvoke: TestRun.LogMessages: Invoking callback 1/1 for Microsoft.VisualStudio.TestPlatform.CommandLine.TestRunResultAggregator.TestRunMessageHandler, took 0 ms.
TpTrace Verbose: 0 : 16968, 4, 2022/11/27, 15:53:12.419, 6064574823293, vstest.console.dll, MulticastDelegateUtilities.SafeInvoke: InternalTestLoggerEvents.SendTestRunMessage: Invoking callback 1/1 for Microsoft.VisualStudio.TestPlatform.CommandLine.Internal.ConsoleLogger.TestMessageHandler, took 0 ms.
TpTrace Information: 0 : 16968, 12, 2022/11/27, 15:53:12.419, 6064574825261, vstest.console.dll, TestRunRequest:SendTestRunMessage: Completed.
TpTrace Verbose: 0 : 16968, 12, 2022/11/27, 15:53:12.419, 6064574828887, vstest.console.dll, MulticastDelegateUtilities.SafeInvoke: LengthPrefixCommunicationChannel: MessageReceived: Invoking callback 1/1 for Microsoft.VisualStudio.TestPlatform.CommunicationUtilities.TestRequestSender+<>c__DisplayClass31_0.<StartTestRun>b__1, took 1 ms.
TpTrace Verbose: 0 : 16968, 12, 2022/11/27, 15:53:12.420, 6064574830467, vstest.console.dll, TcpClientExtensions.MessageLoopAsync: Polling on remoteEndPoint: 127.0.0.1:52735 localEndPoint: 127.0.0.1:52734
TpTrace Verbose: 0 : 16968, 12, 2022/11/27, 15:53:12.662, 6064577253229, vstest.console.dll, TcpClientExtensions.MessageLoopAsync: NotifyDataAvailable remoteEndPoint: 127.0.0.1:52735 localEndPoint: 127.0.0.1:52734
TpTrace Verbose: 0 : 16968, 12, 2022/11/27, 15:53:12.662, 6064577256742, vstest.console.dll, TestRequestSender.OnExecutionMessageReceived: Received message: {"Version":2,"MessageType":"TestExecution.StatsChange","Payload":{"NewTestResults":[{"TestCase":{"Id":"171cfa25-f4d7-67aa-038c-215a89865e87","FullyQualifiedName":"FightingArena.Tests.ArenaTests.DefaultWarriorsCountInTheArenaIsZero","DisplayName":"DefaultWarriorsCountInTheArenaIsZero","ExecutorUri":"executor://NUnit3TestExecutor","Source":"C:\\Users\\ddian\\source\\repos\\SoftUni\\CSharpOOP\\UnitTestingExercise\\Database\\FightingArena.Tests\\bin\\Debug\\netcoreapp3.1\\fine-code-coverage\\build-output\\FightingArena.Tests.dll","CodeFilePath":null,"LineNumber":0,"Properties":[]},"Attachments":[],"Outcome":1,"ErrorMessage":null,"ErrorStackTrace":null,"DisplayName":"DefaultWarriorsCountInTheArenaIsZero","Messages":[],"ComputerName":"DESKTOP-2K4D5J0","Duration":"00:00:00.0132500","StartTime":"2022-11-27T13:53:12+00:00","EndTime":"2022-11-27T13:53:12+00:00","Properties":[]},{"TestCase":{"Id":"6728ac6f-01a2-4b59-5a1b-9d4b0d136d56","FullyQualifiedName":"FightingArena.Tests.ArenaTests.EnrollingSameWarriorTwiceIsThrowingException","DisplayName":"EnrollingSameWarriorTwiceIsThrowingException","ExecutorUri":"executor://NUnit3TestExecutor","Source":"C:\\Users\\ddian\\source\\repos\\SoftUni\\CSharpOOP\\UnitTestingExercise\\Database\\FightingArena.Tests\\bin\\Debug\\netcoreapp3.1\\fine-code-coverage\\build-output\\FightingArena.Tests.dll","CodeFilePath":null,"LineNumber":0,"Properties":[{"Key":{"Id":"TestObject.Traits","Label":"Traits","Category":"","Description":"","Attributes":5,"ValueType":"System.Collections.Generic.KeyValuePair`2[[System.String],[System.String]][]"},"Value":[]}]},"Attachments":[],"Outcome":1,"ErrorMessage":null,"ErrorStackTrace":null,"DisplayName":"EnrollingSameWarriorTwiceIsThrowingException","Messages":[],"ComputerName":"DESKTOP-2K4D5J0","Duration":"00:00:00.0056780","StartTime":"2022-11-27T13:53:12+00:00","EndTime":"2022-11-27T13:53:12+00:00","Properties":[]},{"TestCase":{"Id":"288c0c3a-a65f-8664-096e-1d1140538e5c","FullyQualifiedName":"FightingArena.Tests.ArenaTests.EnrollIsAddingWarrior","DisplayName":"EnrollIsAddingWarrior","ExecutorUri":"executor://NUnit3TestExecutor","Source":"C:\\Users\\ddian\\source\\repos\\SoftUni\\CSharpOOP\\UnitTestingExercise\\Database\\FightingArena.Tests\\bin\\Debug\\netcoreapp3.1\\fine-code-coverage\\build-output\\FightingArena.Tests.dll","CodeFilePath":null,"LineNumber":0,"Properties":[{"Key":{"Id":"TestObject.Traits","Label":"Traits","Category":"","Description":"","Attributes":5,"ValueType":"System.Collections.Generic.KeyValuePair`2[[System.String],[System.String]][]"},"Value":[]}]},"Attachments":[],"Outcome":1,"ErrorMessage":null,"ErrorStackTrace":null,"DisplayName":"EnrollIsAddingWarrior","Messages":[],"ComputerName":"DESKTOP-2K4D5J0","Duration":"00:00:00.0004870","StartTime":"2022-11-27T13:53:12+00:00","EndTime":"2022-11-27T13:53:12+00:00","Properties":[]},{"TestCase":{"Id":"3d16d169-9c8e-5e88-8a5a-58a5d5ea8716","FullyQualifiedName":"FightingArena.Tests.ArenaTests.FightIsHappeningWithValidWarriorNames","DisplayName":"FightIsHappeningWithValidWarriorNames","ExecutorUri":"executor://NUnit3TestExecutor","Source":"C:\\Users\\ddian\\source\\repos\\SoftUni\\CSharpOOP\\UnitTestingExercise\\Database\\FightingArena.Tests\\bin\\Debug\\netcoreapp3.1\\fine-code-coverage\\build-output\\FightingArena.Tests.dll","CodeFilePath":null,"LineNumber":0,"Properties":[{"Key":{"Id":"TestObject.Traits","Label":"Traits","Category":"","Description":"","Attributes":5,"ValueType":"System.Collections.Generic.KeyValuePair`2[[System.String],[System.String]][]"},"Value":[]}]},"Attachments":[],"Outcome":1,"ErrorMessage":null,"ErrorStackTrace":null,"DisplayName":"FightIsHappeningWithValidWarriorNames","Messages":[],"ComputerName":"DESKTOP-2K4D5J0","Duration":"00:00:00.0018590","StartTime":"2022-11-27T13:53:12+00:00","EndTime":"2022-11-27T13:53:12+00:00","Properties":[]},{"TestCase":{"Id":"89c98ba0-7e51-4772-0594-06a8443aa5d9","FullyQualifiedName":"FightingArena.Tests.ArenaTests.FightIsNotPossibleWithMissingAttackerOrDefender(\"InvisibleAttacker\",\"White Defender\")","DisplayName":"FightIsNotPossibleWithMissingAttackerOrDefender(\"InvisibleAttacker\",\"White Defender\")","ExecutorUri":"executor://NUnit3TestExecutor","Source":"C:\\Users\\ddian\\source\\repos\\SoftUni\\CSharpOOP\\UnitTestingExercise\\Database\\FightingArena.Tests\\bin\\Debug\\netcoreapp3.1\\fine-code-coverage\\build-output\\FightingArena.Tests.dll","CodeFilePath":null,"LineNumber":0,"Properties":[{"Key":{"Id":"TestObject.Traits","Label":"Traits","Category":"","Description":"","Attributes":5,"ValueType":"System.Collections.Generic.KeyValuePair`2[[System.String],[System.String]][]"},"Value":[]}]},"Attachments":[],"Outcome":1,"ErrorMessage":null,"ErrorStackTrace":null,"DisplayName":"FightIsNotPossibleWithMissingAttackerOrDefender(\"InvisibleAttacker\",\"White Defender\")","Messages":[],"ComputerName":"DESKTOP-2K4D5J0","Duration":"00:00:00.0011130","StartTime":"2022-11-27T13:53:12+00:00","EndTime":"2022-11-27T13:53:12+00:00","Properties":[]},{"TestCase":{"Id":"e80394b1-a324-b541-5611-e6911ae74e6d","FullyQualifiedName":"FightingArena.Tests.ArenaTests.FightIsNotPossibleWithMissingAttackerOrDefender(\"Black Knight\",\"InvisibleDeffender\")","DisplayName":"FightIsNotPossibleWithMissingAttackerOrDefender(\"Black Knight\",\"InvisibleDeffender\")","ExecutorUri":"executor://NUnit3TestExecutor","Source":"C:\\Users\\ddian\\source\\repos\\SoftUni\\CSharpOOP\\UnitTestingExercise\\Database\\FightingArena.Tests\\bin\\Debug\\netcoreapp3.1\\fine-code-coverage\\build-output\\FightingArena.Tests.dll","CodeFilePath":null,"LineNumber":0,"Properties":[{"Key":{"Id":"TestObject.Traits","Label":"Traits","Category":"","Description":"","Attributes":5,"ValueType":"System.Collections.Generic.KeyValuePair`2[[System.String],[System.String]][]"},"Value":[]}]},"Attachments":[],"Outcome":1,"ErrorMessage":null,"ErrorStackTrace":null,"DisplayName":"FightIsNotPossibleWithMissingAttackerOrDefender(\"Black Knight\",\"InvisibleDeffender\")","Messages":[],"ComputerName":"DESKTOP-2K4D5J0","Duration":"00:00:00.0003620","StartTime":"2022-11-27T13:53:12+00:00","EndTime":"2022-11-27T13:53:12+00:00","Properties":[]},{"TestCase":{"Id":"c69ecf27-ccad-3111-e48f-8aba856661cf","FullyQualifiedName":"FightingArena.Tests.WarriorTests.AttackingEnemyIsReducingAttackerHPWithEnemyDamage(100,50)","DisplayName":"AttackingEnemyIsReducingAttackerHPWithEnemyDamage(100,50)","ExecutorUri":"executor://NUnit3TestExecutor","Source":"C:\\Users\\ddian\\source\\repos\\SoftUni\\CSharpOOP\\UnitTestingExercise\\Database\\FightingArena.Tests\\bin\\Debug\\netcoreapp3.1\\fine-code-coverage\\build-output\\FightingArena.Tests.dll","CodeFilePath":null,"LineNumber":0,"Properties":[{"Key":{"Id":"TestObject.Traits","Label":"Traits","Category":"","Description":"","Attributes":5,"ValueType":"System.Collections.Generic.KeyValuePair`2[[System.String],[System.String]][]"},"Value":[]}]},"Attachments":[],"Outcome":1,"ErrorMessage":null,"ErrorStackTrace":null,"DisplayName":"AttackingEnemyIsReducingAttackerHPWithEnemyDamage(100,50)","Messages":[],"ComputerName":"DESKTOP-2K4D5J0","Duration":"00:00:00.0003560","StartTime":"2022-11-27T13:53:12+00:00","EndTime":"2022-11-27T13:53:12+00:00","Properties":[]},{"TestCase":{"Id":"9399ac8e-256c-1eae-109f-33569368e03e","FullyQualifiedName":"FightingArena.Tests.WarriorTests.AttackingEnemyIsReducingAttackerHPWithEnemyDamage(51,50)","DisplayName":"AttackingEnemyIsReducingAttackerHPWithEnemyDamage(51,50)","ExecutorUri":"executor://NUnit3TestExecutor","Source":"C:\\Users\\ddian\\source\\repos\\SoftUni\\CSharpOOP\\UnitTestingExercise\\Database\\FightingArena.Tests\\bin\\Debug\\netcoreapp3.1\\fine-code-coverage\\build-output\\FightingArena.Tests.dll","CodeFilePath":null,"LineNumber":0,"Properties":[{"Key":{"Id":"TestObject.Traits","Label":"Traits","Category":"","Description":"","Attributes":5,"ValueType":"System.Collections.Generic.KeyValuePair`2[[System.String],[System.String]][]"},"Value":[]}]},"Attachments":[],"Outcome":1,"ErrorMessage":null,"ErrorStackTrace":null,"DisplayName":"AttackingEnemyIsReducingAttackerHPWithEnemyDamage(51,50)","Messages":[],"ComputerName":"DESKTOP-2K4D5J0","Duration":"00:00:00.0001580","StartTime":"2022-11-27T13:53:12+00:00","EndTime":"2022-11-27T13:53:12+00:00","Properties":[]},{"TestCase":{"Id":"05af9b57-c525-fe4e-87ec-5bf4750bde96","FullyQualifiedName":"FightingArena.Tests.WarriorTests.AttackingEnemyIsReducingEnemyHPWithAttackerDamageWhenNotEnoughToKillIt","DisplayName":"AttackingEnemyIsReducingEnemyHPWithAttackerDamageWhenNotEnoughToKillIt","ExecutorUri":"executor://NUnit3TestExecutor","Source":"C:\\Users\\ddian\\source\\repos\\SoftUni\\CSharpOOP\\UnitTestingExercise\\Database\\FightingArena.Tests\\bin\\Debug\\netcoreapp3.1\\fine-code-coverage\\build-output\\FightingArena.Tests.dll","CodeFilePath":null,"LineNumber":0,"Properties":[{"Key":{"Id":"TestObject.Traits","Label":"Traits","Category":"","Description":"","Attributes":5,"ValueType":"System.Collections.Generic.KeyValuePair`2[[System.String],[System.String]][]"},"Value":[]}]},"Attachments":[],"Outcome":1,"ErrorMessage":null,"ErrorStackTrace":null,"DisplayName":"AttackingEnemyIsReducingEnemyHPWithAttackerDamageWhenNotEnoughToKillIt","Messages":[],"ComputerName":"DESKTOP-2K4D5J0","Duration":"00:00:00.0004970","StartTime":"2022-11-27T13:53:12+00:00","EndTime":"2022-11-27T13:53:12+00:00","Properties":[]}],"TestRunStatistics":{"ExecutedTests":9,"Stats":{"Passed":9}},"ActiveTests":[{"Id":"0d07a42c-dfed-29cd-e495-88ff5ee80167","FullyQualifiedName":"FightingArena.Tests.WarriorTests.AttackIsNotAllowedWhenEnemyHPIsLowerOrEqualThanMIN_ATTACK_HP(30,1)","DisplayName":"AttackIsNotAllowedWhenEnemyHPIsLowerOrEqualThanMIN_ATTACK_HP(30,1)","ExecutorUri":"executor://NUnit3TestExecutor","Source":"C:\\Users\\ddian\\source\\repos\\SoftUni\\CSharpOOP\\UnitTestingExercise\\Database\\FightingArena.Tests\\bin\\Debug\\netcoreapp3.1\\fine-code-coverage\\build-output\\FightingArena.Tests.dll","CodeFilePath":null,"LineNumber":0,"Properties":[{"Key":{"Id":"TestObject.Traits","Label":"Traits","Category":"","Description":"","Attributes":5,"ValueType":"System.Collections.Generic.KeyValuePair`2[[System.String],[System.String]][]"},"Value":[]}]}]}}
TpTrace Verbose: 0 : 16968, 12, 2022/11/27, 15:53:12.767, 6064578300980, vstest.console.dll, TestRunRequest:SendTestRunStatsChange: Starting.
TpTrace Verbose: 0 : 16968, 12, 2022/11/27, 15:53:12.767, 6064578305187, vstest.console.dll, InProgress is AttackIsNotAllowedWhenEnemyHPIsLowerOrEqualThanMIN_ATTACK_HP(30,1)
TpTrace Verbose: 0 : 16968, 12, 2022/11/27, 15:53:12.767, 6064578309640, vstest.console.dll, MulticastDelegateUtilities.SafeInvoke: TestRun.RunStatsChanged: Invoking callbacks was skipped because there are no subscribers.
TpTrace Information: 0 : 16968, 12, 2022/11/27, 15:53:12.768, 6064578312359, vstest.console.dll, TestRunRequest:SendTestRunStatsChange: Completed.
TpTrace Verbose: 0 : 16968, 12, 2022/11/27, 15:53:12.768, 6064578314177, vstest.console.dll, MulticastDelegateUtilities.SafeInvoke: LengthPrefixCommunicationChannel: MessageReceived: Invoking callback 1/1 for Microsoft.VisualStudio.TestPlatform.CommunicationUtilities.TestRequestSender+<>c__DisplayClass31_0.<StartTestRun>b__1, took 105 ms.
TpTrace Verbose: 0 : 16968, 12, 2022/11/27, 15:53:12.768, 6064578315841, vstest.console.dll, TcpClientExtensions.MessageLoopAsync: Polling on remoteEndPoint: 127.0.0.1:52735 localEndPoint: 127.0.0.1:52734
TpTrace Verbose: 0 : 16968, 12, 2022/11/27, 15:53:12.768, 6064578317720, vstest.console.dll, TcpClientExtensions.MessageLoopAsync: NotifyDataAvailable remoteEndPoint: 127.0.0.1:52735 localEndPoint: 127.0.0.1:52734
TpTrace Verbose: 0 : 16968, 12, 2022/11/27, 15:53:12.769, 6064578321720, vstest.console.dll, TestRequestSender.OnExecutionMessageReceived: Received message: {"Version":2,"MessageType":"TestExecution.StatsChange","Payload":{"NewTestResults":[{"TestCase":{"Id":"0d07a42c-dfed-29cd-e495-88ff5ee80167","FullyQualifiedName":"FightingArena.Tests.WarriorTests.AttackIsNotAllowedWhenEnemyHPIsLowerOrEqualThanMIN_ATTACK_HP(30,1)","DisplayName":"AttackIsNotAllowedWhenEnemyHPIsLowerOrEqualThanMIN_ATTACK_HP(30,1)","ExecutorUri":"executor://NUnit3TestExecutor","Source":"C:\\Users\\ddian\\source\\repos\\SoftUni\\CSharpOOP\\UnitTestingExercise\\Database\\FightingArena.Tests\\bin\\Debug\\netcoreapp3.1\\fine-code-coverage\\build-output\\FightingArena.Tests.dll","CodeFilePath":null,"LineNumber":0,"Properties":[{"Key":{"Id":"TestObject.Traits","Label":"Traits","Category":"","Description":"","Attributes":5,"ValueType":"System.Collections.Generic.KeyValuePair`2[[System.String],[System.String]][]"},"Value":[]}]},"Attachments":[],"Outcome":1,"ErrorMessage":null,"ErrorStackTrace":null,"DisplayName":"AttackIsNotAllowedWhenEnemyHPIsLowerOrEqualThanMIN_ATTACK_HP(30,1)","Messages":[],"ComputerName":"DESKTOP-2K4D5J0","Duration":"00:00:00.0009290","StartTime":"2022-11-27T13:53:12+00:00","EndTime":"2022-11-27T13:53:12+00:00","Properties":[]},{"TestCase":{"Id":"062c8d14-eb60-6b1d-cdc3-da3b279d5a60","FullyQualifiedName":"FightingArena.Tests.WarriorTests.AttackIsNotAllowedWhenEnemyHPIsLowerOrEqualThanMIN_ATTACK_HP(30,30)","DisplayName":"AttackIsNotAllowedWhenEnemyHPIsLowerOrEqualThanMIN_ATTACK_HP(30,30)","ExecutorUri":"executor://NUnit3TestExecutor","Source":"C:\\Users\\ddian\\source\\repos\\SoftUni\\CSharpOOP\\UnitTestingExercise\\Database\\FightingArena.Tests\\bin\\Debug\\netcoreapp3.1\\fine-code-coverage\\build-output\\FightingArena.Tests.dll","CodeFilePath":null,"LineNumber":0,"Properties":[{"Key":{"Id":"TestObject.Traits","Label":"Traits","Category":"","Description":"","Attributes":5,"ValueType":"System.Collections.Generic.KeyValuePair`2[[System.String],[System.String]][]"},"Value":[]}]},"Attachments":[],"Outcome":1,"ErrorMessage":null,"ErrorStackTrace":null,"DisplayName":"AttackIsNotAllowedWhenEnemyHPIsLowerOrEqualThanMIN_ATTACK_HP(30,30)","Messages":[],"ComputerName":"DESKTOP-2K4D5J0","Duration":"00:00:00.0002860","StartTime":"2022-11-27T13:53:12+00:00","EndTime":"2022-11-27T13:53:12+00:00","Properties":[]},{"TestCase":{"Id":"ee197e5f-e9a7-b5cf-fe47-f56e4468748b","FullyQualifiedName":"FightingArena.Tests.WarriorTests.AttackIsNotAllowedWhenHPIsLowerOrEqualThanMIN_ATTACK_HP(30,1)","DisplayName":"AttackIsNotAllowedWhenHPIsLowerOrEqualThanMIN_ATTACK_HP(30,1)","ExecutorUri":"executor://NUnit3TestExecutor","Source":"C:\\Users\\ddian\\source\\repos\\SoftUni\\CSharpOOP\\UnitTestingExercise\\Database\\FightingArena.Tests\\bin\\Debug\\netcoreapp3.1\\fine-code-coverage\\build-output\\FightingArena.Tests.dll","CodeFilePath":null,"LineNumber":0,"Properties":[{"Key":{"Id":"TestObject.Traits","Label":"Traits","Category":"","Description":"","Attributes":5,"ValueType":"System.Collections.Generic.KeyValuePair`2[[System.String],[System.String]][]"},"Value":[]}]},"Attachments":[],"Outcome":1,"ErrorMessage":null,"ErrorStackTrace":null,"DisplayName":"AttackIsNotAllowedWhenHPIsLowerOrEqualThanMIN_ATTACK_HP(30,1)","Messages":[],"ComputerName":"DESKTOP-2K4D5J0","Duration":"00:00:00.0006050","StartTime":"2022-11-27T13:53:12+00:00","EndTime":"2022-11-27T13:53:12+00:00","Properties":[]},{"TestCase":{"Id":"b6a7bec4-d0d2-8f53-e7b2-302f47b6d895","FullyQualifiedName":"FightingArena.Tests.WarriorTests.AttackIsNotAllowedWhenHPIsLowerOrEqualThanMIN_ATTACK_HP(30,30)","DisplayName":"AttackIsNotAllowedWhenHPIsLowerOrEqualThanMIN_ATTACK_HP(30,30)","ExecutorUri":"executor://NUnit3TestExecutor","Source":"C:\\Users\\ddian\\source\\repos\\SoftUni\\CSharpOOP\\UnitTestingExercise\\Database\\FightingArena.Tests\\bin\\Debug\\netcoreapp3.1\\fine-code-coverage\\build-output\\FightingArena.Tests.dll","CodeFilePath":null,"LineNumber":0,"Properties":[{"Key":{"Id":"TestObject.Traits","Label":"Traits","Category":"","Description":"","Attributes":5,"ValueType":"System.Collections.Generic.KeyValuePair`2[[System.String],[System.String]][]"},"Value":[]}]},"Attachments":[],"Outcome":1,"ErrorMessage":null,"ErrorStackTrace":null,"DisplayName":"AttackIsNotAllowedWhenHPIsLowerOrEqualThanMIN_ATTACK_HP(30,30)","Messages":[],"ComputerName":"DESKTOP-2K4D5J0","Duration":"00:00:00.0002400","StartTime":"2022-11-27T13:53:12+00:00","EndTime":"2022-11-27T13:53:12+00:00","Properties":[]},{"TestCase":{"Id":"0ce98f76-3e44-4f41-cd25-434c85a238f2","FullyQualifiedName":"FightingArena.Tests.WarriorTests.EnemyIsDyingWhenAttackerDamageIsHigherOrEqualToEnemyHP(50,40)","DisplayName":"EnemyIsDyingWhenAttackerDamageIsHigherOrEqualToEnemyHP(50,40)","ExecutorUri":"executor://NUnit3TestExecutor","Source":"C:\\Users\\ddian\\source\\repos\\SoftUni\\CSharpOOP\\UnitTestingExercise\\Database\\FightingArena.Tests\\bin\\Debug\\netcoreapp3.1\\fine-code-coverage\\build-output\\FightingArena.Tests.dll","CodeFilePath":null,"LineNumber":0,"Properties":[{"Key":{"Id":"TestObject.Traits","Label":"Traits","Category":"","Description":"","Attributes":5,"ValueType":"System.Collections.Generic.KeyValuePair`2[[System.String],[System.String]][]"},"Value":[]}]},"Attachments":[],"Outcome":1,"ErrorMessage":null,"ErrorStackTrace":null,"DisplayName":"EnemyIsDyingWhenAttackerDamageIsHigherOrEqualToEnemyHP(50,40)","Messages":[],"ComputerName":"DESKTOP-2K4D5J0","Duration":"00:00:00.0003579","StartTime":"2022-11-27T13:53:12+00:00","EndTime":"2022-11-27T13:53:12+00:00","Properties":[]},{"TestCase":{"Id":"9b05a6c4-35b2-3787-84d5-9e6718cbcacc","FullyQualifiedName":"FightingArena.Tests.WarriorTests.EnemyIsDyingWhenAttackerDamageIsHigherOrEqualToEnemyHP(50,50)","DisplayName":"EnemyIsDyingWhenAttackerDamageIsHigherOrEqualToEnemyHP(50,50)","ExecutorUri":"executor://NUnit3TestExecutor","Source":"C:\\Users\\ddian\\source\\repos\\SoftUni\\CSharpOOP\\UnitTestingExercise\\Database\\FightingArena.Tests\\bin\\Debug\\netcoreapp3.1\\fine-code-coverage\\build-output\\FightingArena.Tests.dll","CodeFilePath":null,"LineNumber":0,"Properties":[{"Key":{"Id":"TestObject.Traits","Label":"Traits","Category":"","Description":"","Attributes":5,"ValueType":"System.Collections.Generic.KeyValuePair`2[[System.String],[System.String]][]"},"Value":[]}]},"Attachments":[],"Outcome":1,"ErrorMessage":null,"ErrorStackTrace":null,"DisplayName":"EnemyIsDyingWhenAttackerDamageIsHigherOrEqualToEnemyHP(50,50)","Messages":[],"ComputerName":"DESKTOP-2K4D5J0","Duration":"00:00:00.0001700","StartTime":"2022-11-27T13:53:12+00:00","EndTime":"2022-11-27T13:53:12+00:00","Properties":[]},{"TestCase":{"Id":"a6a616c0-335c-8d3d-45cb-73c61818bb14","FullyQualifiedName":"FightingArena.Tests.WarriorTests.ExceptionIsThrowedWhenAttackingStrongerEnemy(1)","DisplayName":"ExceptionIsThrowedWhenAttackingStrongerEnemy(1)","ExecutorUri":"executor://NUnit3TestExecutor","Source":"C:\\Users\\ddian\\source\\repos\\SoftUni\\CSharpOOP\\UnitTestingExercise\\Database\\FightingArena.Tests\\bin\\Debug\\netcoreapp3.1\\fine-code-coverage\\build-output\\FightingArena.Tests.dll","CodeFilePath":null,"LineNumber":0,"Properties":[{"Key":{"Id":"TestObject.Traits","Label":"Traits","Category":"","Description":"","Attributes":5,"ValueType":"System.Collections.Generic.KeyValuePair`2[[System.String],[System.String]][]"},"Value":[]}]},"Attachments":[],"Outcome":1,"ErrorMessage":null,"ErrorStackTrace":null,"DisplayName":"ExceptionIsThrowedWhenAttackingStrongerEnemy(1)","Messages":[],"ComputerName":"DESKTOP-2K4D5J0","Duration":"00:00:00.0006420","StartTime":"2022-11-27T13:53:12+00:00","EndTime":"2022-11-27T13:53:12+00:00","Properties":[]},{"TestCase":{"Id":"b9282173-abb1-8ea0-5fbe-f8a5e46346a4","FullyQualifiedName":"FightingArena.Tests.WarriorTests.ExceptionIsThrowedWhenAttackingStrongerEnemy(49)","DisplayName":"ExceptionIsThrowedWhenAttackingStrongerEnemy(49)","ExecutorUri":"executor://NUnit3TestExecutor","Source":"C:\\Users\\ddian\\source\\repos\\SoftUni\\CSharpOOP\\UnitTestingExercise\\Database\\FightingArena.Tests\\bin\\Debug\\netcoreapp3.1\\fine-code-coverage\\build-output\\FightingArena.Tests.dll","CodeFilePath":null,"LineNumber":0,"Properties":[{"Key":{"Id":"TestObject.Traits","Label":"Traits","Category":"","Description":"","Attributes":5,"ValueType":"System.Collections.Generic.KeyValuePair`2[[System.String],[System.String]][]"},"Value":[]}]},"Attachments":[],"Outcome":1,"ErrorMessage":null,"ErrorStackTrace":null,"DisplayName":"ExceptionIsThrowedWhenAttackingStrongerEnemy(49)","Messages":[],"ComputerName":"DESKTOP-2K4D5J0","Duration":"00:00:00.0002599","StartTime":"2022-11-27T13:53:12+00:00","EndTime":"2022-11-27T13:53:12+00:00","Properties":[]},{"TestCase":{"Id":"a3d0bf8d-27de-aa68-64c3-bc0ffa206779","FullyQualifiedName":"FightingArena.Tests.WarriorTests.WarriorDamageCanNotBeLessThanOrZero(0)","DisplayName":"WarriorDamageCanNotBeLessThanOrZero(0)","ExecutorUri":"executor://NUnit3TestExecutor","Source":"C:\\Users\\ddian\\source\\repos\\SoftUni\\CSharpOOP\\UnitTestingExercise\\Database\\FightingArena.Tests\\bin\\Debug\\netcoreapp3.1\\fine-code-coverage\\build-output\\FightingArena.Tests.dll","CodeFilePath":null,"LineNumber":0,"Properties":[{"Key":{"Id":"TestObject.Traits","Label":"Traits","Category":"","Description":"","Attributes":5,"ValueType":"System.Collections.Generic.KeyValuePair`2[[System.String],[System.String]][]"},"Value":[]}]},"Attachments":[],"Outcome":1,"ErrorMessage":null,"ErrorStackTrace":null,"DisplayName":"WarriorDamageCanNotBeLessThanOrZero(0)","Messages":[],"ComputerName":"DESKTOP-2K4D5J0","Duration":"00:00:00.0007630","StartTime":"2022-11-27T13:53:12+00:00","EndTime":"2022-11-27T13:53:12+00:00","Properties":[]}],"TestRunStatistics":{"ExecutedTests":18,"Stats":{"Passed":18}},"ActiveTests":[{"Id":"d2eebccc-9814-87b3-30b3-db2df5132101","FullyQualifiedName":"FightingArena.Tests.WarriorTests.WarriorDamageCanNotBeLessThanOrZero(-1)","DisplayName":"WarriorDamageCanNotBeLessThanOrZero(-1)","ExecutorUri":"executor://NUnit3TestExecutor","Source":"C:\\Users\\ddian\\source\\repos\\SoftUni\\CSharpOOP\\UnitTestingExercise\\Database\\FightingArena.Tests\\bin\\Debug\\netcoreapp3.1\\fine-code-coverage\\build-output\\FightingArena.Tests.dll","CodeFilePath":null,"LineNumber":0,"Properties":[{"Key":{"Id":"TestObject.Traits","Label":"Traits","Category":"","Description":"","Attributes":5,"ValueType":"System.Collections.Generic.KeyValuePair`2[[System.String],[System.String]][]"},"Value":[]}]}]}}
TpTrace Verbose: 0 : 16968, 12, 2022/11/27, 15:53:12.771, 6064578346184, vstest.console.dll, TestRunRequest:SendTestRunStatsChange: Starting.
TpTrace Verbose: 0 : 16968, 12, 2022/11/27, 15:53:12.771, 6064578349208, vstest.console.dll, InProgress is WarriorDamageCanNotBeLessThanOrZero(-1)
TpTrace Verbose: 0 : 16968, 12, 2022/11/27, 15:53:12.772, 6064578351516, vstest.console.dll, MulticastDelegateUtilities.SafeInvoke: TestRun.RunStatsChanged: Invoking callbacks was skipped because there are no subscribers.
TpTrace Information: 0 : 16968, 12, 2022/11/27, 15:53:12.772, 6064578353306, vstest.console.dll, TestRunRequest:SendTestRunStatsChange: Completed.
TpTrace Verbose: 0 : 16968, 12, 2022/11/27, 15:53:12.772, 6064578355213, vstest.console.dll, MulticastDelegateUtilities.SafeInvoke: LengthPrefixCommunicationChannel: MessageReceived: Invoking callback 1/1 for Microsoft.VisualStudio.TestPlatform.CommunicationUtilities.TestRequestSender+<>c__DisplayClass31_0.<StartTestRun>b__1, took 3 ms.
TpTrace Verbose: 0 : 16968, 12, 2022/11/27, 15:53:12.772, 6064578357553, vstest.console.dll, TcpClientExtensions.MessageLoopAsync: Polling on remoteEndPoint: 127.0.0.1:52735 localEndPoint: 127.0.0.1:52734
TpTrace Verbose: 0 : 16968, 12, 2022/11/27, 15:53:12.773, 6064578360665, vstest.console.dll, TcpClientExtensions.MessageLoopAsync: NotifyDataAvailable remoteEndPoint: 127.0.0.1:52735 localEndPoint: 127.0.0.1:52734
TpTrace Verbose: 0 : 16968, 4, 2022/11/27, 15:53:12.773, 6064578363032, vstest.console.dll, MulticastDelegateUtilities.SafeInvoke: InternalTestLoggerEvents.SendTestResult: Invoking callback 1/1 for Microsoft.VisualStudio.TestPlatform.CommandLine.Internal.ConsoleLogger.TestResultHandler, took 5 ms.
TpTrace Verbose: 0 : 16968, 12, 2022/11/27, 15:53:12.773, 6064578364790, vstest.console.dll, TestRequestSender.OnExecutionMessageReceived: Received message: {"Version":2,"MessageType":"TestExecution.StatsChange","Payload":{"NewTestResults":[{"TestCase":{"Id":"d2eebccc-9814-87b3-30b3-db2df5132101","FullyQualifiedName":"FightingArena.Tests.WarriorTests.WarriorDamageCanNotBeLessThanOrZero(-1)","DisplayName":"WarriorDamageCanNotBeLessThanOrZero(-1)","ExecutorUri":"executor://NUnit3TestExecutor","Source":"C:\\Users\\ddian\\source\\repos\\SoftUni\\CSharpOOP\\UnitTestingExercise\\Database\\FightingArena.Tests\\bin\\Debug\\netcoreapp3.1\\fine-code-coverage\\build-output\\FightingArena.Tests.dll","CodeFilePath":null,"LineNumber":0,"Properties":[{"Key":{"Id":"TestObject.Traits","Label":"Traits","Category":"","Description":"","Attributes":5,"ValueType":"System.Collections.Generic.KeyValuePair`2[[System.String],[System.String]][]"},"Value":[]}]},"Attachments":[],"Outcome":1,"ErrorMessage":null,"ErrorStackTrace":null,"DisplayName":"WarriorDamageCanNotBeLessThanOrZero(-1)","Messages":[],"ComputerName":"DESKTOP-2K4D5J0","Duration":"00:00:00.0003080","StartTime":"2022-11-27T13:53:12+00:00","EndTime":"2022-11-27T13:53:12+00:00","Properties":[]},{"TestCase":{"Id":"2534e3e9-993d-dd64-d320-516f2b8b7fb9","FullyQualifiedName":"FightingArena.Tests.WarriorTests.WarriorDamageCanNotBeLessThanOrZero(int.MinValue)","DisplayName":"WarriorDamageCanNotBeLessThanOrZero(int.MinValue)","ExecutorUri":"executor://NUnit3TestExecutor","Source":"C:\\Users\\ddian\\source\\repos\\SoftUni\\CSharpOOP\\UnitTestingExercise\\Database\\FightingArena.Tests\\bin\\Debug\\netcoreapp3.1\\fine-code-coverage\\build-output\\FightingArena.Tests.dll","CodeFilePath":null,"LineNumber":0,"Properties":[{"Key":{"Id":"TestObject.Traits","Label":"Traits","Category":"","Description":"","Attributes":5,"ValueType":"System.Collections.Generic.KeyValuePair`2[[System.String],[System.String]][]"},"Value":[]}]},"Attachments":[],"Outcome":1,"ErrorMessage":null,"ErrorStackTrace":null,"DisplayName":"WarriorDamageCanNotBeLessThanOrZero(int.MinValue)","Messages":[],"ComputerName":"DESKTOP-2K4D5J0","Duration":"00:00:00.0002680","StartTime":"2022-11-27T13:53:12+00:00","EndTime":"2022-11-27T13:53:12+00:00","Properties":[]},{"TestCase":{"Id":"0daecd94-8a95-df8b-2848-45d20322ee21","FullyQualifiedName":"FightingArena.Tests.WarriorTests.WarriorDamageIsSetWithCorrectlyGivenValueAboveZero","DisplayName":"WarriorDamageIsSetWithCorrectlyGivenValueAboveZero","ExecutorUri":"executor://NUnit3TestExecutor","Source":"C:\\Users\\ddian\\source\\repos\\SoftUni\\CSharpOOP\\UnitTestingExercise\\Database\\FightingArena.Tests\\bin\\Debug\\netcoreapp3.1\\fine-code-coverage\\build-output\\FightingArena.Tests.dll","CodeFilePath":null,"LineNumber":0,"Properties":[{"Key":{"Id":"TestObject.Traits","Label":"Traits","Category":"","Description":"","Attributes":5,"ValueType":"System.Collections.Generic.KeyValuePair`2[[System.String],[System.String]][]"},"Value":[]}]},"Attachments":[],"Outcome":1,"ErrorMessage":null,"ErrorStackTrace":null,"DisplayName":"WarriorDamageIsSetWithCorrectlyGivenValueAboveZero","Messages":[],"ComputerName":"DESKTOP-2K4D5J0","Duration":"00:00:00.0004590","StartTime":"2022-11-27T13:53:12+00:00","EndTime":"2022-11-27T13:53:12+00:00","Properties":[]},{"TestCase":{"Id":"ab28b90c-a4d6-9839-ca24-ae0bf1c88567","FullyQualifiedName":"FightingArena.Tests.WarriorTests.WarriorHPCanNotBeLessThanZero(-1)","DisplayName":"WarriorHPCanNotBeLessThanZero(-1)","ExecutorUri":"executor://NUnit3TestExecutor","Source":"C:\\Users\\ddian\\source\\repos\\SoftUni\\CSharpOOP\\UnitTestingExercise\\Database\\FightingArena.Tests\\bin\\Debug\\netcoreapp3.1\\fine-code-coverage\\build-output\\FightingArena.Tests.dll","CodeFilePath":null,"LineNumber":0,"Properties":[{"Key":{"Id":"TestObject.Traits","Label":"Traits","Category":"","Description":"","Attributes":5,"ValueType":"System.Collections.Generic.KeyValuePair`2[[System.String],[System.String]][]"},"Value":[]}]},"Attachments":[],"Outcome":1,"ErrorMessage":null,"ErrorStackTrace":null,"DisplayName":"WarriorHPCanNotBeLessThanZero(-1)","Messages":[],"ComputerName":"DESKTOP-2K4D5J0","Duration":"00:00:00.0005120","StartTime":"2022-11-27T13:53:12+00:00","EndTime":"2022-11-27T13:53:12+00:00","Properties":[]},{"TestCase":{"Id":"641ca5da-fca4-fc04-a0ee-9845713e7972","FullyQualifiedName":"FightingArena.Tests.WarriorTests.WarriorHPCanNotBeLessThanZero(int.MinValue)","DisplayName":"WarriorHPCanNotBeLessThanZero(int.MinValue)","ExecutorUri":"executor://NUnit3TestExecutor","Source":"C:\\Users\\ddian\\source\\repos\\SoftUni\\CSharpOOP\\UnitTestingExercise\\Database\\FightingArena.Tests\\bin\\Debug\\netcoreapp3.1\\fine-code-coverage\\build-output\\FightingArena.Tests.dll","CodeFilePath":null,"LineNumber":0,"Properties":[{"Key":{"Id":"TestObject.Traits","Label":"Traits","Category":"","Description":"","Attributes":5,"ValueType":"System.Collections.Generic.KeyValuePair`2[[System.String],[System.String]][]"},"Value":[]}]},"Attachments":[],"Outcome":1,"ErrorMessage":null,"ErrorStackTrace":null,"DisplayName":"WarriorHPCanNotBeLessThanZero(int.MinValue)","Messages":[],"ComputerName":"DESKTOP-2K4D5J0","Duration":"00:00:00.0001890","StartTime":"2022-11-27T13:53:12+00:00","EndTime":"2022-11-27T13:53:12+00:00","Properties":[]},{"TestCase":{"Id":"e35c261f-a861-815e-8a18-9716f85d8410","FullyQualifiedName":"FightingArena.Tests.WarriorTests.WarriorHPIsSetWhenGivenValueIsZeroOrAbove(0)","DisplayName":"WarriorHPIsSetWhenGivenValueIsZeroOrAbove(0)","ExecutorUri":"executor://NUnit3TestExecutor","Source":"C:\\Users\\ddian\\source\\repos\\SoftUni\\CSharpOOP\\UnitTestingExercise\\Database\\FightingArena.Tests\\bin\\Debug\\netcoreapp3.1\\fine-code-coverage\\build-output\\FightingArena.Tests.dll","CodeFilePath":null,"LineNumber":0,"Properties":[{"Key":{"Id":"TestObject.Traits","Label":"Traits","Category":"","Description":"","Attributes":5,"ValueType":"System.Collections.Generic.KeyValuePair`2[[System.String],[System.String]][]"},"Value":[]}]},"Attachments":[],"Outcome":1,"ErrorMessage":null,"ErrorStackTrace":null,"DisplayName":"WarriorHPIsSetWhenGivenValueIsZeroOrAbove(0)","Messages":[],"ComputerName":"DESKTOP-2K4D5J0","Duration":"00:00:00.0002650","StartTime":"2022-11-27T13:53:12+00:00","EndTime":"2022-11-27T13:53:12+00:00","Properties":[]},{"TestCase":{"Id":"c4aed7a9-7bf9-78ae-1ecc-c8ac936c6152","FullyQualifiedName":"FightingArena.Tests.WarriorTests.WarriorHPIsSetWhenGivenValueIsZeroOrAbove(1)","DisplayName":"WarriorHPIsSetWhenGivenValueIsZeroOrAbove(1)","ExecutorUri":"executor://NUnit3TestExecutor","Source":"C:\\Users\\ddian\\source\\repos\\SoftUni\\CSharpOOP\\UnitTestingExercise\\Database\\FightingArena.Tests\\bin\\Debug\\netcoreapp3.1\\fine-code-coverage\\build-output\\FightingArena.Tests.dll","CodeFilePath":null,"LineNumber":0,"Properties":[{"Key":{"Id":"TestObject.Traits","Label":"Traits","Category":"","Description":"","Attributes":5,"ValueType":"System.Collections.Generic.KeyValuePair`2[[System.String],[System.String]][]"},"Value":[]}]},"Attachments":[],"Outcome":1,"ErrorMessage":null,"ErrorStackTrace":null,"DisplayName":"WarriorHPIsSetWhenGivenValueIsZeroOrAbove(1)","Messages":[],"ComputerName":"DESKTOP-2K4D5J0","Duration":"00:00:00.0001610","StartTime":"2022-11-27T13:53:12+00:00","EndTime":"2022-11-27T13:53:12+00:00","Properties":[]},{"TestCase":{"Id":"ed13d026-8afa-673c-37e0-e2b1f01568b1","FullyQualifiedName":"FightingArena.Tests.WarriorTests.WarriorHPIsSetWhenGivenValueIsZeroOrAbove(int.MaxValue)","DisplayName":"WarriorHPIsSetWhenGivenValueIsZeroOrAbove(int.MaxValue)","ExecutorUri":"executor://NUnit3TestExecutor","Source":"C:\\Users\\ddian\\source\\repos\\SoftUni\\CSharpOOP\\UnitTestingExercise\\Database\\FightingArena.Tests\\bin\\Debug\\netcoreapp3.1\\fine-code-coverage\\build-output\\FightingArena.Tests.dll","CodeFilePath":null,"LineNumber":0,"Properties":[{"Key":{"Id":"TestObject.Traits","Label":"Traits","Category":"","Description":"","Attributes":5,"ValueType":"System.Collections.Generic.KeyValuePair`2[[System.String],[System.String]][]"},"Value":[]}]},"Attachments":[],"Outcome":1,"ErrorMessage":null,"ErrorStackTrace":null,"DisplayName":"WarriorHPIsSetWhenGivenValueIsZeroOrAbove(int.MaxValue)","Messages":[],"ComputerName":"DESKTOP-2K4D5J0","Duration":"00:00:00.0001360","StartTime":"2022-11-27T13:53:12+00:00","EndTime":"2022-11-27T13:53:12+00:00","Properties":[]},{"TestCase":{"Id":"cadadea6-d1fd-03d1-a724-66c5ab4ce081","FullyQualifiedName":"FightingArena.Tests.WarriorTests.WarriorNameCanNotBeNullOrEmpty(null)","DisplayName":"WarriorNameCanNotBeNullOrEmpty(null)","ExecutorUri":"executor://NUnit3TestExecutor","Source":"C:\\Users\\ddian\\source\\repos\\SoftUni\\CSharpOOP\\UnitTestingExercise\\Database\\FightingArena.Tests\\bin\\Debug\\netcoreapp3.1\\fine-code-coverage\\build-output\\FightingArena.Tests.dll","CodeFilePath":null,"LineNumber":0,"Properties":[{"Key":{"Id":"TestObject.Traits","Label":"Traits","Category":"","Description":"","Attributes":5,"ValueType":"System.Collections.Generic.KeyValuePair`2[[System.String],[System.String]][]"},"Value":[]}]},"Attachments":[],"Outcome":1,"ErrorMessage":null,"ErrorStackTrace":null,"DisplayName":"WarriorNameCanNotBeNullOrEmpty(null)","Messages":[],"ComputerName":"DESKTOP-2K4D5J0","Duration":"00:00:00.0005430","StartTime":"2022-11-27T13:53:12+00:00","EndTime":"2022-11-27T13:53:12+00:00","Properties":[]}],"TestRunStatistics":{"ExecutedTests":27,"Stats":{"Passed":27}},"ActiveTests":[{"Id":"ede62ea8-c5e2-f114-3864-bdb48153e157","FullyQualifiedName":"FightingArena.Tests.WarriorTests.WarriorNameCanNotBeNullOrEmpty(\"\")","DisplayName":"WarriorNameCanNotBeNullOrEmpty(\"\")","ExecutorUri":"executor://NUnit3TestExecutor","Source":"C:\\Users\\ddian\\source\\repos\\SoftUni\\CSharpOOP\\UnitTestingExercise\\Database\\FightingArena.Tests\\bin\\Debug\\netcoreapp3.1\\fine-code-coverage\\build-output\\FightingArena.Tests.dll","CodeFilePath":null,"LineNumber":0,"Properties":[{"Key":{"Id":"TestObject.Traits","Label":"Traits","Category":"","Description":"","Attributes":5,"ValueType":"System.Collections.Generic.KeyValuePair`2[[System.String],[System.String]][]"},"Value":[]}]}]}}
TpTrace Verbose: 0 : 16968, 4, 2022/11/27, 15:53:12.773, 6064578366210, vstest.console.dll, MulticastDelegateUtilities.SafeInvoke: InternalTestLoggerEvents.SendTestResult: Invoking callback 1/1 for Microsoft.VisualStudio.TestPlatform.CommandLine.Internal.ConsoleLogger.TestResultHandler, took 0 ms.
TpTrace Verbose: 0 : 16968, 4, 2022/11/27, 15:53:12.774, 6064578371014, vstest.console.dll, MulticastDelegateUtilities.SafeInvoke: InternalTestLoggerEvents.SendTestResult: Invoking callback 1/1 for Microsoft.VisualStudio.TestPlatform.CommandLine.Internal.ConsoleLogger.TestResultHandler, took 0 ms.
TpTrace Verbose: 0 : 16968, 4, 2022/11/27, 15:53:12.774, 6064578373243, vstest.console.dll, MulticastDelegateUtilities.SafeInvoke: InternalTestLoggerEvents.SendTestResult: Invoking callback 1/1 for Microsoft.VisualStudio.TestPlatform.CommandLine.Internal.ConsoleLogger.TestResultHandler, took 0 ms.
TpTrace Verbose: 0 : 16968, 4, 2022/11/27, 15:53:12.774, 6064578375299, vstest.console.dll, MulticastDelegateUtilities.SafeInvoke: InternalTestLoggerEvents.SendTestResult: Invoking callback 1/1 for Microsoft.VisualStudio.TestPlatform.CommandLine.Internal.ConsoleLogger.TestResultHandler, took 0 ms.
TpTrace Verbose: 0 : 16968, 4, 2022/11/27, 15:53:12.774, 6064578377330, vstest.console.dll, MulticastDelegateUtilities.SafeInvoke: InternalTestLoggerEvents.SendTestResult: Invoking callback 1/1 for Microsoft.VisualStudio.TestPlatform.CommandLine.Internal.ConsoleLogger.TestResultHandler, took 0 ms.
TpTrace Verbose: 0 : 16968, 4, 2022/11/27, 15:53:12.774, 6064578379360, vstest.console.dll, MulticastDelegateUtilities.SafeInvoke: InternalTestLoggerEvents.SendTestResult: Invoking callback 1/1 for Microsoft.VisualStudio.TestPlatform.CommandLine.Internal.ConsoleLogger.TestResultHandler, took 0 ms.
TpTrace Verbose: 0 : 16968, 4, 2022/11/27, 15:53:12.775, 6064578381633, vstest.console.dll, MulticastDelegateUtilities.SafeInvoke: InternalTestLoggerEvents.SendTestResult: Invoking callback 1/1 for Microsoft.VisualStudio.TestPlatform.CommandLine.Internal.ConsoleLogger.TestResultHandler, took 0 ms.
TpTrace Verbose: 0 : 16968, 4, 2022/11/27, 15:53:12.775, 6064578383696, vstest.console.dll, MulticastDelegateUtilities.SafeInvoke: InternalTestLoggerEvents.SendTestResult: Invoking callback 1/1 for Microsoft.VisualStudio.TestPlatform.CommandLine.Internal.ConsoleLogger.TestResultHandler, took 0 ms.
TpTrace Verbose: 0 : 16968, 12, 2022/11/27, 15:53:12.775, 6064578384805, vstest.console.dll, TestRunRequest:SendTestRunStatsChange: Starting.
TpTrace Verbose: 0 : 16968, 12, 2022/11/27, 15:53:12.775, 6064578387222, vstest.console.dll, InProgress is WarriorNameCanNotBeNullOrEmpty("")
TpTrace Verbose: 0 : 16968, 12, 2022/11/27, 15:53:12.775, 6064578388974, vstest.console.dll, MulticastDelegateUtilities.SafeInvoke: TestRun.RunStatsChanged: Invoking callbacks was skipped because there are no subscribers.
TpTrace Information: 0 : 16968, 12, 2022/11/27, 15:53:12.776, 6064578390292, vstest.console.dll, TestRunRequest:SendTestRunStatsChange: Completed.
TpTrace Verbose: 0 : 16968, 12, 2022/11/27, 15:53:12.776, 6064578391786, vstest.console.dll, MulticastDelegateUtilities.SafeInvoke: LengthPrefixCommunicationChannel: MessageReceived: Invoking callback 1/1 for Microsoft.VisualStudio.TestPlatform.CommunicationUtilities.TestRequestSender+<>c__DisplayClass31_0.<StartTestRun>b__1, took 2 ms.
TpTrace Verbose: 0 : 16968, 12, 2022/11/27, 15:53:12.776, 6064578393178, vstest.console.dll, TcpClientExtensions.MessageLoopAsync: Polling on remoteEndPoint: 127.0.0.1:52735 localEndPoint: 127.0.0.1:52734
TpTrace Verbose: 0 : 16968, 4, 2022/11/27, 15:53:12.775, 6064578385775, vstest.console.dll, MulticastDelegateUtilities.SafeInvoke: InternalTestLoggerEvents.SendTestResult: Invoking callback 1/1 for Microsoft.VisualStudio.TestPlatform.CommandLine.Internal.ConsoleLogger.TestResultHandler, took 0 ms.
TpTrace Verbose: 0 : 16968, 12, 2022/11/27, 15:53:12.776, 6064578394685, vstest.console.dll, TcpClientExtensions.MessageLoopAsync: NotifyDataAvailable remoteEndPoint: 127.0.0.1:52735 localEndPoint: 127.0.0.1:52734
TpTrace Verbose: 0 : 16968, 4, 2022/11/27, 15:53:12.776, 6064578396941, vstest.console.dll, MulticastDelegateUtilities.SafeInvoke: InternalTestLoggerEvents.SendTestResult: Invoking callback 1/1 for Microsoft.VisualStudio.TestPlatform.CommandLine.Internal.ConsoleLogger.TestResultHandler, took 0 ms.
TpTrace Verbose: 0 : 16968, 12, 2022/11/27, 15:53:12.776, 6064578398054, vstest.console.dll, TestRequestSender.OnExecutionMessageReceived: Received message: {"Version":2,"MessageType":"TestSession.Message","Payload":{"MessageLevel":0,"Message":"NUnit Adapter 3.9.0.0: Test execution complete"}}
TpTrace Verbose: 0 : 16968, 4, 2022/11/27, 15:53:12.777, 6064578400059, vstest.console.dll, MulticastDelegateUtilities.SafeInvoke: InternalTestLoggerEvents.SendTestResult: Invoking callback 1/1 for Microsoft.VisualStudio.TestPlatform.CommandLine.Internal.ConsoleLogger.TestResultHandler, took 0 ms.
TpTrace Verbose: 0 : 16968, 12, 2022/11/27, 15:53:12.777, 6064578401443, vstest.console.dll, TestRunRequest:SendTestRunMessage: Starting.
TpTrace Verbose: 0 : 16968, 4, 2022/11/27, 15:53:12.777, 6064578402956, vstest.console.dll, MulticastDelegateUtilities.SafeInvoke: InternalTestLoggerEvents.SendTestResult: Invoking callback 1/1 for Microsoft.VisualStudio.TestPlatform.CommandLine.Internal.ConsoleLogger.TestResultHandler, took 0 ms.
TpTrace Verbose: 0 : 16968, 12, 2022/11/27, 15:53:12.777, 6064578403946, vstest.console.dll, MulticastDelegateUtilities.SafeInvoke: TestRun.LogMessages: Invoking callback 1/1 for Microsoft.VisualStudio.TestPlatform.CommandLine.TestRunResultAggregator.TestRunMessageHandler, took 0 ms.
TpTrace Verbose: 0 : 16968, 4, 2022/11/27, 15:53:12.777, 6064578405541, vstest.console.dll, MulticastDelegateUtilities.SafeInvoke: InternalTestLoggerEvents.SendTestResult: Invoking callback 1/1 for Microsoft.VisualStudio.TestPlatform.CommandLine.Internal.ConsoleLogger.TestResultHandler, took 0 ms.
TpTrace Information: 0 : 16968, 12, 2022/11/27, 15:53:12.777, 6064578406292, vstest.console.dll, TestRunRequest:SendTestRunMessage: Completed.
TpTrace Verbose: 0 : 16968, 4, 2022/11/27, 15:53:12.777, 6064578408137, vstest.console.dll, MulticastDelegateUtilities.SafeInvoke: InternalTestLoggerEvents.SendTestResult: Invoking callback 1/1 for Microsoft.VisualStudio.TestPlatform.CommandLine.Internal.ConsoleLogger.TestResultHandler, took 0 ms.
TpTrace Verbose: 0 : 16968, 12, 2022/11/27, 15:53:12.777, 6064578408847, vstest.console.dll, MulticastDelegateUtilities.SafeInvoke: LengthPrefixCommunicationChannel: MessageReceived: Invoking callback 1/1 for Microsoft.VisualStudio.TestPlatform.CommunicationUtilities.TestRequestSender+<>c__DisplayClass31_0.<StartTestRun>b__1, took 1 ms.
TpTrace Verbose: 0 : 16968, 4, 2022/11/27, 15:53:12.778, 6064578410598, vstest.console.dll, MulticastDelegateUtilities.SafeInvoke: InternalTestLoggerEvents.SendTestResult: Invoking callback 1/1 for Microsoft.VisualStudio.TestPlatform.CommandLine.Internal.ConsoleLogger.TestResultHandler, took 0 ms.
TpTrace Verbose: 0 : 16968, 12, 2022/11/27, 15:53:12.778, 6064578411365, vstest.console.dll, TcpClientExtensions.MessageLoopAsync: Polling on remoteEndPoint: 127.0.0.1:52735 localEndPoint: 127.0.0.1:52734
TpTrace Verbose: 0 : 16968, 4, 2022/11/27, 15:53:12.778, 6064578413221, vstest.console.dll, MulticastDelegateUtilities.SafeInvoke: InternalTestLoggerEvents.SendTestResult: Invoking callback 1/1 for Microsoft.VisualStudio.TestPlatform.CommandLine.Internal.ConsoleLogger.TestResultHandler, took 0 ms.
TpTrace Verbose: 0 : 16968, 4, 2022/11/27, 15:53:12.778, 6064578415651, vstest.console.dll, MulticastDelegateUtilities.SafeInvoke: InternalTestLoggerEvents.SendTestResult: Invoking callback 1/1 for Microsoft.VisualStudio.TestPlatform.CommandLine.Internal.ConsoleLogger.TestResultHandler, took 0 ms.
TpTrace Verbose: 0 : 16968, 4, 2022/11/27, 15:53:12.778, 6064578417403, vstest.console.dll, MulticastDelegateUtilities.SafeInvoke: InternalTestLoggerEvents.SendTestResult: Invoking callback 1/1 for Microsoft.VisualStudio.TestPlatform.CommandLine.Internal.ConsoleLogger.TestResultHandler, took 0 ms.
TpTrace Verbose: 0 : 16968, 4, 2022/11/27, 15:53:12.778, 6064578419007, vstest.console.dll, MulticastDelegateUtilities.SafeInvoke: InternalTestLoggerEvents.SendTestResult: Invoking callback 1/1 for Microsoft.VisualStudio.TestPlatform.CommandLine.Internal.ConsoleLogger.TestResultHandler, took 0 ms.
TpTrace Verbose: 0 : 16968, 4, 2022/11/27, 15:53:12.779, 6064578420660, vstest.console.dll, MulticastDelegateUtilities.SafeInvoke: InternalTestLoggerEvents.SendTestResult: Invoking callback 1/1 for Microsoft.VisualStudio.TestPlatform.CommandLine.Internal.ConsoleLogger.TestResultHandler, took 0 ms.
TpTrace Verbose: 0 : 16968, 4, 2022/11/27, 15:53:12.779, 6064578423279, vstest.console.dll, MulticastDelegateUtilities.SafeInvoke: InternalTestLoggerEvents.SendTestResult: Invoking callback 1/1 for Microsoft.VisualStudio.TestPlatform.CommandLine.Internal.ConsoleLogger.TestResultHandler, took 0 ms.
TpTrace Verbose: 0 : 16968, 4, 2022/11/27, 15:53:12.779, 6064578427516, vstest.console.dll, MulticastDelegateUtilities.SafeInvoke: InternalTestLoggerEvents.SendTestResult: Invoking callback 1/1 for Microsoft.VisualStudio.TestPlatform.CommandLine.Internal.ConsoleLogger.TestResultHandler, took 0 ms.
TpTrace Verbose: 0 : 16968, 4, 2022/11/27, 15:53:12.779, 6064578429625, vstest.console.dll, MulticastDelegateUtilities.SafeInvoke: InternalTestLoggerEvents.SendTestResult: Invoking callback 1/1 for Microsoft.VisualStudio.TestPlatform.CommandLine.Internal.ConsoleLogger.TestResultHandler, took 0 ms.
TpTrace Verbose: 0 : 16968, 4, 2022/11/27, 15:53:12.782, 6064578450663, vstest.console.dll, MulticastDelegateUtilities.SafeInvoke: InternalTestLoggerEvents.SendTestResult: Invoking callback 1/1 for Microsoft.VisualStudio.TestPlatform.CommandLine.Internal.ConsoleLogger.TestResultHandler, took 1 ms.
TpTrace Verbose: 0 : 16968, 4, 2022/11/27, 15:53:12.782, 6064578453326, vstest.console.dll, MulticastDelegateUtilities.SafeInvoke: InternalTestLoggerEvents.SendTestResult: Invoking callback 1/1 for Microsoft.VisualStudio.TestPlatform.CommandLine.Internal.ConsoleLogger.TestResultHandler, took 0 ms.
TpTrace Verbose: 0 : 16968, 4, 2022/11/27, 15:53:12.782, 6064578454569, vstest.console.dll, MulticastDelegateUtilities.SafeInvoke: InternalTestLoggerEvents.SendTestResult: Invoking callback 1/1 for Microsoft.VisualStudio.TestPlatform.CommandLine.Internal.ConsoleLogger.TestResultHandler, took 0 ms.
TpTrace Verbose: 0 : 16968, 4, 2022/11/27, 15:53:12.782, 6064578455603, vstest.console.dll, MulticastDelegateUtilities.SafeInvoke: InternalTestLoggerEvents.SendTestRunMessage: Invoking callback 1/1 for Microsoft.VisualStudio.TestPlatform.CommandLine.Internal.ConsoleLogger.TestMessageHandler, took 0 ms.
TpTrace Verbose: 0 : 16968, 12, 2022/11/27, 15:53:12.787, 6064578509425, vstest.console.dll, TcpClientExtensions.MessageLoopAsync: NotifyDataAvailable remoteEndPoint: 127.0.0.1:52735 localEndPoint: 127.0.0.1:52734
TpTrace Verbose: 0 : 16968, 12, 2022/11/27, 15:53:12.788, 6064578512054, vstest.console.dll, TestRequestSender.OnExecutionMessageReceived: Received message: {"Version":2,"MessageType":"TestExecution.Completed","Payload":{"TestRunCompleteArgs":{"TestRunStatistics":{"ExecutedTests":29,"Stats":{"Passed":29}},"IsCanceled":false,"IsAborted":false,"Error":null,"AttachmentSets":[],"ElapsedTimeInRunningTests":"00:00:00.5117496","Metrics":{}},"LastRunTests":{"NewTestResults":[{"TestCase":{"Id":"ede62ea8-c5e2-f114-3864-bdb48153e157","FullyQualifiedName":"FightingArena.Tests.WarriorTests.WarriorNameCanNotBeNullOrEmpty(\"\")","DisplayName":"WarriorNameCanNotBeNullOrEmpty(\"\")","ExecutorUri":"executor://NUnit3TestExecutor","Source":"C:\\Users\\ddian\\source\\repos\\SoftUni\\CSharpOOP\\UnitTestingExercise\\Database\\FightingArena.Tests\\bin\\Debug\\netcoreapp3.1\\fine-code-coverage\\build-output\\FightingArena.Tests.dll","CodeFilePath":null,"LineNumber":0,"Properties":[{"Key":{"Id":"TestObject.Traits","Label":"Traits","Category":"","Description":"","Attributes":5,"ValueType":"System.Collections.Generic.KeyValuePair`2[[System.String],[System.String]][]"},"Value":[]}]},"Attachments":[],"Outcome":1,"ErrorMessage":null,"ErrorStackTrace":null,"DisplayName":"WarriorNameCanNotBeNullOrEmpty(\"\")","Messages":[],"ComputerName":"DESKTOP-2K4D5J0","Duration":"00:00:00.0001750","StartTime":"2022-11-27T13:53:12+00:00","EndTime":"2022-11-27T13:53:12+00:00","Properties":[]},{"TestCase":{"Id":"1a90d0ae-8acc-4007-605f-c8d3a74f0028","FullyQualifiedName":"FightingArena.Tests.WarriorTests.WarriorNameIsSetWithCorrectlyGivenData","DisplayName":"WarriorNameIsSetWithCorrectlyGivenData","ExecutorUri":"executor://NUnit3TestExecutor","Source":"C:\\Users\\ddian\\source\\repos\\SoftUni\\CSharpOOP\\UnitTestingExercise\\Database\\FightingArena.Tests\\bin\\Debug\\netcoreapp3.1\\fine-code-coverage\\build-output\\FightingArena.Tests.dll","CodeFilePath":null,"LineNumber":0,"Properties":[{"Key":{"Id":"TestObject.Traits","Label":"Traits","Category":"","Description":"","Attributes":5,"ValueType":"System.Collections.Generic.KeyValuePair`2[[System.String],[System.String]][]"},"Value":[]}]},"Attachments":[],"Outcome":1,"ErrorMessage":null,"ErrorStackTrace":null,"DisplayName":"WarriorNameIsSetWithCorrectlyGivenData","Messages":[],"ComputerName":"DESKTOP-2K4D5J0","Duration":"00:00:00.0005060","StartTime":"2022-11-27T13:53:12+00:00","EndTime":"2022-11-27T13:53:12+00:00","Properties":[]}],"TestRunStatistics":{"ExecutedTests":29,"Stats":{"Passed":29}},"ActiveTests":[]},"RunAttachments":[],"ExecutorUris":["executor://nunit3testexecutor/"]}}
TpTrace Verbose: 0 : 16968, 12, 2022/11/27, 15:53:12.788, 6064578513588, vstest.console.dll, TestRequestSender.EndSession: Sending end session.
TpTrace Verbose: 0 : 16968, 12, 2022/11/27, 15:53:12.788, 6064578516177, vstest.console.dll, ProxyOperationManager.Close: waiting for test host to exit for 100 ms
TpTrace Warning: 0 : 16968, 10, 2022/11/27, 15:53:12.803, 6064578669234, vstest.console.dll, TestHostManagerCallbacks.ErrorReceivedCallback Test host standard error line: 
TpTrace Verbose: 0 : 16968, 10, 2022/11/27, 15:53:12.813, 6064578764484, vstest.console.dll, TestHostProvider.ExitCallBack: Host exited starting callback.
TpTrace Information: 0 : 16968, 10, 2022/11/27, 15:53:12.814, 6064578770632, vstest.console.dll, TestHostManagerCallbacks.ExitCallBack: Testhost processId: 15644 exited with exitcode: 0 error: ''
TpTrace Verbose: 0 : 16968, 10, 2022/11/27, 15:53:12.814, 6064578772179, vstest.console.dll, DotnetTestHostManager.OnHostExited: invoking OnHostExited callback
TpTrace Verbose: 0 : 16968, 10, 2022/11/27, 15:53:12.814, 6064578773436, vstest.console.dll, CrossPlatEngine.TestHostManagerHostExited: calling on client process exit callback.
TpTrace Information: 0 : 16968, 10, 2022/11/27, 15:53:12.814, 6064578774671, vstest.console.dll, TestRequestSender.OnClientProcessExit: Test host process exited. Standard error: 
TpTrace Information: 0 : 16968, 12, 2022/11/27, 15:53:12.814, 6064578774982, vstest.console.dll, SocketServer.Stop: Stop server endPoint: 127.0.0.1:52734
TpTrace Information: 0 : 16968, 10, 2022/11/27, 15:53:12.814, 6064578776146, vstest.console.dll, SocketServer.Stop: Stop server endPoint: 127.0.0.1:52734
TpTrace Information: 0 : 16968, 12, 2022/11/27, 15:53:12.814, 6064578777182, vstest.console.dll, SocketServer.Stop: Cancellation requested. Stopping message loop.
TpTrace Information: 0 : 16968, 10, 2022/11/27, 15:53:12.814, 6064578778172, vstest.console.dll, SocketServer.Stop: Cancellation requested. Stopping message loop.
TpTrace Information: 0 : 16968, 12, 2022/11/27, 15:53:12.815, 6064578780055, vstest.console.dll, Closing the connection
TpTrace Verbose: 0 : 16968, 10, 2022/11/27, 15:53:12.815, 6064578780444, vstest.console.dll, MulticastDelegateUtilities.SafeInvoke: HostProviderEvents.OnHostExited: Invoking callback 1/1 for Microsoft.VisualStudio.TestPlatform.CrossPlatEngine.Client.ProxyOperationManager.TestHostManagerHostExited, took 0 ms.
TpTrace Verbose: 0 : 16968, 12, 2022/11/27, 15:53:12.815, 6064578785684, vstest.console.dll, ProxyDataCollectionManager.InvokeDataCollectionServiceAction: Starting.
TpTrace Information: 0 : 16968, 12, 2022/11/27, 15:53:12.816, 6064578789860, vstest.console.dll, ProxyDataCollectionManager.AfterTestRunEnd: Get attachment set and invoked data collectors processId: 19536 port: 52731
TpTrace Verbose: 0 : 16968, 12, 2022/11/27, 15:53:12.816, 6064578792924, vstest.console.dll, DataCollectionRequestSender.SendAfterTestRunStartAndGetResult: Send AfterTestRunEnd message with isCancelled: False
TpTrace Verbose: 0 : 16968, 12, 2022/11/27, 15:53:12.823, 6064578864260, vstest.console.dll, DataCollectionRequestSender.SendAfterTestRunStartAndGetResult: Received message: (DataCollection.AfterTestRunEndResult) -> {"MessageType":"DataCollection.AfterTestRunEndResult","Payload":{"AttachmentSets":[],"InvokedDataCollectors":[{"Uri":"datacollector://Microsoft/TestPlatform/Extensions/Blame/v1","FriendlyName":"Blame","AssemblyQualifiedName":"Microsoft.TestPlatform.Extensions.BlameDataCollector.BlameCollector, Microsoft.TestPlatform.Extensions.BlameDataCollector, Version=15.0.0.0, Culture=neutral, PublicKeyToken=b03f5f7f11d50a3a","FilePath":"C:\\Program Files\\dotnet\\sdk\\6.0.402\\Extensions\\Microsoft.TestPlatform.Extensions.BlameDataCollector.dll","HasAttachmentProcessor":false}],"Metrics":{}}}
TpTrace Information: 0 : 16968, 12, 2022/11/27, 15:53:12.830, 6064578933083, vstest.console.dll, ProxyDataCollectionManager.InvokeDataCollectionServiceAction: Completed.
TpTrace Warning: 0 : 16968, 9, 2022/11/27, 15:53:12.830, 6064578934468, vstest.console.dll, DataCollectionLauncher.ErrorReceivedCallback datacollector standard error line: 
TpTrace Information: 0 : 16968, 9, 2022/11/27, 15:53:12.837, 6064579007747, vstest.console.dll, DataCollectionLauncher.ExitCallBack: Data collector exited with exitcode: 0 error: ''
TpTrace Verbose: 0 : 16968, 12, 2022/11/27, 15:53:12.874, 6064579372880, vstest.console.dll, TestRunRequest:SendTestRunStatsChange: Starting.
TpTrace Verbose: 0 : 16968, 12, 2022/11/27, 15:53:12.874, 6064579375547, vstest.console.dll, MulticastDelegateUtilities.SafeInvoke: TestRun.RunStatsChanged: Invoking callbacks was skipped because there are no subscribers.
TpTrace Verbose: 0 : 16968, 4, 2022/11/27, 15:53:12.874, 6064579376131, vstest.console.dll, MulticastDelegateUtilities.SafeInvoke: InternalTestLoggerEvents.SendTestResult: Invoking callback 1/1 for Microsoft.VisualStudio.TestPlatform.CommandLine.Internal.ConsoleLogger.TestResultHandler, took 0 ms.
TpTrace Information: 0 : 16968, 12, 2022/11/27, 15:53:12.874, 6064579377169, vstest.console.dll, TestRunRequest:SendTestRunStatsChange: Completed.
TpTrace Verbose: 0 : 16968, 4, 2022/11/27, 15:53:12.874, 6064579379170, vstest.console.dll, MulticastDelegateUtilities.SafeInvoke: InternalTestLoggerEvents.SendTestResult: Invoking callback 1/1 for Microsoft.VisualStudio.TestPlatform.CommandLine.Internal.ConsoleLogger.TestResultHandler, took 0 ms.
TpTrace Verbose: 0 : 16968, 12, 2022/11/27, 15:53:12.875, 6064579386638, vstest.console.dll, ParallelProxyExecutionManager: HandlePartialRunComplete: Total completed clients = 1, Run complete = True, Run canceled: False.
TpTrace Verbose: 0 : 16968, 4, 2022/11/27, 15:53:12.885, 6064579487853, vstest.console.dll, MulticastDelegateUtilities.SafeInvoke: InternalTestLoggerEvents.SendTestRunComplete: Invoking callback 1/2 for Microsoft.TestPlatform.Extensions.BlameDataCollector.BlameLogger.TestRunCompleteHandler, took 0 ms.
TpTrace Verbose: 0 : 16968, 4, 2022/11/27, 15:53:12.891, 6064579547939, vstest.console.dll, MulticastDelegateUtilities.SafeInvoke: InternalTestLoggerEvents.SendTestRunComplete: Invoking callback 2/2 for Microsoft.VisualStudio.TestPlatform.CommandLine.Internal.ConsoleLogger.TestRunCompleteHandler, took 5 ms.
TpTrace Verbose: 0 : 16968, 12, 2022/11/27, 15:53:12.892, 6064579552975, vstest.console.dll, TestRunRequest:TestRunComplete: Starting. IsAborted:False IsCanceled:False.
TpTrace Verbose: 0 : 16968, 12, 2022/11/27, 15:53:12.893, 6064579564276, vstest.console.dll, TestLoggerManager.HandleTestRunComplete: Ignoring as the object is disposed.
TpTrace Verbose: 0 : 16968, 12, 2022/11/27, 15:53:12.893, 6064579567315, vstest.console.dll, MulticastDelegateUtilities.SafeInvoke: TestRun.TestRunComplete: Invoking callback 1/2 for Microsoft.VisualStudio.TestPlatform.CommandLine.TestRunResultAggregator.TestRunCompletionHandler, took 0 ms.
TpTrace Verbose: 0 : 16968, 12, 2022/11/27, 15:53:12.893, 6064579568783, vstest.console.dll, MulticastDelegateUtilities.SafeInvoke: TestRun.TestRunComplete: Invoking callback 2/2 for Microsoft.VisualStudio.TestPlatform.CommandLine.Processors.RunTestsArgumentExecutor+TestRunRequestEventsRegistrar.TestRunRequest_OnRunCompletion, took 0 ms.
TpTrace Information: 0 : 16968, 12, 2022/11/27, 15:53:12.894, 6064579570333, vstest.console.dll, TestRunRequest:TestRunComplete: Completed.
TpTrace Verbose: 0 : 16968, 1, 2022/11/27, 15:53:12.894, 6064579570562, vstest.console.dll, TestRunRequest.Dispose: Starting.
TpTrace Verbose: 0 : 16968, 12, 2022/11/27, 15:53:12.894, 6064579571602, vstest.console.dll, TestRequestSender.SetOperationComplete: Setting operation complete.
TpTrace Information: 0 : 16968, 1, 2022/11/27, 15:53:12.894, 6064579572896, vstest.console.dll, TestRunRequest.Dispose: Completed.
TpTrace Information: 0 : 16968, 12, 2022/11/27, 15:53:12.894, 6064579573779, vstest.console.dll, SocketServer.Stop: Stop server endPoint: 127.0.0.1:52734
TpTrace Information: 0 : 16968, 1, 2022/11/27, 15:53:12.894, 6064579574946, vstest.console.dll, TestRequestManager.RunTests: run tests completed.
TpTrace Information: 0 : 16968, 12, 2022/11/27, 15:53:12.894, 6064579575717, vstest.console.dll, SocketServer.Stop: Cancellation requested. Stopping message loop.
TpTrace Information: 0 : 16968, 1, 2022/11/27, 15:53:12.894, 6064579577207, vstest.console.dll, RunTestsArgumentProcessor:Execute: Test run is completed.
TpTrace Verbose: 0 : 16968, 12, 2022/11/27, 15:53:12.894, 6064579577730, vstest.console.dll, MulticastDelegateUtilities.SafeInvoke: LengthPrefixCommunicationChannel: MessageReceived: Invoking callback 1/1 for Microsoft.VisualStudio.TestPlatform.CommunicationUtilities.TestRequestSender+<>c__DisplayClass31_0.<StartTestRun>b__1, took 106 ms.
TpTrace Information: 0 : 16968, 12, 2022/11/27, 15:53:12.895, 6064579579865, vstest.console.dll, SocketServer.PrivateStop: Stopping server endPoint: 127.0.0.1:52734 error: 
TpTrace Verbose: 0 : 16968, 1, 2022/11/27, 15:53:12.895, 6064579580334, vstest.console.dll, Executor.Execute: Exiting with exit code of 0
