TpTrace Verbose: 0 : 6568, 1, 2022/11/27, 15:29:14.021, 6050190844020, vstest.console.dll, Version: 17.3.1 Current process architecture: X64
TpTrace Verbose: 0 : 6568, 1, 2022/11/27, 15:29:14.024, 6050190875509, vstest.console.dll, Runtime location: C:\Program Files\dotnet\shared\Microsoft.NETCore.App\6.0.10
TpTrace Information: 0 : 6568, 1, 2022/11/27, 15:29:14.032, 6050190956598, vstest.console.dll, FilePatternParser: The given file C:\Users\ddian\source\repos\SoftUni\CSharpOOP\UnitTestingExercise\Database\CarManager.Tests\bin\Debug\netcoreapp3.1\fine-code-coverage\build-output\CarManager.Tests.dll is a full path.
TpTrace Verbose: 0 : 6568, 1, 2022/11/27, 15:29:14.039, 6050191024952, vstest.console.dll, TestPluginCache.DiscoverTestExtensions: finding test extensions in assemblies ends with: RuntimeProvider.dll TPluginInfo: Microsoft.VisualStudio.TestPlatform.Common.ExtensionFramework.Utilities.TestRuntimePluginInformation TExtension: Microsoft.VisualStudio.TestPlatform.ObjectModel.Host.ITestRuntimeProvider
TpTrace Verbose: 0 : 6568, 1, 2022/11/27, 15:29:14.039, 6050191027799, vstest.console.dll, TestPluginCache.GetExtensionPaths: Filtered extension paths: 
TpTrace Verbose: 0 : 6568, 1, 2022/11/27, 15:29:14.039, 6050191029282, vstest.console.dll, TestPluginCache.GetExtensionPaths: Added default extension paths: C:\Program Files\dotnet\sdk\6.0.402\Extensions\Microsoft.Diagnostics.NETCore.Client.dll
C:\Program Files\dotnet\sdk\6.0.402\Extensions\Microsoft.TestPlatform.Extensions.BlameDataCollector.dll
C:\Program Files\dotnet\sdk\6.0.402\Extensions\Microsoft.TestPlatform.Extensions.EventLogCollector.dll
C:\Program Files\dotnet\sdk\6.0.402\Extensions\Microsoft.TestPlatform.TestHostRuntimeProvider.dll
C:\Program Files\dotnet\sdk\6.0.402\Extensions\Microsoft.VisualStudio.TestPlatform.Extensions.Html.TestLogger.dll
C:\Program Files\dotnet\sdk\6.0.402\Extensions\Microsoft.VisualStudio.TestPlatform.Extensions.Trx.TestLogger.dll
TpTrace Verbose: 0 : 6568, 1, 2022/11/27, 15:29:14.040, 6050191030329, vstest.console.dll, TestPluginCache.GetExtensionPaths: Added unfilterableExtensionPaths: 
TpTrace Information: 0 : 6568, 1, 2022/11/27, 15:29:14.040, 6050191036735, vstest.console.dll, AssemblyResolver.ctor: Creating AssemblyResolver with searchDirectories C:\Program Files\dotnet\sdk\6.0.402\Extensions,C:\Program Files\dotnet\sdk\6.0.402
TpTrace Verbose: 0 : 6568, 1, 2022/11/27, 15:29:14.042, 6050191049813, vstest.console.dll, TestPluginCache.DiscoverTestExtensions: Discovering the extensions using extension path.
TpTrace Verbose: 0 : 6568, 1, 2022/11/27, 15:29:14.042, 6050191052032, vstest.console.dll, TestPluginCache.GetExtensionPaths: Filtered extension paths: 
TpTrace Verbose: 0 : 6568, 1, 2022/11/27, 15:29:14.042, 6050191053187, vstest.console.dll, TestPluginCache.GetExtensionPaths: Added default extension paths: C:\Program Files\dotnet\sdk\6.0.402\Extensions\Microsoft.Diagnostics.NETCore.Client.dll
C:\Program Files\dotnet\sdk\6.0.402\Extensions\Microsoft.TestPlatform.Extensions.BlameDataCollector.dll
C:\Program Files\dotnet\sdk\6.0.402\Extensions\Microsoft.TestPlatform.Extensions.EventLogCollector.dll
C:\Program Files\dotnet\sdk\6.0.402\Extensions\Microsoft.TestPlatform.TestHostRuntimeProvider.dll
C:\Program Files\dotnet\sdk\6.0.402\Extensions\Microsoft.VisualStudio.TestPlatform.Extensions.Html.TestLogger.dll
C:\Program Files\dotnet\sdk\6.0.402\Extensions\Microsoft.VisualStudio.TestPlatform.Extensions.Trx.TestLogger.dll
TpTrace Verbose: 0 : 6568, 1, 2022/11/27, 15:29:14.042, 6050191054153, vstest.console.dll, TestPluginCache.GetExtensionPaths: Added unfilterableExtensionPaths: 
TpTrace Verbose: 0 : 6568, 1, 2022/11/27, 15:29:14.042, 6050191055524, vstest.console.dll, TestPluginCache.DiscoverTestExtensions: Discovering the extensions using allExtensionPaths: C:\Program Files\dotnet\sdk\6.0.402\Extensions\Microsoft.Diagnostics.NETCore.Client.dll
C:\Program Files\dotnet\sdk\6.0.402\Extensions\Microsoft.TestPlatform.Extensions.BlameDataCollector.dll
C:\Program Files\dotnet\sdk\6.0.402\Extensions\Microsoft.TestPlatform.Extensions.EventLogCollector.dll
C:\Program Files\dotnet\sdk\6.0.402\Extensions\Microsoft.TestPlatform.TestHostRuntimeProvider.dll
C:\Program Files\dotnet\sdk\6.0.402\Extensions\Microsoft.VisualStudio.TestPlatform.Extensions.Html.TestLogger.dll
C:\Program Files\dotnet\sdk\6.0.402\Extensions\Microsoft.VisualStudio.TestPlatform.Extensions.Trx.TestLogger.dll
TpTrace Information: 0 : 6568, 1, 2022/11/27, 15:29:14.042, 6050191058373, vstest.console.dll, AssemblyResolver.AddSearchDirectories: Adding more searchDirectories C:\Program Files\dotnet\sdk\6.0.402\Extensions,C:\Program Files\dotnet\sdk\6.0.402
TpTrace Information: 0 : 6568, 1, 2022/11/27, 15:29:14.042, 6050191059639, vstest.console.dll, AssemblyResolver.AddSearchDirectories: Adding more searchDirectories C:\Program Files\dotnet\sdk\6.0.402\Extensions,C:\Program Files\dotnet\sdk\6.0.402
TpTrace Information: 0 : 6568, 1, 2022/11/27, 15:29:14.043, 6050191060636, vstest.console.dll, AssemblyResolver.AddSearchDirectories: Adding more searchDirectories C:\Program Files\dotnet\sdk\6.0.402\Extensions,C:\Program Files\dotnet\sdk\6.0.402
TpTrace Information: 0 : 6568, 1, 2022/11/27, 15:29:14.043, 6050191061624, vstest.console.dll, AssemblyResolver.AddSearchDirectories: Adding more searchDirectories C:\Program Files\dotnet\sdk\6.0.402\Extensions,C:\Program Files\dotnet\sdk\6.0.402
TpTrace Information: 0 : 6568, 1, 2022/11/27, 15:29:14.043, 6050191062578, vstest.console.dll, AssemblyResolver.AddSearchDirectories: Adding more searchDirectories C:\Program Files\dotnet\sdk\6.0.402\Extensions,C:\Program Files\dotnet\sdk\6.0.402
TpTrace Information: 0 : 6568, 1, 2022/11/27, 15:29:14.043, 6050191063573, vstest.console.dll, AssemblyResolver.AddSearchDirectories: Adding more searchDirectories C:\Program Files\dotnet\sdk\6.0.402\Extensions,C:\Program Files\dotnet\sdk\6.0.402
TpTrace Information: 0 : 6568, 1, 2022/11/27, 15:29:14.043, 6050191067894, vstest.console.dll, AssemblyResolver.OnResolve: Microsoft.Diagnostics.NETCore.Client: Resolving assembly.
TpTrace Information: 0 : 6568, 1, 2022/11/27, 15:29:14.043, 6050191069280, vstest.console.dll, AssemblyResolver.OnResolve: Microsoft.Diagnostics.NETCore.Client: Searching in: 'C:\Program Files\dotnet\sdk\6.0.402\Extensions'.
TpTrace Information: 0 : 6568, 1, 2022/11/27, 15:29:14.044, 6050191077339, vstest.console.dll, AssemblyResolver.OnResolve: Microsoft.Diagnostics.NETCore.Client: Loading assembly 'C:\Program Files\dotnet\sdk\6.0.402\Extensions\Microsoft.Diagnostics.NETCore.Client.dll'.
TpTrace Information: 0 : 6568, 1, 2022/11/27, 15:29:14.045, 6050191089667, vstest.console.dll, AssemblyResolver.OnResolve: Resolved assembly: Microsoft.Diagnostics.NETCore.Client, from path: C:\Program Files\dotnet\sdk\6.0.402\Extensions\Microsoft.Diagnostics.NETCore.Client.dll
TpTrace Verbose: 0 : 6568, 1, 2022/11/27, 15:29:14.048, 6050191118046, vstest.console.dll, MetadataReaderExtensionsHelper: Discovering extensions inside assembly 'Microsoft.Diagnostics.NETCore.Client, Version=0.2.5.801, Culture=neutral, PublicKeyToken=31bf3856ad364e35' file path 'C:\Program Files\dotnet\sdk\6.0.402\Extensions\Microsoft.Diagnostics.NETCore.Client.dll'
TpTrace Information: 0 : 6568, 1, 2022/11/27, 15:29:14.062, 6050191259153, vstest.console.dll, AssemblyResolver.OnResolve: Microsoft.Bcl.AsyncInterfaces: Resolving assembly.
TpTrace Information: 0 : 6568, 1, 2022/11/27, 15:29:14.063, 6050191261133, vstest.console.dll, AssemblyResolver.OnResolve: Microsoft.Bcl.AsyncInterfaces: Searching in: 'C:\Program Files\dotnet\sdk\6.0.402\Extensions'.
TpTrace Information: 0 : 6568, 1, 2022/11/27, 15:29:14.063, 6050191262653, vstest.console.dll, AssemblyResolver.OnResolve: Microsoft.Bcl.AsyncInterfaces: Assembly path does not exist: 'C:\Program Files\dotnet\sdk\6.0.402\Extensions\Microsoft.Bcl.AsyncInterfaces.dll', returning.
TpTrace Information: 0 : 6568, 1, 2022/11/27, 15:29:14.063, 6050191263903, vstest.console.dll, AssemblyResolver.OnResolve: Microsoft.Bcl.AsyncInterfaces: Assembly path does not exist: 'C:\Program Files\dotnet\sdk\6.0.402\Extensions\Microsoft.Bcl.AsyncInterfaces.exe', returning.
TpTrace Information: 0 : 6568, 1, 2022/11/27, 15:29:14.063, 6050191265236, vstest.console.dll, AssemblyResolver.OnResolve: Microsoft.Bcl.AsyncInterfaces: Searching in: 'C:\Program Files\dotnet\sdk\6.0.402'.
TpTrace Information: 0 : 6568, 1, 2022/11/27, 15:29:14.063, 6050191266631, vstest.console.dll, AssemblyResolver.OnResolve: Microsoft.Bcl.AsyncInterfaces: Assembly path does not exist: 'C:\Program Files\dotnet\sdk\6.0.402\Microsoft.Bcl.AsyncInterfaces.dll', returning.
TpTrace Information: 0 : 6568, 1, 2022/11/27, 15:29:14.063, 6050191267858, vstest.console.dll, AssemblyResolver.OnResolve: Microsoft.Bcl.AsyncInterfaces: Assembly path does not exist: 'C:\Program Files\dotnet\sdk\6.0.402\Microsoft.Bcl.AsyncInterfaces.exe', returning.
TpTrace Information: 0 : 6568, 1, 2022/11/27, 15:29:14.063, 6050191268801, vstest.console.dll, AssemblyResolver.OnResolve: Microsoft.Bcl.AsyncInterfaces: Failed to load assembly.
TpTrace Verbose: 0 : 6568, 1, 2022/11/27, 15:29:14.064, 6050191269841, vstest.console.dll, CurrentDomainAssemblyResolve: Resolving assembly 'Microsoft.Bcl.AsyncInterfaces'.
TpTrace Information: 0 : 6568, 1, 2022/11/27, 15:29:14.064, 6050191271134, vstest.console.dll, AssemblyResolver.OnResolve: Microsoft.Bcl.AsyncInterfaces: Resolving assembly.
TpTrace Information: 0 : 6568, 1, 2022/11/27, 15:29:14.064, 6050191272162, vstest.console.dll, AssemblyResolver.OnResolve: Microsoft.Bcl.AsyncInterfaces: Resolved from cache.
TpTrace Verbose: 0 : 6568, 1, 2022/11/27, 15:29:14.064, 6050191273110, vstest.console.dll, CurrentDomainAssemblyResolve: Resolving assembly 'Microsoft.Bcl.AsyncInterfaces'.
TpTrace Verbose: 0 : 6568, 1, 2022/11/27, 15:29:14.064, 6050191274216, vstest.console.dll, CurrentDomainAssemblyResolve: Failed to resolve assembly 'Microsoft.Bcl.AsyncInterfaces'.
TpTrace Verbose: 0 : 6568, 1, 2022/11/27, 15:29:14.065, 6050191283609, vstest.console.dll, CurrentDomainAssemblyResolve: Failed to resolve assembly 'Microsoft.Bcl.AsyncInterfaces'.
TpTrace Warning: 0 : 6568, 1, 2022/11/27, 15:29:14.078, 6050191419021, vstest.console.dll, TestPluginDiscoverer: Failed to get types from assembly 'Microsoft.Diagnostics.NETCore.Client, Version=0.2.5.801, Culture=neutral, PublicKeyToken=31bf3856ad364e35'. Error: System.Reflection.ReflectionTypeLoadException: Unable to load one or more of the requested types.
Could not load file or assembly 'Microsoft.Bcl.AsyncInterfaces, Version=1.0.0.0, Culture=neutral, PublicKeyToken=cc7b13ffcd2ddd51'. The system cannot find the file specified.
   at System.Reflection.RuntimeModule.GetTypes(RuntimeModule module)
   at System.Reflection.Assembly.GetTypes()
   at Microsoft.VisualStudio.TestPlatform.Common.ExtensionFramework.TestPluginDiscoverer.GetTestExtensionsFromAssembly[TPluginInfo,TExtension](Assembly assembly, Dictionary`2 pluginInfos, String filePath)
System.IO.FileNotFoundException: Could not load file or assembly 'Microsoft.Bcl.AsyncInterfaces, Version=1.0.0.0, Culture=neutral, PublicKeyToken=cc7b13ffcd2ddd51'. The system cannot find the file specified.
File name: 'Microsoft.Bcl.AsyncInterfaces, Version=1.0.0.0, Culture=neutral, PublicKeyToken=cc7b13ffcd2ddd51'
 ---> System.IO.FileNotFoundException: Could not load file or assembly 'Microsoft.Bcl.AsyncInterfaces, Culture=neutral, PublicKeyToken=null'. The system cannot find the file specified.
File name: 'Microsoft.Bcl.AsyncInterfaces, Culture=neutral, PublicKeyToken=null'
   at System.Reflection.RuntimeAssembly.InternalLoad(ObjectHandleOnStack assemblyName, ObjectHandleOnStack requestingAssembly, StackCrawlMarkHandle stackMark, Boolean throwOnFileNotFound, ObjectHandleOnStack assemblyLoadContext, ObjectHandleOnStack retAssembly)
   at System.Reflection.RuntimeAssembly.InternalLoad(AssemblyName assemblyName, RuntimeAssembly requestingAssembly, StackCrawlMark& stackMark, Boolean throwOnFileNotFound, AssemblyLoadContext assemblyLoadContext)
   at System.Reflection.Assembly.Load(AssemblyName assemblyRef)
   at Microsoft.VisualStudio.TestPlatform.Common.ExtensionFramework.TestPluginCache.CurrentDomainAssemblyResolve(Object sender, AssemblyResolveEventArgs args)
   at Microsoft.VisualStudio.TestPlatform.PlatformAbstractions.PlatformAssemblyResolver.AssemblyResolverEvent(Object sender, Object eventArgs)
   at System.Runtime.Loader.AssemblyLoadContext.GetFirstResolvedAssemblyFromResolvingEvent(AssemblyName assemblyName)
   at System.Runtime.Loader.AssemblyLoadContext.ResolveUsingEvent(AssemblyName assemblyName)
   at System.Runtime.Loader.AssemblyLoadContext.ResolveUsingResolvingEvent(IntPtr gchManagedAssemblyLoadContext, AssemblyName assemblyName)
TpTrace Warning: 0 : 6568, 1, 2022/11/27, 15:29:14.079, 6050191424193, vstest.console.dll, LoaderExceptions: System.IO.FileNotFoundException: Could not load file or assembly 'Microsoft.Bcl.AsyncInterfaces, Version=1.0.0.0, Culture=neutral, PublicKeyToken=cc7b13ffcd2ddd51'. The system cannot find the file specified.
File name: 'Microsoft.Bcl.AsyncInterfaces, Version=1.0.0.0, Culture=neutral, PublicKeyToken=cc7b13ffcd2ddd51'
 ---> System.IO.FileNotFoundException: Could not load file or assembly 'Microsoft.Bcl.AsyncInterfaces, Culture=neutral, PublicKeyToken=null'. The system cannot find the file specified.
File name: 'Microsoft.Bcl.AsyncInterfaces, Culture=neutral, PublicKeyToken=null'
   at System.Reflection.RuntimeAssembly.InternalLoad(ObjectHandleOnStack assemblyName, ObjectHandleOnStack requestingAssembly, StackCrawlMarkHandle stackMark, Boolean throwOnFileNotFound, ObjectHandleOnStack assemblyLoadContext, ObjectHandleOnStack retAssembly)
   at System.Reflection.RuntimeAssembly.InternalLoad(AssemblyName assemblyName, RuntimeAssembly requestingAssembly, StackCrawlMark& stackMark, Boolean throwOnFileNotFound, AssemblyLoadContext assemblyLoadContext)
   at System.Reflection.Assembly.Load(AssemblyName assemblyRef)
   at Microsoft.VisualStudio.TestPlatform.Common.ExtensionFramework.TestPluginCache.CurrentDomainAssemblyResolve(Object sender, AssemblyResolveEventArgs args)
   at Microsoft.VisualStudio.TestPlatform.PlatformAbstractions.PlatformAssemblyResolver.AssemblyResolverEvent(Object sender, Object eventArgs)
   at System.Runtime.Loader.AssemblyLoadContext.GetFirstResolvedAssemblyFromResolvingEvent(AssemblyName assemblyName)
   at System.Runtime.Loader.AssemblyLoadContext.ResolveUsingEvent(AssemblyName assemblyName)
   at System.Runtime.Loader.AssemblyLoadContext.ResolveUsingResolvingEvent(IntPtr gchManagedAssemblyLoadContext, AssemblyName assemblyName)
TpTrace Information: 0 : 6568, 1, 2022/11/27, 15:29:14.079, 6050191426777, vstest.console.dll, AssemblyResolver.OnResolve: Microsoft.TestPlatform.Extensions.BlameDataCollector: Resolving assembly.
TpTrace Information: 0 : 6568, 1, 2022/11/27, 15:29:14.079, 6050191428005, vstest.console.dll, AssemblyResolver.OnResolve: Microsoft.TestPlatform.Extensions.BlameDataCollector: Searching in: 'C:\Program Files\dotnet\sdk\6.0.402\Extensions'.
TpTrace Information: 0 : 6568, 1, 2022/11/27, 15:29:14.080, 6050191435767, vstest.console.dll, AssemblyResolver.OnResolve: Microsoft.TestPlatform.Extensions.BlameDataCollector: Loading assembly 'C:\Program Files\dotnet\sdk\6.0.402\Extensions\Microsoft.TestPlatform.Extensions.BlameDataCollector.dll'.
TpTrace Information: 0 : 6568, 1, 2022/11/27, 15:29:14.081, 6050191445439, vstest.console.dll, AssemblyResolver.OnResolve: Resolved assembly: Microsoft.TestPlatform.Extensions.BlameDataCollector, from path: C:\Program Files\dotnet\sdk\6.0.402\Extensions\Microsoft.TestPlatform.Extensions.BlameDataCollector.dll
TpTrace Verbose: 0 : 6568, 1, 2022/11/27, 15:29:14.081, 6050191447523, vstest.console.dll, MetadataReaderExtensionsHelper: Discovering extensions inside assembly 'Microsoft.TestPlatform.Extensions.BlameDataCollector, Version=15.0.0.0, Culture=neutral, PublicKeyToken=b03f5f7f11d50a3a' file path 'C:\Program Files\dotnet\sdk\6.0.402\Extensions\Microsoft.TestPlatform.Extensions.BlameDataCollector.dll'
TpTrace Information: 0 : 6568, 1, 2022/11/27, 15:29:14.083, 6050191464632, vstest.console.dll, AssemblyResolver.OnResolve: Microsoft.TestPlatform.Extensions.EventLogCollector: Resolving assembly.
TpTrace Information: 0 : 6568, 1, 2022/11/27, 15:29:14.083, 6050191466962, vstest.console.dll, AssemblyResolver.OnResolve: Microsoft.TestPlatform.Extensions.EventLogCollector: Searching in: 'C:\Program Files\dotnet\sdk\6.0.402\Extensions'.
TpTrace Information: 0 : 6568, 1, 2022/11/27, 15:29:14.084, 6050191474048, vstest.console.dll, AssemblyResolver.OnResolve: Microsoft.TestPlatform.Extensions.EventLogCollector: Loading assembly 'C:\Program Files\dotnet\sdk\6.0.402\Extensions\Microsoft.TestPlatform.Extensions.EventLogCollector.dll'.
TpTrace Information: 0 : 6568, 1, 2022/11/27, 15:29:14.085, 6050191482352, vstest.console.dll, AssemblyResolver.OnResolve: Resolved assembly: Microsoft.TestPlatform.Extensions.EventLogCollector, from path: C:\Program Files\dotnet\sdk\6.0.402\Extensions\Microsoft.TestPlatform.Extensions.EventLogCollector.dll
TpTrace Verbose: 0 : 6568, 1, 2022/11/27, 15:29:14.085, 6050191484195, vstest.console.dll, MetadataReaderExtensionsHelper: Discovering extensions inside assembly 'Microsoft.TestPlatform.Extensions.EventLogCollector, Version=15.0.0.0, Culture=neutral, PublicKeyToken=b03f5f7f11d50a3a' file path 'C:\Program Files\dotnet\sdk\6.0.402\Extensions\Microsoft.TestPlatform.Extensions.EventLogCollector.dll'
TpTrace Information: 0 : 6568, 1, 2022/11/27, 15:29:14.089, 6050191521409, vstest.console.dll, AssemblyResolver.OnResolve: Microsoft.TestPlatform.TestHostRuntimeProvider: Resolving assembly.
TpTrace Information: 0 : 6568, 1, 2022/11/27, 15:29:14.089, 6050191523736, vstest.console.dll, AssemblyResolver.OnResolve: Microsoft.TestPlatform.TestHostRuntimeProvider: Searching in: 'C:\Program Files\dotnet\sdk\6.0.402\Extensions'.
TpTrace Information: 0 : 6568, 1, 2022/11/27, 15:29:14.090, 6050191530824, vstest.console.dll, AssemblyResolver.OnResolve: Microsoft.TestPlatform.TestHostRuntimeProvider: Loading assembly 'C:\Program Files\dotnet\sdk\6.0.402\Extensions\Microsoft.TestPlatform.TestHostRuntimeProvider.dll'.
TpTrace Information: 0 : 6568, 1, 2022/11/27, 15:29:14.091, 6050191540829, vstest.console.dll, AssemblyResolver.OnResolve: Resolved assembly: Microsoft.TestPlatform.TestHostRuntimeProvider, from path: C:\Program Files\dotnet\sdk\6.0.402\Extensions\Microsoft.TestPlatform.TestHostRuntimeProvider.dll
TpTrace Verbose: 0 : 6568, 1, 2022/11/27, 15:29:14.091, 6050191543264, vstest.console.dll, MetadataReaderExtensionsHelper: Discovering extensions inside assembly 'Microsoft.TestPlatform.TestHostRuntimeProvider, Version=15.0.0.0, Culture=neutral, PublicKeyToken=b03f5f7f11d50a3a' file path 'C:\Program Files\dotnet\sdk\6.0.402\Extensions\Microsoft.TestPlatform.TestHostRuntimeProvider.dll'
TpTrace Information: 0 : 6568, 1, 2022/11/27, 15:29:14.095, 6050191580124, vstest.console.dll, GetTestExtensionFromType: Register extension with identifier data 'HostProvider://DefaultTestHost' and type 'Microsoft.VisualStudio.TestPlatform.CrossPlatEngine.Hosting.DefaultTestHostManager, Microsoft.TestPlatform.TestHostRuntimeProvider, Version=15.0.0.0, Culture=neutral, PublicKeyToken=b03f5f7f11d50a3a' inside file 'C:\Program Files\dotnet\sdk\6.0.402\Extensions\Microsoft.TestPlatform.TestHostRuntimeProvider.dll'
TpTrace Information: 0 : 6568, 1, 2022/11/27, 15:29:14.096, 6050191598058, vstest.console.dll, GetTestExtensionFromType: Register extension with identifier data 'HostProvider://DotnetTestHost' and type 'Microsoft.VisualStudio.TestPlatform.CrossPlatEngine.Hosting.DotnetTestHostManager, Microsoft.TestPlatform.TestHostRuntimeProvider, Version=15.0.0.0, Culture=neutral, PublicKeyToken=b03f5f7f11d50a3a' inside file 'C:\Program Files\dotnet\sdk\6.0.402\Extensions\Microsoft.TestPlatform.TestHostRuntimeProvider.dll'
TpTrace Information: 0 : 6568, 1, 2022/11/27, 15:29:14.097, 6050191601532, vstest.console.dll, AssemblyResolver.OnResolve: Microsoft.VisualStudio.TestPlatform.Extensions.Html.TestLogger: Resolving assembly.
TpTrace Information: 0 : 6568, 1, 2022/11/27, 15:29:14.097, 6050191603463, vstest.console.dll, AssemblyResolver.OnResolve: Microsoft.VisualStudio.TestPlatform.Extensions.Html.TestLogger: Searching in: 'C:\Program Files\dotnet\sdk\6.0.402\Extensions'.
TpTrace Information: 0 : 6568, 1, 2022/11/27, 15:29:14.098, 6050191613949, vstest.console.dll, AssemblyResolver.OnResolve: Microsoft.VisualStudio.TestPlatform.Extensions.Html.TestLogger: Loading assembly 'C:\Program Files\dotnet\sdk\6.0.402\Extensions\Microsoft.VisualStudio.TestPlatform.Extensions.Html.TestLogger.dll'.
TpTrace Information: 0 : 6568, 1, 2022/11/27, 15:29:14.100, 6050191634559, vstest.console.dll, AssemblyResolver.OnResolve: Resolved assembly: Microsoft.VisualStudio.TestPlatform.Extensions.Html.TestLogger, from path: C:\Program Files\dotnet\sdk\6.0.402\Extensions\Microsoft.VisualStudio.TestPlatform.Extensions.Html.TestLogger.dll
TpTrace Verbose: 0 : 6568, 1, 2022/11/27, 15:29:14.100, 6050191638925, vstest.console.dll, MetadataReaderExtensionsHelper: Discovering extensions inside assembly 'Microsoft.VisualStudio.TestPlatform.Extensions.Html.TestLogger, Version=15.0.0.0, Culture=neutral, PublicKeyToken=b03f5f7f11d50a3a' file path 'C:\Program Files\dotnet\sdk\6.0.402\Extensions\Microsoft.VisualStudio.TestPlatform.Extensions.Html.TestLogger.dll'
TpTrace Information: 0 : 6568, 1, 2022/11/27, 15:29:14.105, 6050191683348, vstest.console.dll, AssemblyResolver.OnResolve: Microsoft.VisualStudio.TestPlatform.Extensions.Trx.TestLogger: Resolving assembly.
TpTrace Information: 0 : 6568, 1, 2022/11/27, 15:29:14.105, 6050191686094, vstest.console.dll, AssemblyResolver.OnResolve: Microsoft.VisualStudio.TestPlatform.Extensions.Trx.TestLogger: Searching in: 'C:\Program Files\dotnet\sdk\6.0.402\Extensions'.
TpTrace Information: 0 : 6568, 1, 2022/11/27, 15:29:14.106, 6050191697013, vstest.console.dll, AssemblyResolver.OnResolve: Microsoft.VisualStudio.TestPlatform.Extensions.Trx.TestLogger: Loading assembly 'C:\Program Files\dotnet\sdk\6.0.402\Extensions\Microsoft.VisualStudio.TestPlatform.Extensions.Trx.TestLogger.dll'.
TpTrace Information: 0 : 6568, 1, 2022/11/27, 15:29:14.108, 6050191711631, vstest.console.dll, AssemblyResolver.OnResolve: Resolved assembly: Microsoft.VisualStudio.TestPlatform.Extensions.Trx.TestLogger, from path: C:\Program Files\dotnet\sdk\6.0.402\Extensions\Microsoft.VisualStudio.TestPlatform.Extensions.Trx.TestLogger.dll
TpTrace Verbose: 0 : 6568, 1, 2022/11/27, 15:29:14.108, 6050191714418, vstest.console.dll, MetadataReaderExtensionsHelper: Discovering extensions inside assembly 'Microsoft.VisualStudio.TestPlatform.Extensions.Trx.TestLogger, Version=15.0.0.0, Culture=neutral, PublicKeyToken=b03f5f7f11d50a3a' file path 'C:\Program Files\dotnet\sdk\6.0.402\Extensions\Microsoft.VisualStudio.TestPlatform.Extensions.Trx.TestLogger.dll'
TpTrace Verbose: 0 : 6568, 1, 2022/11/27, 15:29:14.110, 6050191730148, vstest.console.dll, TestPluginCache: Discovered the extensions using extension path ''.
TpTrace Verbose: 0 : 6568, 1, 2022/11/27, 15:29:14.110, 6050191731921, vstest.console.dll, TestPluginCache: Discoverers are ''.
TpTrace Verbose: 0 : 6568, 1, 2022/11/27, 15:29:14.110, 6050191732955, vstest.console.dll, TestPluginCache: Executors are ''.
TpTrace Verbose: 0 : 6568, 1, 2022/11/27, 15:29:14.110, 6050191733891, vstest.console.dll, TestPluginCache: Executors2 are ''.
TpTrace Verbose: 0 : 6568, 1, 2022/11/27, 15:29:14.110, 6050191734809, vstest.console.dll, TestPluginCache: Setting providers are ''.
TpTrace Verbose: 0 : 6568, 1, 2022/11/27, 15:29:14.110, 6050191735718, vstest.console.dll, TestPluginCache: Loggers are ''.
TpTrace Verbose: 0 : 6568, 1, 2022/11/27, 15:29:14.110, 6050191738116, vstest.console.dll, TestPluginCache: TestHosts are 'HostProvider://DefaultTestHost,HostProvider://DotnetTestHost'.
TpTrace Verbose: 0 : 6568, 1, 2022/11/27, 15:29:14.110, 6050191739182, vstest.console.dll, TestPluginCache: DataCollectors are ''.
TpTrace Information: 0 : 6568, 1, 2022/11/27, 15:29:14.125, 6050191883068, vstest.console.dll, RunTestsArgumentProcessor:Execute: Test run is starting.
TpTrace Verbose: 0 : 6568, 1, 2022/11/27, 15:29:14.125, 6050191885520, vstest.console.dll, RunTestsArgumentProcessor:Execute: Queuing Test run.
TpTrace Information: 0 : 6568, 1, 2022/11/27, 15:29:14.126, 6050191890483, vstest.console.dll, TestRequestManager.RunTests: run tests started.
TpTrace Information: 0 : 6568, 1, 2022/11/27, 15:29:14.127, 6050191904508, vstest.console.dll, AssemblyMetadataProvider.GetFrameworkName: Determined framework:'.NETCoreApp,Version=v3.1' for source: 'C:\Users\ddian\source\repos\SoftUni\CSharpOOP\UnitTestingExercise\Database\CarManager.Tests\bin\Debug\netcoreapp3.1\fine-code-coverage\build-output\CarManager.Tests.dll'
TpTrace Information: 0 : 6568, 1, 2022/11/27, 15:29:14.127, 6050191907430, vstest.console.dll, Determined framework for all sources: .NETCoreApp,Version=v3.1
TpTrace Verbose: 0 : 6568, 1, 2022/11/27, 15:29:14.128, 6050191912946, vstest.console.dll, TestRequestManager.UpdateRunSettingsIfRequired: Default architecture: X64 IsDefaultTargetArchitecture: True, Current process architecture: X64 OperatingSystem: Windows.
TpTrace Information: 0 : 6568, 1, 2022/11/27, 15:29:14.130, 6050191938564, vstest.console.dll, AssemblyMetadataProvider.GetArchitecture: Determined architecture:AnyCPU info for assembly: C:\Users\ddian\source\repos\SoftUni\CSharpOOP\UnitTestingExercise\Database\CarManager.Tests\bin\Debug\netcoreapp3.1\fine-code-coverage\build-output\CarManager.Tests.dll
TpTrace Information: 0 : 6568, 1, 2022/11/27, 15:29:14.131, 6050191941334, vstest.console.dll, Determined platform for source 'C:\Users\ddian\source\repos\SoftUni\CSharpOOP\UnitTestingExercise\Database\CarManager.Tests\bin\Debug\netcoreapp3.1\fine-code-coverage\build-output\CarManager.Tests.dll' was AnyCPU and it will use the default plaform X64.
TpTrace Information: 0 : 6568, 1, 2022/11/27, 15:29:14.131, 6050191942391, vstest.console.dll, None of the sources provided any runnable platform, using the default platform: X64
TpTrace Information: 0 : 6568, 1, 2022/11/27, 15:29:14.131, 6050191944043, vstest.console.dll, Platform was updated to 'X64'.
TpTrace Information: 0 : 6568, 1, 2022/11/27, 15:29:14.136, 6050191996282, vstest.console.dll, InferRunSettingsHelper.IsTestSettingsEnabled: Unable to navigate to RunSettings/MSTest. Current node: RunSettings
TpTrace Information: 0 : 6568, 1, 2022/11/27, 15:29:14.137, 6050192004930, vstest.console.dll, AssemblyResolver.OnResolve: Microsoft.VisualStudio.TestPlatform.Fakes: Resolving assembly.
TpTrace Information: 0 : 6568, 1, 2022/11/27, 15:29:14.137, 6050192006811, vstest.console.dll, AssemblyResolver.OnResolve: Microsoft.VisualStudio.TestPlatform.Fakes: Searching in: 'C:\Program Files\dotnet\sdk\6.0.402\Extensions'.
TpTrace Information: 0 : 6568, 1, 2022/11/27, 15:29:14.137, 6050192008572, vstest.console.dll, AssemblyResolver.OnResolve: Microsoft.VisualStudio.TestPlatform.Fakes: Assembly path does not exist: 'C:\Program Files\dotnet\sdk\6.0.402\Extensions\Microsoft.VisualStudio.TestPlatform.Fakes.dll', returning.
TpTrace Information: 0 : 6568, 1, 2022/11/27, 15:29:14.138, 6050192009886, vstest.console.dll, AssemblyResolver.OnResolve: Microsoft.VisualStudio.TestPlatform.Fakes: Assembly path does not exist: 'C:\Program Files\dotnet\sdk\6.0.402\Extensions\Microsoft.VisualStudio.TestPlatform.Fakes.exe', returning.
TpTrace Information: 0 : 6568, 1, 2022/11/27, 15:29:14.138, 6050192010878, vstest.console.dll, AssemblyResolver.OnResolve: Microsoft.VisualStudio.TestPlatform.Fakes: Searching in: 'C:\Program Files\dotnet\sdk\6.0.402'.
TpTrace Information: 0 : 6568, 1, 2022/11/27, 15:29:14.138, 6050192012187, vstest.console.dll, AssemblyResolver.OnResolve: Microsoft.VisualStudio.TestPlatform.Fakes: Assembly path does not exist: 'C:\Program Files\dotnet\sdk\6.0.402\Microsoft.VisualStudio.TestPlatform.Fakes.dll', returning.
TpTrace Information: 0 : 6568, 1, 2022/11/27, 15:29:14.138, 6050192013453, vstest.console.dll, AssemblyResolver.OnResolve: Microsoft.VisualStudio.TestPlatform.Fakes: Assembly path does not exist: 'C:\Program Files\dotnet\sdk\6.0.402\Microsoft.VisualStudio.TestPlatform.Fakes.exe', returning.
TpTrace Information: 0 : 6568, 1, 2022/11/27, 15:29:14.138, 6050192014438, vstest.console.dll, AssemblyResolver.OnResolve: Microsoft.VisualStudio.TestPlatform.Fakes: Failed to load assembly.
TpTrace Information: 0 : 6568, 1, 2022/11/27, 15:29:14.138, 6050192018418, vstest.console.dll, Failed to load assembly Microsoft.VisualStudio.TestPlatform.Fakes, Version=17.0.0.0, Culture=neutral. Reason:System.IO.FileNotFoundException: Could not load file or assembly 'Microsoft.VisualStudio.TestPlatform.Fakes, Version=17.0.0.0, Culture=neutral, PublicKeyToken=null'. The system cannot find the file specified.
File name: 'Microsoft.VisualStudio.TestPlatform.Fakes, Version=17.0.0.0, Culture=neutral, PublicKeyToken=null'
   at System.Reflection.RuntimeAssembly.InternalLoad(ObjectHandleOnStack assemblyName, ObjectHandleOnStack requestingAssembly, StackCrawlMarkHandle stackMark, Boolean throwOnFileNotFound, ObjectHandleOnStack assemblyLoadContext, ObjectHandleOnStack retAssembly)
   at System.Reflection.RuntimeAssembly.InternalLoad(AssemblyName assemblyName, RuntimeAssembly requestingAssembly, StackCrawlMark& stackMark, Boolean throwOnFileNotFound, AssemblyLoadContext assemblyLoadContext)
   at System.Reflection.Assembly.Load(AssemblyName assemblyRef)
   at Microsoft.VisualStudio.TestPlatform.Common.Utilities.FakesUtilities.LoadTestPlatformAssembly()
TpTrace Verbose: 0 : 6568, 1, 2022/11/27, 15:29:14.142, 6050192056064, vstest.console.dll, TestPluginCache.DiscoverTestExtensions: finding test extensions in assemblies ends with: TestLogger.dll TPluginInfo: Microsoft.VisualStudio.TestPlatform.Common.ExtensionFramework.Utilities.TestLoggerPluginInformation TExtension: Microsoft.VisualStudio.TestPlatform.ObjectModel.Client.ITestLogger
TpTrace Verbose: 0 : 6568, 1, 2022/11/27, 15:29:14.142, 6050192058625, vstest.console.dll, TestPluginCache.GetExtensionPaths: Filtered extension paths: 
TpTrace Verbose: 0 : 6568, 1, 2022/11/27, 15:29:14.143, 6050192059734, vstest.console.dll, TestPluginCache.GetExtensionPaths: Added default extension paths: C:\Program Files\dotnet\sdk\6.0.402\Extensions\Microsoft.Diagnostics.NETCore.Client.dll
C:\Program Files\dotnet\sdk\6.0.402\Extensions\Microsoft.TestPlatform.Extensions.BlameDataCollector.dll
C:\Program Files\dotnet\sdk\6.0.402\Extensions\Microsoft.TestPlatform.Extensions.EventLogCollector.dll
C:\Program Files\dotnet\sdk\6.0.402\Extensions\Microsoft.TestPlatform.TestHostRuntimeProvider.dll
C:\Program Files\dotnet\sdk\6.0.402\Extensions\Microsoft.VisualStudio.TestPlatform.Extensions.Html.TestLogger.dll
C:\Program Files\dotnet\sdk\6.0.402\Extensions\Microsoft.VisualStudio.TestPlatform.Extensions.Trx.TestLogger.dll
TpTrace Verbose: 0 : 6568, 1, 2022/11/27, 15:29:14.143, 6050192060750, vstest.console.dll, TestPluginCache.GetExtensionPaths: Added unfilterableExtensionPaths: 
TpTrace Information: 0 : 6568, 1, 2022/11/27, 15:29:14.143, 6050192062768, vstest.console.dll, AssemblyResolver.AddSearchDirectories: Adding more searchDirectories C:\Program Files\dotnet\sdk\6.0.402\Extensions,C:\Program Files\dotnet\sdk\6.0.402
TpTrace Verbose: 0 : 6568, 1, 2022/11/27, 15:29:14.143, 6050192063908, vstest.console.dll, TestPluginCache.DiscoverTestExtensions: Discovering the extensions using extension path.
TpTrace Verbose: 0 : 6568, 1, 2022/11/27, 15:29:14.143, 6050192065056, vstest.console.dll, TestPluginCache.GetExtensionPaths: Filtered extension paths: 
TpTrace Verbose: 0 : 6568, 1, 2022/11/27, 15:29:14.143, 6050192066072, vstest.console.dll, TestPluginCache.GetExtensionPaths: Added default extension paths: C:\Program Files\dotnet\sdk\6.0.402\Extensions\Microsoft.Diagnostics.NETCore.Client.dll
C:\Program Files\dotnet\sdk\6.0.402\Extensions\Microsoft.TestPlatform.Extensions.BlameDataCollector.dll
C:\Program Files\dotnet\sdk\6.0.402\Extensions\Microsoft.TestPlatform.Extensions.EventLogCollector.dll
C:\Program Files\dotnet\sdk\6.0.402\Extensions\Microsoft.TestPlatform.TestHostRuntimeProvider.dll
C:\Program Files\dotnet\sdk\6.0.402\Extensions\Microsoft.VisualStudio.TestPlatform.Extensions.Html.TestLogger.dll
C:\Program Files\dotnet\sdk\6.0.402\Extensions\Microsoft.VisualStudio.TestPlatform.Extensions.Trx.TestLogger.dll
TpTrace Verbose: 0 : 6568, 1, 2022/11/27, 15:29:14.143, 6050192067543, vstest.console.dll, TestPluginCache.GetExtensionPaths: Added unfilterableExtensionPaths: 
TpTrace Verbose: 0 : 6568, 1, 2022/11/27, 15:29:14.143, 6050192068618, vstest.console.dll, TestPluginCache.DiscoverTestExtensions: Discovering the extensions using allExtensionPaths: C:\Program Files\dotnet\sdk\6.0.402\Extensions\Microsoft.Diagnostics.NETCore.Client.dll
C:\Program Files\dotnet\sdk\6.0.402\Extensions\Microsoft.TestPlatform.Extensions.BlameDataCollector.dll
C:\Program Files\dotnet\sdk\6.0.402\Extensions\Microsoft.TestPlatform.Extensions.EventLogCollector.dll
C:\Program Files\dotnet\sdk\6.0.402\Extensions\Microsoft.TestPlatform.TestHostRuntimeProvider.dll
C:\Program Files\dotnet\sdk\6.0.402\Extensions\Microsoft.VisualStudio.TestPlatform.Extensions.Html.TestLogger.dll
C:\Program Files\dotnet\sdk\6.0.402\Extensions\Microsoft.VisualStudio.TestPlatform.Extensions.Trx.TestLogger.dll
TpTrace Information: 0 : 6568, 1, 2022/11/27, 15:29:14.144, 6050192069747, vstest.console.dll, AssemblyResolver.AddSearchDirectories: Adding more searchDirectories C:\Program Files\dotnet\sdk\6.0.402\Extensions,C:\Program Files\dotnet\sdk\6.0.402
TpTrace Information: 0 : 6568, 1, 2022/11/27, 15:29:14.144, 6050192070841, vstest.console.dll, AssemblyResolver.AddSearchDirectories: Adding more searchDirectories C:\Program Files\dotnet\sdk\6.0.402\Extensions,C:\Program Files\dotnet\sdk\6.0.402
TpTrace Information: 0 : 6568, 1, 2022/11/27, 15:29:14.144, 6050192071829, vstest.console.dll, AssemblyResolver.AddSearchDirectories: Adding more searchDirectories C:\Program Files\dotnet\sdk\6.0.402\Extensions,C:\Program Files\dotnet\sdk\6.0.402
TpTrace Information: 0 : 6568, 1, 2022/11/27, 15:29:14.144, 6050192072803, vstest.console.dll, AssemblyResolver.AddSearchDirectories: Adding more searchDirectories C:\Program Files\dotnet\sdk\6.0.402\Extensions,C:\Program Files\dotnet\sdk\6.0.402
TpTrace Information: 0 : 6568, 1, 2022/11/27, 15:29:14.144, 6050192073830, vstest.console.dll, AssemblyResolver.AddSearchDirectories: Adding more searchDirectories C:\Program Files\dotnet\sdk\6.0.402\Extensions,C:\Program Files\dotnet\sdk\6.0.402
TpTrace Information: 0 : 6568, 1, 2022/11/27, 15:29:14.144, 6050192074810, vstest.console.dll, AssemblyResolver.AddSearchDirectories: Adding more searchDirectories C:\Program Files\dotnet\sdk\6.0.402\Extensions,C:\Program Files\dotnet\sdk\6.0.402
TpTrace Verbose: 0 : 6568, 1, 2022/11/27, 15:29:14.144, 6050192076959, vstest.console.dll, MetadataReaderExtensionsHelper: Discovering extensions inside assembly 'Microsoft.Diagnostics.NETCore.Client, Version=0.2.5.801, Culture=neutral, PublicKeyToken=31bf3856ad364e35' file path 'C:\Program Files\dotnet\sdk\6.0.402\Extensions\Microsoft.Diagnostics.NETCore.Client.dll'
TpTrace Information: 0 : 6568, 1, 2022/11/27, 15:29:14.145, 6050192085002, vstest.console.dll, AssemblyResolver.OnResolve: Microsoft.Bcl.AsyncInterfaces: Resolving assembly.
TpTrace Information: 0 : 6568, 1, 2022/11/27, 15:29:14.145, 6050192086357, vstest.console.dll, AssemblyResolver.OnResolve: Microsoft.Bcl.AsyncInterfaces: Resolved from cache.
TpTrace Verbose: 0 : 6568, 1, 2022/11/27, 15:29:14.145, 6050192087508, vstest.console.dll, CurrentDomainAssemblyResolve: Resolving assembly 'Microsoft.Bcl.AsyncInterfaces'.
TpTrace Information: 0 : 6568, 1, 2022/11/27, 15:29:14.145, 6050192088721, vstest.console.dll, AssemblyResolver.OnResolve: Microsoft.Bcl.AsyncInterfaces: Resolving assembly.
TpTrace Information: 0 : 6568, 1, 2022/11/27, 15:29:14.145, 6050192089695, vstest.console.dll, AssemblyResolver.OnResolve: Microsoft.Bcl.AsyncInterfaces: Resolved from cache.
TpTrace Verbose: 0 : 6568, 1, 2022/11/27, 15:29:14.146, 6050192090686, vstest.console.dll, CurrentDomainAssemblyResolve: Resolving assembly 'Microsoft.Bcl.AsyncInterfaces'.
TpTrace Verbose: 0 : 6568, 1, 2022/11/27, 15:29:14.146, 6050192091613, vstest.console.dll, CurrentDomainAssemblyResolve: Failed to resolve assembly 'Microsoft.Bcl.AsyncInterfaces'.
TpTrace Verbose: 0 : 6568, 1, 2022/11/27, 15:29:14.146, 6050192094531, vstest.console.dll, CurrentDomainAssemblyResolve: Failed to resolve assembly 'Microsoft.Bcl.AsyncInterfaces'.
TpTrace Warning: 0 : 6568, 1, 2022/11/27, 15:29:14.147, 6050192100327, vstest.console.dll, TestPluginDiscoverer: Failed to get types from assembly 'Microsoft.Diagnostics.NETCore.Client, Version=0.2.5.801, Culture=neutral, PublicKeyToken=31bf3856ad364e35'. Error: System.Reflection.ReflectionTypeLoadException: Unable to load one or more of the requested types.
Could not load file or assembly 'Microsoft.Bcl.AsyncInterfaces, Version=1.0.0.0, Culture=neutral, PublicKeyToken=cc7b13ffcd2ddd51'. The system cannot find the file specified.
   at System.Reflection.RuntimeModule.GetTypes(RuntimeModule module)
   at System.Reflection.Assembly.GetTypes()
   at Microsoft.VisualStudio.TestPlatform.Common.ExtensionFramework.TestPluginDiscoverer.GetTestExtensionsFromAssembly[TPluginInfo,TExtension](Assembly assembly, Dictionary`2 pluginInfos, String filePath)
System.IO.FileNotFoundException: Could not load file or assembly 'Microsoft.Bcl.AsyncInterfaces, Version=1.0.0.0, Culture=neutral, PublicKeyToken=cc7b13ffcd2ddd51'. The system cannot find the file specified.
File name: 'Microsoft.Bcl.AsyncInterfaces, Version=1.0.0.0, Culture=neutral, PublicKeyToken=cc7b13ffcd2ddd51'
 ---> System.IO.FileNotFoundException: Could not load file or assembly 'Microsoft.Bcl.AsyncInterfaces, Culture=neutral, PublicKeyToken=null'. The system cannot find the file specified.
File name: 'Microsoft.Bcl.AsyncInterfaces, Culture=neutral, PublicKeyToken=null'
   at System.Reflection.RuntimeAssembly.InternalLoad(ObjectHandleOnStack assemblyName, ObjectHandleOnStack requestingAssembly, StackCrawlMarkHandle stackMark, Boolean throwOnFileNotFound, ObjectHandleOnStack assemblyLoadContext, ObjectHandleOnStack retAssembly)
   at System.Reflection.RuntimeAssembly.InternalLoad(AssemblyName assemblyName, RuntimeAssembly requestingAssembly, StackCrawlMark& stackMark, Boolean throwOnFileNotFound, AssemblyLoadContext assemblyLoadContext)
   at System.Reflection.Assembly.Load(AssemblyName assemblyRef)
   at Microsoft.VisualStudio.TestPlatform.Common.ExtensionFramework.TestPluginCache.CurrentDomainAssemblyResolve(Object sender, AssemblyResolveEventArgs args)
   at Microsoft.VisualStudio.TestPlatform.PlatformAbstractions.PlatformAssemblyResolver.AssemblyResolverEvent(Object sender, Object eventArgs)
   at System.Runtime.Loader.AssemblyLoadContext.GetFirstResolvedAssemblyFromResolvingEvent(AssemblyName assemblyName)
   at System.Runtime.Loader.AssemblyLoadContext.ResolveUsingEvent(AssemblyName assemblyName)
   at System.Runtime.Loader.AssemblyLoadContext.ResolveUsingResolvingEvent(IntPtr gchManagedAssemblyLoadContext, AssemblyName assemblyName)
TpTrace Warning: 0 : 6568, 1, 2022/11/27, 15:29:14.147, 6050192102946, vstest.console.dll, LoaderExceptions: System.IO.FileNotFoundException: Could not load file or assembly 'Microsoft.Bcl.AsyncInterfaces, Version=1.0.0.0, Culture=neutral, PublicKeyToken=cc7b13ffcd2ddd51'. The system cannot find the file specified.
File name: 'Microsoft.Bcl.AsyncInterfaces, Version=1.0.0.0, Culture=neutral, PublicKeyToken=cc7b13ffcd2ddd51'
 ---> System.IO.FileNotFoundException: Could not load file or assembly 'Microsoft.Bcl.AsyncInterfaces, Culture=neutral, PublicKeyToken=null'. The system cannot find the file specified.
File name: 'Microsoft.Bcl.AsyncInterfaces, Culture=neutral, PublicKeyToken=null'
   at System.Reflection.RuntimeAssembly.InternalLoad(ObjectHandleOnStack assemblyName, ObjectHandleOnStack requestingAssembly, StackCrawlMarkHandle stackMark, Boolean throwOnFileNotFound, ObjectHandleOnStack assemblyLoadContext, ObjectHandleOnStack retAssembly)
   at System.Reflection.RuntimeAssembly.InternalLoad(AssemblyName assemblyName, RuntimeAssembly requestingAssembly, StackCrawlMark& stackMark, Boolean throwOnFileNotFound, AssemblyLoadContext assemblyLoadContext)
   at System.Reflection.Assembly.Load(AssemblyName assemblyRef)
   at Microsoft.VisualStudio.TestPlatform.Common.ExtensionFramework.TestPluginCache.CurrentDomainAssemblyResolve(Object sender, AssemblyResolveEventArgs args)
   at Microsoft.VisualStudio.TestPlatform.PlatformAbstractions.PlatformAssemblyResolver.AssemblyResolverEvent(Object sender, Object eventArgs)
   at System.Runtime.Loader.AssemblyLoadContext.GetFirstResolvedAssemblyFromResolvingEvent(AssemblyName assemblyName)
   at System.Runtime.Loader.AssemblyLoadContext.ResolveUsingEvent(AssemblyName assemblyName)
   at System.Runtime.Loader.AssemblyLoadContext.ResolveUsingResolvingEvent(IntPtr gchManagedAssemblyLoadContext, AssemblyName assemblyName)
TpTrace Verbose: 0 : 6568, 1, 2022/11/27, 15:29:14.147, 6050192104523, vstest.console.dll, MetadataReaderExtensionsHelper: Discovering extensions inside assembly 'Microsoft.TestPlatform.Extensions.BlameDataCollector, Version=15.0.0.0, Culture=neutral, PublicKeyToken=b03f5f7f11d50a3a' file path 'C:\Program Files\dotnet\sdk\6.0.402\Extensions\Microsoft.TestPlatform.Extensions.BlameDataCollector.dll'
TpTrace Information: 0 : 6568, 1, 2022/11/27, 15:29:14.148, 6050192113050, vstest.console.dll, GetTestExtensionFromType: Register extension with identifier data 'logger://Microsoft/TestPlatform/Extensions/Blame/v1' and type 'Microsoft.TestPlatform.Extensions.BlameDataCollector.BlameLogger, Microsoft.TestPlatform.Extensions.BlameDataCollector, Version=15.0.0.0, Culture=neutral, PublicKeyToken=b03f5f7f11d50a3a' inside file 'C:\Program Files\dotnet\sdk\6.0.402\Extensions\Microsoft.TestPlatform.Extensions.BlameDataCollector.dll'
TpTrace Verbose: 0 : 6568, 1, 2022/11/27, 15:29:14.148, 6050192114577, vstest.console.dll, MetadataReaderExtensionsHelper: Discovering extensions inside assembly 'Microsoft.TestPlatform.Extensions.EventLogCollector, Version=15.0.0.0, Culture=neutral, PublicKeyToken=b03f5f7f11d50a3a' file path 'C:\Program Files\dotnet\sdk\6.0.402\Extensions\Microsoft.TestPlatform.Extensions.EventLogCollector.dll'
TpTrace Verbose: 0 : 6568, 1, 2022/11/27, 15:29:14.149, 6050192120935, vstest.console.dll, MetadataReaderExtensionsHelper: Discovering extensions inside assembly 'Microsoft.TestPlatform.TestHostRuntimeProvider, Version=15.0.0.0, Culture=neutral, PublicKeyToken=b03f5f7f11d50a3a' file path 'C:\Program Files\dotnet\sdk\6.0.402\Extensions\Microsoft.TestPlatform.TestHostRuntimeProvider.dll'
TpTrace Verbose: 0 : 6568, 1, 2022/11/27, 15:29:14.149, 6050192126343, vstest.console.dll, MetadataReaderExtensionsHelper: Discovering extensions inside assembly 'Microsoft.VisualStudio.TestPlatform.Extensions.Html.TestLogger, Version=15.0.0.0, Culture=neutral, PublicKeyToken=b03f5f7f11d50a3a' file path 'C:\Program Files\dotnet\sdk\6.0.402\Extensions\Microsoft.VisualStudio.TestPlatform.Extensions.Html.TestLogger.dll'
TpTrace Information: 0 : 6568, 1, 2022/11/27, 15:29:14.150, 6050192135357, vstest.console.dll, GetTestExtensionFromType: Register extension with identifier data 'logger://Microsoft/TestPlatform/HtmlLogger/v1' and type 'Microsoft.VisualStudio.TestPlatform.Extensions.HtmlLogger.HtmlLogger, Microsoft.VisualStudio.TestPlatform.Extensions.Html.TestLogger, Version=15.0.0.0, Culture=neutral, PublicKeyToken=b03f5f7f11d50a3a' inside file 'C:\Program Files\dotnet\sdk\6.0.402\Extensions\Microsoft.VisualStudio.TestPlatform.Extensions.Html.TestLogger.dll'
TpTrace Verbose: 0 : 6568, 1, 2022/11/27, 15:29:14.151, 6050192140558, vstest.console.dll, MetadataReaderExtensionsHelper: Discovering extensions inside assembly 'Microsoft.VisualStudio.TestPlatform.Extensions.Trx.TestLogger, Version=15.0.0.0, Culture=neutral, PublicKeyToken=b03f5f7f11d50a3a' file path 'C:\Program Files\dotnet\sdk\6.0.402\Extensions\Microsoft.VisualStudio.TestPlatform.Extensions.Trx.TestLogger.dll'
TpTrace Information: 0 : 6568, 1, 2022/11/27, 15:29:14.152, 6050192157565, vstest.console.dll, GetTestExtensionFromType: Register extension with identifier data 'logger://Microsoft/TestPlatform/TrxLogger/v1' and type 'Microsoft.VisualStudio.TestPlatform.Extensions.TrxLogger.TrxLogger, Microsoft.VisualStudio.TestPlatform.Extensions.Trx.TestLogger, Version=15.0.0.0, Culture=neutral, PublicKeyToken=b03f5f7f11d50a3a' inside file 'C:\Program Files\dotnet\sdk\6.0.402\Extensions\Microsoft.VisualStudio.TestPlatform.Extensions.Trx.TestLogger.dll'
TpTrace Verbose: 0 : 6568, 1, 2022/11/27, 15:29:14.152, 6050192159261, vstest.console.dll, TestPluginCache: Discovered the extensions using extension path ''.
TpTrace Verbose: 0 : 6568, 1, 2022/11/27, 15:29:14.153, 6050192160315, vstest.console.dll, TestPluginCache: Discoverers are ''.
TpTrace Verbose: 0 : 6568, 1, 2022/11/27, 15:29:14.153, 6050192161256, vstest.console.dll, TestPluginCache: Executors are ''.
TpTrace Verbose: 0 : 6568, 1, 2022/11/27, 15:29:14.153, 6050192162181, vstest.console.dll, TestPluginCache: Executors2 are ''.
TpTrace Verbose: 0 : 6568, 1, 2022/11/27, 15:29:14.153, 6050192163096, vstest.console.dll, TestPluginCache: Setting providers are ''.
TpTrace Verbose: 0 : 6568, 1, 2022/11/27, 15:29:14.153, 6050192164758, vstest.console.dll, TestPluginCache: Loggers are 'logger://Microsoft/TestPlatform/Extensions/Blame/v1,logger://Microsoft/TestPlatform/HtmlLogger/v1,logger://Microsoft/TestPlatform/TrxLogger/v1'.
TpTrace Verbose: 0 : 6568, 1, 2022/11/27, 15:29:14.153, 6050192165930, vstest.console.dll, TestPluginCache: TestHosts are 'HostProvider://DefaultTestHost,HostProvider://DotnetTestHost'.
TpTrace Verbose: 0 : 6568, 1, 2022/11/27, 15:29:14.153, 6050192167028, vstest.console.dll, TestPluginCache: DataCollectors are ''.
TpTrace Information: 0 : 6568, 1, 2022/11/27, 15:29:14.154, 6050192173870, vstest.console.dll, TestPluginManager.CreateTestExtension: Attempting to load test extension: Microsoft.TestPlatform.Extensions.BlameDataCollector.BlameLogger
TpTrace Verbose: 0 : 6568, 1, 2022/11/27, 15:29:14.160, 6050192234209, vstest.console.dll, TestEngine: Initializing Parallel Execution as MaxCpuCount is set to: 1
TpTrace Information: 0 : 6568, 1, 2022/11/27, 15:29:14.163, 6050192268996, vstest.console.dll, TestPluginManager.CreateTestExtension: Attempting to load test extension: Microsoft.VisualStudio.TestPlatform.CrossPlatEngine.Hosting.DefaultTestHostManager
TpTrace Information: 0 : 6568, 1, 2022/11/27, 15:29:14.165, 6050192283680, vstest.console.dll, TestPluginManager.CreateTestExtension: Attempting to load test extension: Microsoft.VisualStudio.TestPlatform.CrossPlatEngine.Hosting.DotnetTestHostManager
TpTrace Information: 0 : 6568, 1, 2022/11/27, 15:29:14.166, 6050192290217, vstest.console.dll, InferRunSettingsHelper.IsTestSettingsEnabled: Unable to navigate to RunSettings/MSTest. Current node: RunSettings
TpTrace Verbose: 0 : 6568, 1, 2022/11/27, 15:29:14.171, 6050192342123, vstest.console.dll, TestEngine.GetExecutionManager: Chosen execution manager 'Microsoft.VisualStudio.TestPlatform.CrossPlatEngine.Client.Parallel.ParallelProxyExecutionManager, Microsoft.TestPlatform.CrossPlatEngine, Version=15.0.0.0, Culture=neutral, PublicKeyToken=b03f5f7f11d50a3a' ParallelLevel '1'.
TpTrace Verbose: 0 : 6568, 1, 2022/11/27, 15:29:14.171, 6050192344684, vstest.console.dll, TestRunRequest.ExecuteAsync: Creating test run request.
TpTrace Verbose: 0 : 6568, 1, 2022/11/27, 15:29:14.171, 6050192347883, vstest.console.dll, TestRunRequest.ExecuteAsync: Starting.
TpTrace Information: 0 : 6568, 1, 2022/11/27, 15:29:14.172, 6050192351550, vstest.console.dll, TestRunRequest.ExecuteAsync: Starting run with settings:TestRunCriteria:
   KeepAlive=False,FrequencyOfRunStatsChangeEvent=10,RunStatsChangeEventTimeout=00:00:01.5000000,TestCaseFilter=,TestExecutorLauncher=
   Settingsxml=<RunSettings>
  <RunConfiguration>
    <ResultsDirectory>C:\Users\ddian\source\repos\SoftUni\CSharpOOP\UnitTestingExercise\Database\CarManager.Tests\bin\Debug\netcoreapp3.1\fine-code-coverage\coverage-tool-output</ResultsDirectory>
    <TargetPlatform>X64</TargetPlatform>
    <TargetFrameworkVersion>.NETCoreApp,Version=v3.1</TargetFrameworkVersion>
    <DesignMode>False</DesignMode>
    <CollectSourceInformation>False</CollectSourceInformation>
  </RunConfiguration>
  <LoggerRunSettings>
    <Loggers>
      <Logger friendlyName="blame" enabled="True" />
      <Logger friendlyName="Console" uri="logger://microsoft/TestPlatform/ConsoleLogger/v1" assemblyQualifiedName="Microsoft.VisualStudio.TestPlatform.CommandLine.Internal.ConsoleLogger, vstest.console, Version=15.0.0.0, Culture=neutral, PublicKeyToken=b03f5f7f11d50a3a" codeBase="C:\Program Files\dotnet\sdk\6.0.402\vstest.console.dll" enabled="True" />
    </Loggers>
  </LoggerRunSettings>
  <DataCollectionRunSettings>
    <DataCollectors>
      <DataCollector friendlyName="blame" enabled="True">
        <Configuration>
          <ResultsDirectory>C:\Users\ddian\source\repos\SoftUni\CSharpOOP\UnitTestingExercise\Database\CarManager.Tests\bin\Debug\netcoreapp3.1\fine-code-coverage\coverage-tool-output</ResultsDirectory>
        </Configuration>
      </DataCollector>
    </DataCollectors>
  </DataCollectionRunSettings>
</RunSettings>

TpTrace Verbose: 0 : 6568, 1, 2022/11/27, 15:29:14.172, 6050192352782, vstest.console.dll, TestRunRequest.ExecuteAsync: Wait for the first run request is over.
TpTrace Verbose: 0 : 6568, 1, 2022/11/27, 15:29:14.172, 6050192356525, vstest.console.dll, MulticastDelegateUtilities.SafeInvoke: TestRun.TestRunStart: Invoking callbacks was skipped because there are no subscribers.
TpTrace Verbose: 0 : 6568, 4, 2022/11/27, 15:29:14.172, 6050192359018, vstest.console.dll, MulticastDelegateUtilities.SafeInvoke: InternalTestLoggerEvents.SendTestRunStart: Invoking callback 1/1 for Microsoft.VisualStudio.TestPlatform.CommandLine.Internal.ConsoleLogger.TestRunStartHandler, took 0 ms.
TpTrace Verbose: 0 : 6568, 1, 2022/11/27, 15:29:14.174, 6050192369780, vstest.console.dll, ParallelProxyExecutionManager: Start execution. Total sources: 1
TpTrace Verbose: 0 : 6568, 1, 2022/11/27, 15:29:14.176, 6050192389922, vstest.console.dll, TestRequestSender is acting as server.
TpTrace Verbose: 0 : 6568, 1, 2022/11/27, 15:29:14.177, 6050192402659, vstest.console.dll, DataCollectionRequestSender.InitializeCommunication : Initialize communication. 
TpTrace Information: 0 : 6568, 1, 2022/11/27, 15:29:14.183, 6050192461359, vstest.console.dll, Listening on Endpoint : 127.0.0.1:52634
TpTrace Verbose: 0 : 6568, 1, 2022/11/27, 15:29:14.195, 6050192589690, vstest.console.dll, DotnetDataCollectionLauncher: Adding  --runtimeconfig "C:\Program Files\dotnet\sdk\6.0.402\datacollector.runtimeconfig.json" in args
TpTrace Verbose: 0 : 6568, 1, 2022/11/27, 15:29:14.196, 6050192592982, vstest.console.dll, DotnetDataCollectionLauncher: Adding  --depsfile "C:\Program Files\dotnet\sdk\6.0.402\datacollector.deps.json" in args
TpTrace Verbose: 0 : 6568, 1, 2022/11/27, 15:29:14.196, 6050192595370, vstest.console.dll, DotnetDataCollectionLauncher: Full path of dotnet.exe is C:\Program Files\dotnet\dotnet.exe
TpTrace Information: 0 : 6568, 1, 2022/11/27, 15:29:14.211, 6050192747580, vstest.console.dll, ProxyDataCollectionManager.Initialize: Launched datacollector processId: 20372 port: 52634
TpTrace Information: 0 : 6568, 1, 2022/11/27, 15:29:14.212, 6050192751233, vstest.console.dll, ProxyDataCollectionManager.Initialize: waiting for connection with timeout: 90 seconds
TpTrace Verbose: 0 : 6568, 1, 2022/11/27, 15:29:14.212, 6050192753465, vstest.console.dll, DataCollectionRequestSender.WaitForRequestHandlerConnection : Waiting for connection with timeout: 90000
TpTrace Information: 0 : 6568, 5, 2022/11/27, 15:29:14.434, 6050194978245, vstest.console.dll, Using the buffer size of 16384 bytes
TpTrace Verbose: 0 : 6568, 1, 2022/11/27, 15:29:14.434, 6050194978376, vstest.console.dll, SocketCommunicationManager.WaitForClientConnection took: 222 ms, with 90000 ms timeout, and finished with True.
TpTrace Information: 0 : 6568, 5, 2022/11/27, 15:29:14.435, 6050194981141, vstest.console.dll, Accepted Client request and set the flag
TpTrace Verbose: 0 : 6568, 1, 2022/11/27, 15:29:14.435, 6050194983714, vstest.console.dll, ProxyDataCollectionManager.InvokeDataCollectionServiceAction: Starting.
TpTrace Information: 0 : 6568, 1, 2022/11/27, 15:29:14.435, 6050194987210, vstest.console.dll, ProxyDataCollectionManager.BeforeTestRunStart: Get environment variable and port for datacollector processId: 20372 port: 52634
TpTrace Verbose: 0 : 6568, 1, 2022/11/27, 15:29:14.436, 6050194989825, vstest.console.dll, DataCollectionRequestSender.SendBeforeTestRunStartAndGetResult: Send BeforeTestRunStart message with settingsXml <RunSettings><RunConfiguration><ResultsDirectory>C:\Users\ddian\source\repos\SoftUni\CSharpOOP\UnitTestingExercise\Database\CarManager.Tests\bin\Debug\netcoreapp3.1\fine-code-coverage\coverage-tool-output</ResultsDirectory><TargetPlatform>X64</TargetPlatform><TargetFrameworkVersion>.NETCoreApp,Version=v3.1</TargetFrameworkVersion><DesignMode>False</DesignMode><CollectSourceInformation>False</CollectSourceInformation><TestAdaptersPaths>C:\Program Files\dotnet\sdk\6.0.402\Extensions</TestAdaptersPaths></RunConfiguration><LoggerRunSettings><Loggers><Logger friendlyName="blame" enabled="True" /><Logger friendlyName="Console" uri="logger://microsoft/TestPlatform/ConsoleLogger/v1" assemblyQualifiedName="Microsoft.VisualStudio.TestPlatform.CommandLine.Internal.ConsoleLogger, vstest.console, Version=15.0.0.0, Culture=neutral, PublicKeyToken=b03f5f7f11d50a3a" codeBase="C:\Program Files\dotnet\sdk\6.0.402\vstest.console.dll" enabled="True" /></Loggers></LoggerRunSettings><DataCollectionRunSettings><DataCollectors><DataCollector friendlyName="blame" enabled="True"><Configuration><ResultsDirectory>C:\Users\ddian\source\repos\SoftUni\CSharpOOP\UnitTestingExercise\Database\CarManager.Tests\bin\Debug\netcoreapp3.1\fine-code-coverage\coverage-tool-output</ResultsDirectory></Configuration></DataCollector></DataCollectors></DataCollectionRunSettings></RunSettings> and sources System.Collections.Generic.List`1[System.String]: 
TpTrace Verbose: 0 : 6568, 1, 2022/11/27, 15:29:14.738, 6050198018377, vstest.console.dll, DataCollectionRequestSender.SendBeforeTestRunStartAndGetResult: Received message: (DataCollection.SendMessage) -> {"MessageType":"DataCollection.SendMessage","Payload":{"FriendlyName":null,"Uri":null,"TestCaseId":"00000000-0000-0000-0000-000000000000","Message":"Logging DataCollector Diagnostics in file: C:\\Users\\ddian\\source\\repos\\SoftUni\\CSharpOOP\\UnitTestingExercise\\Database\\CarManager.Tests\\bin\\Debug\\netcoreapp3.1\\fine-code-coverage\\coverage-tool-output\\diagnostics.datacollector.22-11-27_15-29-14_19546_1.log","Level":0}}
TpTrace Verbose: 0 : 6568, 1, 2022/11/27, 15:29:14.898, 6050199618795, vstest.console.dll, DataCollectionRequestSender.SendBeforeTestRunStartAndGetResult: Received message: (DataCollection.BeforeTestRunStartResult) -> {"MessageType":"DataCollection.BeforeTestRunStartResult","Payload":{"EnvironmentVariables":{},"DataCollectionEventsPort":52636}}
TpTrace Information: 0 : 6568, 1, 2022/11/27, 15:29:14.908, 6050199718626, vstest.console.dll, ProxyDataCollectionManager.BeforeTestRunStart: SendBeforeTestRunStartAndGetResult successful, env variable from datacollector:   and testhost port: 52636
TpTrace Information: 0 : 6568, 1, 2022/11/27, 15:29:14.909, 6050199721448, vstest.console.dll, ProxyDataCollectionManager.InvokeDataCollectionServiceAction: Completed.
TpTrace Verbose: 0 : 6568, 1, 2022/11/27, 15:29:14.909, 6050199725635, vstest.console.dll, ProxyParallelExecutionManager: No sources available for execution.
TpTrace Information: 0 : 6568, 1, 2022/11/27, 15:29:14.909, 6050199727958, vstest.console.dll, TestRunRequest.ExecuteAsync: Started.
TpTrace Verbose: 0 : 6568, 1, 2022/11/27, 15:29:14.910, 6050199730634, vstest.console.dll, TestRunRequest.WaitForCompletion: Waiting with timeout -1.
TpTrace Verbose: 0 : 6568, 7, 2022/11/27, 15:29:14.916, 6050199793375, vstest.console.dll, ParallelProxyExecutionManager: Execution started. Started clients: 1
TpTrace Verbose: 0 : 6568, 7, 2022/11/27, 15:29:14.917, 6050199803536, vstest.console.dll, TestRunRequest:SendTestRunMessage: Starting.
TpTrace Verbose: 0 : 6568, 4, 2022/11/27, 15:29:14.918, 6050199814304, vstest.console.dll, MulticastDelegateUtilities.SafeInvoke: InternalTestLoggerEvents.SendTestRunMessage: Invoking callback 1/1 for Microsoft.VisualStudio.TestPlatform.CommandLine.Internal.ConsoleLogger.TestMessageHandler, took 0 ms.
TpTrace Verbose: 0 : 6568, 7, 2022/11/27, 15:29:14.918, 6050199814304, vstest.console.dll, MulticastDelegateUtilities.SafeInvoke: TestRun.LogMessages: Invoking callback 1/1 for Microsoft.VisualStudio.TestPlatform.CommandLine.TestRunResultAggregator.TestRunMessageHandler, took 0 ms.
TpTrace Information: 0 : 6568, 7, 2022/11/27, 15:29:14.918, 6050199818661, vstest.console.dll, TestRunRequest:SendTestRunMessage: Completed.
TpTrace Verbose: 0 : 6568, 7, 2022/11/27, 15:29:14.919, 6050199823776, vstest.console.dll, ProxyExecutionManager: Test host is always Lazy initialize.
TpTrace Verbose: 0 : 6568, 7, 2022/11/27, 15:29:14.919, 6050199829410, vstest.console.dll, TestRequestSender.InitializeCommunication: initialize communication. 
TpTrace Information: 0 : 6568, 7, 2022/11/27, 15:29:14.920, 6050199839348, vstest.console.dll, SocketServer.Start: Listening on endpoint : 127.0.0.1:52637
TpTrace Verbose: 0 : 6568, 7, 2022/11/27, 15:29:14.922, 6050199852455, vstest.console.dll, DotnetTestHostmanager.GetTestHostProcessStartInfo: Platform environment 'X64' target architecture 'X64' framework '.NETCoreApp,Version=v3.1' OS 'Windows'
TpTrace Verbose: 0 : 6568, 7, 2022/11/27, 15:29:14.922, 6050199858473, vstest.console.dll, DotnetTestHostmanager: Adding  --runtimeconfig "C:\Users\ddian\source\repos\SoftUni\CSharpOOP\UnitTestingExercise\Database\CarManager.Tests\bin\Debug\netcoreapp3.1\fine-code-coverage\build-output\CarManager.Tests.runtimeconfig.json" in args
TpTrace Verbose: 0 : 6568, 7, 2022/11/27, 15:29:14.923, 6050199861909, vstest.console.dll, DotnetTestHostmanager: Adding  --depsfile "C:\Users\ddian\source\repos\SoftUni\CSharpOOP\UnitTestingExercise\Database\CarManager.Tests\bin\Debug\netcoreapp3.1\fine-code-coverage\build-output\CarManager.Tests.deps.json" in args
TpTrace Verbose: 0 : 6568, 7, 2022/11/27, 15:29:14.923, 6050199866893, vstest.console.dll, DotnetTestHostmanager.IsWinOnArm: Current PROCESSOR_ARCHITECTURE from environment variable 'AMD64'
TpTrace Verbose: 0 : 6568, 7, 2022/11/27, 15:29:14.924, 6050199873876, vstest.console.dll, DotnetTestHostmanager.IsWinOnArm: Is Windows on ARM 'False'
TpTrace Information: 0 : 6568, 7, 2022/11/27, 15:29:14.924, 6050199877846, vstest.console.dll, AssemblyResolver.OnResolve: Microsoft.Extensions.DependencyModel: Resolving assembly.
TpTrace Information: 0 : 6568, 7, 2022/11/27, 15:29:14.925, 6050199880185, vstest.console.dll, AssemblyResolver.OnResolve: Microsoft.Extensions.DependencyModel: Searching in: 'C:\Program Files\dotnet\sdk\6.0.402\Extensions'.
TpTrace Information: 0 : 6568, 7, 2022/11/27, 15:29:14.925, 6050199882806, vstest.console.dll, AssemblyResolver.OnResolve: Microsoft.Extensions.DependencyModel: Assembly path does not exist: 'C:\Program Files\dotnet\sdk\6.0.402\Extensions\Microsoft.Extensions.DependencyModel.dll', returning.
TpTrace Information: 0 : 6568, 7, 2022/11/27, 15:29:14.925, 6050199885209, vstest.console.dll, AssemblyResolver.OnResolve: Microsoft.Extensions.DependencyModel: Assembly path does not exist: 'C:\Program Files\dotnet\sdk\6.0.402\Extensions\Microsoft.Extensions.DependencyModel.exe', returning.
TpTrace Information: 0 : 6568, 7, 2022/11/27, 15:29:14.925, 6050199887204, vstest.console.dll, AssemblyResolver.OnResolve: Microsoft.Extensions.DependencyModel: Searching in: 'C:\Program Files\dotnet\sdk\6.0.402'.
TpTrace Information: 0 : 6568, 7, 2022/11/27, 15:29:14.926, 6050199897741, vstest.console.dll, AssemblyResolver.OnResolve: Microsoft.Extensions.DependencyModel: Loading assembly 'C:\Program Files\dotnet\sdk\6.0.402\Microsoft.Extensions.DependencyModel.dll'.
TpTrace Information: 0 : 6568, 7, 2022/11/27, 15:29:14.928, 6050199911335, vstest.console.dll, AssemblyResolver.OnResolve: Resolved assembly: Microsoft.Extensions.DependencyModel, from path: C:\Program Files\dotnet\sdk\6.0.402\Microsoft.Extensions.DependencyModel.dll
TpTrace Verbose: 0 : 6568, 7, 2022/11/27, 15:29:14.928, 6050199918660, vstest.console.dll, DotnetTestHostmanager: Reading file C:\Users\ddian\source\repos\SoftUni\CSharpOOP\UnitTestingExercise\Database\CarManager.Tests\bin\Debug\netcoreapp3.1\fine-code-coverage\build-output\CarManager.Tests.deps.json to get path of testhost.dll
TpTrace Verbose: 0 : 6568, 7, 2022/11/27, 15:29:14.964, 6050200277451, vstest.console.dll, DotnetTestHostmanager: Relative path of testhost.dll with respect to package folder is microsoft.testplatform.testhost/15.9.0\lib/netstandard1.5/testhost.dll
TpTrace Verbose: 0 : 6568, 7, 2022/11/27, 15:29:14.967, 6050200308663, vstest.console.dll, DotnetTestHostmanager: Looking for path microsoft.testplatform.testhost/15.9.0\lib/netstandard1.5/testhost.dll in folder C:\Users\ddian\.dotnet\store\|arch|\|tfm|
TpTrace Verbose: 0 : 6568, 7, 2022/11/27, 15:29:14.968, 6050200312351, vstest.console.dll, DotnetTestHostmanager: Looking for path microsoft.testplatform.testhost/15.9.0\lib/netstandard1.5/testhost.dll in folder C:\Users\ddian\.nuget\packages
TpTrace Verbose: 0 : 6568, 7, 2022/11/27, 15:29:14.968, 6050200315331, vstest.console.dll, DotnetTestHostmanager: Found testhost.dll in C:\Users\ddian\.nuget\packages\microsoft.testplatform.testhost/15.9.0\lib/netstandard1.5/testhost.dll
TpTrace Verbose: 0 : 6568, 7, 2022/11/27, 15:29:14.969, 6050200320330, vstest.console.dll, DotnetTestHostmanager: Current process architetcure 'X64'
TpTrace Verbose: 0 : 6568, 7, 2022/11/27, 15:29:14.969, 6050200324649, vstest.console.dll, DotnetTestHostmanager.LaunchTestHostAsync: Compatible muxer architecture of running process 'X64' and target architecture 'X64'
TpTrace Verbose: 0 : 6568, 7, 2022/11/27, 15:29:14.969, 6050200327021, vstest.console.dll, DotnetTestHostmanager: Full path of testhost.dll is C:\Users\ddian\.nuget\packages\microsoft.testplatform.testhost/15.9.0\lib/netstandard1.5/testhost.dll
TpTrace Verbose: 0 : 6568, 7, 2022/11/27, 15:29:14.969, 6050200329199, vstest.console.dll, DotnetTestHostmanager: Full path of host exe is C:\Program Files\dotnet\dotnet.exe
TpTrace Verbose: 0 : 6568, 7, 2022/11/27, 15:29:14.970, 6050200333824, vstest.console.dll, DotnetTestHostManager: Starting process 'C:\Program Files\dotnet\dotnet.exe' with command line 'exec --runtimeconfig "C:\Users\ddian\source\repos\SoftUni\CSharpOOP\UnitTestingExercise\Database\CarManager.Tests\bin\Debug\netcoreapp3.1\fine-code-coverage\build-output\CarManager.Tests.runtimeconfig.json" --depsfile "C:\Users\ddian\source\repos\SoftUni\CSharpOOP\UnitTestingExercise\Database\CarManager.Tests\bin\Debug\netcoreapp3.1\fine-code-coverage\build-output\CarManager.Tests.deps.json" "C:\Users\ddian\.nuget\packages\microsoft.testplatform.testhost/15.9.0\lib/netstandard1.5/testhost.dll" --port 52637 --endpoint 127.0.0.1:052637 --role client --parentprocessid 6568 --diag "C:\Users\ddian\source\repos\SoftUni\CSharpOOP\UnitTestingExercise\Database\CarManager.Tests\bin\Debug\netcoreapp3.1\fine-code-coverage\coverage-tool-output\diagnostics.host.22-11-27_15-29-14_92165_7.log" --tracelevel 4 --datacollectionport 52636 --telemetryoptedin false'
TpTrace Verbose: 0 : 6568, 7, 2022/11/27, 15:29:14.981, 6050200443320, vstest.console.dll, MulticastDelegateUtilities.SafeInvoke: HostProviderEvents.OnHostLaunched: Invoking callback 1/2 for Microsoft.VisualStudio.TestPlatform.CrossPlatEngine.Client.ProxyExecutionManagerWithDataCollection.TestHostLaunchedHandler, took 1 ms.
TpTrace Verbose: 0 : 6568, 7, 2022/11/27, 15:29:14.981, 6050200448774, vstest.console.dll, Test Runtime launched
TpTrace Verbose: 0 : 6568, 7, 2022/11/27, 15:29:14.983, 6050200463626, vstest.console.dll, MulticastDelegateUtilities.SafeInvoke: HostProviderEvents.OnHostLaunched: Invoking callback 2/2 for Microsoft.VisualStudio.TestPlatform.CrossPlatEngine.Client.ProxyOperationManager.TestHostManagerHostLaunched, took 1 ms.
TpTrace Verbose: 0 : 6568, 7, 2022/11/27, 15:29:14.984, 6050200479133, vstest.console.dll, TestRequestSender.WaitForRequestHandlerConnection: waiting for connection with timeout: 90000.
TpTrace Verbose: 0 : 6568, 7, 2022/11/27, 15:29:15.308, 6050203713301, vstest.console.dll, TestRequestSender.WaitForRequestHandlerConnection: waiting took 323 ms, with timeout 90000 ms, and result 0, which is success.
TpTrace Verbose: 0 : 6568, 12, 2022/11/27, 15:29:15.308, 6050203713332, vstest.console.dll, MulticastDelegateUtilities.SafeInvoke: SocketServer: ClientConnected: Invoking callback 1/1 for Microsoft.VisualStudio.TestPlatform.CommunicationUtilities.TestRequestSender.<InitializeCommunication>b__24_0, took 0 ms.
TpTrace Verbose: 0 : 6568, 12, 2022/11/27, 15:29:15.309, 6050203720149, vstest.console.dll, SocketServer.OnClientConnected: Client connected for endPoint: 127.0.0.1:52637, starting MessageLoopAsync:
TpTrace Verbose: 0 : 6568, 12, 2022/11/27, 15:29:15.309, 6050203724401, vstest.console.dll, TcpClientExtensions.MessageLoopAsync: Polling on remoteEndPoint: 127.0.0.1:52638 localEndPoint: 127.0.0.1:52637
TpTrace Verbose: 0 : 6568, 7, 2022/11/27, 15:29:15.310, 6050203733024, vstest.console.dll, TestRequestSender.CheckVersionWithTestHost: Sending check version message: {"MessageType":"ProtocolVersion","Payload":7}
TpTrace Verbose: 0 : 6568, 12, 2022/11/27, 15:29:15.743, 6050208066883, vstest.console.dll, TcpClientExtensions.MessageLoopAsync: NotifyDataAvailable remoteEndPoint: 127.0.0.1:52638 localEndPoint: 127.0.0.1:52637
TpTrace Verbose: 0 : 6568, 12, 2022/11/27, 15:29:15.744, 6050208071446, vstest.console.dll, TestRequestSender.CheckVersionWithTestHost: onMessageReceived received message: (ProtocolVersion) -> {"MessageType":"ProtocolVersion","Payload":2}
TpTrace Verbose: 0 : 6568, 12, 2022/11/27, 15:29:15.745, 6050208082539, vstest.console.dll, MulticastDelegateUtilities.SafeInvoke: LengthPrefixCommunicationChannel: MessageReceived: Invoking callback 1/1 for Microsoft.VisualStudio.TestPlatform.CommunicationUtilities.TestRequestSender+<>c__DisplayClass26_0.<CheckVersionWithTestHost>b__0, took 1 ms.
TpTrace Verbose: 0 : 6568, 7, 2022/11/27, 15:29:15.745, 6050208083363, vstest.console.dll, TestPluginCache.GetExtensionPaths: Filtered extension paths: 
TpTrace Verbose: 0 : 6568, 12, 2022/11/27, 15:29:15.745, 6050208085655, vstest.console.dll, TcpClientExtensions.MessageLoopAsync: Polling on remoteEndPoint: 127.0.0.1:52638 localEndPoint: 127.0.0.1:52637
TpTrace Verbose: 0 : 6568, 7, 2022/11/27, 15:29:15.745, 6050208087090, vstest.console.dll, TestPluginCache.GetExtensionPaths: Added default extension paths: C:\Program Files\dotnet\sdk\6.0.402\Extensions\Microsoft.Diagnostics.NETCore.Client.dll
C:\Program Files\dotnet\sdk\6.0.402\Extensions\Microsoft.TestPlatform.Extensions.BlameDataCollector.dll
C:\Program Files\dotnet\sdk\6.0.402\Extensions\Microsoft.TestPlatform.Extensions.EventLogCollector.dll
C:\Program Files\dotnet\sdk\6.0.402\Extensions\Microsoft.TestPlatform.TestHostRuntimeProvider.dll
C:\Program Files\dotnet\sdk\6.0.402\Extensions\Microsoft.VisualStudio.TestPlatform.Extensions.Html.TestLogger.dll
C:\Program Files\dotnet\sdk\6.0.402\Extensions\Microsoft.VisualStudio.TestPlatform.Extensions.Trx.TestLogger.dll
TpTrace Verbose: 0 : 6568, 7, 2022/11/27, 15:29:15.746, 6050208090258, vstest.console.dll, TestPluginCache.GetExtensionPaths: Added unfilterableExtensionPaths: 
TpTrace Verbose: 0 : 6568, 7, 2022/11/27, 15:29:15.752, 6050208151244, vstest.console.dll, TestRequestSender.InitializeExecution: Sending initialize execution with message: {"Version":2,"MessageType":"TestExecution.Initialize","Payload":["C:\\Users\\ddian\\source\\repos\\SoftUni\\CSharpOOP\\UnitTestingExercise\\Database\\CarManager.Tests\\bin\\Debug\\netcoreapp3.1\\fine-code-coverage\\build-output\\NUnit3.TestAdapter.dll"]}
TpTrace Warning: 0 : 6568, 7, 2022/11/27, 15:29:15.752, 6050208159693, vstest.console.dll, InferRunSettingsHelper.MakeRunsettingsCompatible: Removing the following settings: TargetPlatform from RunSettings file. To use those settings please move to latest version of Microsoft.NET.Test.Sdk
TpTrace Verbose: 0 : 6568, 7, 2022/11/27, 15:29:15.769, 6050208319859, vstest.console.dll, TestRequestSender.StartTestRun: Sending test run with message: {"Version":2,"MessageType":"TestExecution.StartWithSources","Payload":{"AdapterSourceMap":{"_none_":["C:\\Users\\ddian\\source\\repos\\SoftUni\\CSharpOOP\\UnitTestingExercise\\Database\\CarManager.Tests\\bin\\Debug\\netcoreapp3.1\\fine-code-coverage\\build-output\\CarManager.Tests.dll"]},"RunSettings":"<RunSettings>\r\n  <RunConfiguration>\r\n    <ResultsDirectory>C:\\Users\\ddian\\source\\repos\\SoftUni\\CSharpOOP\\UnitTestingExercise\\Database\\CarManager.Tests\\bin\\Debug\\netcoreapp3.1\\fine-code-coverage\\coverage-tool-output</ResultsDirectory>\r\n    <TargetFrameworkVersion>.NETCoreApp,Version=v3.1</TargetFrameworkVersion>\r\n    <DesignMode>False</DesignMode>\r\n    <CollectSourceInformation>False</CollectSourceInformation>\r\n  </RunConfiguration>\r\n  <LoggerRunSettings>\r\n    <Loggers>\r\n      <Logger friendlyName=\"blame\" enabled=\"True\" />\r\n      <Logger friendlyName=\"Console\" uri=\"logger://microsoft/TestPlatform/ConsoleLogger/v1\" assemblyQualifiedName=\"Microsoft.VisualStudio.TestPlatform.CommandLine.Internal.ConsoleLogger, vstest.console, Version=15.0.0.0, Culture=neutral, PublicKeyToken=b03f5f7f11d50a3a\" codeBase=\"C:\\Program Files\\dotnet\\sdk\\6.0.402\\vstest.console.dll\" enabled=\"True\" />\r\n    </Loggers>\r\n  </LoggerRunSettings>\r\n  <DataCollectionRunSettings>\r\n    <DataCollectors>\r\n      <DataCollector friendlyName=\"blame\" enabled=\"True\">\r\n        <Configuration>\r\n          <ResultsDirectory>C:\\Users\\ddian\\source\\repos\\SoftUni\\CSharpOOP\\UnitTestingExercise\\Database\\CarManager.Tests\\bin\\Debug\\netcoreapp3.1\\fine-code-coverage\\coverage-tool-output</ResultsDirectory>\r\n        </Configuration>\r\n      </DataCollector>\r\n    </DataCollectors>\r\n  </DataCollectionRunSettings>\r\n</RunSettings>","TestExecutionContext":{"FrequencyOfRunStatsChangeEvent":10,"RunStatsChangeEventTimeout":"00:00:01.5000000","InIsolation":false,"KeepAlive":false,"AreTestCaseLevelEventsRequired":false,"IsDebug":false,"TestCaseFilter":null,"FilterOptions":null},"Package":null}}
TpTrace Verbose: 0 : 6568, 12, 2022/11/27, 15:29:15.786, 6050208490741, vstest.console.dll, TcpClientExtensions.MessageLoopAsync: NotifyDataAvailable remoteEndPoint: 127.0.0.1:52638 localEndPoint: 127.0.0.1:52637
TpTrace Verbose: 0 : 6568, 12, 2022/11/27, 15:29:15.786, 6050208494348, vstest.console.dll, TestRequestSender.OnExecutionMessageReceived: Received message: {"Version":2,"MessageType":"TestSession.Message","Payload":{"MessageLevel":0,"Message":"Logging TestHost Diagnostics in file: C:\\Users\\ddian\\source\\repos\\SoftUni\\CSharpOOP\\UnitTestingExercise\\Database\\CarManager.Tests\\bin\\Debug\\netcoreapp3.1\\fine-code-coverage\\coverage-tool-output\\diagnostics.host.22-11-27_15-29-14_92165_7.log"}}
TpTrace Verbose: 0 : 6568, 12, 2022/11/27, 15:29:15.791, 6050208541862, vstest.console.dll, TestRunRequest:SendTestRunMessage: Starting.
TpTrace Verbose: 0 : 6568, 12, 2022/11/27, 15:29:15.791, 6050208545161, vstest.console.dll, MulticastDelegateUtilities.SafeInvoke: TestRun.LogMessages: Invoking callback 1/1 for Microsoft.VisualStudio.TestPlatform.CommandLine.TestRunResultAggregator.TestRunMessageHandler, took 0 ms.
TpTrace Verbose: 0 : 6568, 4, 2022/11/27, 15:29:15.791, 6050208545238, vstest.console.dll, MulticastDelegateUtilities.SafeInvoke: InternalTestLoggerEvents.SendTestRunMessage: Invoking callback 1/1 for Microsoft.VisualStudio.TestPlatform.CommandLine.Internal.ConsoleLogger.TestMessageHandler, took 0 ms.
TpTrace Information: 0 : 6568, 12, 2022/11/27, 15:29:15.791, 6050208547328, vstest.console.dll, TestRunRequest:SendTestRunMessage: Completed.
TpTrace Verbose: 0 : 6568, 12, 2022/11/27, 15:29:15.792, 6050208551093, vstest.console.dll, MulticastDelegateUtilities.SafeInvoke: LengthPrefixCommunicationChannel: MessageReceived: Invoking callback 1/1 for Microsoft.VisualStudio.TestPlatform.CommunicationUtilities.TestRequestSender+<>c__DisplayClass31_0.<StartTestRun>b__1, took 5 ms.
TpTrace Verbose: 0 : 6568, 12, 2022/11/27, 15:29:15.792, 6050208552988, vstest.console.dll, TcpClientExtensions.MessageLoopAsync: Polling on remoteEndPoint: 127.0.0.1:52638 localEndPoint: 127.0.0.1:52637
TpTrace Verbose: 0 : 6568, 12, 2022/11/27, 15:29:16.044, 6050211071944, vstest.console.dll, TcpClientExtensions.MessageLoopAsync: NotifyDataAvailable remoteEndPoint: 127.0.0.1:52638 localEndPoint: 127.0.0.1:52637
TpTrace Verbose: 0 : 6568, 12, 2022/11/27, 15:29:16.044, 6050211075682, vstest.console.dll, TestRequestSender.OnExecutionMessageReceived: Received message: {"Version":2,"MessageType":"TestSession.Message","Payload":{"MessageLevel":0,"Message":"NUnit Adapter 3.9.0.0: Test execution started"}}
TpTrace Verbose: 0 : 6568, 12, 2022/11/27, 15:29:16.045, 6050211080263, vstest.console.dll, TestRunRequest:SendTestRunMessage: Starting.
TpTrace Verbose: 0 : 6568, 12, 2022/11/27, 15:29:16.045, 6050211082889, vstest.console.dll, MulticastDelegateUtilities.SafeInvoke: TestRun.LogMessages: Invoking callback 1/1 for Microsoft.VisualStudio.TestPlatform.CommandLine.TestRunResultAggregator.TestRunMessageHandler, took 0 ms.
TpTrace Verbose: 0 : 6568, 4, 2022/11/27, 15:29:16.045, 6050211083042, vstest.console.dll, MulticastDelegateUtilities.SafeInvoke: InternalTestLoggerEvents.SendTestRunMessage: Invoking callback 1/1 for Microsoft.VisualStudio.TestPlatform.CommandLine.Internal.ConsoleLogger.TestMessageHandler, took 0 ms.
TpTrace Information: 0 : 6568, 12, 2022/11/27, 15:29:16.045, 6050211084818, vstest.console.dll, TestRunRequest:SendTestRunMessage: Completed.
TpTrace Verbose: 0 : 6568, 12, 2022/11/27, 15:29:16.045, 6050211088742, vstest.console.dll, MulticastDelegateUtilities.SafeInvoke: LengthPrefixCommunicationChannel: MessageReceived: Invoking callback 1/1 for Microsoft.VisualStudio.TestPlatform.CommunicationUtilities.TestRequestSender+<>c__DisplayClass31_0.<StartTestRun>b__1, took 1 ms.
TpTrace Verbose: 0 : 6568, 12, 2022/11/27, 15:29:16.046, 6050211090812, vstest.console.dll, TcpClientExtensions.MessageLoopAsync: Polling on remoteEndPoint: 127.0.0.1:52638 localEndPoint: 127.0.0.1:52637
TpTrace Verbose: 0 : 6568, 12, 2022/11/27, 15:29:16.057, 6050211205468, vstest.console.dll, TcpClientExtensions.MessageLoopAsync: NotifyDataAvailable remoteEndPoint: 127.0.0.1:52638 localEndPoint: 127.0.0.1:52637
TpTrace Verbose: 0 : 6568, 12, 2022/11/27, 15:29:16.057, 6050211208603, vstest.console.dll, TestRequestSender.OnExecutionMessageReceived: Received message: {"Version":2,"MessageType":"TestSession.Message","Payload":{"MessageLevel":0,"Message":"Running all tests in C:\\Users\\ddian\\source\\repos\\SoftUni\\CSharpOOP\\UnitTestingExercise\\Database\\CarManager.Tests\\bin\\Debug\\netcoreapp3.1\\fine-code-coverage\\build-output\\CarManager.Tests.dll"}}
TpTrace Verbose: 0 : 6568, 12, 2022/11/27, 15:29:16.058, 6050211211604, vstest.console.dll, TestRunRequest:SendTestRunMessage: Starting.
TpTrace Verbose: 0 : 6568, 12, 2022/11/27, 15:29:16.058, 6050211214087, vstest.console.dll, MulticastDelegateUtilities.SafeInvoke: TestRun.LogMessages: Invoking callback 1/1 for Microsoft.VisualStudio.TestPlatform.CommandLine.TestRunResultAggregator.TestRunMessageHandler, took 0 ms.
TpTrace Verbose: 0 : 6568, 4, 2022/11/27, 15:29:16.058, 6050211214270, vstest.console.dll, MulticastDelegateUtilities.SafeInvoke: InternalTestLoggerEvents.SendTestRunMessage: Invoking callback 1/1 for Microsoft.VisualStudio.TestPlatform.CommandLine.Internal.ConsoleLogger.TestMessageHandler, took 0 ms.
TpTrace Information: 0 : 6568, 12, 2022/11/27, 15:29:16.058, 6050211216084, vstest.console.dll, TestRunRequest:SendTestRunMessage: Completed.
TpTrace Verbose: 0 : 6568, 12, 2022/11/27, 15:29:16.059, 6050211220146, vstest.console.dll, MulticastDelegateUtilities.SafeInvoke: LengthPrefixCommunicationChannel: MessageReceived: Invoking callback 1/1 for Microsoft.VisualStudio.TestPlatform.CommunicationUtilities.TestRequestSender+<>c__DisplayClass31_0.<StartTestRun>b__1, took 1 ms.
TpTrace Verbose: 0 : 6568, 12, 2022/11/27, 15:29:16.059, 6050211222011, vstest.console.dll, TcpClientExtensions.MessageLoopAsync: Polling on remoteEndPoint: 127.0.0.1:52638 localEndPoint: 127.0.0.1:52637
TpTrace Verbose: 0 : 6568, 12, 2022/11/27, 15:29:16.293, 6050213566444, vstest.console.dll, TcpClientExtensions.MessageLoopAsync: NotifyDataAvailable remoteEndPoint: 127.0.0.1:52638 localEndPoint: 127.0.0.1:52637
TpTrace Verbose: 0 : 6568, 12, 2022/11/27, 15:29:16.293, 6050213569505, vstest.console.dll, TestRequestSender.OnExecutionMessageReceived: Received message: {"Version":2,"MessageType":"TestSession.Message","Payload":{"MessageLevel":0,"Message":"NUnit3TestExecutor converted 23 of 23 NUnit test cases"}}
TpTrace Verbose: 0 : 6568, 12, 2022/11/27, 15:29:16.294, 6050213572310, vstest.console.dll, TestRunRequest:SendTestRunMessage: Starting.
TpTrace Verbose: 0 : 6568, 12, 2022/11/27, 15:29:16.294, 6050213574479, vstest.console.dll, MulticastDelegateUtilities.SafeInvoke: TestRun.LogMessages: Invoking callback 1/1 for Microsoft.VisualStudio.TestPlatform.CommandLine.TestRunResultAggregator.TestRunMessageHandler, took 0 ms.
TpTrace Verbose: 0 : 6568, 4, 2022/11/27, 15:29:16.294, 6050213574664, vstest.console.dll, MulticastDelegateUtilities.SafeInvoke: InternalTestLoggerEvents.SendTestRunMessage: Invoking callback 1/1 for Microsoft.VisualStudio.TestPlatform.CommandLine.Internal.ConsoleLogger.TestMessageHandler, took 0 ms.
TpTrace Information: 0 : 6568, 12, 2022/11/27, 15:29:16.294, 6050213576546, vstest.console.dll, TestRunRequest:SendTestRunMessage: Completed.
TpTrace Verbose: 0 : 6568, 12, 2022/11/27, 15:29:16.294, 6050213579603, vstest.console.dll, MulticastDelegateUtilities.SafeInvoke: LengthPrefixCommunicationChannel: MessageReceived: Invoking callback 1/1 for Microsoft.VisualStudio.TestPlatform.CommunicationUtilities.TestRequestSender+<>c__DisplayClass31_0.<StartTestRun>b__1, took 1 ms.
TpTrace Verbose: 0 : 6568, 12, 2022/11/27, 15:29:16.295, 6050213581143, vstest.console.dll, TcpClientExtensions.MessageLoopAsync: Polling on remoteEndPoint: 127.0.0.1:52638 localEndPoint: 127.0.0.1:52637
TpTrace Verbose: 0 : 6568, 12, 2022/11/27, 15:29:16.503, 6050215665228, vstest.console.dll, TcpClientExtensions.MessageLoopAsync: NotifyDataAvailable remoteEndPoint: 127.0.0.1:52638 localEndPoint: 127.0.0.1:52637
TpTrace Verbose: 0 : 6568, 12, 2022/11/27, 15:29:16.503, 6050215669686, vstest.console.dll, TestRequestSender.OnExecutionMessageReceived: Received message: {"Version":2,"MessageType":"TestExecution.StatsChange","Payload":{"NewTestResults":[{"TestCase":{"Id":"7712a354-dcd7-dd7c-dfba-1a5ac6f7ef1b","FullyQualifiedName":"CarManager.Tests.CarManagerTests.CanNotPassDistanceWithoutEnoughFuel(100)","DisplayName":"CanNotPassDistanceWithoutEnoughFuel(100)","ExecutorUri":"executor://NUnit3TestExecutor","Source":"C:\\Users\\ddian\\source\\repos\\SoftUni\\CSharpOOP\\UnitTestingExercise\\Database\\CarManager.Tests\\bin\\Debug\\netcoreapp3.1\\fine-code-coverage\\build-output\\CarManager.Tests.dll","CodeFilePath":null,"LineNumber":0,"Properties":[]},"Attachments":[],"Outcome":1,"ErrorMessage":null,"ErrorStackTrace":null,"DisplayName":"CanNotPassDistanceWithoutEnoughFuel(100)","Messages":[],"ComputerName":"DESKTOP-2K4D5J0","Duration":"00:00:00.0117770","StartTime":"2022-11-27T13:29:16+00:00","EndTime":"2022-11-27T13:29:16+00:00","Properties":[]},{"TestCase":{"Id":"8269057d-550a-1c63-6235-ac040f18a58a","FullyQualifiedName":"CarManager.Tests.CarManagerTests.CanNotPassDistanceWithoutEnoughFuel(200)","DisplayName":"CanNotPassDistanceWithoutEnoughFuel(200)","ExecutorUri":"executor://NUnit3TestExecutor","Source":"C:\\Users\\ddian\\source\\repos\\SoftUni\\CSharpOOP\\UnitTestingExercise\\Database\\CarManager.Tests\\bin\\Debug\\netcoreapp3.1\\fine-code-coverage\\build-output\\CarManager.Tests.dll","CodeFilePath":null,"LineNumber":0,"Properties":[{"Key":{"Id":"TestObject.Traits","Label":"Traits","Category":"","Description":"","Attributes":5,"ValueType":"System.Collections.Generic.KeyValuePair`2[[System.String],[System.String]][]"},"Value":[]}]},"Attachments":[],"Outcome":1,"ErrorMessage":null,"ErrorStackTrace":null,"DisplayName":"CanNotPassDistanceWithoutEnoughFuel(200)","Messages":[],"ComputerName":"DESKTOP-2K4D5J0","Duration":"00:00:00.0002750","StartTime":"2022-11-27T13:29:16+00:00","EndTime":"2022-11-27T13:29:16+00:00","Properties":[]},{"TestCase":{"Id":"4908bbf0-d41c-4948-8fe4-5d3b9087da70","FullyQualifiedName":"CarManager.Tests.CarManagerTests.CanNotRefuelZeroOrNegativeAmount(0)","DisplayName":"CanNotRefuelZeroOrNegativeAmount(0)","ExecutorUri":"executor://NUnit3TestExecutor","Source":"C:\\Users\\ddian\\source\\repos\\SoftUni\\CSharpOOP\\UnitTestingExercise\\Database\\CarManager.Tests\\bin\\Debug\\netcoreapp3.1\\fine-code-coverage\\build-output\\CarManager.Tests.dll","CodeFilePath":null,"LineNumber":0,"Properties":[{"Key":{"Id":"TestObject.Traits","Label":"Traits","Category":"","Description":"","Attributes":5,"ValueType":"System.Collections.Generic.KeyValuePair`2[[System.String],[System.String]][]"},"Value":[]}]},"Attachments":[],"Outcome":1,"ErrorMessage":null,"ErrorStackTrace":null,"DisplayName":"CanNotRefuelZeroOrNegativeAmount(0)","Messages":[],"ComputerName":"DESKTOP-2K4D5J0","Duration":"00:00:00.0007100","StartTime":"2022-11-27T13:29:16+00:00","EndTime":"2022-11-27T13:29:16+00:00","Properties":[]},{"TestCase":{"Id":"1aad7fda-e1a9-daab-461b-b9048fbc6f11","FullyQualifiedName":"CarManager.Tests.CarManagerTests.CanNotRefuelZeroOrNegativeAmount(-5)","DisplayName":"CanNotRefuelZeroOrNegativeAmount(-5)","ExecutorUri":"executor://NUnit3TestExecutor","Source":"C:\\Users\\ddian\\source\\repos\\SoftUni\\CSharpOOP\\UnitTestingExercise\\Database\\CarManager.Tests\\bin\\Debug\\netcoreapp3.1\\fine-code-coverage\\build-output\\CarManager.Tests.dll","CodeFilePath":null,"LineNumber":0,"Properties":[{"Key":{"Id":"TestObject.Traits","Label":"Traits","Category":"","Description":"","Attributes":5,"ValueType":"System.Collections.Generic.KeyValuePair`2[[System.String],[System.String]][]"},"Value":[]}]},"Attachments":[],"Outcome":1,"ErrorMessage":null,"ErrorStackTrace":null,"DisplayName":"CanNotRefuelZeroOrNegativeAmount(-5)","Messages":[],"ComputerName":"DESKTOP-2K4D5J0","Duration":"00:00:00.0002000","StartTime":"2022-11-27T13:29:16+00:00","EndTime":"2022-11-27T13:29:16+00:00","Properties":[]},{"TestCase":{"Id":"709b147b-977b-8599-e5c9-862671a80861","FullyQualifiedName":"CarManager.Tests.CarManagerTests.CanNotRefuelZeroOrNegativeAmount(int.MinValue)","DisplayName":"CanNotRefuelZeroOrNegativeAmount(int.MinValue)","ExecutorUri":"executor://NUnit3TestExecutor","Source":"C:\\Users\\ddian\\source\\repos\\SoftUni\\CSharpOOP\\UnitTestingExercise\\Database\\CarManager.Tests\\bin\\Debug\\netcoreapp3.1\\fine-code-coverage\\build-output\\CarManager.Tests.dll","CodeFilePath":null,"LineNumber":0,"Properties":[{"Key":{"Id":"TestObject.Traits","Label":"Traits","Category":"","Description":"","Attributes":5,"ValueType":"System.Collections.Generic.KeyValuePair`2[[System.String],[System.String]][]"},"Value":[]}]},"Attachments":[],"Outcome":1,"ErrorMessage":null,"ErrorStackTrace":null,"DisplayName":"CanNotRefuelZeroOrNegativeAmount(int.MinValue)","Messages":[],"ComputerName":"DESKTOP-2K4D5J0","Duration":"00:00:00.0002680","StartTime":"2022-11-27T13:29:16+00:00","EndTime":"2022-11-27T13:29:16+00:00","Properties":[]},{"TestCase":{"Id":"9bf53af7-47c5-d3fd-373f-d18d7cc05144","FullyQualifiedName":"CarManager.Tests.CarManagerTests.DefaultFuelAmountIsSetToZero","DisplayName":"DefaultFuelAmountIsSetToZero","ExecutorUri":"executor://NUnit3TestExecutor","Source":"C:\\Users\\ddian\\source\\repos\\SoftUni\\CSharpOOP\\UnitTestingExercise\\Database\\CarManager.Tests\\bin\\Debug\\netcoreapp3.1\\fine-code-coverage\\build-output\\CarManager.Tests.dll","CodeFilePath":null,"LineNumber":0,"Properties":[{"Key":{"Id":"TestObject.Traits","Label":"Traits","Category":"","Description":"","Attributes":5,"ValueType":"System.Collections.Generic.KeyValuePair`2[[System.String],[System.String]][]"},"Value":[]}]},"Attachments":[],"Outcome":1,"ErrorMessage":null,"ErrorStackTrace":null,"DisplayName":"DefaultFuelAmountIsSetToZero","Messages":[],"ComputerName":"DESKTOP-2K4D5J0","Duration":"00:00:00.0077070","StartTime":"2022-11-27T13:29:16+00:00","EndTime":"2022-11-27T13:29:16+00:00","Properties":[]},{"TestCase":{"Id":"3221980b-48ee-dd57-509f-e843a88c5645","FullyQualifiedName":"CarManager.Tests.CarManagerTests.DriveDecreasesFuelAmountWhenHavingEnoughFuelForTheDrive(100)","DisplayName":"DriveDecreasesFuelAmountWhenHavingEnoughFuelForTheDrive(100)","ExecutorUri":"executor://NUnit3TestExecutor","Source":"C:\\Users\\ddian\\source\\repos\\SoftUni\\CSharpOOP\\UnitTestingExercise\\Database\\CarManager.Tests\\bin\\Debug\\netcoreapp3.1\\fine-code-coverage\\build-output\\CarManager.Tests.dll","CodeFilePath":null,"LineNumber":0,"Properties":[{"Key":{"Id":"TestObject.Traits","Label":"Traits","Category":"","Description":"","Attributes":5,"ValueType":"System.Collections.Generic.KeyValuePair`2[[System.String],[System.String]][]"},"Value":[]}]},"Attachments":[],"Outcome":1,"ErrorMessage":null,"ErrorStackTrace":null,"DisplayName":"DriveDecreasesFuelAmountWhenHavingEnoughFuelForTheDrive(100)","Messages":[],"ComputerName":"DESKTOP-2K4D5J0","Duration":"00:00:00.0004960","StartTime":"2022-11-27T13:29:16+00:00","EndTime":"2022-11-27T13:29:16+00:00","Properties":[]},{"TestCase":{"Id":"7693050c-2e78-deaa-4f44-01d3792f96c4","FullyQualifiedName":"CarManager.Tests.CarManagerTests.DriveDecreasesFuelAmountWhenHavingEnoughFuelForTheDrive(50)","DisplayName":"DriveDecreasesFuelAmountWhenHavingEnoughFuelForTheDrive(50)","ExecutorUri":"executor://NUnit3TestExecutor","Source":"C:\\Users\\ddian\\source\\repos\\SoftUni\\CSharpOOP\\UnitTestingExercise\\Database\\CarManager.Tests\\bin\\Debug\\netcoreapp3.1\\fine-code-coverage\\build-output\\CarManager.Tests.dll","CodeFilePath":null,"LineNumber":0,"Properties":[{"Key":{"Id":"TestObject.Traits","Label":"Traits","Category":"","Description":"","Attributes":5,"ValueType":"System.Collections.Generic.KeyValuePair`2[[System.String],[System.String]][]"},"Value":[]}]},"Attachments":[],"Outcome":1,"ErrorMessage":null,"ErrorStackTrace":null,"DisplayName":"DriveDecreasesFuelAmountWhenHavingEnoughFuelForTheDrive(50)","Messages":[],"ComputerName":"DESKTOP-2K4D5J0","Duration":"00:00:00.0001140","StartTime":"2022-11-27T13:29:16+00:00","EndTime":"2022-11-27T13:29:16+00:00","Properties":[]},{"TestCase":{"Id":"d8b509d7-6aa0-6ee7-5d4c-7f7504bf400a","FullyQualifiedName":"CarManager.Tests.CarManagerTests.FuelAmountCanNotBeMoreThanFuelCapacity","DisplayName":"FuelAmountCanNotBeMoreThanFuelCapacity","ExecutorUri":"executor://NUnit3TestExecutor","Source":"C:\\Users\\ddian\\source\\repos\\SoftUni\\CSharpOOP\\UnitTestingExercise\\Database\\CarManager.Tests\\bin\\Debug\\netcoreapp3.1\\fine-code-coverage\\build-output\\CarManager.Tests.dll","CodeFilePath":null,"LineNumber":0,"Properties":[{"Key":{"Id":"TestObject.Traits","Label":"Traits","Category":"","Description":"","Attributes":5,"ValueType":"System.Collections.Generic.KeyValuePair`2[[System.String],[System.String]][]"},"Value":[]}]},"Attachments":[],"Outcome":1,"ErrorMessage":null,"ErrorStackTrace":null,"DisplayName":"FuelAmountCanNotBeMoreThanFuelCapacity","Messages":[],"ComputerName":"DESKTOP-2K4D5J0","Duration":"00:00:00.0003170","StartTime":"2022-11-27T13:29:16+00:00","EndTime":"2022-11-27T13:29:16+00:00","Properties":[]}],"TestRunStatistics":{"ExecutedTests":9,"Stats":{"Passed":9}},"ActiveTests":[{"Id":"443f9183-fd92-d9b7-df81-570b55174add","FullyQualifiedName":"CarManager.Tests.CarManagerTests.FuelCapacityCanNotBeZeroOrNegativeNumber(0)","DisplayName":"FuelCapacityCanNotBeZeroOrNegativeNumber(0)","ExecutorUri":"executor://NUnit3TestExecutor","Source":"C:\\Users\\ddian\\source\\repos\\SoftUni\\CSharpOOP\\UnitTestingExercise\\Database\\CarManager.Tests\\bin\\Debug\\netcoreapp3.1\\fine-code-coverage\\build-output\\CarManager.Tests.dll","CodeFilePath":null,"LineNumber":0,"Properties":[{"Key":{"Id":"TestObject.Traits","Label":"Traits","Category":"","Description":"","Attributes":5,"ValueType":"System.Collections.Generic.KeyValuePair`2[[System.String],[System.String]][]"},"Value":[]}]}]}}
TpTrace Verbose: 0 : 6568, 12, 2022/11/27, 15:29:16.595, 6050216589446, vstest.console.dll, TestRunRequest:SendTestRunStatsChange: Starting.
TpTrace Verbose: 0 : 6568, 12, 2022/11/27, 15:29:16.596, 6050216592704, vstest.console.dll, InProgress is FuelCapacityCanNotBeZeroOrNegativeNumber(0)
TpTrace Verbose: 0 : 6568, 12, 2022/11/27, 15:29:16.596, 6050216596672, vstest.console.dll, MulticastDelegateUtilities.SafeInvoke: TestRun.RunStatsChanged: Invoking callbacks was skipped because there are no subscribers.
TpTrace Information: 0 : 6568, 12, 2022/11/27, 15:29:16.596, 6050216598785, vstest.console.dll, TestRunRequest:SendTestRunStatsChange: Completed.
TpTrace Verbose: 0 : 6568, 12, 2022/11/27, 15:29:16.597, 6050216600572, vstest.console.dll, MulticastDelegateUtilities.SafeInvoke: LengthPrefixCommunicationChannel: MessageReceived: Invoking callback 1/1 for Microsoft.VisualStudio.TestPlatform.CommunicationUtilities.TestRequestSender+<>c__DisplayClass31_0.<StartTestRun>b__1, took 93 ms.
TpTrace Verbose: 0 : 6568, 12, 2022/11/27, 15:29:16.597, 6050216602680, vstest.console.dll, TcpClientExtensions.MessageLoopAsync: Polling on remoteEndPoint: 127.0.0.1:52638 localEndPoint: 127.0.0.1:52637
TpTrace Verbose: 0 : 6568, 12, 2022/11/27, 15:29:16.597, 6050216604716, vstest.console.dll, TcpClientExtensions.MessageLoopAsync: NotifyDataAvailable remoteEndPoint: 127.0.0.1:52638 localEndPoint: 127.0.0.1:52637
TpTrace Verbose: 0 : 6568, 12, 2022/11/27, 15:29:16.597, 6050216609074, vstest.console.dll, TestRequestSender.OnExecutionMessageReceived: Received message: {"Version":2,"MessageType":"TestExecution.StatsChange","Payload":{"NewTestResults":[{"TestCase":{"Id":"443f9183-fd92-d9b7-df81-570b55174add","FullyQualifiedName":"CarManager.Tests.CarManagerTests.FuelCapacityCanNotBeZeroOrNegativeNumber(0)","DisplayName":"FuelCapacityCanNotBeZeroOrNegativeNumber(0)","ExecutorUri":"executor://NUnit3TestExecutor","Source":"C:\\Users\\ddian\\source\\repos\\SoftUni\\CSharpOOP\\UnitTestingExercise\\Database\\CarManager.Tests\\bin\\Debug\\netcoreapp3.1\\fine-code-coverage\\build-output\\CarManager.Tests.dll","CodeFilePath":null,"LineNumber":0,"Properties":[{"Key":{"Id":"TestObject.Traits","Label":"Traits","Category":"","Description":"","Attributes":5,"ValueType":"System.Collections.Generic.KeyValuePair`2[[System.String],[System.String]][]"},"Value":[]}]},"Attachments":[],"Outcome":1,"ErrorMessage":null,"ErrorStackTrace":null,"DisplayName":"FuelCapacityCanNotBeZeroOrNegativeNumber(0)","Messages":[],"ComputerName":"DESKTOP-2K4D5J0","Duration":"00:00:00.0005630","StartTime":"2022-11-27T13:29:16+00:00","EndTime":"2022-11-27T13:29:16+00:00","Properties":[]},{"TestCase":{"Id":"4cc06010-0c87-2ae8-b012-0d5bc92cbb9f","FullyQualifiedName":"CarManager.Tests.CarManagerTests.FuelCapacityCanNotBeZeroOrNegativeNumber(-5)","DisplayName":"FuelCapacityCanNotBeZeroOrNegativeNumber(-5)","ExecutorUri":"executor://NUnit3TestExecutor","Source":"C:\\Users\\ddian\\source\\repos\\SoftUni\\CSharpOOP\\UnitTestingExercise\\Database\\CarManager.Tests\\bin\\Debug\\netcoreapp3.1\\fine-code-coverage\\build-output\\CarManager.Tests.dll","CodeFilePath":null,"LineNumber":0,"Properties":[{"Key":{"Id":"TestObject.Traits","Label":"Traits","Category":"","Description":"","Attributes":5,"ValueType":"System.Collections.Generic.KeyValuePair`2[[System.String],[System.String]][]"},"Value":[]}]},"Attachments":[],"Outcome":1,"ErrorMessage":null,"ErrorStackTrace":null,"DisplayName":"FuelCapacityCanNotBeZeroOrNegativeNumber(-5)","Messages":[],"ComputerName":"DESKTOP-2K4D5J0","Duration":"00:00:00.0003430","StartTime":"2022-11-27T13:29:16+00:00","EndTime":"2022-11-27T13:29:16+00:00","Properties":[]},{"TestCase":{"Id":"d75ba9a8-c453-1a8d-e5ff-777ebe717c04","FullyQualifiedName":"CarManager.Tests.CarManagerTests.FuelCapacityCanNotBeZeroOrNegativeNumber(int.MinValue)","DisplayName":"FuelCapacityCanNotBeZeroOrNegativeNumber(int.MinValue)","ExecutorUri":"executor://NUnit3TestExecutor","Source":"C:\\Users\\ddian\\source\\repos\\SoftUni\\CSharpOOP\\UnitTestingExercise\\Database\\CarManager.Tests\\bin\\Debug\\netcoreapp3.1\\fine-code-coverage\\build-output\\CarManager.Tests.dll","CodeFilePath":null,"LineNumber":0,"Properties":[{"Key":{"Id":"TestObject.Traits","Label":"Traits","Category":"","Description":"","Attributes":5,"ValueType":"System.Collections.Generic.KeyValuePair`2[[System.String],[System.String]][]"},"Value":[]}]},"Attachments":[],"Outcome":1,"ErrorMessage":null,"ErrorStackTrace":null,"DisplayName":"FuelCapacityCanNotBeZeroOrNegativeNumber(int.MinValue)","Messages":[],"ComputerName":"DESKTOP-2K4D5J0","Duration":"00:00:00.0002850","StartTime":"2022-11-27T13:29:16+00:00","EndTime":"2022-11-27T13:29:16+00:00","Properties":[]},{"TestCase":{"Id":"34153891-98e9-d264-2aa9-0098582b724d","FullyQualifiedName":"CarManager.Tests.CarManagerTests.FuelCapacityIsSetWithCorrectDataGiven","DisplayName":"FuelCapacityIsSetWithCorrectDataGiven","ExecutorUri":"executor://NUnit3TestExecutor","Source":"C:\\Users\\ddian\\source\\repos\\SoftUni\\CSharpOOP\\UnitTestingExercise\\Database\\CarManager.Tests\\bin\\Debug\\netcoreapp3.1\\fine-code-coverage\\build-output\\CarManager.Tests.dll","CodeFilePath":null,"LineNumber":0,"Properties":[{"Key":{"Id":"TestObject.Traits","Label":"Traits","Category":"","Description":"","Attributes":5,"ValueType":"System.Collections.Generic.KeyValuePair`2[[System.String],[System.String]][]"},"Value":[]}]},"Attachments":[],"Outcome":1,"ErrorMessage":null,"ErrorStackTrace":null,"DisplayName":"FuelCapacityIsSetWithCorrectDataGiven","Messages":[],"ComputerName":"DESKTOP-2K4D5J0","Duration":"00:00:00.0003959","StartTime":"2022-11-27T13:29:16+00:00","EndTime":"2022-11-27T13:29:16+00:00","Properties":[]},{"TestCase":{"Id":"35e96ac4-d6d4-7d30-d244-cbfba221d793","FullyQualifiedName":"CarManager.Tests.CarManagerTests.FuelConsumptionCanNotBeZeroOrLess(0)","DisplayName":"FuelConsumptionCanNotBeZeroOrLess(0)","ExecutorUri":"executor://NUnit3TestExecutor","Source":"C:\\Users\\ddian\\source\\repos\\SoftUni\\CSharpOOP\\UnitTestingExercise\\Database\\CarManager.Tests\\bin\\Debug\\netcoreapp3.1\\fine-code-coverage\\build-output\\CarManager.Tests.dll","CodeFilePath":null,"LineNumber":0,"Properties":[{"Key":{"Id":"TestObject.Traits","Label":"Traits","Category":"","Description":"","Attributes":5,"ValueType":"System.Collections.Generic.KeyValuePair`2[[System.String],[System.String]][]"},"Value":[]}]},"Attachments":[],"Outcome":1,"ErrorMessage":null,"ErrorStackTrace":null,"DisplayName":"FuelConsumptionCanNotBeZeroOrLess(0)","Messages":[],"ComputerName":"DESKTOP-2K4D5J0","Duration":"00:00:00.0005999","StartTime":"2022-11-27T13:29:16+00:00","EndTime":"2022-11-27T13:29:16+00:00","Properties":[]},{"TestCase":{"Id":"7d742dbd-89ac-c659-8eb0-cfab8b612038","FullyQualifiedName":"CarManager.Tests.CarManagerTests.FuelConsumptionCanNotBeZeroOrLess(int.MinValue)","DisplayName":"FuelConsumptionCanNotBeZeroOrLess(int.MinValue)","ExecutorUri":"executor://NUnit3TestExecutor","Source":"C:\\Users\\ddian\\source\\repos\\SoftUni\\CSharpOOP\\UnitTestingExercise\\Database\\CarManager.Tests\\bin\\Debug\\netcoreapp3.1\\fine-code-coverage\\build-output\\CarManager.Tests.dll","CodeFilePath":null,"LineNumber":0,"Properties":[{"Key":{"Id":"TestObject.Traits","Label":"Traits","Category":"","Description":"","Attributes":5,"ValueType":"System.Collections.Generic.KeyValuePair`2[[System.String],[System.String]][]"},"Value":[]}]},"Attachments":[],"Outcome":1,"ErrorMessage":null,"ErrorStackTrace":null,"DisplayName":"FuelConsumptionCanNotBeZeroOrLess(int.MinValue)","Messages":[],"ComputerName":"DESKTOP-2K4D5J0","Duration":"00:00:00.0002570","StartTime":"2022-11-27T13:29:16+00:00","EndTime":"2022-11-27T13:29:16+00:00","Properties":[]},{"TestCase":{"Id":"88e01e92-cdb3-1f30-218f-d508f804bb3d","FullyQualifiedName":"CarManager.Tests.CarManagerTests.FuelConsumptionIsSetWithCorrectDataGiven","DisplayName":"FuelConsumptionIsSetWithCorrectDataGiven","ExecutorUri":"executor://NUnit3TestExecutor","Source":"C:\\Users\\ddian\\source\\repos\\SoftUni\\CSharpOOP\\UnitTestingExercise\\Database\\CarManager.Tests\\bin\\Debug\\netcoreapp3.1\\fine-code-coverage\\build-output\\CarManager.Tests.dll","CodeFilePath":null,"LineNumber":0,"Properties":[{"Key":{"Id":"TestObject.Traits","Label":"Traits","Category":"","Description":"","Attributes":5,"ValueType":"System.Collections.Generic.KeyValuePair`2[[System.String],[System.String]][]"},"Value":[]}]},"Attachments":[],"Outcome":1,"ErrorMessage":null,"ErrorStackTrace":null,"DisplayName":"FuelConsumptionIsSetWithCorrectDataGiven","Messages":[],"ComputerName":"DESKTOP-2K4D5J0","Duration":"00:00:00.0004080","StartTime":"2022-11-27T13:29:16+00:00","EndTime":"2022-11-27T13:29:16+00:00","Properties":[]},{"TestCase":{"Id":"e6dd0916-1c28-5aae-3070-639f23b61bdb","FullyQualifiedName":"CarManager.Tests.CarManagerTests.MakeCanNotBeNullOrEmpty(null)","DisplayName":"MakeCanNotBeNullOrEmpty(null)","ExecutorUri":"executor://NUnit3TestExecutor","Source":"C:\\Users\\ddian\\source\\repos\\SoftUni\\CSharpOOP\\UnitTestingExercise\\Database\\CarManager.Tests\\bin\\Debug\\netcoreapp3.1\\fine-code-coverage\\build-output\\CarManager.Tests.dll","CodeFilePath":null,"LineNumber":0,"Properties":[{"Key":{"Id":"TestObject.Traits","Label":"Traits","Category":"","Description":"","Attributes":5,"ValueType":"System.Collections.Generic.KeyValuePair`2[[System.String],[System.String]][]"},"Value":[]}]},"Attachments":[],"Outcome":1,"ErrorMessage":null,"ErrorStackTrace":null,"DisplayName":"MakeCanNotBeNullOrEmpty(null)","Messages":[],"ComputerName":"DESKTOP-2K4D5J0","Duration":"00:00:00.0007000","StartTime":"2022-11-27T13:29:16+00:00","EndTime":"2022-11-27T13:29:16+00:00","Properties":[]},{"TestCase":{"Id":"2f63074e-3349-2016-3e5e-638dcce3b6f1","FullyQualifiedName":"CarManager.Tests.CarManagerTests.MakeCanNotBeNullOrEmpty(\"\")","DisplayName":"MakeCanNotBeNullOrEmpty(\"\")","ExecutorUri":"executor://NUnit3TestExecutor","Source":"C:\\Users\\ddian\\source\\repos\\SoftUni\\CSharpOOP\\UnitTestingExercise\\Database\\CarManager.Tests\\bin\\Debug\\netcoreapp3.1\\fine-code-coverage\\build-output\\CarManager.Tests.dll","CodeFilePath":null,"LineNumber":0,"Properties":[{"Key":{"Id":"TestObject.Traits","Label":"Traits","Category":"","Description":"","Attributes":5,"ValueType":"System.Collections.Generic.KeyValuePair`2[[System.String],[System.String]][]"},"Value":[]}]},"Attachments":[],"Outcome":1,"ErrorMessage":null,"ErrorStackTrace":null,"DisplayName":"MakeCanNotBeNullOrEmpty(\"\")","Messages":[],"ComputerName":"DESKTOP-2K4D5J0","Duration":"00:00:00.0002640","StartTime":"2022-11-27T13:29:16+00:00","EndTime":"2022-11-27T13:29:16+00:00","Properties":[]}],"TestRunStatistics":{"ExecutedTests":18,"Stats":{"Passed":18}},"ActiveTests":[{"Id":"14191ac9-f3c8-4c8d-6bc4-c9e99f5d1f76","FullyQualifiedName":"CarManager.Tests.CarManagerTests.MakeIsSetWithCorrectDataGiven","DisplayName":"MakeIsSetWithCorrectDataGiven","ExecutorUri":"executor://NUnit3TestExecutor","Source":"C:\\Users\\ddian\\source\\repos\\SoftUni\\CSharpOOP\\UnitTestingExercise\\Database\\CarManager.Tests\\bin\\Debug\\netcoreapp3.1\\fine-code-coverage\\build-output\\CarManager.Tests.dll","CodeFilePath":null,"LineNumber":0,"Properties":[{"Key":{"Id":"TestObject.Traits","Label":"Traits","Category":"","Description":"","Attributes":5,"ValueType":"System.Collections.Generic.KeyValuePair`2[[System.String],[System.String]][]"},"Value":[]}]}]}}
TpTrace Verbose: 0 : 6568, 12, 2022/11/27, 15:29:16.601, 6050216640271, vstest.console.dll, TestRunRequest:SendTestRunStatsChange: Starting.
TpTrace Verbose: 0 : 6568, 12, 2022/11/27, 15:29:16.601, 6050216643112, vstest.console.dll, InProgress is MakeIsSetWithCorrectDataGiven
TpTrace Verbose: 0 : 6568, 4, 2022/11/27, 15:29:16.601, 6050216644644, vstest.console.dll, MulticastDelegateUtilities.SafeInvoke: InternalTestLoggerEvents.SendTestResult: Invoking callback 1/1 for Microsoft.VisualStudio.TestPlatform.CommandLine.Internal.ConsoleLogger.TestResultHandler, took 4 ms.
TpTrace Verbose: 0 : 6568, 12, 2022/11/27, 15:29:16.601, 6050216646740, vstest.console.dll, MulticastDelegateUtilities.SafeInvoke: TestRun.RunStatsChanged: Invoking callbacks was skipped because there are no subscribers.
TpTrace Verbose: 0 : 6568, 4, 2022/11/27, 15:29:16.601, 6050216646792, vstest.console.dll, MulticastDelegateUtilities.SafeInvoke: InternalTestLoggerEvents.SendTestResult: Invoking callback 1/1 for Microsoft.VisualStudio.TestPlatform.CommandLine.Internal.ConsoleLogger.TestResultHandler, took 0 ms.
TpTrace Information: 0 : 6568, 12, 2022/11/27, 15:29:16.601, 6050216648366, vstest.console.dll, TestRunRequest:SendTestRunStatsChange: Completed.
TpTrace Verbose: 0 : 6568, 4, 2022/11/27, 15:29:16.602, 6050216649896, vstest.console.dll, MulticastDelegateUtilities.SafeInvoke: InternalTestLoggerEvents.SendTestResult: Invoking callback 1/1 for Microsoft.VisualStudio.TestPlatform.CommandLine.Internal.ConsoleLogger.TestResultHandler, took 0 ms.
TpTrace Verbose: 0 : 6568, 12, 2022/11/27, 15:29:16.602, 6050216651271, vstest.console.dll, MulticastDelegateUtilities.SafeInvoke: LengthPrefixCommunicationChannel: MessageReceived: Invoking callback 1/1 for Microsoft.VisualStudio.TestPlatform.CommunicationUtilities.TestRequestSender+<>c__DisplayClass31_0.<StartTestRun>b__1, took 4 ms.
TpTrace Verbose: 0 : 6568, 4, 2022/11/27, 15:29:16.602, 6050216652734, vstest.console.dll, MulticastDelegateUtilities.SafeInvoke: InternalTestLoggerEvents.SendTestResult: Invoking callback 1/1 for Microsoft.VisualStudio.TestPlatform.CommandLine.Internal.ConsoleLogger.TestResultHandler, took 0 ms.
TpTrace Verbose: 0 : 6568, 12, 2022/11/27, 15:29:16.602, 6050216654011, vstest.console.dll, TcpClientExtensions.MessageLoopAsync: Polling on remoteEndPoint: 127.0.0.1:52638 localEndPoint: 127.0.0.1:52637
TpTrace Verbose: 0 : 6568, 4, 2022/11/27, 15:29:16.602, 6050216655571, vstest.console.dll, MulticastDelegateUtilities.SafeInvoke: InternalTestLoggerEvents.SendTestResult: Invoking callback 1/1 for Microsoft.VisualStudio.TestPlatform.CommandLine.Internal.ConsoleLogger.TestResultHandler, took 0 ms.
TpTrace Verbose: 0 : 6568, 12, 2022/11/27, 15:29:16.602, 6050216656885, vstest.console.dll, TcpClientExtensions.MessageLoopAsync: NotifyDataAvailable remoteEndPoint: 127.0.0.1:52638 localEndPoint: 127.0.0.1:52637
TpTrace Verbose: 0 : 6568, 4, 2022/11/27, 15:29:16.602, 6050216658227, vstest.console.dll, MulticastDelegateUtilities.SafeInvoke: InternalTestLoggerEvents.SendTestResult: Invoking callback 1/1 for Microsoft.VisualStudio.TestPlatform.CommandLine.Internal.ConsoleLogger.TestResultHandler, took 0 ms.
TpTrace Verbose: 0 : 6568, 12, 2022/11/27, 15:29:16.603, 6050216660147, vstest.console.dll, TestRequestSender.OnExecutionMessageReceived: Received message: {"Version":2,"MessageType":"TestSession.Message","Payload":{"MessageLevel":0,"Message":"NUnit Adapter 3.9.0.0: Test execution complete"}}
TpTrace Verbose: 0 : 6568, 4, 2022/11/27, 15:29:16.603, 6050216661195, vstest.console.dll, MulticastDelegateUtilities.SafeInvoke: InternalTestLoggerEvents.SendTestResult: Invoking callback 1/1 for Microsoft.VisualStudio.TestPlatform.CommandLine.Internal.ConsoleLogger.TestResultHandler, took 0 ms.
TpTrace Verbose: 0 : 6568, 12, 2022/11/27, 15:29:16.603, 6050216663286, vstest.console.dll, TestRunRequest:SendTestRunMessage: Starting.
TpTrace Verbose: 0 : 6568, 4, 2022/11/27, 15:29:16.603, 6050216663967, vstest.console.dll, MulticastDelegateUtilities.SafeInvoke: InternalTestLoggerEvents.SendTestResult: Invoking callback 1/1 for Microsoft.VisualStudio.TestPlatform.CommandLine.Internal.ConsoleLogger.TestResultHandler, took 0 ms.
TpTrace Verbose: 0 : 6568, 12, 2022/11/27, 15:29:16.603, 6050216665728, vstest.console.dll, MulticastDelegateUtilities.SafeInvoke: TestRun.LogMessages: Invoking callback 1/1 for Microsoft.VisualStudio.TestPlatform.CommandLine.TestRunResultAggregator.TestRunMessageHandler, took 0 ms.
TpTrace Verbose: 0 : 6568, 4, 2022/11/27, 15:29:16.603, 6050216666850, vstest.console.dll, MulticastDelegateUtilities.SafeInvoke: InternalTestLoggerEvents.SendTestResult: Invoking callback 1/1 for Microsoft.VisualStudio.TestPlatform.CommandLine.Internal.ConsoleLogger.TestResultHandler, took 0 ms.
TpTrace Information: 0 : 6568, 12, 2022/11/27, 15:29:16.603, 6050216667807, vstest.console.dll, TestRunRequest:SendTestRunMessage: Completed.
TpTrace Verbose: 0 : 6568, 4, 2022/11/27, 15:29:16.604, 6050216669782, vstest.console.dll, MulticastDelegateUtilities.SafeInvoke: InternalTestLoggerEvents.SendTestResult: Invoking callback 1/1 for Microsoft.VisualStudio.TestPlatform.CommandLine.Internal.ConsoleLogger.TestResultHandler, took 0 ms.
TpTrace Verbose: 0 : 6568, 12, 2022/11/27, 15:29:16.604, 6050216670596, vstest.console.dll, MulticastDelegateUtilities.SafeInvoke: LengthPrefixCommunicationChannel: MessageReceived: Invoking callback 1/1 for Microsoft.VisualStudio.TestPlatform.CommunicationUtilities.TestRequestSender+<>c__DisplayClass31_0.<StartTestRun>b__1, took 1 ms.
TpTrace Verbose: 0 : 6568, 4, 2022/11/27, 15:29:16.604, 6050216672414, vstest.console.dll, MulticastDelegateUtilities.SafeInvoke: InternalTestLoggerEvents.SendTestResult: Invoking callback 1/1 for Microsoft.VisualStudio.TestPlatform.CommandLine.Internal.ConsoleLogger.TestResultHandler, took 0 ms.
TpTrace Verbose: 0 : 6568, 12, 2022/11/27, 15:29:16.604, 6050216673300, vstest.console.dll, TcpClientExtensions.MessageLoopAsync: Polling on remoteEndPoint: 127.0.0.1:52638 localEndPoint: 127.0.0.1:52637
TpTrace Verbose: 0 : 6568, 4, 2022/11/27, 15:29:16.604, 6050216675008, vstest.console.dll, MulticastDelegateUtilities.SafeInvoke: InternalTestLoggerEvents.SendTestResult: Invoking callback 1/1 for Microsoft.VisualStudio.TestPlatform.CommandLine.Internal.ConsoleLogger.TestResultHandler, took 0 ms.
TpTrace Verbose: 0 : 6568, 12, 2022/11/27, 15:29:16.604, 6050216676462, vstest.console.dll, TcpClientExtensions.MessageLoopAsync: NotifyDataAvailable remoteEndPoint: 127.0.0.1:52638 localEndPoint: 127.0.0.1:52637
TpTrace Verbose: 0 : 6568, 4, 2022/11/27, 15:29:16.604, 6050216677958, vstest.console.dll, MulticastDelegateUtilities.SafeInvoke: InternalTestLoggerEvents.SendTestResult: Invoking callback 1/1 for Microsoft.VisualStudio.TestPlatform.CommandLine.Internal.ConsoleLogger.TestResultHandler, took 0 ms.
TpTrace Verbose: 0 : 6568, 12, 2022/11/27, 15:29:16.604, 6050216679701, vstest.console.dll, TestRequestSender.OnExecutionMessageReceived: Received message: {"Version":2,"MessageType":"TestExecution.Completed","Payload":{"TestRunCompleteArgs":{"TestRunStatistics":{"ExecutedTests":23,"Stats":{"Passed":23}},"IsCanceled":false,"IsAborted":false,"Error":null,"AttachmentSets":[],"ElapsedTimeInRunningTests":"00:00:00.5759497","Metrics":{}},"LastRunTests":{"NewTestResults":[{"TestCase":{"Id":"14191ac9-f3c8-4c8d-6bc4-c9e99f5d1f76","FullyQualifiedName":"CarManager.Tests.CarManagerTests.MakeIsSetWithCorrectDataGiven","DisplayName":"MakeIsSetWithCorrectDataGiven","ExecutorUri":"executor://NUnit3TestExecutor","Source":"C:\\Users\\ddian\\source\\repos\\SoftUni\\CSharpOOP\\UnitTestingExercise\\Database\\CarManager.Tests\\bin\\Debug\\netcoreapp3.1\\fine-code-coverage\\build-output\\CarManager.Tests.dll","CodeFilePath":null,"LineNumber":0,"Properties":[{"Key":{"Id":"TestObject.Traits","Label":"Traits","Category":"","Description":"","Attributes":5,"ValueType":"System.Collections.Generic.KeyValuePair`2[[System.String],[System.String]][]"},"Value":[]}]},"Attachments":[],"Outcome":1,"ErrorMessage":null,"ErrorStackTrace":null,"DisplayName":"MakeIsSetWithCorrectDataGiven","Messages":[],"ComputerName":"DESKTOP-2K4D5J0","Duration":"00:00:00.0005670","StartTime":"2022-11-27T13:29:16+00:00","EndTime":"2022-11-27T13:29:16+00:00","Properties":[]},{"TestCase":{"Id":"6ebcf558-6dcc-5e50-aef9-44753ae7bae2","FullyQualifiedName":"CarManager.Tests.CarManagerTests.ModelCanNotBeNullOrEmpty(null)","DisplayName":"ModelCanNotBeNullOrEmpty(null)","ExecutorUri":"executor://NUnit3TestExecutor","Source":"C:\\Users\\ddian\\source\\repos\\SoftUni\\CSharpOOP\\UnitTestingExercise\\Database\\CarManager.Tests\\bin\\Debug\\netcoreapp3.1\\fine-code-coverage\\build-output\\CarManager.Tests.dll","CodeFilePath":null,"LineNumber":0,"Properties":[{"Key":{"Id":"TestObject.Traits","Label":"Traits","Category":"","Description":"","Attributes":5,"ValueType":"System.Collections.Generic.KeyValuePair`2[[System.String],[System.String]][]"},"Value":[]}]},"Attachments":[],"Outcome":1,"ErrorMessage":null,"ErrorStackTrace":null,"DisplayName":"ModelCanNotBeNullOrEmpty(null)","Messages":[],"ComputerName":"DESKTOP-2K4D5J0","Duration":"00:00:00.0005090","StartTime":"2022-11-27T13:29:16+00:00","EndTime":"2022-11-27T13:29:16+00:00","Properties":[]},{"TestCase":{"Id":"dc2c8310-60e0-f75a-191e-25316f586c2a","FullyQualifiedName":"CarManager.Tests.CarManagerTests.ModelCanNotBeNullOrEmpty(\"\")","DisplayName":"ModelCanNotBeNullOrEmpty(\"\")","ExecutorUri":"executor://NUnit3TestExecutor","Source":"C:\\Users\\ddian\\source\\repos\\SoftUni\\CSharpOOP\\UnitTestingExercise\\Database\\CarManager.Tests\\bin\\Debug\\netcoreapp3.1\\fine-code-coverage\\build-output\\CarManager.Tests.dll","CodeFilePath":null,"LineNumber":0,"Properties":[{"Key":{"Id":"TestObject.Traits","Label":"Traits","Category":"","Description":"","Attributes":5,"ValueType":"System.Collections.Generic.KeyValuePair`2[[System.String],[System.String]][]"},"Value":[]}]},"Attachments":[],"Outcome":1,"ErrorMessage":null,"ErrorStackTrace":null,"DisplayName":"ModelCanNotBeNullOrEmpty(\"\")","Messages":[],"ComputerName":"DESKTOP-2K4D5J0","Duration":"00:00:00.0002100","StartTime":"2022-11-27T13:29:16+00:00","EndTime":"2022-11-27T13:29:16+00:00","Properties":[]},{"TestCase":{"Id":"e9982fd1-4ede-4830-58c0-c38d40302d2b","FullyQualifiedName":"CarManager.Tests.CarManagerTests.ModelIsSetWithCorrectDataGiven","DisplayName":"ModelIsSetWithCorrectDataGiven","ExecutorUri":"executor://NUnit3TestExecutor","Source":"C:\\Users\\ddian\\source\\repos\\SoftUni\\CSharpOOP\\UnitTestingExercise\\Database\\CarManager.Tests\\bin\\Debug\\netcoreapp3.1\\fine-code-coverage\\build-output\\CarManager.Tests.dll","CodeFilePath":null,"LineNumber":0,"Properties":[{"Key":{"Id":"TestObject.Traits","Label":"Traits","Category":"","Description":"","Attributes":5,"ValueType":"System.Collections.Generic.KeyValuePair`2[[System.String],[System.String]][]"},"Value":[]}]},"Attachments":[],"Outcome":1,"ErrorMessage":null,"ErrorStackTrace":null,"DisplayName":"ModelIsSetWithCorrectDataGiven","Messages":[],"ComputerName":"DESKTOP-2K4D5J0","Duration":"00:00:00.0003490","StartTime":"2022-11-27T13:29:16+00:00","EndTime":"2022-11-27T13:29:16+00:00","Properties":[]},{"TestCase":{"Id":"90fc1e6e-d635-e21f-738f-d926172a983d","FullyQualifiedName":"CarManager.Tests.CarManagerTests.RefuelIsWorkingProperlyWithCorrectAmountGiven","DisplayName":"RefuelIsWorkingProperlyWithCorrectAmountGiven","ExecutorUri":"executor://NUnit3TestExecutor","Source":"C:\\Users\\ddian\\source\\repos\\SoftUni\\CSharpOOP\\UnitTestingExercise\\Database\\CarManager.Tests\\bin\\Debug\\netcoreapp3.1\\fine-code-coverage\\build-output\\CarManager.Tests.dll","CodeFilePath":null,"LineNumber":0,"Properties":[{"Key":{"Id":"TestObject.Traits","Label":"Traits","Category":"","Description":"","Attributes":5,"ValueType":"System.Collections.Generic.KeyValuePair`2[[System.String],[System.String]][]"},"Value":[]}]},"Attachments":[],"Outcome":1,"ErrorMessage":null,"ErrorStackTrace":null,"DisplayName":"RefuelIsWorkingProperlyWithCorrectAmountGiven","Messages":[],"ComputerName":"DESKTOP-2K4D5J0","Duration":"00:00:00.0003250","StartTime":"2022-11-27T13:29:16+00:00","EndTime":"2022-11-27T13:29:16+00:00","Properties":[]}],"TestRunStatistics":{"ExecutedTests":23,"Stats":{"Passed":23}},"ActiveTests":[]},"RunAttachments":[],"ExecutorUris":["executor://nunit3testexecutor/"]}}
TpTrace Verbose: 0 : 6568, 4, 2022/11/27, 15:29:16.605, 6050216680794, vstest.console.dll, MulticastDelegateUtilities.SafeInvoke: InternalTestLoggerEvents.SendTestResult: Invoking callback 1/1 for Microsoft.VisualStudio.TestPlatform.CommandLine.Internal.ConsoleLogger.TestResultHandler, took 0 ms.
TpTrace Verbose: 0 : 6568, 12, 2022/11/27, 15:29:16.605, 6050216682777, vstest.console.dll, TestRequestSender.EndSession: Sending end session.
TpTrace Verbose: 0 : 6568, 4, 2022/11/27, 15:29:16.605, 6050216683700, vstest.console.dll, MulticastDelegateUtilities.SafeInvoke: InternalTestLoggerEvents.SendTestResult: Invoking callback 1/1 for Microsoft.VisualStudio.TestPlatform.CommandLine.Internal.ConsoleLogger.TestResultHandler, took 0 ms.
TpTrace Verbose: 0 : 6568, 12, 2022/11/27, 15:29:16.605, 6050216687034, vstest.console.dll, ProxyOperationManager.Close: waiting for test host to exit for 100 ms
TpTrace Verbose: 0 : 6568, 4, 2022/11/27, 15:29:16.608, 6050216714228, vstest.console.dll, MulticastDelegateUtilities.SafeInvoke: InternalTestLoggerEvents.SendTestResult: Invoking callback 1/1 for Microsoft.VisualStudio.TestPlatform.CommandLine.Internal.ConsoleLogger.TestResultHandler, took 2 ms.
TpTrace Verbose: 0 : 6568, 4, 2022/11/27, 15:29:16.608, 6050216716741, vstest.console.dll, MulticastDelegateUtilities.SafeInvoke: InternalTestLoggerEvents.SendTestResult: Invoking callback 1/1 for Microsoft.VisualStudio.TestPlatform.CommandLine.Internal.ConsoleLogger.TestResultHandler, took 0 ms.
TpTrace Verbose: 0 : 6568, 4, 2022/11/27, 15:29:16.608, 6050216718438, vstest.console.dll, MulticastDelegateUtilities.SafeInvoke: InternalTestLoggerEvents.SendTestResult: Invoking callback 1/1 for Microsoft.VisualStudio.TestPlatform.CommandLine.Internal.ConsoleLogger.TestResultHandler, took 0 ms.
TpTrace Verbose: 0 : 6568, 4, 2022/11/27, 15:29:16.609, 6050216720416, vstest.console.dll, MulticastDelegateUtilities.SafeInvoke: InternalTestLoggerEvents.SendTestRunMessage: Invoking callback 1/1 for Microsoft.VisualStudio.TestPlatform.CommandLine.Internal.ConsoleLogger.TestMessageHandler, took 0 ms.
TpTrace Warning: 0 : 6568, 10, 2022/11/27, 15:29:16.621, 6050216843463, vstest.console.dll, TestHostManagerCallbacks.ErrorReceivedCallback Test host standard error line: 
TpTrace Verbose: 0 : 6568, 10, 2022/11/27, 15:29:16.631, 6050216941628, vstest.console.dll, TestHostProvider.ExitCallBack: Host exited starting callback.
TpTrace Information: 0 : 6568, 10, 2022/11/27, 15:29:16.631, 6050216948956, vstest.console.dll, TestHostManagerCallbacks.ExitCallBack: Testhost processId: 9692 exited with exitcode: 0 error: ''
TpTrace Verbose: 0 : 6568, 10, 2022/11/27, 15:29:16.632, 6050216950461, vstest.console.dll, DotnetTestHostManager.OnHostExited: invoking OnHostExited callback
TpTrace Verbose: 0 : 6568, 10, 2022/11/27, 15:29:16.632, 6050216951755, vstest.console.dll, CrossPlatEngine.TestHostManagerHostExited: calling on client process exit callback.
TpTrace Information: 0 : 6568, 10, 2022/11/27, 15:29:16.632, 6050216953031, vstest.console.dll, TestRequestSender.OnClientProcessExit: Test host process exited. Standard error: 
TpTrace Information: 0 : 6568, 12, 2022/11/27, 15:29:16.632, 6050216953415, vstest.console.dll, SocketServer.Stop: Stop server endPoint: 127.0.0.1:52637
TpTrace Information: 0 : 6568, 10, 2022/11/27, 15:29:16.632, 6050216954714, vstest.console.dll, SocketServer.Stop: Stop server endPoint: 127.0.0.1:52637
TpTrace Information: 0 : 6568, 12, 2022/11/27, 15:29:16.632, 6050216955845, vstest.console.dll, SocketServer.Stop: Cancellation requested. Stopping message loop.
TpTrace Information: 0 : 6568, 10, 2022/11/27, 15:29:16.632, 6050216956994, vstest.console.dll, SocketServer.Stop: Cancellation requested. Stopping message loop.
TpTrace Information: 0 : 6568, 12, 2022/11/27, 15:29:16.632, 6050216959130, vstest.console.dll, Closing the connection
TpTrace Verbose: 0 : 6568, 10, 2022/11/27, 15:29:16.632, 6050216959269, vstest.console.dll, MulticastDelegateUtilities.SafeInvoke: HostProviderEvents.OnHostExited: Invoking callback 1/1 for Microsoft.VisualStudio.TestPlatform.CrossPlatEngine.Client.ProxyOperationManager.TestHostManagerHostExited, took 0 ms.
TpTrace Verbose: 0 : 6568, 12, 2022/11/27, 15:29:16.633, 6050216962433, vstest.console.dll, ProxyDataCollectionManager.InvokeDataCollectionServiceAction: Starting.
TpTrace Information: 0 : 6568, 12, 2022/11/27, 15:29:16.633, 6050216963731, vstest.console.dll, ProxyDataCollectionManager.AfterTestRunEnd: Get attachment set and invoked data collectors processId: 20372 port: 52634
TpTrace Verbose: 0 : 6568, 12, 2022/11/27, 15:29:16.633, 6050216964905, vstest.console.dll, DataCollectionRequestSender.SendAfterTestRunStartAndGetResult: Send AfterTestRunEnd message with isCancelled: False
TpTrace Verbose: 0 : 6568, 12, 2022/11/27, 15:29:16.642, 6050217052458, vstest.console.dll, DataCollectionRequestSender.SendAfterTestRunStartAndGetResult: Received message: (DataCollection.AfterTestRunEndResult) -> {"MessageType":"DataCollection.AfterTestRunEndResult","Payload":{"AttachmentSets":[],"InvokedDataCollectors":[{"Uri":"datacollector://Microsoft/TestPlatform/Extensions/Blame/v1","FriendlyName":"Blame","AssemblyQualifiedName":"Microsoft.TestPlatform.Extensions.BlameDataCollector.BlameCollector, Microsoft.TestPlatform.Extensions.BlameDataCollector, Version=15.0.0.0, Culture=neutral, PublicKeyToken=b03f5f7f11d50a3a","FilePath":"C:\\Program Files\\dotnet\\sdk\\6.0.402\\Extensions\\Microsoft.TestPlatform.Extensions.BlameDataCollector.dll","HasAttachmentProcessor":false}],"Metrics":{}}}
TpTrace Warning: 0 : 6568, 9, 2022/11/27, 15:29:16.649, 6050217123210, vstest.console.dll, DataCollectionLauncher.ErrorReceivedCallback datacollector standard error line: 
TpTrace Information: 0 : 6568, 12, 2022/11/27, 15:29:16.649, 6050217125302, vstest.console.dll, ProxyDataCollectionManager.InvokeDataCollectionServiceAction: Completed.
TpTrace Information: 0 : 6568, 9, 2022/11/27, 15:29:16.656, 6050217190935, vstest.console.dll, DataCollectionLauncher.ExitCallBack: Data collector exited with exitcode: 0 error: ''
TpTrace Verbose: 0 : 6568, 12, 2022/11/27, 15:29:16.696, 6050217590393, vstest.console.dll, TestRunRequest:SendTestRunStatsChange: Starting.
TpTrace Verbose: 0 : 6568, 12, 2022/11/27, 15:29:16.696, 6050217592726, vstest.console.dll, MulticastDelegateUtilities.SafeInvoke: TestRun.RunStatsChanged: Invoking callbacks was skipped because there are no subscribers.
TpTrace Verbose: 0 : 6568, 4, 2022/11/27, 15:29:16.696, 6050217593446, vstest.console.dll, MulticastDelegateUtilities.SafeInvoke: InternalTestLoggerEvents.SendTestResult: Invoking callback 1/1 for Microsoft.VisualStudio.TestPlatform.CommandLine.Internal.ConsoleLogger.TestResultHandler, took 0 ms.
TpTrace Information: 0 : 6568, 12, 2022/11/27, 15:29:16.696, 6050217594096, vstest.console.dll, TestRunRequest:SendTestRunStatsChange: Completed.
TpTrace Verbose: 0 : 6568, 4, 2022/11/27, 15:29:16.696, 6050217596447, vstest.console.dll, MulticastDelegateUtilities.SafeInvoke: InternalTestLoggerEvents.SendTestResult: Invoking callback 1/1 for Microsoft.VisualStudio.TestPlatform.CommandLine.Internal.ConsoleLogger.TestResultHandler, took 0 ms.
TpTrace Verbose: 0 : 6568, 4, 2022/11/27, 15:29:16.696, 6050217598775, vstest.console.dll, MulticastDelegateUtilities.SafeInvoke: InternalTestLoggerEvents.SendTestResult: Invoking callback 1/1 for Microsoft.VisualStudio.TestPlatform.CommandLine.Internal.ConsoleLogger.TestResultHandler, took 0 ms.
TpTrace Verbose: 0 : 6568, 4, 2022/11/27, 15:29:16.697, 6050217600160, vstest.console.dll, MulticastDelegateUtilities.SafeInvoke: InternalTestLoggerEvents.SendTestResult: Invoking callback 1/1 for Microsoft.VisualStudio.TestPlatform.CommandLine.Internal.ConsoleLogger.TestResultHandler, took 0 ms.
TpTrace Verbose: 0 : 6568, 12, 2022/11/27, 15:29:16.697, 6050217600520, vstest.console.dll, ParallelProxyExecutionManager: HandlePartialRunComplete: Total completed clients = 1, Run complete = True, Run canceled: False.
TpTrace Verbose: 0 : 6568, 4, 2022/11/27, 15:29:16.697, 6050217601572, vstest.console.dll, MulticastDelegateUtilities.SafeInvoke: InternalTestLoggerEvents.SendTestResult: Invoking callback 1/1 for Microsoft.VisualStudio.TestPlatform.CommandLine.Internal.ConsoleLogger.TestResultHandler, took 0 ms.
TpTrace Verbose: 0 : 6568, 4, 2022/11/27, 15:29:16.707, 6050217708437, vstest.console.dll, MulticastDelegateUtilities.SafeInvoke: InternalTestLoggerEvents.SendTestRunComplete: Invoking callback 1/2 for Microsoft.TestPlatform.Extensions.BlameDataCollector.BlameLogger.TestRunCompleteHandler, took 0 ms.
TpTrace Verbose: 0 : 6568, 4, 2022/11/27, 15:29:16.713, 6050217767780, vstest.console.dll, MulticastDelegateUtilities.SafeInvoke: InternalTestLoggerEvents.SendTestRunComplete: Invoking callback 2/2 for Microsoft.VisualStudio.TestPlatform.CommandLine.Internal.ConsoleLogger.TestRunCompleteHandler, took 5 ms.
TpTrace Verbose: 0 : 6568, 12, 2022/11/27, 15:29:16.714, 6050217772714, vstest.console.dll, TestRunRequest:TestRunComplete: Starting. IsAborted:False IsCanceled:False.
TpTrace Verbose: 0 : 6568, 12, 2022/11/27, 15:29:16.715, 6050217784981, vstest.console.dll, TestLoggerManager.HandleTestRunComplete: Ignoring as the object is disposed.
TpTrace Verbose: 0 : 6568, 12, 2022/11/27, 15:29:16.715, 6050217788244, vstest.console.dll, MulticastDelegateUtilities.SafeInvoke: TestRun.TestRunComplete: Invoking callback 1/2 for Microsoft.VisualStudio.TestPlatform.CommandLine.TestRunResultAggregator.TestRunCompletionHandler, took 0 ms.
TpTrace Verbose: 0 : 6568, 12, 2022/11/27, 15:29:16.716, 6050217789837, vstest.console.dll, MulticastDelegateUtilities.SafeInvoke: TestRun.TestRunComplete: Invoking callback 2/2 for Microsoft.VisualStudio.TestPlatform.CommandLine.Processors.RunTestsArgumentExecutor+TestRunRequestEventsRegistrar.TestRunRequest_OnRunCompletion, took 0 ms.
TpTrace Information: 0 : 6568, 12, 2022/11/27, 15:29:16.716, 6050217792064, vstest.console.dll, TestRunRequest:TestRunComplete: Completed.
TpTrace Verbose: 0 : 6568, 1, 2022/11/27, 15:29:16.716, 6050217792150, vstest.console.dll, TestRunRequest.Dispose: Starting.
TpTrace Verbose: 0 : 6568, 12, 2022/11/27, 15:29:16.716, 6050217793669, vstest.console.dll, TestRequestSender.SetOperationComplete: Setting operation complete.
TpTrace Information: 0 : 6568, 1, 2022/11/27, 15:29:16.716, 6050217795127, vstest.console.dll, TestRunRequest.Dispose: Completed.
TpTrace Information: 0 : 6568, 12, 2022/11/27, 15:29:16.716, 6050217796140, vstest.console.dll, SocketServer.Stop: Stop server endPoint: 127.0.0.1:52637
TpTrace Information: 0 : 6568, 1, 2022/11/27, 15:29:16.716, 6050217797838, vstest.console.dll, TestRequestManager.RunTests: run tests completed.
TpTrace Information: 0 : 6568, 12, 2022/11/27, 15:29:16.716, 6050217799712, vstest.console.dll, SocketServer.Stop: Cancellation requested. Stopping message loop.
TpTrace Information: 0 : 6568, 1, 2022/11/27, 15:29:16.717, 6050217802609, vstest.console.dll, RunTestsArgumentProcessor:Execute: Test run is completed.
TpTrace Verbose: 0 : 6568, 12, 2022/11/27, 15:29:16.717, 6050217804600, vstest.console.dll, MulticastDelegateUtilities.SafeInvoke: LengthPrefixCommunicationChannel: MessageReceived: Invoking callback 1/1 for Microsoft.VisualStudio.TestPlatform.CommunicationUtilities.TestRequestSender+<>c__DisplayClass31_0.<StartTestRun>b__1, took 112 ms.
TpTrace Verbose: 0 : 6568, 1, 2022/11/27, 15:29:16.717, 6050217809517, vstest.console.dll, Executor.Execute: Exiting with exit code of 0
TpTrace Information: 0 : 6568, 12, 2022/11/27, 15:29:16.718, 6050217809931, vstest.console.dll, SocketServer.PrivateStop: Stopping server endPoint: 127.0.0.1:52637 error: 
