TpTrace Verbose: 0 : 13232, 1, 2022/11/15, 00:47:52.846, 54089025289, vstest.console.dll, Version: 17.3.1 Current process architecture: X64
TpTrace Verbose: 0 : 13232, 1, 2022/11/15, 00:47:52.848, 54089030905, vstest.console.dll, Runtime location: C:\Program Files\dotnet\shared\Microsoft.NETCore.App\6.0.10
TpTrace Information: 0 : 13232, 1, 2022/11/15, 00:47:52.855, 54089051347, vstest.console.dll, FilePatternParser: The given file C:\Users\ddian\Desktop\090422унит\SmartphoneShop\SmartphoneShop.Tests\bin\Debug\netcoreapp3.1\fine-code-coverage\build-output\SmartphoneShop.Tests.dll is a full path.
TpTrace Verbose: 0 : 13232, 1, 2022/11/15, 00:47:52.876, 54089112571, vstest.console.dll, TestPluginCache.DiscoverTestExtensions: finding test extensions in assemblies ends with: RuntimeProvider.dll TPluginInfo: Microsoft.VisualStudio.TestPlatform.Common.ExtensionFramework.Utilities.TestRuntimePluginInformation TExtension: Microsoft.VisualStudio.TestPlatform.ObjectModel.Host.ITestRuntimeProvider
TpTrace Verbose: 0 : 13232, 1, 2022/11/15, 00:47:52.877, 54089113492, vstest.console.dll, TestPluginCache.GetExtensionPaths: Filtered extension paths: 
TpTrace Verbose: 0 : 13232, 1, 2022/11/15, 00:47:52.877, 54089113875, vstest.console.dll, TestPluginCache.GetExtensionPaths: Added default extension paths: C:\Program Files\dotnet\sdk\6.0.402\Extensions\Microsoft.Diagnostics.NETCore.Client.dll
C:\Program Files\dotnet\sdk\6.0.402\Extensions\Microsoft.TestPlatform.Extensions.BlameDataCollector.dll
C:\Program Files\dotnet\sdk\6.0.402\Extensions\Microsoft.TestPlatform.Extensions.EventLogCollector.dll
C:\Program Files\dotnet\sdk\6.0.402\Extensions\Microsoft.TestPlatform.TestHostRuntimeProvider.dll
C:\Program Files\dotnet\sdk\6.0.402\Extensions\Microsoft.VisualStudio.TestPlatform.Extensions.Html.TestLogger.dll
C:\Program Files\dotnet\sdk\6.0.402\Extensions\Microsoft.VisualStudio.TestPlatform.Extensions.Trx.TestLogger.dll
TpTrace Verbose: 0 : 13232, 1, 2022/11/15, 00:47:52.877, 54089114100, vstest.console.dll, TestPluginCache.GetExtensionPaths: Added unfilterableExtensionPaths: 
TpTrace Information: 0 : 13232, 1, 2022/11/15, 00:47:52.878, 54089116998, vstest.console.dll, AssemblyResolver.ctor: Creating AssemblyResolver with searchDirectories C:\Program Files\dotnet\sdk\6.0.402\Extensions,C:\Program Files\dotnet\sdk\6.0.402
TpTrace Verbose: 0 : 13232, 1, 2022/11/15, 00:47:52.880, 54089122896, vstest.console.dll, TestPluginCache.DiscoverTestExtensions: Discovering the extensions using extension path.
TpTrace Verbose: 0 : 13232, 1, 2022/11/15, 00:47:52.880, 54089123906, vstest.console.dll, TestPluginCache.GetExtensionPaths: Filtered extension paths: 
TpTrace Verbose: 0 : 13232, 1, 2022/11/15, 00:47:52.881, 54089124223, vstest.console.dll, TestPluginCache.GetExtensionPaths: Added default extension paths: C:\Program Files\dotnet\sdk\6.0.402\Extensions\Microsoft.Diagnostics.NETCore.Client.dll
C:\Program Files\dotnet\sdk\6.0.402\Extensions\Microsoft.TestPlatform.Extensions.BlameDataCollector.dll
C:\Program Files\dotnet\sdk\6.0.402\Extensions\Microsoft.TestPlatform.Extensions.EventLogCollector.dll
C:\Program Files\dotnet\sdk\6.0.402\Extensions\Microsoft.TestPlatform.TestHostRuntimeProvider.dll
C:\Program Files\dotnet\sdk\6.0.402\Extensions\Microsoft.VisualStudio.TestPlatform.Extensions.Html.TestLogger.dll
C:\Program Files\dotnet\sdk\6.0.402\Extensions\Microsoft.VisualStudio.TestPlatform.Extensions.Trx.TestLogger.dll
TpTrace Verbose: 0 : 13232, 1, 2022/11/15, 00:47:52.881, 54089124484, vstest.console.dll, TestPluginCache.GetExtensionPaths: Added unfilterableExtensionPaths: 
TpTrace Verbose: 0 : 13232, 1, 2022/11/15, 00:47:52.881, 54089124790, vstest.console.dll, TestPluginCache.DiscoverTestExtensions: Discovering the extensions using allExtensionPaths: C:\Program Files\dotnet\sdk\6.0.402\Extensions\Microsoft.Diagnostics.NETCore.Client.dll
C:\Program Files\dotnet\sdk\6.0.402\Extensions\Microsoft.TestPlatform.Extensions.BlameDataCollector.dll
C:\Program Files\dotnet\sdk\6.0.402\Extensions\Microsoft.TestPlatform.Extensions.EventLogCollector.dll
C:\Program Files\dotnet\sdk\6.0.402\Extensions\Microsoft.TestPlatform.TestHostRuntimeProvider.dll
C:\Program Files\dotnet\sdk\6.0.402\Extensions\Microsoft.VisualStudio.TestPlatform.Extensions.Html.TestLogger.dll
C:\Program Files\dotnet\sdk\6.0.402\Extensions\Microsoft.VisualStudio.TestPlatform.Extensions.Trx.TestLogger.dll
TpTrace Information: 0 : 13232, 1, 2022/11/15, 00:47:52.881, 54089125414, vstest.console.dll, AssemblyResolver.AddSearchDirectories: Adding more searchDirectories C:\Program Files\dotnet\sdk\6.0.402\Extensions,C:\Program Files\dotnet\sdk\6.0.402
TpTrace Information: 0 : 13232, 1, 2022/11/15, 00:47:52.881, 54089125704, vstest.console.dll, AssemblyResolver.AddSearchDirectories: Adding more searchDirectories C:\Program Files\dotnet\sdk\6.0.402\Extensions,C:\Program Files\dotnet\sdk\6.0.402
TpTrace Information: 0 : 13232, 1, 2022/11/15, 00:47:52.881, 54089125936, vstest.console.dll, AssemblyResolver.AddSearchDirectories: Adding more searchDirectories C:\Program Files\dotnet\sdk\6.0.402\Extensions,C:\Program Files\dotnet\sdk\6.0.402
TpTrace Information: 0 : 13232, 1, 2022/11/15, 00:47:52.881, 54089126148, vstest.console.dll, AssemblyResolver.AddSearchDirectories: Adding more searchDirectories C:\Program Files\dotnet\sdk\6.0.402\Extensions,C:\Program Files\dotnet\sdk\6.0.402
TpTrace Information: 0 : 13232, 1, 2022/11/15, 00:47:52.881, 54089126362, vstest.console.dll, AssemblyResolver.AddSearchDirectories: Adding more searchDirectories C:\Program Files\dotnet\sdk\6.0.402\Extensions,C:\Program Files\dotnet\sdk\6.0.402
TpTrace Information: 0 : 13232, 1, 2022/11/15, 00:47:52.881, 54089126559, vstest.console.dll, AssemblyResolver.AddSearchDirectories: Adding more searchDirectories C:\Program Files\dotnet\sdk\6.0.402\Extensions,C:\Program Files\dotnet\sdk\6.0.402
TpTrace Information: 0 : 13232, 1, 2022/11/15, 00:47:52.882, 54089127597, vstest.console.dll, AssemblyResolver.OnResolve: Microsoft.Diagnostics.NETCore.Client: Resolving assembly.
TpTrace Information: 0 : 13232, 1, 2022/11/15, 00:47:52.882, 54089127956, vstest.console.dll, AssemblyResolver.OnResolve: Microsoft.Diagnostics.NETCore.Client: Searching in: 'C:\Program Files\dotnet\sdk\6.0.402\Extensions'.
TpTrace Information: 0 : 13232, 1, 2022/11/15, 00:47:52.883, 54089130669, vstest.console.dll, AssemblyResolver.OnResolve: Microsoft.Diagnostics.NETCore.Client: Loading assembly 'C:\Program Files\dotnet\sdk\6.0.402\Extensions\Microsoft.Diagnostics.NETCore.Client.dll'.
TpTrace Information: 0 : 13232, 1, 2022/11/15, 00:47:52.884, 54089133624, vstest.console.dll, AssemblyResolver.OnResolve: Resolved assembly: Microsoft.Diagnostics.NETCore.Client, from path: C:\Program Files\dotnet\sdk\6.0.402\Extensions\Microsoft.Diagnostics.NETCore.Client.dll
TpTrace Verbose: 0 : 13232, 1, 2022/11/15, 00:47:52.887, 54089142118, vstest.console.dll, MetadataReaderExtensionsHelper: Discovering extensions inside assembly 'Microsoft.Diagnostics.NETCore.Client, Version=0.2.5.801, Culture=neutral, PublicKeyToken=31bf3856ad364e35' file path 'C:\Program Files\dotnet\sdk\6.0.402\Extensions\Microsoft.Diagnostics.NETCore.Client.dll'
TpTrace Information: 0 : 13232, 1, 2022/11/15, 00:47:52.902, 54089184553, vstest.console.dll, AssemblyResolver.OnResolve: Microsoft.Bcl.AsyncInterfaces: Resolving assembly.
TpTrace Information: 0 : 13232, 1, 2022/11/15, 00:47:52.902, 54089185019, vstest.console.dll, AssemblyResolver.OnResolve: Microsoft.Bcl.AsyncInterfaces: Searching in: 'C:\Program Files\dotnet\sdk\6.0.402\Extensions'.
TpTrace Information: 0 : 13232, 1, 2022/11/15, 00:47:52.902, 54089185354, vstest.console.dll, AssemblyResolver.OnResolve: Microsoft.Bcl.AsyncInterfaces: Assembly path does not exist: 'C:\Program Files\dotnet\sdk\6.0.402\Extensions\Microsoft.Bcl.AsyncInterfaces.dll', returning.
TpTrace Information: 0 : 13232, 1, 2022/11/15, 00:47:52.902, 54089185646, vstest.console.dll, AssemblyResolver.OnResolve: Microsoft.Bcl.AsyncInterfaces: Assembly path does not exist: 'C:\Program Files\dotnet\sdk\6.0.402\Extensions\Microsoft.Bcl.AsyncInterfaces.exe', returning.
TpTrace Information: 0 : 13232, 1, 2022/11/15, 00:47:52.902, 54089185977, vstest.console.dll, AssemblyResolver.OnResolve: Microsoft.Bcl.AsyncInterfaces: Searching in: 'C:\Program Files\dotnet\sdk\6.0.402'.
TpTrace Information: 0 : 13232, 1, 2022/11/15, 00:47:52.902, 54089186253, vstest.console.dll, AssemblyResolver.OnResolve: Microsoft.Bcl.AsyncInterfaces: Assembly path does not exist: 'C:\Program Files\dotnet\sdk\6.0.402\Microsoft.Bcl.AsyncInterfaces.dll', returning.
TpTrace Information: 0 : 13232, 1, 2022/11/15, 00:47:52.903, 54089186522, vstest.console.dll, AssemblyResolver.OnResolve: Microsoft.Bcl.AsyncInterfaces: Assembly path does not exist: 'C:\Program Files\dotnet\sdk\6.0.402\Microsoft.Bcl.AsyncInterfaces.exe', returning.
TpTrace Information: 0 : 13232, 1, 2022/11/15, 00:47:52.903, 54089186720, vstest.console.dll, AssemblyResolver.OnResolve: Microsoft.Bcl.AsyncInterfaces: Failed to load assembly.
TpTrace Verbose: 0 : 13232, 1, 2022/11/15, 00:47:52.903, 54089186936, vstest.console.dll, CurrentDomainAssemblyResolve: Resolving assembly 'Microsoft.Bcl.AsyncInterfaces'.
TpTrace Information: 0 : 13232, 1, 2022/11/15, 00:47:52.903, 54089187204, vstest.console.dll, AssemblyResolver.OnResolve: Microsoft.Bcl.AsyncInterfaces: Resolving assembly.
TpTrace Information: 0 : 13232, 1, 2022/11/15, 00:47:52.903, 54089187421, vstest.console.dll, AssemblyResolver.OnResolve: Microsoft.Bcl.AsyncInterfaces: Resolved from cache.
TpTrace Verbose: 0 : 13232, 1, 2022/11/15, 00:47:52.903, 54089187626, vstest.console.dll, CurrentDomainAssemblyResolve: Resolving assembly 'Microsoft.Bcl.AsyncInterfaces'.
TpTrace Verbose: 0 : 13232, 1, 2022/11/15, 00:47:52.903, 54089187883, vstest.console.dll, CurrentDomainAssemblyResolve: Failed to resolve assembly 'Microsoft.Bcl.AsyncInterfaces'.
TpTrace Verbose: 0 : 13232, 1, 2022/11/15, 00:47:52.904, 54089189389, vstest.console.dll, CurrentDomainAssemblyResolve: Failed to resolve assembly 'Microsoft.Bcl.AsyncInterfaces'.
TpTrace Warning: 0 : 13232, 1, 2022/11/15, 00:47:52.916, 54089225080, vstest.console.dll, TestPluginDiscoverer: Failed to get types from assembly 'Microsoft.Diagnostics.NETCore.Client, Version=0.2.5.801, Culture=neutral, PublicKeyToken=31bf3856ad364e35'. Error: System.Reflection.ReflectionTypeLoadException: Unable to load one or more of the requested types.
Could not load file or assembly 'Microsoft.Bcl.AsyncInterfaces, Version=1.0.0.0, Culture=neutral, PublicKeyToken=cc7b13ffcd2ddd51'. The system cannot find the file specified.
   at System.Reflection.RuntimeModule.GetTypes(RuntimeModule module)
   at System.Reflection.Assembly.GetTypes()
   at Microsoft.VisualStudio.TestPlatform.Common.ExtensionFramework.TestPluginDiscoverer.GetTestExtensionsFromAssembly[TPluginInfo,TExtension](Assembly assembly, Dictionary`2 pluginInfos, String filePath)
System.IO.FileNotFoundException: Could not load file or assembly 'Microsoft.Bcl.AsyncInterfaces, Version=1.0.0.0, Culture=neutral, PublicKeyToken=cc7b13ffcd2ddd51'. The system cannot find the file specified.
File name: 'Microsoft.Bcl.AsyncInterfaces, Version=1.0.0.0, Culture=neutral, PublicKeyToken=cc7b13ffcd2ddd51'
 ---> System.IO.FileNotFoundException: Could not load file or assembly 'Microsoft.Bcl.AsyncInterfaces, Culture=neutral, PublicKeyToken=null'. The system cannot find the file specified.
File name: 'Microsoft.Bcl.AsyncInterfaces, Culture=neutral, PublicKeyToken=null'
   at System.Reflection.RuntimeAssembly.InternalLoad(ObjectHandleOnStack assemblyName, ObjectHandleOnStack requestingAssembly, StackCrawlMarkHandle stackMark, Boolean throwOnFileNotFound, ObjectHandleOnStack assemblyLoadContext, ObjectHandleOnStack retAssembly)
   at System.Reflection.RuntimeAssembly.InternalLoad(AssemblyName assemblyName, RuntimeAssembly requestingAssembly, StackCrawlMark& stackMark, Boolean throwOnFileNotFound, AssemblyLoadContext assemblyLoadContext)
   at System.Reflection.Assembly.Load(AssemblyName assemblyRef)
   at Microsoft.VisualStudio.TestPlatform.Common.ExtensionFramework.TestPluginCache.CurrentDomainAssemblyResolve(Object sender, AssemblyResolveEventArgs args)
   at Microsoft.VisualStudio.TestPlatform.PlatformAbstractions.PlatformAssemblyResolver.AssemblyResolverEvent(Object sender, Object eventArgs)
   at System.Runtime.Loader.AssemblyLoadContext.GetFirstResolvedAssemblyFromResolvingEvent(AssemblyName assemblyName)
   at System.Runtime.Loader.AssemblyLoadContext.ResolveUsingEvent(AssemblyName assemblyName)
   at System.Runtime.Loader.AssemblyLoadContext.ResolveUsingResolvingEvent(IntPtr gchManagedAssemblyLoadContext, AssemblyName assemblyName)
TpTrace Warning: 0 : 13232, 1, 2022/11/15, 00:47:52.917, 54089226351, vstest.console.dll, LoaderExceptions: System.IO.FileNotFoundException: Could not load file or assembly 'Microsoft.Bcl.AsyncInterfaces, Version=1.0.0.0, Culture=neutral, PublicKeyToken=cc7b13ffcd2ddd51'. The system cannot find the file specified.
File name: 'Microsoft.Bcl.AsyncInterfaces, Version=1.0.0.0, Culture=neutral, PublicKeyToken=cc7b13ffcd2ddd51'
 ---> System.IO.FileNotFoundException: Could not load file or assembly 'Microsoft.Bcl.AsyncInterfaces, Culture=neutral, PublicKeyToken=null'. The system cannot find the file specified.
File name: 'Microsoft.Bcl.AsyncInterfaces, Culture=neutral, PublicKeyToken=null'
   at System.Reflection.RuntimeAssembly.InternalLoad(ObjectHandleOnStack assemblyName, ObjectHandleOnStack requestingAssembly, StackCrawlMarkHandle stackMark, Boolean throwOnFileNotFound, ObjectHandleOnStack assemblyLoadContext, ObjectHandleOnStack retAssembly)
   at System.Reflection.RuntimeAssembly.InternalLoad(AssemblyName assemblyName, RuntimeAssembly requestingAssembly, StackCrawlMark& stackMark, Boolean throwOnFileNotFound, AssemblyLoadContext assemblyLoadContext)
   at System.Reflection.Assembly.Load(AssemblyName assemblyRef)
   at Microsoft.VisualStudio.TestPlatform.Common.ExtensionFramework.TestPluginCache.CurrentDomainAssemblyResolve(Object sender, AssemblyResolveEventArgs args)
   at Microsoft.VisualStudio.TestPlatform.PlatformAbstractions.PlatformAssemblyResolver.AssemblyResolverEvent(Object sender, Object eventArgs)
   at System.Runtime.Loader.AssemblyLoadContext.GetFirstResolvedAssemblyFromResolvingEvent(AssemblyName assemblyName)
   at System.Runtime.Loader.AssemblyLoadContext.ResolveUsingEvent(AssemblyName assemblyName)
   at System.Runtime.Loader.AssemblyLoadContext.ResolveUsingResolvingEvent(IntPtr gchManagedAssemblyLoadContext, AssemblyName assemblyName)
TpTrace Information: 0 : 13232, 1, 2022/11/15, 00:47:52.917, 54089226901, vstest.console.dll, AssemblyResolver.OnResolve: Microsoft.TestPlatform.Extensions.BlameDataCollector: Resolving assembly.
TpTrace Information: 0 : 13232, 1, 2022/11/15, 00:47:52.917, 54089227142, vstest.console.dll, AssemblyResolver.OnResolve: Microsoft.TestPlatform.Extensions.BlameDataCollector: Searching in: 'C:\Program Files\dotnet\sdk\6.0.402\Extensions'.
TpTrace Information: 0 : 13232, 1, 2022/11/15, 00:47:52.917, 54089228815, vstest.console.dll, AssemblyResolver.OnResolve: Microsoft.TestPlatform.Extensions.BlameDataCollector: Loading assembly 'C:\Program Files\dotnet\sdk\6.0.402\Extensions\Microsoft.TestPlatform.Extensions.BlameDataCollector.dll'.
TpTrace Information: 0 : 13232, 1, 2022/11/15, 00:47:52.919, 54089231806, vstest.console.dll, AssemblyResolver.OnResolve: Resolved assembly: Microsoft.TestPlatform.Extensions.BlameDataCollector, from path: C:\Program Files\dotnet\sdk\6.0.402\Extensions\Microsoft.TestPlatform.Extensions.BlameDataCollector.dll
TpTrace Verbose: 0 : 13232, 1, 2022/11/15, 00:47:52.919, 54089232560, vstest.console.dll, MetadataReaderExtensionsHelper: Discovering extensions inside assembly 'Microsoft.TestPlatform.Extensions.BlameDataCollector, Version=15.0.0.0, Culture=neutral, PublicKeyToken=b03f5f7f11d50a3a' file path 'C:\Program Files\dotnet\sdk\6.0.402\Extensions\Microsoft.TestPlatform.Extensions.BlameDataCollector.dll'
TpTrace Information: 0 : 13232, 1, 2022/11/15, 00:47:52.921, 54089238054, vstest.console.dll, AssemblyResolver.OnResolve: Microsoft.TestPlatform.Extensions.EventLogCollector: Resolving assembly.
TpTrace Information: 0 : 13232, 1, 2022/11/15, 00:47:52.921, 54089238377, vstest.console.dll, AssemblyResolver.OnResolve: Microsoft.TestPlatform.Extensions.EventLogCollector: Searching in: 'C:\Program Files\dotnet\sdk\6.0.402\Extensions'.
TpTrace Information: 0 : 13232, 1, 2022/11/15, 00:47:52.921, 54089239977, vstest.console.dll, AssemblyResolver.OnResolve: Microsoft.TestPlatform.Extensions.EventLogCollector: Loading assembly 'C:\Program Files\dotnet\sdk\6.0.402\Extensions\Microsoft.TestPlatform.Extensions.EventLogCollector.dll'.
TpTrace Information: 0 : 13232, 1, 2022/11/15, 00:47:52.922, 54089241357, vstest.console.dll, AssemblyResolver.OnResolve: Resolved assembly: Microsoft.TestPlatform.Extensions.EventLogCollector, from path: C:\Program Files\dotnet\sdk\6.0.402\Extensions\Microsoft.TestPlatform.Extensions.EventLogCollector.dll
TpTrace Verbose: 0 : 13232, 1, 2022/11/15, 00:47:52.922, 54089241663, vstest.console.dll, MetadataReaderExtensionsHelper: Discovering extensions inside assembly 'Microsoft.TestPlatform.Extensions.EventLogCollector, Version=15.0.0.0, Culture=neutral, PublicKeyToken=b03f5f7f11d50a3a' file path 'C:\Program Files\dotnet\sdk\6.0.402\Extensions\Microsoft.TestPlatform.Extensions.EventLogCollector.dll'
TpTrace Information: 0 : 13232, 1, 2022/11/15, 00:47:52.924, 54089247811, vstest.console.dll, AssemblyResolver.OnResolve: Microsoft.TestPlatform.TestHostRuntimeProvider: Resolving assembly.
TpTrace Information: 0 : 13232, 1, 2022/11/15, 00:47:52.924, 54089248154, vstest.console.dll, AssemblyResolver.OnResolve: Microsoft.TestPlatform.TestHostRuntimeProvider: Searching in: 'C:\Program Files\dotnet\sdk\6.0.402\Extensions'.
TpTrace Information: 0 : 13232, 1, 2022/11/15, 00:47:52.925, 54089249331, vstest.console.dll, AssemblyResolver.OnResolve: Microsoft.TestPlatform.TestHostRuntimeProvider: Loading assembly 'C:\Program Files\dotnet\sdk\6.0.402\Extensions\Microsoft.TestPlatform.TestHostRuntimeProvider.dll'.
TpTrace Information: 0 : 13232, 1, 2022/11/15, 00:47:52.925, 54089250906, vstest.console.dll, AssemblyResolver.OnResolve: Resolved assembly: Microsoft.TestPlatform.TestHostRuntimeProvider, from path: C:\Program Files\dotnet\sdk\6.0.402\Extensions\Microsoft.TestPlatform.TestHostRuntimeProvider.dll
TpTrace Verbose: 0 : 13232, 1, 2022/11/15, 00:47:52.925, 54089251204, vstest.console.dll, MetadataReaderExtensionsHelper: Discovering extensions inside assembly 'Microsoft.TestPlatform.TestHostRuntimeProvider, Version=15.0.0.0, Culture=neutral, PublicKeyToken=b03f5f7f11d50a3a' file path 'C:\Program Files\dotnet\sdk\6.0.402\Extensions\Microsoft.TestPlatform.TestHostRuntimeProvider.dll'
TpTrace Information: 0 : 13232, 1, 2022/11/15, 00:47:52.927, 54089256949, vstest.console.dll, GetTestExtensionFromType: Register extension with identifier data 'HostProvider://DefaultTestHost' and type 'Microsoft.VisualStudio.TestPlatform.CrossPlatEngine.Hosting.DefaultTestHostManager, Microsoft.TestPlatform.TestHostRuntimeProvider, Version=15.0.0.0, Culture=neutral, PublicKeyToken=b03f5f7f11d50a3a' inside file 'C:\Program Files\dotnet\sdk\6.0.402\Extensions\Microsoft.TestPlatform.TestHostRuntimeProvider.dll'
TpTrace Information: 0 : 13232, 1, 2022/11/15, 00:47:52.928, 54089257491, vstest.console.dll, GetTestExtensionFromType: Register extension with identifier data 'HostProvider://DotnetTestHost' and type 'Microsoft.VisualStudio.TestPlatform.CrossPlatEngine.Hosting.DotnetTestHostManager, Microsoft.TestPlatform.TestHostRuntimeProvider, Version=15.0.0.0, Culture=neutral, PublicKeyToken=b03f5f7f11d50a3a' inside file 'C:\Program Files\dotnet\sdk\6.0.402\Extensions\Microsoft.TestPlatform.TestHostRuntimeProvider.dll'
TpTrace Information: 0 : 13232, 1, 2022/11/15, 00:47:52.928, 54089258453, vstest.console.dll, AssemblyResolver.OnResolve: Microsoft.VisualStudio.TestPlatform.Extensions.Html.TestLogger: Resolving assembly.
TpTrace Information: 0 : 13232, 1, 2022/11/15, 00:47:52.928, 54089259032, vstest.console.dll, AssemblyResolver.OnResolve: Microsoft.VisualStudio.TestPlatform.Extensions.Html.TestLogger: Searching in: 'C:\Program Files\dotnet\sdk\6.0.402\Extensions'.
TpTrace Information: 0 : 13232, 1, 2022/11/15, 00:47:52.929, 54089261956, vstest.console.dll, AssemblyResolver.OnResolve: Microsoft.VisualStudio.TestPlatform.Extensions.Html.TestLogger: Loading assembly 'C:\Program Files\dotnet\sdk\6.0.402\Extensions\Microsoft.VisualStudio.TestPlatform.Extensions.Html.TestLogger.dll'.
TpTrace Information: 0 : 13232, 1, 2022/11/15, 00:47:52.930, 54089264737, vstest.console.dll, AssemblyResolver.OnResolve: Resolved assembly: Microsoft.VisualStudio.TestPlatform.Extensions.Html.TestLogger, from path: C:\Program Files\dotnet\sdk\6.0.402\Extensions\Microsoft.VisualStudio.TestPlatform.Extensions.Html.TestLogger.dll
TpTrace Verbose: 0 : 13232, 1, 2022/11/15, 00:47:52.930, 54089265243, vstest.console.dll, MetadataReaderExtensionsHelper: Discovering extensions inside assembly 'Microsoft.VisualStudio.TestPlatform.Extensions.Html.TestLogger, Version=15.0.0.0, Culture=neutral, PublicKeyToken=b03f5f7f11d50a3a' file path 'C:\Program Files\dotnet\sdk\6.0.402\Extensions\Microsoft.VisualStudio.TestPlatform.Extensions.Html.TestLogger.dll'
TpTrace Information: 0 : 13232, 1, 2022/11/15, 00:47:52.931, 54089267737, vstest.console.dll, AssemblyResolver.OnResolve: Microsoft.VisualStudio.TestPlatform.Extensions.Trx.TestLogger: Resolving assembly.
TpTrace Information: 0 : 13232, 1, 2022/11/15, 00:47:52.931, 54089268070, vstest.console.dll, AssemblyResolver.OnResolve: Microsoft.VisualStudio.TestPlatform.Extensions.Trx.TestLogger: Searching in: 'C:\Program Files\dotnet\sdk\6.0.402\Extensions'.
TpTrace Information: 0 : 13232, 1, 2022/11/15, 00:47:52.932, 54089269369, vstest.console.dll, AssemblyResolver.OnResolve: Microsoft.VisualStudio.TestPlatform.Extensions.Trx.TestLogger: Loading assembly 'C:\Program Files\dotnet\sdk\6.0.402\Extensions\Microsoft.VisualStudio.TestPlatform.Extensions.Trx.TestLogger.dll'.
TpTrace Information: 0 : 13232, 1, 2022/11/15, 00:47:52.932, 54089271058, vstest.console.dll, AssemblyResolver.OnResolve: Resolved assembly: Microsoft.VisualStudio.TestPlatform.Extensions.Trx.TestLogger, from path: C:\Program Files\dotnet\sdk\6.0.402\Extensions\Microsoft.VisualStudio.TestPlatform.Extensions.Trx.TestLogger.dll
TpTrace Verbose: 0 : 13232, 1, 2022/11/15, 00:47:52.932, 54089271380, vstest.console.dll, MetadataReaderExtensionsHelper: Discovering extensions inside assembly 'Microsoft.VisualStudio.TestPlatform.Extensions.Trx.TestLogger, Version=15.0.0.0, Culture=neutral, PublicKeyToken=b03f5f7f11d50a3a' file path 'C:\Program Files\dotnet\sdk\6.0.402\Extensions\Microsoft.VisualStudio.TestPlatform.Extensions.Trx.TestLogger.dll'
TpTrace Verbose: 0 : 13232, 1, 2022/11/15, 00:47:52.933, 54089274123, vstest.console.dll, TestPluginCache: Discovered the extensions using extension path ''.
TpTrace Verbose: 0 : 13232, 1, 2022/11/15, 00:47:52.934, 54089274427, vstest.console.dll, TestPluginCache: Discoverers are ''.
TpTrace Verbose: 0 : 13232, 1, 2022/11/15, 00:47:52.934, 54089274623, vstest.console.dll, TestPluginCache: Executors are ''.
TpTrace Verbose: 0 : 13232, 1, 2022/11/15, 00:47:52.934, 54089274816, vstest.console.dll, TestPluginCache: Executors2 are ''.
TpTrace Verbose: 0 : 13232, 1, 2022/11/15, 00:47:52.934, 54089274997, vstest.console.dll, TestPluginCache: Setting providers are ''.
TpTrace Verbose: 0 : 13232, 1, 2022/11/15, 00:47:52.934, 54089275180, vstest.console.dll, TestPluginCache: Loggers are ''.
TpTrace Verbose: 0 : 13232, 1, 2022/11/15, 00:47:52.934, 54089275662, vstest.console.dll, TestPluginCache: TestHosts are 'HostProvider://DefaultTestHost,HostProvider://DotnetTestHost'.
TpTrace Verbose: 0 : 13232, 1, 2022/11/15, 00:47:52.934, 54089275877, vstest.console.dll, TestPluginCache: DataCollectors are ''.
TpTrace Information: 0 : 13232, 1, 2022/11/15, 00:47:52.946, 54089310769, vstest.console.dll, RunTestsArgumentProcessor:Execute: Test run is starting.
TpTrace Verbose: 0 : 13232, 1, 2022/11/15, 00:47:52.947, 54089311198, vstest.console.dll, RunTestsArgumentProcessor:Execute: Queuing Test run.
TpTrace Information: 0 : 13232, 1, 2022/11/15, 00:47:52.947, 54089312057, vstest.console.dll, TestRequestManager.RunTests: run tests started.
TpTrace Information: 0 : 13232, 1, 2022/11/15, 00:47:52.949, 54089317463, vstest.console.dll, AssemblyMetadataProvider.GetFrameworkName: Determined framework:'.NETCoreApp,Version=v3.1' for source: 'C:\Users\ddian\Desktop\090422унит\SmartphoneShop\SmartphoneShop.Tests\bin\Debug\netcoreapp3.1\fine-code-coverage\build-output\SmartphoneShop.Tests.dll'
TpTrace Information: 0 : 13232, 1, 2022/11/15, 00:47:52.949, 54089318886, vstest.console.dll, Determined framework for all sources: .NETCoreApp,Version=v3.1
TpTrace Verbose: 0 : 13232, 1, 2022/11/15, 00:47:52.950, 54089321543, vstest.console.dll, TestRequestManager.UpdateRunSettingsIfRequired: Default architecture: X64 IsDefaultTargetArchitecture: True, Current process architecture: X64 OperatingSystem: Windows.
TpTrace Information: 0 : 13232, 1, 2022/11/15, 00:47:52.953, 54089329331, vstest.console.dll, AssemblyMetadataProvider.GetArchitecture: Determined architecture:AnyCPU info for assembly: C:\Users\ddian\Desktop\090422унит\SmartphoneShop\SmartphoneShop.Tests\bin\Debug\netcoreapp3.1\fine-code-coverage\build-output\SmartphoneShop.Tests.dll
TpTrace Information: 0 : 13232, 1, 2022/11/15, 00:47:52.953, 54089329849, vstest.console.dll, Determined platform for source 'C:\Users\ddian\Desktop\090422унит\SmartphoneShop\SmartphoneShop.Tests\bin\Debug\netcoreapp3.1\fine-code-coverage\build-output\SmartphoneShop.Tests.dll' was AnyCPU and it will use the default plaform X64.
TpTrace Information: 0 : 13232, 1, 2022/11/15, 00:47:52.953, 54089330162, vstest.console.dll, None of the sources provided any runnable platform, using the default platform: X64
TpTrace Information: 0 : 13232, 1, 2022/11/15, 00:47:52.953, 54089330659, vstest.console.dll, Platform was updated to 'X64'.
TpTrace Information: 0 : 13232, 1, 2022/11/15, 00:47:52.957, 54089340190, vstest.console.dll, InferRunSettingsHelper.IsTestSettingsEnabled: Unable to navigate to RunSettings/MSTest. Current node: RunSettings
TpTrace Information: 0 : 13232, 1, 2022/11/15, 00:47:52.958, 54089342682, vstest.console.dll, AssemblyResolver.OnResolve: Microsoft.VisualStudio.TestPlatform.Fakes: Resolving assembly.
TpTrace Information: 0 : 13232, 1, 2022/11/15, 00:47:52.958, 54089343376, vstest.console.dll, AssemblyResolver.OnResolve: Microsoft.VisualStudio.TestPlatform.Fakes: Searching in: 'C:\Program Files\dotnet\sdk\6.0.402\Extensions'.
TpTrace Information: 0 : 13232, 1, 2022/11/15, 00:47:52.958, 54089344286, vstest.console.dll, AssemblyResolver.OnResolve: Microsoft.VisualStudio.TestPlatform.Fakes: Assembly path does not exist: 'C:\Program Files\dotnet\sdk\6.0.402\Extensions\Microsoft.VisualStudio.TestPlatform.Fakes.dll', returning.
TpTrace Information: 0 : 13232, 1, 2022/11/15, 00:47:52.958, 54089344882, vstest.console.dll, AssemblyResolver.OnResolve: Microsoft.VisualStudio.TestPlatform.Fakes: Assembly path does not exist: 'C:\Program Files\dotnet\sdk\6.0.402\Extensions\Microsoft.VisualStudio.TestPlatform.Fakes.exe', returning.
TpTrace Information: 0 : 13232, 1, 2022/11/15, 00:47:52.959, 54089345311, vstest.console.dll, AssemblyResolver.OnResolve: Microsoft.VisualStudio.TestPlatform.Fakes: Searching in: 'C:\Program Files\dotnet\sdk\6.0.402'.
TpTrace Information: 0 : 13232, 1, 2022/11/15, 00:47:52.959, 54089345853, vstest.console.dll, AssemblyResolver.OnResolve: Microsoft.VisualStudio.TestPlatform.Fakes: Assembly path does not exist: 'C:\Program Files\dotnet\sdk\6.0.402\Microsoft.VisualStudio.TestPlatform.Fakes.dll', returning.
TpTrace Information: 0 : 13232, 1, 2022/11/15, 00:47:52.959, 54089346508, vstest.console.dll, AssemblyResolver.OnResolve: Microsoft.VisualStudio.TestPlatform.Fakes: Assembly path does not exist: 'C:\Program Files\dotnet\sdk\6.0.402\Microsoft.VisualStudio.TestPlatform.Fakes.exe', returning.
TpTrace Information: 0 : 13232, 1, 2022/11/15, 00:47:52.959, 54089347017, vstest.console.dll, AssemblyResolver.OnResolve: Microsoft.VisualStudio.TestPlatform.Fakes: Failed to load assembly.
TpTrace Information: 0 : 13232, 1, 2022/11/15, 00:47:52.960, 54089348723, vstest.console.dll, Failed to load assembly Microsoft.VisualStudio.TestPlatform.Fakes, Version=17.0.0.0, Culture=neutral. Reason:System.IO.FileNotFoundException: Could not load file or assembly 'Microsoft.VisualStudio.TestPlatform.Fakes, Version=17.0.0.0, Culture=neutral, PublicKeyToken=null'. The system cannot find the file specified.
File name: 'Microsoft.VisualStudio.TestPlatform.Fakes, Version=17.0.0.0, Culture=neutral, PublicKeyToken=null'
   at System.Reflection.RuntimeAssembly.InternalLoad(ObjectHandleOnStack assemblyName, ObjectHandleOnStack requestingAssembly, StackCrawlMarkHandle stackMark, Boolean throwOnFileNotFound, ObjectHandleOnStack assemblyLoadContext, ObjectHandleOnStack retAssembly)
   at System.Reflection.RuntimeAssembly.InternalLoad(AssemblyName assemblyName, RuntimeAssembly requestingAssembly, StackCrawlMark& stackMark, Boolean throwOnFileNotFound, AssemblyLoadContext assemblyLoadContext)
   at System.Reflection.Assembly.Load(AssemblyName assemblyRef)
   at Microsoft.VisualStudio.TestPlatform.Common.Utilities.FakesUtilities.LoadTestPlatformAssembly()
TpTrace Verbose: 0 : 13232, 1, 2022/11/15, 00:47:52.964, 54089359892, vstest.console.dll, TestPluginCache.DiscoverTestExtensions: finding test extensions in assemblies ends with: TestLogger.dll TPluginInfo: Microsoft.VisualStudio.TestPlatform.Common.ExtensionFramework.Utilities.TestLoggerPluginInformation TExtension: Microsoft.VisualStudio.TestPlatform.ObjectModel.Client.ITestLogger
TpTrace Verbose: 0 : 13232, 1, 2022/11/15, 00:47:52.964, 54089360634, vstest.console.dll, TestPluginCache.GetExtensionPaths: Filtered extension paths: 
TpTrace Verbose: 0 : 13232, 1, 2022/11/15, 00:47:52.964, 54089360977, vstest.console.dll, TestPluginCache.GetExtensionPaths: Added default extension paths: C:\Program Files\dotnet\sdk\6.0.402\Extensions\Microsoft.Diagnostics.NETCore.Client.dll
C:\Program Files\dotnet\sdk\6.0.402\Extensions\Microsoft.TestPlatform.Extensions.BlameDataCollector.dll
C:\Program Files\dotnet\sdk\6.0.402\Extensions\Microsoft.TestPlatform.Extensions.EventLogCollector.dll
C:\Program Files\dotnet\sdk\6.0.402\Extensions\Microsoft.TestPlatform.TestHostRuntimeProvider.dll
C:\Program Files\dotnet\sdk\6.0.402\Extensions\Microsoft.VisualStudio.TestPlatform.Extensions.Html.TestLogger.dll
C:\Program Files\dotnet\sdk\6.0.402\Extensions\Microsoft.VisualStudio.TestPlatform.Extensions.Trx.TestLogger.dll
TpTrace Verbose: 0 : 13232, 1, 2022/11/15, 00:47:52.964, 54089361294, vstest.console.dll, TestPluginCache.GetExtensionPaths: Added unfilterableExtensionPaths: 
TpTrace Information: 0 : 13232, 1, 2022/11/15, 00:47:52.964, 54089361888, vstest.console.dll, AssemblyResolver.AddSearchDirectories: Adding more searchDirectories C:\Program Files\dotnet\sdk\6.0.402\Extensions,C:\Program Files\dotnet\sdk\6.0.402
TpTrace Verbose: 0 : 13232, 1, 2022/11/15, 00:47:52.965, 54089362225, vstest.console.dll, TestPluginCache.DiscoverTestExtensions: Discovering the extensions using extension path.
TpTrace Verbose: 0 : 13232, 1, 2022/11/15, 00:47:52.965, 54089362568, vstest.console.dll, TestPluginCache.GetExtensionPaths: Filtered extension paths: 
TpTrace Verbose: 0 : 13232, 1, 2022/11/15, 00:47:52.965, 54089362865, vstest.console.dll, TestPluginCache.GetExtensionPaths: Added default extension paths: C:\Program Files\dotnet\sdk\6.0.402\Extensions\Microsoft.Diagnostics.NETCore.Client.dll
C:\Program Files\dotnet\sdk\6.0.402\Extensions\Microsoft.TestPlatform.Extensions.BlameDataCollector.dll
C:\Program Files\dotnet\sdk\6.0.402\Extensions\Microsoft.TestPlatform.Extensions.EventLogCollector.dll
C:\Program Files\dotnet\sdk\6.0.402\Extensions\Microsoft.TestPlatform.TestHostRuntimeProvider.dll
C:\Program Files\dotnet\sdk\6.0.402\Extensions\Microsoft.VisualStudio.TestPlatform.Extensions.Html.TestLogger.dll
C:\Program Files\dotnet\sdk\6.0.402\Extensions\Microsoft.VisualStudio.TestPlatform.Extensions.Trx.TestLogger.dll
TpTrace Verbose: 0 : 13232, 1, 2022/11/15, 00:47:52.965, 54089363172, vstest.console.dll, TestPluginCache.GetExtensionPaths: Added unfilterableExtensionPaths: 
TpTrace Verbose: 0 : 13232, 1, 2022/11/15, 00:47:52.965, 54089363810, vstest.console.dll, TestPluginCache.DiscoverTestExtensions: Discovering the extensions using allExtensionPaths: C:\Program Files\dotnet\sdk\6.0.402\Extensions\Microsoft.Diagnostics.NETCore.Client.dll
C:\Program Files\dotnet\sdk\6.0.402\Extensions\Microsoft.TestPlatform.Extensions.BlameDataCollector.dll
C:\Program Files\dotnet\sdk\6.0.402\Extensions\Microsoft.TestPlatform.Extensions.EventLogCollector.dll
C:\Program Files\dotnet\sdk\6.0.402\Extensions\Microsoft.TestPlatform.TestHostRuntimeProvider.dll
C:\Program Files\dotnet\sdk\6.0.402\Extensions\Microsoft.VisualStudio.TestPlatform.Extensions.Html.TestLogger.dll
C:\Program Files\dotnet\sdk\6.0.402\Extensions\Microsoft.VisualStudio.TestPlatform.Extensions.Trx.TestLogger.dll
TpTrace Information: 0 : 13232, 1, 2022/11/15, 00:47:52.965, 54089364333, vstest.console.dll, AssemblyResolver.AddSearchDirectories: Adding more searchDirectories C:\Program Files\dotnet\sdk\6.0.402\Extensions,C:\Program Files\dotnet\sdk\6.0.402
TpTrace Information: 0 : 13232, 1, 2022/11/15, 00:47:52.965, 54089364686, vstest.console.dll, AssemblyResolver.AddSearchDirectories: Adding more searchDirectories C:\Program Files\dotnet\sdk\6.0.402\Extensions,C:\Program Files\dotnet\sdk\6.0.402
TpTrace Information: 0 : 13232, 1, 2022/11/15, 00:47:52.965, 54089365018, vstest.console.dll, AssemblyResolver.AddSearchDirectories: Adding more searchDirectories C:\Program Files\dotnet\sdk\6.0.402\Extensions,C:\Program Files\dotnet\sdk\6.0.402
TpTrace Information: 0 : 13232, 1, 2022/11/15, 00:47:52.966, 54089365333, vstest.console.dll, AssemblyResolver.AddSearchDirectories: Adding more searchDirectories C:\Program Files\dotnet\sdk\6.0.402\Extensions,C:\Program Files\dotnet\sdk\6.0.402
TpTrace Information: 0 : 13232, 1, 2022/11/15, 00:47:52.966, 54089365642, vstest.console.dll, AssemblyResolver.AddSearchDirectories: Adding more searchDirectories C:\Program Files\dotnet\sdk\6.0.402\Extensions,C:\Program Files\dotnet\sdk\6.0.402
TpTrace Information: 0 : 13232, 1, 2022/11/15, 00:47:52.966, 54089365965, vstest.console.dll, AssemblyResolver.AddSearchDirectories: Adding more searchDirectories C:\Program Files\dotnet\sdk\6.0.402\Extensions,C:\Program Files\dotnet\sdk\6.0.402
TpTrace Verbose: 0 : 13232, 1, 2022/11/15, 00:47:52.966, 54089366720, vstest.console.dll, MetadataReaderExtensionsHelper: Discovering extensions inside assembly 'Microsoft.Diagnostics.NETCore.Client, Version=0.2.5.801, Culture=neutral, PublicKeyToken=31bf3856ad364e35' file path 'C:\Program Files\dotnet\sdk\6.0.402\Extensions\Microsoft.Diagnostics.NETCore.Client.dll'
TpTrace Information: 0 : 13232, 1, 2022/11/15, 00:47:52.967, 54089369302, vstest.console.dll, AssemblyResolver.OnResolve: Microsoft.Bcl.AsyncInterfaces: Resolving assembly.
TpTrace Information: 0 : 13232, 1, 2022/11/15, 00:47:52.967, 54089369692, vstest.console.dll, AssemblyResolver.OnResolve: Microsoft.Bcl.AsyncInterfaces: Resolved from cache.
TpTrace Verbose: 0 : 13232, 1, 2022/11/15, 00:47:52.967, 54089369941, vstest.console.dll, CurrentDomainAssemblyResolve: Resolving assembly 'Microsoft.Bcl.AsyncInterfaces'.
TpTrace Information: 0 : 13232, 1, 2022/11/15, 00:47:52.967, 54089370291, vstest.console.dll, AssemblyResolver.OnResolve: Microsoft.Bcl.AsyncInterfaces: Resolving assembly.
TpTrace Information: 0 : 13232, 1, 2022/11/15, 00:47:52.967, 54089370497, vstest.console.dll, AssemblyResolver.OnResolve: Microsoft.Bcl.AsyncInterfaces: Resolved from cache.
TpTrace Verbose: 0 : 13232, 1, 2022/11/15, 00:47:52.968, 54089370706, vstest.console.dll, CurrentDomainAssemblyResolve: Resolving assembly 'Microsoft.Bcl.AsyncInterfaces'.
TpTrace Verbose: 0 : 13232, 1, 2022/11/15, 00:47:52.968, 54089370903, vstest.console.dll, CurrentDomainAssemblyResolve: Failed to resolve assembly 'Microsoft.Bcl.AsyncInterfaces'.
TpTrace Verbose: 0 : 13232, 1, 2022/11/15, 00:47:52.968, 54089371807, vstest.console.dll, CurrentDomainAssemblyResolve: Failed to resolve assembly 'Microsoft.Bcl.AsyncInterfaces'.
TpTrace Warning: 0 : 13232, 1, 2022/11/15, 00:47:52.969, 54089373717, vstest.console.dll, TestPluginDiscoverer: Failed to get types from assembly 'Microsoft.Diagnostics.NETCore.Client, Version=0.2.5.801, Culture=neutral, PublicKeyToken=31bf3856ad364e35'. Error: System.Reflection.ReflectionTypeLoadException: Unable to load one or more of the requested types.
Could not load file or assembly 'Microsoft.Bcl.AsyncInterfaces, Version=1.0.0.0, Culture=neutral, PublicKeyToken=cc7b13ffcd2ddd51'. The system cannot find the file specified.
   at System.Reflection.RuntimeModule.GetTypes(RuntimeModule module)
   at System.Reflection.Assembly.GetTypes()
   at Microsoft.VisualStudio.TestPlatform.Common.ExtensionFramework.TestPluginDiscoverer.GetTestExtensionsFromAssembly[TPluginInfo,TExtension](Assembly assembly, Dictionary`2 pluginInfos, String filePath)
System.IO.FileNotFoundException: Could not load file or assembly 'Microsoft.Bcl.AsyncInterfaces, Version=1.0.0.0, Culture=neutral, PublicKeyToken=cc7b13ffcd2ddd51'. The system cannot find the file specified.
File name: 'Microsoft.Bcl.AsyncInterfaces, Version=1.0.0.0, Culture=neutral, PublicKeyToken=cc7b13ffcd2ddd51'
 ---> System.IO.FileNotFoundException: Could not load file or assembly 'Microsoft.Bcl.AsyncInterfaces, Culture=neutral, PublicKeyToken=null'. The system cannot find the file specified.
File name: 'Microsoft.Bcl.AsyncInterfaces, Culture=neutral, PublicKeyToken=null'
   at System.Reflection.RuntimeAssembly.InternalLoad(ObjectHandleOnStack assemblyName, ObjectHandleOnStack requestingAssembly, StackCrawlMarkHandle stackMark, Boolean throwOnFileNotFound, ObjectHandleOnStack assemblyLoadContext, ObjectHandleOnStack retAssembly)
   at System.Reflection.RuntimeAssembly.InternalLoad(AssemblyName assemblyName, RuntimeAssembly requestingAssembly, StackCrawlMark& stackMark, Boolean throwOnFileNotFound, AssemblyLoadContext assemblyLoadContext)
   at System.Reflection.Assembly.Load(AssemblyName assemblyRef)
   at Microsoft.VisualStudio.TestPlatform.Common.ExtensionFramework.TestPluginCache.CurrentDomainAssemblyResolve(Object sender, AssemblyResolveEventArgs args)
   at Microsoft.VisualStudio.TestPlatform.PlatformAbstractions.PlatformAssemblyResolver.AssemblyResolverEvent(Object sender, Object eventArgs)
   at System.Runtime.Loader.AssemblyLoadContext.GetFirstResolvedAssemblyFromResolvingEvent(AssemblyName assemblyName)
   at System.Runtime.Loader.AssemblyLoadContext.ResolveUsingEvent(AssemblyName assemblyName)
   at System.Runtime.Loader.AssemblyLoadContext.ResolveUsingResolvingEvent(IntPtr gchManagedAssemblyLoadContext, AssemblyName assemblyName)
TpTrace Warning: 0 : 13232, 1, 2022/11/15, 00:47:52.969, 54089374572, vstest.console.dll, LoaderExceptions: System.IO.FileNotFoundException: Could not load file or assembly 'Microsoft.Bcl.AsyncInterfaces, Version=1.0.0.0, Culture=neutral, PublicKeyToken=cc7b13ffcd2ddd51'. The system cannot find the file specified.
File name: 'Microsoft.Bcl.AsyncInterfaces, Version=1.0.0.0, Culture=neutral, PublicKeyToken=cc7b13ffcd2ddd51'
 ---> System.IO.FileNotFoundException: Could not load file or assembly 'Microsoft.Bcl.AsyncInterfaces, Culture=neutral, PublicKeyToken=null'. The system cannot find the file specified.
File name: 'Microsoft.Bcl.AsyncInterfaces, Culture=neutral, PublicKeyToken=null'
   at System.Reflection.RuntimeAssembly.InternalLoad(ObjectHandleOnStack assemblyName, ObjectHandleOnStack requestingAssembly, StackCrawlMarkHandle stackMark, Boolean throwOnFileNotFound, ObjectHandleOnStack assemblyLoadContext, ObjectHandleOnStack retAssembly)
   at System.Reflection.RuntimeAssembly.InternalLoad(AssemblyName assemblyName, RuntimeAssembly requestingAssembly, StackCrawlMark& stackMark, Boolean throwOnFileNotFound, AssemblyLoadContext assemblyLoadContext)
   at System.Reflection.Assembly.Load(AssemblyName assemblyRef)
   at Microsoft.VisualStudio.TestPlatform.Common.ExtensionFramework.TestPluginCache.CurrentDomainAssemblyResolve(Object sender, AssemblyResolveEventArgs args)
   at Microsoft.VisualStudio.TestPlatform.PlatformAbstractions.PlatformAssemblyResolver.AssemblyResolverEvent(Object sender, Object eventArgs)
   at System.Runtime.Loader.AssemblyLoadContext.GetFirstResolvedAssemblyFromResolvingEvent(AssemblyName assemblyName)
   at System.Runtime.Loader.AssemblyLoadContext.ResolveUsingEvent(AssemblyName assemblyName)
   at System.Runtime.Loader.AssemblyLoadContext.ResolveUsingResolvingEvent(IntPtr gchManagedAssemblyLoadContext, AssemblyName assemblyName)
TpTrace Verbose: 0 : 13232, 1, 2022/11/15, 00:47:52.969, 54089374991, vstest.console.dll, MetadataReaderExtensionsHelper: Discovering extensions inside assembly 'Microsoft.TestPlatform.Extensions.BlameDataCollector, Version=15.0.0.0, Culture=neutral, PublicKeyToken=b03f5f7f11d50a3a' file path 'C:\Program Files\dotnet\sdk\6.0.402\Extensions\Microsoft.TestPlatform.Extensions.BlameDataCollector.dll'
TpTrace Information: 0 : 13232, 1, 2022/11/15, 00:47:52.970, 54089377380, vstest.console.dll, GetTestExtensionFromType: Register extension with identifier data 'logger://Microsoft/TestPlatform/Extensions/Blame/v1' and type 'Microsoft.TestPlatform.Extensions.BlameDataCollector.BlameLogger, Microsoft.TestPlatform.Extensions.BlameDataCollector, Version=15.0.0.0, Culture=neutral, PublicKeyToken=b03f5f7f11d50a3a' inside file 'C:\Program Files\dotnet\sdk\6.0.402\Extensions\Microsoft.TestPlatform.Extensions.BlameDataCollector.dll'
TpTrace Verbose: 0 : 13232, 1, 2022/11/15, 00:47:52.970, 54089377986, vstest.console.dll, MetadataReaderExtensionsHelper: Discovering extensions inside assembly 'Microsoft.TestPlatform.Extensions.EventLogCollector, Version=15.0.0.0, Culture=neutral, PublicKeyToken=b03f5f7f11d50a3a' file path 'C:\Program Files\dotnet\sdk\6.0.402\Extensions\Microsoft.TestPlatform.Extensions.EventLogCollector.dll'
TpTrace Verbose: 0 : 13232, 1, 2022/11/15, 00:47:52.971, 54089381056, vstest.console.dll, MetadataReaderExtensionsHelper: Discovering extensions inside assembly 'Microsoft.TestPlatform.TestHostRuntimeProvider, Version=15.0.0.0, Culture=neutral, PublicKeyToken=b03f5f7f11d50a3a' file path 'C:\Program Files\dotnet\sdk\6.0.402\Extensions\Microsoft.TestPlatform.TestHostRuntimeProvider.dll'
TpTrace Verbose: 0 : 13232, 1, 2022/11/15, 00:47:52.972, 54089383285, vstest.console.dll, MetadataReaderExtensionsHelper: Discovering extensions inside assembly 'Microsoft.VisualStudio.TestPlatform.Extensions.Html.TestLogger, Version=15.0.0.0, Culture=neutral, PublicKeyToken=b03f5f7f11d50a3a' file path 'C:\Program Files\dotnet\sdk\6.0.402\Extensions\Microsoft.VisualStudio.TestPlatform.Extensions.Html.TestLogger.dll'
TpTrace Information: 0 : 13232, 1, 2022/11/15, 00:47:52.973, 54089386728, vstest.console.dll, GetTestExtensionFromType: Register extension with identifier data 'logger://Microsoft/TestPlatform/HtmlLogger/v1' and type 'Microsoft.VisualStudio.TestPlatform.Extensions.HtmlLogger.HtmlLogger, Microsoft.VisualStudio.TestPlatform.Extensions.Html.TestLogger, Version=15.0.0.0, Culture=neutral, PublicKeyToken=b03f5f7f11d50a3a' inside file 'C:\Program Files\dotnet\sdk\6.0.402\Extensions\Microsoft.VisualStudio.TestPlatform.Extensions.Html.TestLogger.dll'
TpTrace Verbose: 0 : 13232, 1, 2022/11/15, 00:47:52.973, 54089387631, vstest.console.dll, MetadataReaderExtensionsHelper: Discovering extensions inside assembly 'Microsoft.VisualStudio.TestPlatform.Extensions.Trx.TestLogger, Version=15.0.0.0, Culture=neutral, PublicKeyToken=b03f5f7f11d50a3a' file path 'C:\Program Files\dotnet\sdk\6.0.402\Extensions\Microsoft.VisualStudio.TestPlatform.Extensions.Trx.TestLogger.dll'
TpTrace Information: 0 : 13232, 1, 2022/11/15, 00:47:52.975, 54089390598, vstest.console.dll, GetTestExtensionFromType: Register extension with identifier data 'logger://Microsoft/TestPlatform/TrxLogger/v1' and type 'Microsoft.VisualStudio.TestPlatform.Extensions.TrxLogger.TrxLogger, Microsoft.VisualStudio.TestPlatform.Extensions.Trx.TestLogger, Version=15.0.0.0, Culture=neutral, PublicKeyToken=b03f5f7f11d50a3a' inside file 'C:\Program Files\dotnet\sdk\6.0.402\Extensions\Microsoft.VisualStudio.TestPlatform.Extensions.Trx.TestLogger.dll'
TpTrace Verbose: 0 : 13232, 1, 2022/11/15, 00:47:52.975, 54089391189, vstest.console.dll, TestPluginCache: Discovered the extensions using extension path ''.
TpTrace Verbose: 0 : 13232, 1, 2022/11/15, 00:47:52.975, 54089391583, vstest.console.dll, TestPluginCache: Discoverers are ''.
TpTrace Verbose: 0 : 13232, 1, 2022/11/15, 00:47:52.975, 54089391857, vstest.console.dll, TestPluginCache: Executors are ''.
TpTrace Verbose: 0 : 13232, 1, 2022/11/15, 00:47:52.975, 54089392097, vstest.console.dll, TestPluginCache: Executors2 are ''.
TpTrace Verbose: 0 : 13232, 1, 2022/11/15, 00:47:52.975, 54089392278, vstest.console.dll, TestPluginCache: Setting providers are ''.
TpTrace Verbose: 0 : 13232, 1, 2022/11/15, 00:47:52.975, 54089392608, vstest.console.dll, TestPluginCache: Loggers are 'logger://Microsoft/TestPlatform/Extensions/Blame/v1,logger://Microsoft/TestPlatform/HtmlLogger/v1,logger://Microsoft/TestPlatform/TrxLogger/v1'.
TpTrace Verbose: 0 : 13232, 1, 2022/11/15, 00:47:52.975, 54089392853, vstest.console.dll, TestPluginCache: TestHosts are 'HostProvider://DefaultTestHost,HostProvider://DotnetTestHost'.
TpTrace Verbose: 0 : 13232, 1, 2022/11/15, 00:47:52.975, 54089393043, vstest.console.dll, TestPluginCache: DataCollectors are ''.
TpTrace Information: 0 : 13232, 1, 2022/11/15, 00:47:52.976, 54089395199, vstest.console.dll, TestPluginManager.CreateTestExtension: Attempting to load test extension: Microsoft.TestPlatform.Extensions.BlameDataCollector.BlameLogger
TpTrace Verbose: 0 : 13232, 1, 2022/11/15, 00:47:52.984, 54089416755, vstest.console.dll, TestEngine: Initializing Parallel Execution as MaxCpuCount is set to: 1
TpTrace Information: 0 : 13232, 1, 2022/11/15, 00:47:52.987, 54089425752, vstest.console.dll, TestPluginManager.CreateTestExtension: Attempting to load test extension: Microsoft.VisualStudio.TestPlatform.CrossPlatEngine.Hosting.DefaultTestHostManager
TpTrace Information: 0 : 13232, 1, 2022/11/15, 00:47:52.989, 54089431310, vstest.console.dll, TestPluginManager.CreateTestExtension: Attempting to load test extension: Microsoft.VisualStudio.TestPlatform.CrossPlatEngine.Hosting.DotnetTestHostManager
TpTrace Information: 0 : 13232, 1, 2022/11/15, 00:47:52.990, 54089434379, vstest.console.dll, InferRunSettingsHelper.IsTestSettingsEnabled: Unable to navigate to RunSettings/MSTest. Current node: RunSettings
TpTrace Verbose: 0 : 13232, 1, 2022/11/15, 00:47:52.998, 54089457256, vstest.console.dll, TestEngine.GetExecutionManager: Chosen execution manager 'Microsoft.VisualStudio.TestPlatform.CrossPlatEngine.Client.Parallel.ParallelProxyExecutionManager, Microsoft.TestPlatform.CrossPlatEngine, Version=15.0.0.0, Culture=neutral, PublicKeyToken=b03f5f7f11d50a3a' ParallelLevel '1'.
TpTrace Verbose: 0 : 13232, 1, 2022/11/15, 00:47:52.998, 54089458182, vstest.console.dll, TestRunRequest.ExecuteAsync: Creating test run request.
TpTrace Verbose: 0 : 13232, 1, 2022/11/15, 00:47:52.999, 54089459492, vstest.console.dll, TestRunRequest.ExecuteAsync: Starting.
TpTrace Information: 0 : 13232, 1, 2022/11/15, 00:47:52.999, 54089461112, vstest.console.dll, TestRunRequest.ExecuteAsync: Starting run with settings:TestRunCriteria:
   KeepAlive=False,FrequencyOfRunStatsChangeEvent=10,RunStatsChangeEventTimeout=00:00:01.5000000,TestCaseFilter=,TestExecutorLauncher=
   Settingsxml=<RunSettings>
  <RunConfiguration>
    <ResultsDirectory>C:\Users\ddian\Desktop\090422унит\SmartphoneShop\SmartphoneShop.Tests\bin\Debug\netcoreapp3.1\fine-code-coverage\coverage-tool-output</ResultsDirectory>
    <TargetPlatform>X64</TargetPlatform>
    <TargetFrameworkVersion>.NETCoreApp,Version=v3.1</TargetFrameworkVersion>
    <DesignMode>False</DesignMode>
    <CollectSourceInformation>False</CollectSourceInformation>
  </RunConfiguration>
  <LoggerRunSettings>
    <Loggers>
      <Logger friendlyName="blame" enabled="True" />
      <Logger friendlyName="Console" uri="logger://microsoft/TestPlatform/ConsoleLogger/v1" assemblyQualifiedName="Microsoft.VisualStudio.TestPlatform.CommandLine.Internal.ConsoleLogger, vstest.console, Version=15.0.0.0, Culture=neutral, PublicKeyToken=b03f5f7f11d50a3a" codeBase="C:\Program Files\dotnet\sdk\6.0.402\vstest.console.dll" enabled="True" />
    </Loggers>
  </LoggerRunSettings>
  <DataCollectionRunSettings>
    <DataCollectors>
      <DataCollector friendlyName="blame" enabled="True">
        <Configuration>
          <ResultsDirectory>C:\Users\ddian\Desktop\090422унит\SmartphoneShop\SmartphoneShop.Tests\bin\Debug\netcoreapp3.1\fine-code-coverage\coverage-tool-output</ResultsDirectory>
        </Configuration>
      </DataCollector>
    </DataCollectors>
  </DataCollectionRunSettings>
</RunSettings>

TpTrace Verbose: 0 : 13232, 1, 2022/11/15, 00:47:53.000, 54089461594, vstest.console.dll, TestRunRequest.ExecuteAsync: Wait for the first run request is over.
TpTrace Verbose: 0 : 13232, 1, 2022/11/15, 00:47:53.001, 54089464331, vstest.console.dll, MulticastDelegateUtilities.SafeInvoke: TestRun.TestRunStart: Invoking callbacks was skipped because there are no subscribers.
TpTrace Verbose: 0 : 13232, 4, 2022/11/15, 00:47:53.001, 54089465095, vstest.console.dll, MulticastDelegateUtilities.SafeInvoke: InternalTestLoggerEvents.SendTestRunStart: Invoking callback 1/1 for Microsoft.VisualStudio.TestPlatform.CommandLine.Internal.ConsoleLogger.TestRunStartHandler, took 0 ms.
TpTrace Verbose: 0 : 13232, 1, 2022/11/15, 00:47:53.002, 54089469252, vstest.console.dll, ParallelProxyExecutionManager: Start execution. Total sources: 1
TpTrace Verbose: 0 : 13232, 1, 2022/11/15, 00:47:53.005, 54089477676, vstest.console.dll, TestRequestSender is acting as server.
TpTrace Verbose: 0 : 13232, 1, 2022/11/15, 00:47:53.007, 54089483526, vstest.console.dll, DataCollectionRequestSender.InitializeCommunication : Initialize communication. 
TpTrace Information: 0 : 13232, 1, 2022/11/15, 00:47:53.018, 54089512534, vstest.console.dll, Listening on Endpoint : 127.0.0.1:53491
TpTrace Verbose: 0 : 13232, 1, 2022/11/15, 00:47:53.036, 54089565715, vstest.console.dll, DotnetDataCollectionLauncher: Adding  --runtimeconfig "C:\Program Files\dotnet\sdk\6.0.402\datacollector.runtimeconfig.json" in args
TpTrace Verbose: 0 : 13232, 1, 2022/11/15, 00:47:53.037, 54089566476, vstest.console.dll, DotnetDataCollectionLauncher: Adding  --depsfile "C:\Program Files\dotnet\sdk\6.0.402\datacollector.deps.json" in args
TpTrace Verbose: 0 : 13232, 1, 2022/11/15, 00:47:53.037, 54089567262, vstest.console.dll, DotnetDataCollectionLauncher: Full path of dotnet.exe is C:\Program Files\dotnet\dotnet.exe
TpTrace Information: 0 : 13232, 1, 2022/11/15, 00:47:53.056, 54089620954, vstest.console.dll, ProxyDataCollectionManager.Initialize: Launched datacollector processId: 8092 port: 53491
TpTrace Information: 0 : 13232, 1, 2022/11/15, 00:47:53.056, 54089621676, vstest.console.dll, ProxyDataCollectionManager.Initialize: waiting for connection with timeout: 90 seconds
TpTrace Verbose: 0 : 13232, 1, 2022/11/15, 00:47:53.056, 54089622142, vstest.console.dll, DataCollectionRequestSender.WaitForRequestHandlerConnection : Waiting for connection with timeout: 90000
TpTrace Information: 0 : 13232, 5, 2022/11/15, 00:47:53.230, 54090116510, vstest.console.dll, Using the buffer size of 16384 bytes
TpTrace Verbose: 0 : 13232, 1, 2022/11/15, 00:47:53.230, 54090116526, vstest.console.dll, SocketCommunicationManager.WaitForClientConnection took: 174 ms, with 90000 ms timeout, and finished with True.
TpTrace Information: 0 : 13232, 5, 2022/11/15, 00:47:53.231, 54090117102, vstest.console.dll, Accepted Client request and set the flag
TpTrace Verbose: 0 : 13232, 1, 2022/11/15, 00:47:53.231, 54090117662, vstest.console.dll, ProxyDataCollectionManager.InvokeDataCollectionServiceAction: Starting.
TpTrace Information: 0 : 13232, 1, 2022/11/15, 00:47:53.231, 54090118394, vstest.console.dll, ProxyDataCollectionManager.BeforeTestRunStart: Get environment variable and port for datacollector processId: 8092 port: 53491
TpTrace Verbose: 0 : 13232, 1, 2022/11/15, 00:47:53.231, 54090119068, vstest.console.dll, DataCollectionRequestSender.SendBeforeTestRunStartAndGetResult: Send BeforeTestRunStart message with settingsXml <RunSettings><RunConfiguration><ResultsDirectory>C:\Users\ddian\Desktop\090422унит\SmartphoneShop\SmartphoneShop.Tests\bin\Debug\netcoreapp3.1\fine-code-coverage\coverage-tool-output</ResultsDirectory><TargetPlatform>X64</TargetPlatform><TargetFrameworkVersion>.NETCoreApp,Version=v3.1</TargetFrameworkVersion><DesignMode>False</DesignMode><CollectSourceInformation>False</CollectSourceInformation><TestAdaptersPaths>C:\Program Files\dotnet\sdk\6.0.402\Extensions</TestAdaptersPaths></RunConfiguration><LoggerRunSettings><Loggers><Logger friendlyName="blame" enabled="True" /><Logger friendlyName="Console" uri="logger://microsoft/TestPlatform/ConsoleLogger/v1" assemblyQualifiedName="Microsoft.VisualStudio.TestPlatform.CommandLine.Internal.ConsoleLogger, vstest.console, Version=15.0.0.0, Culture=neutral, PublicKeyToken=b03f5f7f11d50a3a" codeBase="C:\Program Files\dotnet\sdk\6.0.402\vstest.console.dll" enabled="True" /></Loggers></LoggerRunSettings><DataCollectionRunSettings><DataCollectors><DataCollector friendlyName="blame" enabled="True"><Configuration><ResultsDirectory>C:\Users\ddian\Desktop\090422унит\SmartphoneShop\SmartphoneShop.Tests\bin\Debug\netcoreapp3.1\fine-code-coverage\coverage-tool-output</ResultsDirectory></Configuration></DataCollector></DataCollectors></DataCollectionRunSettings></RunSettings> and sources System.Collections.Generic.List`1[System.String]: 
TpTrace Verbose: 0 : 13232, 1, 2022/11/15, 00:47:53.329, 54090396804, vstest.console.dll, DataCollectionRequestSender.SendBeforeTestRunStartAndGetResult: Received message: (DataCollection.SendMessage) -> {"MessageType":"DataCollection.SendMessage","Payload":{"FriendlyName":null,"Uri":null,"TestCaseId":"00000000-0000-0000-0000-000000000000","Message":"Logging DataCollector Diagnostics in file: C:\\Users\\ddian\\Desktop\\090422унит\\SmartphoneShop\\SmartphoneShop.Tests\\bin\\Debug\\netcoreapp3.1\\fine-code-coverage\\coverage-tool-output\\diagnostics.datacollector.22-11-15_00-47-53_03640_1.log","Level":0}}
TpTrace Verbose: 0 : 13232, 1, 2022/11/15, 00:47:53.398, 54090590440, vstest.console.dll, DataCollectionRequestSender.SendBeforeTestRunStartAndGetResult: Received message: (DataCollection.BeforeTestRunStartResult) -> {"MessageType":"DataCollection.BeforeTestRunStartResult","Payload":{"EnvironmentVariables":{},"DataCollectionEventsPort":53493}}
TpTrace Information: 0 : 13232, 1, 2022/11/15, 00:47:53.404, 54090608434, vstest.console.dll, ProxyDataCollectionManager.BeforeTestRunStart: SendBeforeTestRunStartAndGetResult successful, env variable from datacollector:   and testhost port: 53493
TpTrace Information: 0 : 13232, 1, 2022/11/15, 00:47:53.404, 54090608987, vstest.console.dll, ProxyDataCollectionManager.InvokeDataCollectionServiceAction: Completed.
TpTrace Verbose: 0 : 13232, 7, 2022/11/15, 00:47:53.404, 54090609449, vstest.console.dll, ParallelProxyExecutionManager: Execution started. Started clients: 1
TpTrace Verbose: 0 : 13232, 1, 2022/11/15, 00:47:53.404, 54090609671, vstest.console.dll, ProxyParallelExecutionManager: No sources available for execution.
TpTrace Information: 0 : 13232, 1, 2022/11/15, 00:47:53.405, 54090610180, vstest.console.dll, TestRunRequest.ExecuteAsync: Started.
TpTrace Verbose: 0 : 13232, 1, 2022/11/15, 00:47:53.405, 54090610693, vstest.console.dll, TestRunRequest.WaitForCompletion: Waiting with timeout -1.
TpTrace Verbose: 0 : 13232, 7, 2022/11/15, 00:47:53.405, 54090610805, vstest.console.dll, TestRunRequest:SendTestRunMessage: Starting.
TpTrace Verbose: 0 : 13232, 7, 2022/11/15, 00:47:53.405, 54090611505, vstest.console.dll, MulticastDelegateUtilities.SafeInvoke: TestRun.LogMessages: Invoking callback 1/1 for Microsoft.VisualStudio.TestPlatform.CommandLine.TestRunResultAggregator.TestRunMessageHandler, took 0 ms.
TpTrace Verbose: 0 : 13232, 4, 2022/11/15, 00:47:53.405, 54090611510, vstest.console.dll, MulticastDelegateUtilities.SafeInvoke: InternalTestLoggerEvents.SendTestRunMessage: Invoking callback 1/1 for Microsoft.VisualStudio.TestPlatform.CommandLine.Internal.ConsoleLogger.TestMessageHandler, took 0 ms.
TpTrace Information: 0 : 13232, 7, 2022/11/15, 00:47:53.405, 54090611752, vstest.console.dll, TestRunRequest:SendTestRunMessage: Completed.
TpTrace Verbose: 0 : 13232, 7, 2022/11/15, 00:47:53.405, 54090612744, vstest.console.dll, ProxyExecutionManager: Test host is always Lazy initialize.
TpTrace Verbose: 0 : 13232, 7, 2022/11/15, 00:47:53.406, 54090613515, vstest.console.dll, TestRequestSender.InitializeCommunication: initialize communication. 
TpTrace Information: 0 : 13232, 7, 2022/11/15, 00:47:53.406, 54090614926, vstest.console.dll, SocketServer.Start: Listening on endpoint : 127.0.0.1:53494
TpTrace Verbose: 0 : 13232, 7, 2022/11/15, 00:47:53.407, 54090616770, vstest.console.dll, DotnetTestHostmanager.GetTestHostProcessStartInfo: Platform environment 'X64' target architecture 'X64' framework '.NETCoreApp,Version=v3.1' OS 'Windows'
TpTrace Verbose: 0 : 13232, 7, 2022/11/15, 00:47:53.407, 54090617496, vstest.console.dll, DotnetTestHostmanager: Adding  --runtimeconfig "C:\Users\ddian\Desktop\090422унит\SmartphoneShop\SmartphoneShop.Tests\bin\Debug\netcoreapp3.1\fine-code-coverage\build-output\SmartphoneShop.Tests.runtimeconfig.json" in args
TpTrace Verbose: 0 : 13232, 7, 2022/11/15, 00:47:53.407, 54090618235, vstest.console.dll, DotnetTestHostmanager: Adding  --depsfile "C:\Users\ddian\Desktop\090422унит\SmartphoneShop\SmartphoneShop.Tests\bin\Debug\netcoreapp3.1\fine-code-coverage\build-output\SmartphoneShop.Tests.deps.json" in args
TpTrace Verbose: 0 : 13232, 7, 2022/11/15, 00:47:53.408, 54090619652, vstest.console.dll, DotnetTestHostmanager.IsWinOnArm: Current PROCESSOR_ARCHITECTURE from environment variable 'AMD64'
TpTrace Verbose: 0 : 13232, 7, 2022/11/15, 00:47:53.408, 54090620348, vstest.console.dll, DotnetTestHostmanager.IsWinOnArm: Is Windows on ARM 'False'
TpTrace Verbose: 0 : 13232, 7, 2022/11/15, 00:47:53.408, 54090621167, vstest.console.dll, DotnetTestHostManager: testhost.exe found at path: C:\Users\ddian\Desktop\090422унит\SmartphoneShop\SmartphoneShop.Tests\bin\Debug\netcoreapp3.1\fine-code-coverage\build-output\testhost.exe
TpTrace Verbose: 0 : 13232, 7, 2022/11/15, 00:47:53.409, 54090621675, vstest.console.dll, DotnetTestHostmanager: Full path of host exe is C:\Users\ddian\Desktop\090422унит\SmartphoneShop\SmartphoneShop.Tests\bin\Debug\netcoreapp3.1\fine-code-coverage\build-output\testhost.exe
TpTrace Verbose: 0 : 13232, 7, 2022/11/15, 00:47:53.409, 54090622802, vstest.console.dll, DotnetTestHostmanager.LaunchTestHostAsync: Found 'VSTEST_WINAPPHOST_DOTNET_ROOT' in env variables, value 'C:\Program Files\dotnet', forwarding to 'DOTNET_ROOT'
TpTrace Verbose: 0 : 13232, 7, 2022/11/15, 00:47:53.409, 54090623694, vstest.console.dll, DotnetTestHostManager: Starting process 'C:\Users\ddian\Desktop\090422унит\SmartphoneShop\SmartphoneShop.Tests\bin\Debug\netcoreapp3.1\fine-code-coverage\build-output\testhost.exe' with command line ' --runtimeconfig "C:\Users\ddian\Desktop\090422унит\SmartphoneShop\SmartphoneShop.Tests\bin\Debug\netcoreapp3.1\fine-code-coverage\build-output\SmartphoneShop.Tests.runtimeconfig.json" --depsfile "C:\Users\ddian\Desktop\090422унит\SmartphoneShop\SmartphoneShop.Tests\bin\Debug\netcoreapp3.1\fine-code-coverage\build-output\SmartphoneShop.Tests.deps.json" --port 53494 --endpoint 127.0.0.1:053494 --role client --parentprocessid 13232 --diag "C:\Users\ddian\Desktop\090422унит\SmartphoneShop\SmartphoneShop.Tests\bin\Debug\netcoreapp3.1\fine-code-coverage\coverage-tool-output\diagnostics.host.22-11-15_00-47-53_40713_7.log" --tracelevel 4 --datacollectionport 53493 --telemetryoptedin false'
TpTrace Verbose: 0 : 13232, 7, 2022/11/15, 00:47:53.418, 54090647665, vstest.console.dll, MulticastDelegateUtilities.SafeInvoke: HostProviderEvents.OnHostLaunched: Invoking callback 1/2 for Microsoft.VisualStudio.TestPlatform.CrossPlatEngine.Client.ProxyExecutionManagerWithDataCollection.TestHostLaunchedHandler, took 1 ms.
TpTrace Verbose: 0 : 13232, 7, 2022/11/15, 00:47:53.418, 54090648485, vstest.console.dll, Test Runtime launched
TpTrace Verbose: 0 : 13232, 7, 2022/11/15, 00:47:53.418, 54090648788, vstest.console.dll, MulticastDelegateUtilities.SafeInvoke: HostProviderEvents.OnHostLaunched: Invoking callback 2/2 for Microsoft.VisualStudio.TestPlatform.CrossPlatEngine.Client.ProxyOperationManager.TestHostManagerHostLaunched, took 0 ms.
TpTrace Verbose: 0 : 13232, 7, 2022/11/15, 00:47:53.418, 54090649397, vstest.console.dll, TestRequestSender.WaitForRequestHandlerConnection: waiting for connection with timeout: 90000.
TpTrace Verbose: 0 : 13232, 7, 2022/11/15, 00:47:53.614, 54091204757, vstest.console.dll, TestRequestSender.WaitForRequestHandlerConnection: waiting took 195 ms, with timeout 90000 ms, and result 0, which is success.
TpTrace Verbose: 0 : 13232, 12, 2022/11/15, 00:47:53.616, 54091208842, vstest.console.dll, MulticastDelegateUtilities.SafeInvoke: SocketServer: ClientConnected: Invoking callback 1/1 for Microsoft.VisualStudio.TestPlatform.CommunicationUtilities.TestRequestSender.<InitializeCommunication>b__24_0, took 1 ms.
TpTrace Verbose: 0 : 13232, 7, 2022/11/15, 00:47:53.616, 54091208702, vstest.console.dll, TestRequestSender.CheckVersionWithTestHost: Sending check version message: {"MessageType":"ProtocolVersion","Payload":7}
TpTrace Verbose: 0 : 13232, 12, 2022/11/15, 00:47:53.616, 54091209911, vstest.console.dll, SocketServer.OnClientConnected: Client connected for endPoint: 127.0.0.1:53494, starting MessageLoopAsync:
TpTrace Verbose: 0 : 13232, 12, 2022/11/15, 00:47:53.616, 54091211013, vstest.console.dll, TcpClientExtensions.MessageLoopAsync: Polling on remoteEndPoint: 127.0.0.1:53495 localEndPoint: 127.0.0.1:53494
TpTrace Verbose: 0 : 13232, 12, 2022/11/15, 00:47:53.784, 54091685261, vstest.console.dll, TcpClientExtensions.MessageLoopAsync: NotifyDataAvailable remoteEndPoint: 127.0.0.1:53495 localEndPoint: 127.0.0.1:53494
TpTrace Verbose: 0 : 13232, 12, 2022/11/15, 00:47:53.784, 54091686356, vstest.console.dll, TestRequestSender.CheckVersionWithTestHost: onMessageReceived received message: (ProtocolVersion) -> {"MessageType":"ProtocolVersion","Payload":5}
TpTrace Verbose: 0 : 13232, 12, 2022/11/15, 00:47:53.785, 54091688351, vstest.console.dll, MulticastDelegateUtilities.SafeInvoke: LengthPrefixCommunicationChannel: MessageReceived: Invoking callback 1/1 for Microsoft.VisualStudio.TestPlatform.CommunicationUtilities.TestRequestSender+<>c__DisplayClass26_0.<CheckVersionWithTestHost>b__0, took 0 ms.
TpTrace Verbose: 0 : 13232, 7, 2022/11/15, 00:47:53.785, 54091688612, vstest.console.dll, TestPluginCache.GetExtensionPaths: Filtered extension paths: 
TpTrace Verbose: 0 : 13232, 7, 2022/11/15, 00:47:53.785, 54091689102, vstest.console.dll, TestPluginCache.GetExtensionPaths: Added default extension paths: C:\Program Files\dotnet\sdk\6.0.402\Extensions\Microsoft.Diagnostics.NETCore.Client.dll
C:\Program Files\dotnet\sdk\6.0.402\Extensions\Microsoft.TestPlatform.Extensions.BlameDataCollector.dll
C:\Program Files\dotnet\sdk\6.0.402\Extensions\Microsoft.TestPlatform.Extensions.EventLogCollector.dll
C:\Program Files\dotnet\sdk\6.0.402\Extensions\Microsoft.TestPlatform.TestHostRuntimeProvider.dll
C:\Program Files\dotnet\sdk\6.0.402\Extensions\Microsoft.VisualStudio.TestPlatform.Extensions.Html.TestLogger.dll
C:\Program Files\dotnet\sdk\6.0.402\Extensions\Microsoft.VisualStudio.TestPlatform.Extensions.Trx.TestLogger.dll
TpTrace Verbose: 0 : 13232, 12, 2022/11/15, 00:47:53.785, 54091689168, vstest.console.dll, TcpClientExtensions.MessageLoopAsync: Polling on remoteEndPoint: 127.0.0.1:53495 localEndPoint: 127.0.0.1:53494
TpTrace Verbose: 0 : 13232, 7, 2022/11/15, 00:47:53.785, 54091689503, vstest.console.dll, TestPluginCache.GetExtensionPaths: Added unfilterableExtensionPaths: 
TpTrace Verbose: 0 : 13232, 7, 2022/11/15, 00:47:53.790, 54091703611, vstest.console.dll, TestRequestSender.InitializeExecution: Sending initialize execution with message: {"Version":5,"MessageType":"TestExecution.Initialize","Payload":["C:\\Users\\ddian\\Desktop\\090422унит\\SmartphoneShop\\SmartphoneShop.Tests\\bin\\Debug\\netcoreapp3.1\\fine-code-coverage\\build-output\\NUnit3.TestAdapter.dll"]}
TpTrace Warning: 0 : 13232, 7, 2022/11/15, 00:47:53.791, 54091705695, vstest.console.dll, InferRunSettingsHelper.MakeRunsettingsCompatible: Removing the following settings: TargetPlatform from RunSettings file. To use those settings please move to latest version of Microsoft.NET.Test.Sdk
TpTrace Verbose: 0 : 13232, 12, 2022/11/15, 00:47:53.796, 54091721281, vstest.console.dll, TcpClientExtensions.MessageLoopAsync: NotifyDataAvailable remoteEndPoint: 127.0.0.1:53495 localEndPoint: 127.0.0.1:53494
TpTrace Verbose: 0 : 13232, 12, 2022/11/15, 00:47:53.797, 54091722003, vstest.console.dll, TestRequestSender.OnExecutionMessageReceived: Received message: {"Version":5,"MessageType":"TestSession.Message","Payload":{"MessageLevel":0,"Message":"Logging TestHost Diagnostics in file: C:\\Users\\ddian\\Desktop\\090422унит\\SmartphoneShop\\SmartphoneShop.Tests\\bin\\Debug\\netcoreapp3.1\\fine-code-coverage\\coverage-tool-output\\diagnostics.host.22-11-15_00-47-53_40713_7.log"}}
TpTrace Verbose: 0 : 13232, 12, 2022/11/15, 00:47:53.800, 54091731044, vstest.console.dll, TestRunRequest:SendTestRunMessage: Starting.
TpTrace Verbose: 0 : 13232, 12, 2022/11/15, 00:47:53.800, 54091731827, vstest.console.dll, MulticastDelegateUtilities.SafeInvoke: TestRun.LogMessages: Invoking callback 1/1 for Microsoft.VisualStudio.TestPlatform.CommandLine.TestRunResultAggregator.TestRunMessageHandler, took 0 ms.
TpTrace Verbose: 0 : 13232, 4, 2022/11/15, 00:47:53.800, 54091731860, vstest.console.dll, MulticastDelegateUtilities.SafeInvoke: InternalTestLoggerEvents.SendTestRunMessage: Invoking callback 1/1 for Microsoft.VisualStudio.TestPlatform.CommandLine.Internal.ConsoleLogger.TestMessageHandler, took 0 ms.
TpTrace Information: 0 : 13232, 12, 2022/11/15, 00:47:53.800, 54091732259, vstest.console.dll, TestRunRequest:SendTestRunMessage: Completed.
TpTrace Verbose: 0 : 13232, 12, 2022/11/15, 00:47:53.801, 54091733357, vstest.console.dll, MulticastDelegateUtilities.SafeInvoke: LengthPrefixCommunicationChannel: MessageReceived: Invoking callback 1/1 for Microsoft.VisualStudio.TestPlatform.CommunicationUtilities.TestRequestSender+<>c__DisplayClass31_0.<StartTestRun>b__1, took 4 ms.
TpTrace Verbose: 0 : 13232, 12, 2022/11/15, 00:47:53.801, 54091733746, vstest.console.dll, TcpClientExtensions.MessageLoopAsync: Polling on remoteEndPoint: 127.0.0.1:53495 localEndPoint: 127.0.0.1:53494
TpTrace Verbose: 0 : 13232, 7, 2022/11/15, 00:47:53.805, 54091744707, vstest.console.dll, TestRequestSender.StartTestRun: Sending test run with message: {"Version":5,"MessageType":"TestExecution.StartWithSources","Payload":{"AdapterSourceMap":{"_none_":["C:\\Users\\ddian\\Desktop\\090422унит\\SmartphoneShop\\SmartphoneShop.Tests\\bin\\Debug\\netcoreapp3.1\\fine-code-coverage\\build-output\\SmartphoneShop.Tests.dll"]},"RunSettings":"<RunSettings>\r\n  <RunConfiguration>\r\n    <ResultsDirectory>C:\\Users\\ddian\\Desktop\\090422унит\\SmartphoneShop\\SmartphoneShop.Tests\\bin\\Debug\\netcoreapp3.1\\fine-code-coverage\\coverage-tool-output</ResultsDirectory>\r\n    <TargetFrameworkVersion>.NETCoreApp,Version=v3.1</TargetFrameworkVersion>\r\n    <DesignMode>False</DesignMode>\r\n    <CollectSourceInformation>False</CollectSourceInformation>\r\n  </RunConfiguration>\r\n  <LoggerRunSettings>\r\n    <Loggers>\r\n      <Logger friendlyName=\"blame\" enabled=\"True\" />\r\n      <Logger friendlyName=\"Console\" uri=\"logger://microsoft/TestPlatform/ConsoleLogger/v1\" assemblyQualifiedName=\"Microsoft.VisualStudio.TestPlatform.CommandLine.Internal.ConsoleLogger, vstest.console, Version=15.0.0.0, Culture=neutral, PublicKeyToken=b03f5f7f11d50a3a\" codeBase=\"C:\\Program Files\\dotnet\\sdk\\6.0.402\\vstest.console.dll\" enabled=\"True\" />\r\n    </Loggers>\r\n  </LoggerRunSettings>\r\n  <DataCollectionRunSettings>\r\n    <DataCollectors>\r\n      <DataCollector friendlyName=\"blame\" enabled=\"True\">\r\n        <Configuration>\r\n          <ResultsDirectory>C:\\Users\\ddian\\Desktop\\090422унит\\SmartphoneShop\\SmartphoneShop.Tests\\bin\\Debug\\netcoreapp3.1\\fine-code-coverage\\coverage-tool-output</ResultsDirectory>\r\n        </Configuration>\r\n      </DataCollector>\r\n    </DataCollectors>\r\n  </DataCollectionRunSettings>\r\n</RunSettings>","TestExecutionContext":{"FrequencyOfRunStatsChangeEvent":10,"RunStatsChangeEventTimeout":"00:00:01.5000000","InIsolation":false,"KeepAlive":false,"AreTestCaseLevelEventsRequired":false,"IsDebug":false,"TestCaseFilter":null,"FilterOptions":null},"Package":null}}
TpTrace Verbose: 0 : 13232, 12, 2022/11/15, 00:47:54.037, 54092403829, vstest.console.dll, TcpClientExtensions.MessageLoopAsync: NotifyDataAvailable remoteEndPoint: 127.0.0.1:53495 localEndPoint: 127.0.0.1:53494
TpTrace Verbose: 0 : 13232, 12, 2022/11/15, 00:47:54.037, 54092404657, vstest.console.dll, TestRequestSender.OnExecutionMessageReceived: Received message: {"Version":5,"MessageType":"TestSession.Message","Payload":{"MessageLevel":0,"Message":"NUnit Adapter 3.17.0.0: Test execution started"}}
TpTrace Verbose: 0 : 13232, 12, 2022/11/15, 00:47:54.038, 54092405582, vstest.console.dll, TestRunRequest:SendTestRunMessage: Starting.
TpTrace Verbose: 0 : 13232, 12, 2022/11/15, 00:47:54.038, 54092406100, vstest.console.dll, MulticastDelegateUtilities.SafeInvoke: TestRun.LogMessages: Invoking callback 1/1 for Microsoft.VisualStudio.TestPlatform.CommandLine.TestRunResultAggregator.TestRunMessageHandler, took 0 ms.
TpTrace Verbose: 0 : 13232, 4, 2022/11/15, 00:47:54.038, 54092406352, vstest.console.dll, MulticastDelegateUtilities.SafeInvoke: InternalTestLoggerEvents.SendTestRunMessage: Invoking callback 1/1 for Microsoft.VisualStudio.TestPlatform.CommandLine.Internal.ConsoleLogger.TestMessageHandler, took 0 ms.
TpTrace Information: 0 : 13232, 12, 2022/11/15, 00:47:54.038, 54092406489, vstest.console.dll, TestRunRequest:SendTestRunMessage: Completed.
TpTrace Verbose: 0 : 13232, 12, 2022/11/15, 00:47:54.038, 54092407707, vstest.console.dll, MulticastDelegateUtilities.SafeInvoke: LengthPrefixCommunicationChannel: MessageReceived: Invoking callback 1/1 for Microsoft.VisualStudio.TestPlatform.CommunicationUtilities.TestRequestSender+<>c__DisplayClass31_0.<StartTestRun>b__1, took 1 ms.
TpTrace Verbose: 0 : 13232, 12, 2022/11/15, 00:47:54.039, 54092408126, vstest.console.dll, TcpClientExtensions.MessageLoopAsync: Polling on remoteEndPoint: 127.0.0.1:53495 localEndPoint: 127.0.0.1:53494
TpTrace Verbose: 0 : 13232, 12, 2022/11/15, 00:47:54.092, 54092559505, vstest.console.dll, TcpClientExtensions.MessageLoopAsync: NotifyDataAvailable remoteEndPoint: 127.0.0.1:53495 localEndPoint: 127.0.0.1:53494
TpTrace Verbose: 0 : 13232, 12, 2022/11/15, 00:47:54.092, 54092560383, vstest.console.dll, TestRequestSender.OnExecutionMessageReceived: Received message: {"Version":5,"MessageType":"TestSession.Message","Payload":{"MessageLevel":0,"Message":"Running all tests in C:\\Users\\ddian\\Desktop\\090422унит\\SmartphoneShop\\SmartphoneShop.Tests\\bin\\Debug\\netcoreapp3.1\\fine-code-coverage\\build-output\\SmartphoneShop.Tests.dll"}}
TpTrace Verbose: 0 : 13232, 12, 2022/11/15, 00:47:54.092, 54092561026, vstest.console.dll, TestRunRequest:SendTestRunMessage: Starting.
TpTrace Verbose: 0 : 13232, 12, 2022/11/15, 00:47:54.093, 54092561453, vstest.console.dll, MulticastDelegateUtilities.SafeInvoke: TestRun.LogMessages: Invoking callback 1/1 for Microsoft.VisualStudio.TestPlatform.CommandLine.TestRunResultAggregator.TestRunMessageHandler, took 0 ms.
TpTrace Information: 0 : 13232, 12, 2022/11/15, 00:47:54.093, 54092561792, vstest.console.dll, TestRunRequest:SendTestRunMessage: Completed.
TpTrace Verbose: 0 : 13232, 12, 2022/11/15, 00:47:54.093, 54092562142, vstest.console.dll, MulticastDelegateUtilities.SafeInvoke: LengthPrefixCommunicationChannel: MessageReceived: Invoking callback 1/1 for Microsoft.VisualStudio.TestPlatform.CommunicationUtilities.TestRequestSender+<>c__DisplayClass31_0.<StartTestRun>b__1, took 0 ms.
TpTrace Verbose: 0 : 13232, 12, 2022/11/15, 00:47:54.093, 54092562547, vstest.console.dll, TcpClientExtensions.MessageLoopAsync: Polling on remoteEndPoint: 127.0.0.1:53495 localEndPoint: 127.0.0.1:53494
TpTrace Verbose: 0 : 13232, 4, 2022/11/15, 00:47:54.093, 54092561984, vstest.console.dll, MulticastDelegateUtilities.SafeInvoke: InternalTestLoggerEvents.SendTestRunMessage: Invoking callback 1/1 for Microsoft.VisualStudio.TestPlatform.CommandLine.Internal.ConsoleLogger.TestMessageHandler, took 0 ms.
TpTrace Verbose: 0 : 13232, 12, 2022/11/15, 00:47:54.309, 54093175396, vstest.console.dll, TcpClientExtensions.MessageLoopAsync: NotifyDataAvailable remoteEndPoint: 127.0.0.1:53495 localEndPoint: 127.0.0.1:53494
TpTrace Verbose: 0 : 13232, 12, 2022/11/15, 00:47:54.310, 54093176560, vstest.console.dll, TestRequestSender.OnExecutionMessageReceived: Received message: {"Version":5,"MessageType":"TestSession.Message","Payload":{"MessageLevel":0,"Message":"   NUnit3TestExecutor discovered 17 of 17 NUnit test cases"}}
TpTrace Verbose: 0 : 13232, 12, 2022/11/15, 00:47:54.310, 54093177521, vstest.console.dll, TestRunRequest:SendTestRunMessage: Starting.
TpTrace Verbose: 0 : 13232, 12, 2022/11/15, 00:47:54.310, 54093178109, vstest.console.dll, MulticastDelegateUtilities.SafeInvoke: TestRun.LogMessages: Invoking callback 1/1 for Microsoft.VisualStudio.TestPlatform.CommandLine.TestRunResultAggregator.TestRunMessageHandler, took 0 ms.
TpTrace Verbose: 0 : 13232, 4, 2022/11/15, 00:47:54.310, 54093178160, vstest.console.dll, MulticastDelegateUtilities.SafeInvoke: InternalTestLoggerEvents.SendTestRunMessage: Invoking callback 1/1 for Microsoft.VisualStudio.TestPlatform.CommandLine.Internal.ConsoleLogger.TestMessageHandler, took 0 ms.
TpTrace Information: 0 : 13232, 12, 2022/11/15, 00:47:54.310, 54093178476, vstest.console.dll, TestRunRequest:SendTestRunMessage: Completed.
TpTrace Verbose: 0 : 13232, 12, 2022/11/15, 00:47:54.310, 54093179287, vstest.console.dll, MulticastDelegateUtilities.SafeInvoke: LengthPrefixCommunicationChannel: MessageReceived: Invoking callback 1/1 for Microsoft.VisualStudio.TestPlatform.CommunicationUtilities.TestRequestSender+<>c__DisplayClass31_0.<StartTestRun>b__1, took 1 ms.
TpTrace Verbose: 0 : 13232, 12, 2022/11/15, 00:47:54.311, 54093179720, vstest.console.dll, TcpClientExtensions.MessageLoopAsync: Polling on remoteEndPoint: 127.0.0.1:53495 localEndPoint: 127.0.0.1:53494
TpTrace Verbose: 0 : 13232, 12, 2022/11/15, 00:47:54.496, 54093704984, vstest.console.dll, TcpClientExtensions.MessageLoopAsync: NotifyDataAvailable remoteEndPoint: 127.0.0.1:53495 localEndPoint: 127.0.0.1:53494
TpTrace Verbose: 0 : 13232, 12, 2022/11/15, 00:47:54.496, 54093705910, vstest.console.dll, TestRequestSender.OnExecutionMessageReceived: Received message: {"Version":5,"MessageType":"TestExecution.StatsChange","Payload":{"NewTestResults":[{"TestCase":{"Id":"7607109d-3eef-8c8a-611a-d928e686e613","FullyQualifiedName":"SmartphoneShop.Tests.SmartphoneShopTests.Add_ThrowsExceptionWhenAddingAlreadyAddedPhone","DisplayName":"Add_ThrowsExceptionWhenAddingAlreadyAddedPhone","ExecutorUri":"executor://NUnit3TestExecutor","Source":"C:\\Users\\ddian\\Desktop\\090422унит\\SmartphoneShop\\SmartphoneShop.Tests\\bin\\Debug\\netcoreapp3.1\\fine-code-coverage\\build-output\\SmartphoneShop.Tests.dll","CodeFilePath":null,"LineNumber":0,"Properties":[]},"Attachments":[],"Outcome":1,"ErrorMessage":null,"ErrorStackTrace":null,"DisplayName":"Add_ThrowsExceptionWhenAddingAlreadyAddedPhone","Messages":[],"ComputerName":"DESKTOP-2K4D5J0","Duration":"00:00:00.0261180","StartTime":"2022-11-14T22:47:54.3485564+00:00","EndTime":"2022-11-14T22:47:54.3745421+00:00","Properties":[]},{"TestCase":{"Id":"0e7afb50-81d0-bc77-defd-382622495801","FullyQualifiedName":"SmartphoneShop.Tests.SmartphoneShopTests.Add_ThrowsExceptionWhenAddingInFullShop","DisplayName":"Add_ThrowsExceptionWhenAddingInFullShop","ExecutorUri":"executor://NUnit3TestExecutor","Source":"C:\\Users\\ddian\\Desktop\\090422унит\\SmartphoneShop\\SmartphoneShop.Tests\\bin\\Debug\\netcoreapp3.1\\fine-code-coverage\\build-output\\SmartphoneShop.Tests.dll","CodeFilePath":null,"LineNumber":0,"Properties":[]},"Attachments":[],"Outcome":1,"ErrorMessage":null,"ErrorStackTrace":null,"DisplayName":"Add_ThrowsExceptionWhenAddingInFullShop","Messages":[],"ComputerName":"DESKTOP-2K4D5J0","Duration":"00:00:00.0007950","StartTime":"2022-11-14T22:47:54.3819731+00:00","EndTime":"2022-11-14T22:47:54.3827665+00:00","Properties":[]},{"TestCase":{"Id":"94345514-9c78-efd3-f515-c29d8c333779","FullyQualifiedName":"SmartphoneShop.Tests.SmartphoneShopTests.Capacity_IsSetCorrectlyWithZeroAndPositiveNumbers(0)","DisplayName":"Capacity_IsSetCorrectlyWithZeroAndPositiveNumbers(0)","ExecutorUri":"executor://NUnit3TestExecutor","Source":"C:\\Users\\ddian\\Desktop\\090422унит\\SmartphoneShop\\SmartphoneShop.Tests\\bin\\Debug\\netcoreapp3.1\\fine-code-coverage\\build-output\\SmartphoneShop.Tests.dll","CodeFilePath":null,"LineNumber":0,"Properties":[]},"Attachments":[],"Outcome":1,"ErrorMessage":null,"ErrorStackTrace":null,"DisplayName":"Capacity_IsSetCorrectlyWithZeroAndPositiveNumbers(0)","Messages":[],"ComputerName":"DESKTOP-2K4D5J0","Duration":"00:00:00.0103570","StartTime":"2022-11-14T22:47:54.3828783+00:00","EndTime":"2022-11-14T22:47:54.3932354+00:00","Properties":[]},{"TestCase":{"Id":"527c837e-9587-1e5e-e40b-9c891822b12b","FullyQualifiedName":"SmartphoneShop.Tests.SmartphoneShopTests.Capacity_IsSetCorrectlyWithZeroAndPositiveNumbers(5)","DisplayName":"Capacity_IsSetCorrectlyWithZeroAndPositiveNumbers(5)","ExecutorUri":"executor://NUnit3TestExecutor","Source":"C:\\Users\\ddian\\Desktop\\090422унит\\SmartphoneShop\\SmartphoneShop.Tests\\bin\\Debug\\netcoreapp3.1\\fine-code-coverage\\build-output\\SmartphoneShop.Tests.dll","CodeFilePath":null,"LineNumber":0,"Properties":[]},"Attachments":[],"Outcome":1,"ErrorMessage":null,"ErrorStackTrace":null,"DisplayName":"Capacity_IsSetCorrectlyWithZeroAndPositiveNumbers(5)","Messages":[],"ComputerName":"DESKTOP-2K4D5J0","Duration":"00:00:00.0001890","StartTime":"2022-11-14T22:47:54.3932601+00:00","EndTime":"2022-11-14T22:47:54.3934487+00:00","Properties":[]},{"TestCase":{"Id":"d4644954-ac9f-c8a3-fdaf-3b6322fed9d7","FullyQualifiedName":"SmartphoneShop.Tests.SmartphoneShopTests.Capacity_IsSetCorrectlyWithZeroAndPositiveNumbers(100)","DisplayName":"Capacity_IsSetCorrectlyWithZeroAndPositiveNumbers(100)","ExecutorUri":"executor://NUnit3TestExecutor","Source":"C:\\Users\\ddian\\Desktop\\090422унит\\SmartphoneShop\\SmartphoneShop.Tests\\bin\\Debug\\netcoreapp3.1\\fine-code-coverage\\build-output\\SmartphoneShop.Tests.dll","CodeFilePath":null,"LineNumber":0,"Properties":[]},"Attachments":[],"Outcome":1,"ErrorMessage":null,"ErrorStackTrace":null,"DisplayName":"Capacity_IsSetCorrectlyWithZeroAndPositiveNumbers(100)","Messages":[],"ComputerName":"DESKTOP-2K4D5J0","Duration":"00:00:00.0000370","StartTime":"2022-11-14T22:47:54.3934575+00:00","EndTime":"2022-11-14T22:47:54.3934946+00:00","Properties":[]},{"TestCase":{"Id":"74cc0575-e3a5-568a-3d8d-7e25cf5b65ae","FullyQualifiedName":"SmartphoneShop.Tests.SmartphoneShopTests.Capacity_IsSetCorrectlyWithZeroAndPositiveNumbers(int.MaxValue)","DisplayName":"Capacity_IsSetCorrectlyWithZeroAndPositiveNumbers(int.MaxValue)","ExecutorUri":"executor://NUnit3TestExecutor","Source":"C:\\Users\\ddian\\Desktop\\090422унит\\SmartphoneShop\\SmartphoneShop.Tests\\bin\\Debug\\netcoreapp3.1\\fine-code-coverage\\build-output\\SmartphoneShop.Tests.dll","CodeFilePath":null,"LineNumber":0,"Properties":[]},"Attachments":[],"Outcome":1,"ErrorMessage":null,"ErrorStackTrace":null,"DisplayName":"Capacity_IsSetCorrectlyWithZeroAndPositiveNumbers(int.MaxValue)","Messages":[],"ComputerName":"DESKTOP-2K4D5J0","Duration":"00:00:00.0000280","StartTime":"2022-11-14T22:47:54.3935002+00:00","EndTime":"2022-11-14T22:47:54.3935277+00:00","Properties":[]},{"TestCase":{"Id":"aa947385-7589-0b69-86e7-2b097e7421d9","FullyQualifiedName":"SmartphoneShop.Tests.SmartphoneShopTests.Capacity_ThrowsExceptionWhenSetToNegativeNumber(-200)","DisplayName":"Capacity_ThrowsExceptionWhenSetToNegativeNumber(-200)","ExecutorUri":"executor://NUnit3TestExecutor","Source":"C:\\Users\\ddian\\Desktop\\090422унит\\SmartphoneShop\\SmartphoneShop.Tests\\bin\\Debug\\netcoreapp3.1\\fine-code-coverage\\build-output\\SmartphoneShop.Tests.dll","CodeFilePath":null,"LineNumber":0,"Properties":[]},"Attachments":[],"Outcome":1,"ErrorMessage":null,"ErrorStackTrace":null,"DisplayName":"Capacity_ThrowsExceptionWhenSetToNegativeNumber(-200)","Messages":[],"ComputerName":"DESKTOP-2K4D5J0","Duration":"00:00:00.0004070","StartTime":"2022-11-14T22:47:54.3950348+00:00","EndTime":"2022-11-14T22:47:54.395441+00:00","Properties":[]},{"TestCase":{"Id":"2cd2755f-37fa-200b-debe-90c24b561504","FullyQualifiedName":"SmartphoneShop.Tests.SmartphoneShopTests.Capacity_ThrowsExceptionWhenSetToNegativeNumber(int.MinValue)","DisplayName":"Capacity_ThrowsExceptionWhenSetToNegativeNumber(int.MinValue)","ExecutorUri":"executor://NUnit3TestExecutor","Source":"C:\\Users\\ddian\\Desktop\\090422унит\\SmartphoneShop\\SmartphoneShop.Tests\\bin\\Debug\\netcoreapp3.1\\fine-code-coverage\\build-output\\SmartphoneShop.Tests.dll","CodeFilePath":null,"LineNumber":0,"Properties":[]},"Attachments":[],"Outcome":1,"ErrorMessage":null,"ErrorStackTrace":null,"DisplayName":"Capacity_ThrowsExceptionWhenSetToNegativeNumber(int.MinValue)","Messages":[],"ComputerName":"DESKTOP-2K4D5J0","Duration":"00:00:00.0001050","StartTime":"2022-11-14T22:47:54.3954561+00:00","EndTime":"2022-11-14T22:47:54.3955605+00:00","Properties":[]},{"TestCase":{"Id":"41cb2017-df33-bb8c-d320-1af7c18f5142","FullyQualifiedName":"SmartphoneShop.Tests.SmartphoneShopTests.ChargePhone_ThrowsExceptionWhenPhoneDoesNotExist","DisplayName":"ChargePhone_ThrowsExceptionWhenPhoneDoesNotExist","ExecutorUri":"executor://NUnit3TestExecutor","Source":"C:\\Users\\ddian\\Desktop\\090422унит\\SmartphoneShop\\SmartphoneShop.Tests\\bin\\Debug\\netcoreapp3.1\\fine-code-coverage\\build-output\\SmartphoneShop.Tests.dll","CodeFilePath":null,"LineNumber":0,"Properties":[]},"Attachments":[],"Outcome":1,"ErrorMessage":null,"ErrorStackTrace":null,"DisplayName":"ChargePhone_ThrowsExceptionWhenPhoneDoesNotExist","Messages":[],"ComputerName":"DESKTOP-2K4D5J0","Duration":"00:00:00.0014710","StartTime":"2022-11-14T22:47:54.3956204+00:00","EndTime":"2022-11-14T22:47:54.3970909+00:00","Properties":[]}],"TestRunStatistics":{"ExecutedTests":9,"Stats":{"Passed":9}},"ActiveTests":[{"Id":"1172a397-4fb1-cdc9-b2a9-e93e9db6f155","FullyQualifiedName":"SmartphoneShop.Tests.SmartphoneShopTests.ChargePhone_WorksProperlyWithExistingPhones","DisplayName":"ChargePhone_WorksProperlyWithExistingPhones","ExecutorUri":"executor://NUnit3TestExecutor","Source":"C:\\Users\\ddian\\Desktop\\090422унит\\SmartphoneShop\\SmartphoneShop.Tests\\bin\\Debug\\netcoreapp3.1\\fine-code-coverage\\build-output\\SmartphoneShop.Tests.dll","CodeFilePath":null,"LineNumber":0,"Properties":[]}]}}
TpTrace Verbose: 0 : 13232, 12, 2022/11/15, 00:47:54.534, 54093812113, vstest.console.dll, TestRunRequest:SendTestRunStatsChange: Starting.
TpTrace Verbose: 0 : 13232, 12, 2022/11/15, 00:47:54.534, 54093813085, vstest.console.dll, InProgress is ChargePhone_WorksProperlyWithExistingPhones
TpTrace Verbose: 0 : 13232, 12, 2022/11/15, 00:47:54.534, 54093814181, vstest.console.dll, MulticastDelegateUtilities.SafeInvoke: TestRun.RunStatsChanged: Invoking callbacks was skipped because there are no subscribers.
TpTrace Information: 0 : 13232, 12, 2022/11/15, 00:47:54.535, 54093814656, vstest.console.dll, TestRunRequest:SendTestRunStatsChange: Completed.
TpTrace Verbose: 0 : 13232, 12, 2022/11/15, 00:47:54.535, 54093814984, vstest.console.dll, MulticastDelegateUtilities.SafeInvoke: LengthPrefixCommunicationChannel: MessageReceived: Invoking callback 1/1 for Microsoft.VisualStudio.TestPlatform.CommunicationUtilities.TestRequestSender+<>c__DisplayClass31_0.<StartTestRun>b__1, took 38 ms.
TpTrace Verbose: 0 : 13232, 12, 2022/11/15, 00:47:54.535, 54093815308, vstest.console.dll, TcpClientExtensions.MessageLoopAsync: Polling on remoteEndPoint: 127.0.0.1:53495 localEndPoint: 127.0.0.1:53494
TpTrace Verbose: 0 : 13232, 4, 2022/11/15, 00:47:54.543, 54093840106, vstest.console.dll, MulticastDelegateUtilities.SafeInvoke: InternalTestLoggerEvents.SendTestResult: Invoking callback 1/1 for Microsoft.VisualStudio.TestPlatform.CommandLine.Internal.ConsoleLogger.TestResultHandler, took 9 ms.
TpTrace Verbose: 0 : 13232, 4, 2022/11/15, 00:47:54.544, 54093840931, vstest.console.dll, MulticastDelegateUtilities.SafeInvoke: InternalTestLoggerEvents.SendTestResult: Invoking callback 1/1 for Microsoft.VisualStudio.TestPlatform.CommandLine.Internal.ConsoleLogger.TestResultHandler, took 0 ms.
TpTrace Verbose: 0 : 13232, 4, 2022/11/15, 00:47:54.544, 54093841356, vstest.console.dll, MulticastDelegateUtilities.SafeInvoke: InternalTestLoggerEvents.SendTestResult: Invoking callback 1/1 for Microsoft.VisualStudio.TestPlatform.CommandLine.Internal.ConsoleLogger.TestResultHandler, took 0 ms.
TpTrace Verbose: 0 : 13232, 4, 2022/11/15, 00:47:54.544, 54093841726, vstest.console.dll, MulticastDelegateUtilities.SafeInvoke: InternalTestLoggerEvents.SendTestResult: Invoking callback 1/1 for Microsoft.VisualStudio.TestPlatform.CommandLine.Internal.ConsoleLogger.TestResultHandler, took 0 ms.
TpTrace Verbose: 0 : 13232, 4, 2022/11/15, 00:47:54.544, 54093842087, vstest.console.dll, MulticastDelegateUtilities.SafeInvoke: InternalTestLoggerEvents.SendTestResult: Invoking callback 1/1 for Microsoft.VisualStudio.TestPlatform.CommandLine.Internal.ConsoleLogger.TestResultHandler, took 0 ms.
TpTrace Verbose: 0 : 13232, 12, 2022/11/15, 00:47:54.544, 54093842125, vstest.console.dll, TcpClientExtensions.MessageLoopAsync: NotifyDataAvailable remoteEndPoint: 127.0.0.1:53495 localEndPoint: 127.0.0.1:53494
TpTrace Verbose: 0 : 13232, 4, 2022/11/15, 00:47:54.544, 54093842485, vstest.console.dll, MulticastDelegateUtilities.SafeInvoke: InternalTestLoggerEvents.SendTestResult: Invoking callback 1/1 for Microsoft.VisualStudio.TestPlatform.CommandLine.Internal.ConsoleLogger.TestResultHandler, took 0 ms.
TpTrace Verbose: 0 : 13232, 12, 2022/11/15, 00:47:54.545, 54093843028, vstest.console.dll, TestRequestSender.OnExecutionMessageReceived: Received message: {"Version":5,"MessageType":"TestSession.Message","Payload":{"MessageLevel":0,"Message":"NUnit Adapter 3.17.0.0: Test execution complete"}}
TpTrace Verbose: 0 : 13232, 4, 2022/11/15, 00:47:54.545, 54093843314, vstest.console.dll, MulticastDelegateUtilities.SafeInvoke: InternalTestLoggerEvents.SendTestResult: Invoking callback 1/1 for Microsoft.VisualStudio.TestPlatform.CommandLine.Internal.ConsoleLogger.TestResultHandler, took 0 ms.
TpTrace Verbose: 0 : 13232, 12, 2022/11/15, 00:47:54.545, 54093843802, vstest.console.dll, TestRunRequest:SendTestRunMessage: Starting.
TpTrace Verbose: 0 : 13232, 4, 2022/11/15, 00:47:54.545, 54093844058, vstest.console.dll, MulticastDelegateUtilities.SafeInvoke: InternalTestLoggerEvents.SendTestResult: Invoking callback 1/1 for Microsoft.VisualStudio.TestPlatform.CommandLine.Internal.ConsoleLogger.TestResultHandler, took 0 ms.
TpTrace Verbose: 0 : 13232, 12, 2022/11/15, 00:47:54.545, 54093844374, vstest.console.dll, MulticastDelegateUtilities.SafeInvoke: TestRun.LogMessages: Invoking callback 1/1 for Microsoft.VisualStudio.TestPlatform.CommandLine.TestRunResultAggregator.TestRunMessageHandler, took 0 ms.
TpTrace Verbose: 0 : 13232, 4, 2022/11/15, 00:47:54.545, 54093844722, vstest.console.dll, MulticastDelegateUtilities.SafeInvoke: InternalTestLoggerEvents.SendTestResult: Invoking callback 1/1 for Microsoft.VisualStudio.TestPlatform.CommandLine.Internal.ConsoleLogger.TestResultHandler, took 0 ms.
TpTrace Information: 0 : 13232, 12, 2022/11/15, 00:47:54.545, 54093844913, vstest.console.dll, TestRunRequest:SendTestRunMessage: Completed.
TpTrace Verbose: 0 : 13232, 12, 2022/11/15, 00:47:54.545, 54093845672, vstest.console.dll, MulticastDelegateUtilities.SafeInvoke: LengthPrefixCommunicationChannel: MessageReceived: Invoking callback 1/1 for Microsoft.VisualStudio.TestPlatform.CommunicationUtilities.TestRequestSender+<>c__DisplayClass31_0.<StartTestRun>b__1, took 0 ms.
TpTrace Verbose: 0 : 13232, 4, 2022/11/15, 00:47:54.545, 54093845706, vstest.console.dll, MulticastDelegateUtilities.SafeInvoke: InternalTestLoggerEvents.SendTestRunMessage: Invoking callback 1/1 for Microsoft.VisualStudio.TestPlatform.CommandLine.Internal.ConsoleLogger.TestMessageHandler, took 0 ms.
TpTrace Verbose: 0 : 13232, 12, 2022/11/15, 00:47:54.546, 54093846016, vstest.console.dll, TcpClientExtensions.MessageLoopAsync: Polling on remoteEndPoint: 127.0.0.1:53495 localEndPoint: 127.0.0.1:53494
TpTrace Verbose: 0 : 13232, 12, 2022/11/15, 00:47:54.568, 54093908851, vstest.console.dll, TcpClientExtensions.MessageLoopAsync: NotifyDataAvailable remoteEndPoint: 127.0.0.1:53495 localEndPoint: 127.0.0.1:53494
TpTrace Verbose: 0 : 13232, 12, 2022/11/15, 00:47:54.568, 54093909846, vstest.console.dll, TestRequestSender.OnExecutionMessageReceived: Received message: {"Version":5,"MessageType":"TestExecution.Completed","Payload":{"TestRunCompleteArgs":{"TestRunStatistics":{"ExecutedTests":17,"Stats":{"Passed":17}},"IsCanceled":false,"IsAborted":false,"Error":null,"AttachmentSets":[],"ElapsedTimeInRunningTests":"00:00:00.5770689","Metrics":{}},"LastRunTests":{"NewTestResults":[{"TestCase":{"Id":"1172a397-4fb1-cdc9-b2a9-e93e9db6f155","FullyQualifiedName":"SmartphoneShop.Tests.SmartphoneShopTests.ChargePhone_WorksProperlyWithExistingPhones","DisplayName":"ChargePhone_WorksProperlyWithExistingPhones","ExecutorUri":"executor://NUnit3TestExecutor","Source":"C:\\Users\\ddian\\Desktop\\090422унит\\SmartphoneShop\\SmartphoneShop.Tests\\bin\\Debug\\netcoreapp3.1\\fine-code-coverage\\build-output\\SmartphoneShop.Tests.dll","CodeFilePath":null,"LineNumber":0,"Properties":[]},"Attachments":[],"Outcome":1,"ErrorMessage":null,"ErrorStackTrace":null,"DisplayName":"ChargePhone_WorksProperlyWithExistingPhones","Messages":[],"ComputerName":"DESKTOP-2K4D5J0","Duration":"00:00:00.0006950","StartTime":"2022-11-14T22:47:54.3971194+00:00","EndTime":"2022-11-14T22:47:54.3978134+00:00","Properties":[]},{"TestCase":{"Id":"f4d25ec5-b523-76a8-bcdb-823bb9b439de","FullyQualifiedName":"SmartphoneShop.Tests.SmartphoneShopTests.Count_DefaultValueIsZero","DisplayName":"Count_DefaultValueIsZero","ExecutorUri":"executor://NUnit3TestExecutor","Source":"C:\\Users\\ddian\\Desktop\\090422унит\\SmartphoneShop\\SmartphoneShop.Tests\\bin\\Debug\\netcoreapp3.1\\fine-code-coverage\\build-output\\SmartphoneShop.Tests.dll","CodeFilePath":null,"LineNumber":0,"Properties":[]},"Attachments":[],"Outcome":1,"ErrorMessage":null,"ErrorStackTrace":null,"DisplayName":"Count_DefaultValueIsZero","Messages":[],"ComputerName":"DESKTOP-2K4D5J0","Duration":"00:00:00.0003530","StartTime":"2022-11-14T22:47:54.3981723+00:00","EndTime":"2022-11-14T22:47:54.3985253+00:00","Properties":[]},{"TestCase":{"Id":"4439ef41-34dc-6889-07ec-5e2db189185a","FullyQualifiedName":"SmartphoneShop.Tests.SmartphoneShopTests.Count_IsIncreasingWhenAddingPhones","DisplayName":"Count_IsIncreasingWhenAddingPhones","ExecutorUri":"executor://NUnit3TestExecutor","Source":"C:\\Users\\ddian\\Desktop\\090422унит\\SmartphoneShop\\SmartphoneShop.Tests\\bin\\Debug\\netcoreapp3.1\\fine-code-coverage\\build-output\\SmartphoneShop.Tests.dll","CodeFilePath":null,"LineNumber":0,"Properties":[]},"Attachments":[],"Outcome":1,"ErrorMessage":null,"ErrorStackTrace":null,"DisplayName":"Count_IsIncreasingWhenAddingPhones","Messages":[],"ComputerName":"DESKTOP-2K4D5J0","Duration":"00:00:00.0001990","StartTime":"2022-11-14T22:47:54.3985408+00:00","EndTime":"2022-11-14T22:47:54.3987401+00:00","Properties":[]},{"TestCase":{"Id":"cd478cc4-75fc-8b72-52d4-e4c3ea3488d8","FullyQualifiedName":"SmartphoneShop.Tests.SmartphoneShopTests.Remove_IsRemovingExistingPhones","DisplayName":"Remove_IsRemovingExistingPhones","ExecutorUri":"executor://NUnit3TestExecutor","Source":"C:\\Users\\ddian\\Desktop\\090422унит\\SmartphoneShop\\SmartphoneShop.Tests\\bin\\Debug\\netcoreapp3.1\\fine-code-coverage\\build-output\\SmartphoneShop.Tests.dll","CodeFilePath":null,"LineNumber":0,"Properties":[]},"Attachments":[],"Outcome":1,"ErrorMessage":null,"ErrorStackTrace":null,"DisplayName":"Remove_IsRemovingExistingPhones","Messages":[],"ComputerName":"DESKTOP-2K4D5J0","Duration":"00:00:00.0006140","StartTime":"2022-11-14T22:47:54.3987644+00:00","EndTime":"2022-11-14T22:47:54.3993783+00:00","Properties":[]},{"TestCase":{"Id":"865f385d-07ca-2685-34b9-42be1b223995","FullyQualifiedName":"SmartphoneShop.Tests.SmartphoneShopTests.Remove_ThrowsExceptionWhenPhoneDoesNotExist(\"NonExisting\")","DisplayName":"Remove_ThrowsExceptionWhenPhoneDoesNotExist(\"NonExisting\")","ExecutorUri":"executor://NUnit3TestExecutor","Source":"C:\\Users\\ddian\\Desktop\\090422унит\\SmartphoneShop\\SmartphoneShop.Tests\\bin\\Debug\\netcoreapp3.1\\fine-code-coverage\\build-output\\SmartphoneShop.Tests.dll","CodeFilePath":null,"LineNumber":0,"Properties":[]},"Attachments":[],"Outcome":1,"ErrorMessage":null,"ErrorStackTrace":null,"DisplayName":"Remove_ThrowsExceptionWhenPhoneDoesNotExist(\"NonExisting\")","Messages":[],"ComputerName":"DESKTOP-2K4D5J0","Duration":"00:00:00.0003340","StartTime":"2022-11-14T22:47:54.3994062+00:00","EndTime":"2022-11-14T22:47:54.3997405+00:00","Properties":[]},{"TestCase":{"Id":"6db6cda7-a647-728c-8802-e40e31342097","FullyQualifiedName":"SmartphoneShop.Tests.SmartphoneShopTests.TestPhone_ThrowsExceptionWhenPhoneModelDoesNotExist","DisplayName":"TestPhone_ThrowsExceptionWhenPhoneModelDoesNotExist","ExecutorUri":"executor://NUnit3TestExecutor","Source":"C:\\Users\\ddian\\Desktop\\090422унит\\SmartphoneShop\\SmartphoneShop.Tests\\bin\\Debug\\netcoreapp3.1\\fine-code-coverage\\build-output\\SmartphoneShop.Tests.dll","CodeFilePath":null,"LineNumber":0,"Properties":[]},"Attachments":[],"Outcome":1,"ErrorMessage":null,"ErrorStackTrace":null,"DisplayName":"TestPhone_ThrowsExceptionWhenPhoneModelDoesNotExist","Messages":[],"ComputerName":"DESKTOP-2K4D5J0","Duration":"00:00:00.0012820","StartTime":"2022-11-14T22:47:54.3997888+00:00","EndTime":"2022-11-14T22:47:54.4010701+00:00","Properties":[]},{"TestCase":{"Id":"586dd2da-7abe-1b49-7317-323802888f16","FullyQualifiedName":"SmartphoneShop.Tests.SmartphoneShopTests.TestPhone_ThrowsExceptionWhenWhenBatteryChargeIsLowerThanBatteryUsage","DisplayName":"TestPhone_ThrowsExceptionWhenWhenBatteryChargeIsLowerThanBatteryUsage","ExecutorUri":"executor://NUnit3TestExecutor","Source":"C:\\Users\\ddian\\Desktop\\090422унит\\SmartphoneShop\\SmartphoneShop.Tests\\bin\\Debug\\netcoreapp3.1\\fine-code-coverage\\build-output\\SmartphoneShop.Tests.dll","CodeFilePath":null,"LineNumber":0,"Properties":[]},"Attachments":[],"Outcome":1,"ErrorMessage":null,"ErrorStackTrace":null,"DisplayName":"TestPhone_ThrowsExceptionWhenWhenBatteryChargeIsLowerThanBatteryUsage","Messages":[],"ComputerName":"DESKTOP-2K4D5J0","Duration":"00:00:00.0004820","StartTime":"2022-11-14T22:47:54.4010952+00:00","EndTime":"2022-11-14T22:47:54.4015765+00:00","Properties":[]},{"TestCase":{"Id":"697df739-a3b8-5665-a0d1-3f4d7ab56790","FullyQualifiedName":"SmartphoneShop.Tests.SmartphoneShopTests.TestPhone_WorkingProperlyWhenBatterChargeIsHigherThanBatteryUsage","DisplayName":"TestPhone_WorkingProperlyWhenBatterChargeIsHigherThanBatteryUsage","ExecutorUri":"executor://NUnit3TestExecutor","Source":"C:\\Users\\ddian\\Desktop\\090422унит\\SmartphoneShop\\SmartphoneShop.Tests\\bin\\Debug\\netcoreapp3.1\\fine-code-coverage\\build-output\\SmartphoneShop.Tests.dll","CodeFilePath":null,"LineNumber":0,"Properties":[]},"Attachments":[],"Outcome":1,"ErrorMessage":null,"ErrorStackTrace":null,"DisplayName":"TestPhone_WorkingProperlyWhenBatterChargeIsHigherThanBatteryUsage","Messages":[],"ComputerName":"DESKTOP-2K4D5J0","Duration":"00:00:00.0001950","StartTime":"2022-11-14T22:47:54.4015878+00:00","EndTime":"2022-11-14T22:47:54.4017824+00:00","Properties":[]}],"TestRunStatistics":{"ExecutedTests":17,"Stats":{"Passed":17}},"ActiveTests":[]},"RunAttachments":[],"ExecutorUris":["executor://nunit3testexecutor/"]}}
TpTrace Verbose: 0 : 13232, 12, 2022/11/15, 00:47:54.568, 54093910636, vstest.console.dll, TestRequestSender.EndSession: Sending end session.
TpTrace Verbose: 0 : 13232, 12, 2022/11/15, 00:47:54.569, 54093911574, vstest.console.dll, ProxyOperationManager.Close: waiting for test host to exit for 100 ms
TpTrace Warning: 0 : 13232, 10, 2022/11/15, 00:47:54.607, 54094019676, vstest.console.dll, TestHostManagerCallbacks.ErrorReceivedCallback Test host standard error line: 
TpTrace Verbose: 0 : 13232, 10, 2022/11/15, 00:47:54.618, 54094052496, vstest.console.dll, TestHostProvider.ExitCallBack: Host exited starting callback.
TpTrace Information: 0 : 13232, 10, 2022/11/15, 00:47:54.620, 54094055851, vstest.console.dll, TestHostManagerCallbacks.ExitCallBack: Testhost processId: 11652 exited with exitcode: 0 error: ''
TpTrace Verbose: 0 : 13232, 10, 2022/11/15, 00:47:54.620, 54094056545, vstest.console.dll, DotnetTestHostManager.OnHostExited: invoking OnHostExited callback
TpTrace Verbose: 0 : 13232, 10, 2022/11/15, 00:47:54.620, 54094057016, vstest.console.dll, CrossPlatEngine.TestHostManagerHostExited: calling on client process exit callback.
TpTrace Information: 0 : 13232, 10, 2022/11/15, 00:47:54.620, 54094057430, vstest.console.dll, TestRequestSender.OnClientProcessExit: Test host process exited. Standard error: 
TpTrace Information: 0 : 13232, 12, 2022/11/15, 00:47:54.620, 54094057486, vstest.console.dll, SocketServer.Stop: Stop server endPoint: 127.0.0.1:53494
TpTrace Information: 0 : 13232, 10, 2022/11/15, 00:47:54.620, 54094057820, vstest.console.dll, SocketServer.Stop: Stop server endPoint: 127.0.0.1:53494
TpTrace Information: 0 : 13232, 12, 2022/11/15, 00:47:54.620, 54094058071, vstest.console.dll, SocketServer.Stop: Cancellation requested. Stopping message loop.
TpTrace Information: 0 : 13232, 10, 2022/11/15, 00:47:54.620, 54094058447, vstest.console.dll, SocketServer.Stop: Cancellation requested. Stopping message loop.
TpTrace Information: 0 : 13232, 12, 2022/11/15, 00:47:54.621, 54094058860, vstest.console.dll, Closing the connection
TpTrace Verbose: 0 : 13232, 10, 2022/11/15, 00:47:54.621, 54094059192, vstest.console.dll, MulticastDelegateUtilities.SafeInvoke: HostProviderEvents.OnHostExited: Invoking callback 1/1 for Microsoft.VisualStudio.TestPlatform.CrossPlatEngine.Client.ProxyOperationManager.TestHostManagerHostExited, took 0 ms.
TpTrace Verbose: 0 : 13232, 12, 2022/11/15, 00:47:54.621, 54094059612, vstest.console.dll, ProxyDataCollectionManager.InvokeDataCollectionServiceAction: Starting.
TpTrace Information: 0 : 13232, 12, 2022/11/15, 00:47:54.621, 54094059857, vstest.console.dll, ProxyDataCollectionManager.AfterTestRunEnd: Get attachment set and invoked data collectors processId: 8092 port: 53491
TpTrace Verbose: 0 : 13232, 12, 2022/11/15, 00:47:54.621, 54094060089, vstest.console.dll, DataCollectionRequestSender.SendAfterTestRunStartAndGetResult: Send AfterTestRunEnd message with isCancelled: False
TpTrace Verbose: 0 : 13232, 12, 2022/11/15, 00:47:54.628, 54094078558, vstest.console.dll, DataCollectionRequestSender.SendAfterTestRunStartAndGetResult: Received message: (DataCollection.AfterTestRunEndResult) -> {"MessageType":"DataCollection.AfterTestRunEndResult","Payload":{"AttachmentSets":[],"InvokedDataCollectors":[{"Uri":"datacollector://Microsoft/TestPlatform/Extensions/Blame/v1","FriendlyName":"Blame","AssemblyQualifiedName":"Microsoft.TestPlatform.Extensions.BlameDataCollector.BlameCollector, Microsoft.TestPlatform.Extensions.BlameDataCollector, Version=15.0.0.0, Culture=neutral, PublicKeyToken=b03f5f7f11d50a3a","FilePath":"C:\\Program Files\\dotnet\\sdk\\6.0.402\\Extensions\\Microsoft.TestPlatform.Extensions.BlameDataCollector.dll","HasAttachmentProcessor":false}],"Metrics":{}}}
TpTrace Warning: 0 : 13232, 9, 2022/11/15, 00:47:54.634, 54094095469, vstest.console.dll, DataCollectionLauncher.ErrorReceivedCallback datacollector standard error line: 
TpTrace Information: 0 : 13232, 12, 2022/11/15, 00:47:54.634, 54094096590, vstest.console.dll, ProxyDataCollectionManager.InvokeDataCollectionServiceAction: Completed.
TpTrace Information: 0 : 13232, 11, 2022/11/15, 00:47:54.642, 54094118916, vstest.console.dll, DataCollectionLauncher.ExitCallBack: Data collector exited with exitcode: 0 error: ''
TpTrace Verbose: 0 : 13232, 12, 2022/11/15, 00:47:54.673, 54094207200, vstest.console.dll, TestRunRequest:SendTestRunStatsChange: Starting.
TpTrace Verbose: 0 : 13232, 12, 2022/11/15, 00:47:54.673, 54094207699, vstest.console.dll, MulticastDelegateUtilities.SafeInvoke: TestRun.RunStatsChanged: Invoking callbacks was skipped because there are no subscribers.
TpTrace Verbose: 0 : 13232, 4, 2022/11/15, 00:47:54.673, 54094207848, vstest.console.dll, MulticastDelegateUtilities.SafeInvoke: InternalTestLoggerEvents.SendTestResult: Invoking callback 1/1 for Microsoft.VisualStudio.TestPlatform.CommandLine.Internal.ConsoleLogger.TestResultHandler, took 0 ms.
TpTrace Information: 0 : 13232, 12, 2022/11/15, 00:47:54.673, 54094207958, vstest.console.dll, TestRunRequest:SendTestRunStatsChange: Completed.
TpTrace Verbose: 0 : 13232, 4, 2022/11/15, 00:47:54.673, 54094208288, vstest.console.dll, MulticastDelegateUtilities.SafeInvoke: InternalTestLoggerEvents.SendTestResult: Invoking callback 1/1 for Microsoft.VisualStudio.TestPlatform.CommandLine.Internal.ConsoleLogger.TestResultHandler, took 0 ms.
TpTrace Verbose: 0 : 13232, 4, 2022/11/15, 00:47:54.673, 54094208679, vstest.console.dll, MulticastDelegateUtilities.SafeInvoke: InternalTestLoggerEvents.SendTestResult: Invoking callback 1/1 for Microsoft.VisualStudio.TestPlatform.CommandLine.Internal.ConsoleLogger.TestResultHandler, took 0 ms.
TpTrace Verbose: 0 : 13232, 4, 2022/11/15, 00:47:54.674, 54094208920, vstest.console.dll, MulticastDelegateUtilities.SafeInvoke: InternalTestLoggerEvents.SendTestResult: Invoking callback 1/1 for Microsoft.VisualStudio.TestPlatform.CommandLine.Internal.ConsoleLogger.TestResultHandler, took 0 ms.
TpTrace Verbose: 0 : 13232, 12, 2022/11/15, 00:47:54.674, 54094209134, vstest.console.dll, ParallelProxyExecutionManager: HandlePartialRunComplete: Total completed clients = 1, Run complete = True, Run canceled: False.
TpTrace Verbose: 0 : 13232, 4, 2022/11/15, 00:47:54.674, 54094209150, vstest.console.dll, MulticastDelegateUtilities.SafeInvoke: InternalTestLoggerEvents.SendTestResult: Invoking callback 1/1 for Microsoft.VisualStudio.TestPlatform.CommandLine.Internal.ConsoleLogger.TestResultHandler, took 0 ms.
TpTrace Verbose: 0 : 13232, 4, 2022/11/15, 00:47:54.674, 54094209623, vstest.console.dll, MulticastDelegateUtilities.SafeInvoke: InternalTestLoggerEvents.SendTestResult: Invoking callback 1/1 for Microsoft.VisualStudio.TestPlatform.CommandLine.Internal.ConsoleLogger.TestResultHandler, took 0 ms.
TpTrace Verbose: 0 : 13232, 4, 2022/11/15, 00:47:54.674, 54094209868, vstest.console.dll, MulticastDelegateUtilities.SafeInvoke: InternalTestLoggerEvents.SendTestResult: Invoking callback 1/1 for Microsoft.VisualStudio.TestPlatform.CommandLine.Internal.ConsoleLogger.TestResultHandler, took 0 ms.
TpTrace Verbose: 0 : 13232, 4, 2022/11/15, 00:47:54.674, 54094210093, vstest.console.dll, MulticastDelegateUtilities.SafeInvoke: InternalTestLoggerEvents.SendTestResult: Invoking callback 1/1 for Microsoft.VisualStudio.TestPlatform.CommandLine.Internal.ConsoleLogger.TestResultHandler, took 0 ms.
TpTrace Verbose: 0 : 13232, 4, 2022/11/15, 00:47:54.683, 54094235034, vstest.console.dll, MulticastDelegateUtilities.SafeInvoke: InternalTestLoggerEvents.SendTestRunComplete: Invoking callback 1/2 for Microsoft.TestPlatform.Extensions.BlameDataCollector.BlameLogger.TestRunCompleteHandler, took 0 ms.
TpTrace Verbose: 0 : 13232, 4, 2022/11/15, 00:47:54.688, 54094249834, vstest.console.dll, MulticastDelegateUtilities.SafeInvoke: InternalTestLoggerEvents.SendTestRunComplete: Invoking callback 2/2 for Microsoft.VisualStudio.TestPlatform.CommandLine.Internal.ConsoleLogger.TestRunCompleteHandler, took 5 ms.
TpTrace Verbose: 0 : 13232, 12, 2022/11/15, 00:47:54.688, 54094251362, vstest.console.dll, TestRunRequest:TestRunComplete: Starting. IsAborted:False IsCanceled:False.
TpTrace Verbose: 0 : 13232, 12, 2022/11/15, 00:47:54.690, 54094255306, vstest.console.dll, TestLoggerManager.HandleTestRunComplete: Ignoring as the object is disposed.
TpTrace Verbose: 0 : 13232, 12, 2022/11/15, 00:47:54.690, 54094256212, vstest.console.dll, MulticastDelegateUtilities.SafeInvoke: TestRun.TestRunComplete: Invoking callback 1/2 for Microsoft.VisualStudio.TestPlatform.CommandLine.TestRunResultAggregator.TestRunCompletionHandler, took 0 ms.
TpTrace Verbose: 0 : 13232, 12, 2022/11/15, 00:47:54.690, 54094256646, vstest.console.dll, MulticastDelegateUtilities.SafeInvoke: TestRun.TestRunComplete: Invoking callback 2/2 for Microsoft.VisualStudio.TestPlatform.CommandLine.Processors.RunTestsArgumentExecutor+TestRunRequestEventsRegistrar.TestRunRequest_OnRunCompletion, took 0 ms.
TpTrace Information: 0 : 13232, 12, 2022/11/15, 00:47:54.691, 54094257077, vstest.console.dll, TestRunRequest:TestRunComplete: Completed.
TpTrace Verbose: 0 : 13232, 1, 2022/11/15, 00:47:54.691, 54094257103, vstest.console.dll, TestRunRequest.Dispose: Starting.
TpTrace Verbose: 0 : 13232, 12, 2022/11/15, 00:47:54.691, 54094257331, vstest.console.dll, TestRequestSender.SetOperationComplete: Setting operation complete.
TpTrace Information: 0 : 13232, 1, 2022/11/15, 00:47:54.691, 54094257615, vstest.console.dll, TestRunRequest.Dispose: Completed.
TpTrace Information: 0 : 13232, 12, 2022/11/15, 00:47:54.691, 54094257801, vstest.console.dll, SocketServer.Stop: Stop server endPoint: 127.0.0.1:53494
TpTrace Information: 0 : 13232, 1, 2022/11/15, 00:47:54.691, 54094258035, vstest.console.dll, TestRequestManager.RunTests: run tests completed.
TpTrace Information: 0 : 13232, 12, 2022/11/15, 00:47:54.691, 54094258192, vstest.console.dll, SocketServer.Stop: Cancellation requested. Stopping message loop.
TpTrace Information: 0 : 13232, 1, 2022/11/15, 00:47:54.691, 54094258519, vstest.console.dll, RunTestsArgumentProcessor:Execute: Test run is completed.
TpTrace Verbose: 0 : 13232, 12, 2022/11/15, 00:47:54.691, 54094258600, vstest.console.dll, MulticastDelegateUtilities.SafeInvoke: LengthPrefixCommunicationChannel: MessageReceived: Invoking callback 1/1 for Microsoft.VisualStudio.TestPlatform.CommunicationUtilities.TestRequestSender+<>c__DisplayClass31_0.<StartTestRun>b__1, took 123 ms.
TpTrace Information: 0 : 13232, 12, 2022/11/15, 00:47:54.691, 54094259103, vstest.console.dll, SocketServer.PrivateStop: Stopping server endPoint: 127.0.0.1:53494 error: 
TpTrace Verbose: 0 : 13232, 1, 2022/11/15, 00:47:54.691, 54094259420, vstest.console.dll, Executor.Execute: Exiting with exit code of 0
