TpTrace Verbose: 0 : 18516, 1, 2022/11/27, 16:06:14.330, 6072393931057, vstest.console.dll, Version: 17.3.1 Current process architecture: X64
TpTrace Verbose: 0 : 18516, 1, 2022/11/27, 16:06:14.333, 6072393968355, vstest.console.dll, Runtime location: C:\Program Files\dotnet\shared\Microsoft.NETCore.App\6.0.10
TpTrace Information: 0 : 18516, 1, 2022/11/27, 16:06:14.348, 6072394110859, vstest.console.dll, FilePatternParser: The given file C:\Users\ddian\source\repos\SoftUni\CSharpOOP\UnitTestingExercise\Database\DatabaseExtended.Tests\bin\Debug\netcoreapp3.1\fine-code-coverage\build-output\DatabaseExtended.Tests.dll is a full path.
TpTrace Verbose: 0 : 18516, 1, 2022/11/27, 16:06:14.360, 6072394231290, vstest.console.dll, TestPluginCache.DiscoverTestExtensions: finding test extensions in assemblies ends with: RuntimeProvider.dll TPluginInfo: Microsoft.VisualStudio.TestPlatform.Common.ExtensionFramework.Utilities.TestRuntimePluginInformation TExtension: Microsoft.VisualStudio.TestPlatform.ObjectModel.Host.ITestRuntimeProvider
TpTrace Verbose: 0 : 18516, 1, 2022/11/27, 16:06:14.360, 6072394235652, vstest.console.dll, TestPluginCache.GetExtensionPaths: Filtered extension paths: 
TpTrace Verbose: 0 : 18516, 1, 2022/11/27, 16:06:14.360, 6072394238414, vstest.console.dll, TestPluginCache.GetExtensionPaths: Added default extension paths: C:\Program Files\dotnet\sdk\6.0.402\Extensions\Microsoft.Diagnostics.NETCore.Client.dll
C:\Program Files\dotnet\sdk\6.0.402\Extensions\Microsoft.TestPlatform.Extensions.BlameDataCollector.dll
C:\Program Files\dotnet\sdk\6.0.402\Extensions\Microsoft.TestPlatform.Extensions.EventLogCollector.dll
C:\Program Files\dotnet\sdk\6.0.402\Extensions\Microsoft.TestPlatform.TestHostRuntimeProvider.dll
C:\Program Files\dotnet\sdk\6.0.402\Extensions\Microsoft.VisualStudio.TestPlatform.Extensions.Html.TestLogger.dll
C:\Program Files\dotnet\sdk\6.0.402\Extensions\Microsoft.VisualStudio.TestPlatform.Extensions.Trx.TestLogger.dll
TpTrace Verbose: 0 : 18516, 1, 2022/11/27, 16:06:14.361, 6072394240868, vstest.console.dll, TestPluginCache.GetExtensionPaths: Added unfilterableExtensionPaths: 
TpTrace Information: 0 : 18516, 1, 2022/11/27, 16:06:14.362, 6072394252592, vstest.console.dll, AssemblyResolver.ctor: Creating AssemblyResolver with searchDirectories C:\Program Files\dotnet\sdk\6.0.402\Extensions,C:\Program Files\dotnet\sdk\6.0.402
TpTrace Verbose: 0 : 18516, 1, 2022/11/27, 16:06:14.365, 6072394287334, vstest.console.dll, TestPluginCache.DiscoverTestExtensions: Discovering the extensions using extension path.
TpTrace Verbose: 0 : 18516, 1, 2022/11/27, 16:06:14.366, 6072394290942, vstest.console.dll, TestPluginCache.GetExtensionPaths: Filtered extension paths: 
TpTrace Verbose: 0 : 18516, 1, 2022/11/27, 16:06:14.366, 6072394292602, vstest.console.dll, TestPluginCache.GetExtensionPaths: Added default extension paths: C:\Program Files\dotnet\sdk\6.0.402\Extensions\Microsoft.Diagnostics.NETCore.Client.dll
C:\Program Files\dotnet\sdk\6.0.402\Extensions\Microsoft.TestPlatform.Extensions.BlameDataCollector.dll
C:\Program Files\dotnet\sdk\6.0.402\Extensions\Microsoft.TestPlatform.Extensions.EventLogCollector.dll
C:\Program Files\dotnet\sdk\6.0.402\Extensions\Microsoft.TestPlatform.TestHostRuntimeProvider.dll
C:\Program Files\dotnet\sdk\6.0.402\Extensions\Microsoft.VisualStudio.TestPlatform.Extensions.Html.TestLogger.dll
C:\Program Files\dotnet\sdk\6.0.402\Extensions\Microsoft.VisualStudio.TestPlatform.Extensions.Trx.TestLogger.dll
TpTrace Verbose: 0 : 18516, 1, 2022/11/27, 16:06:14.366, 6072394294132, vstest.console.dll, TestPluginCache.GetExtensionPaths: Added unfilterableExtensionPaths: 
TpTrace Verbose: 0 : 18516, 1, 2022/11/27, 16:06:14.366, 6072394296288, vstest.console.dll, TestPluginCache.DiscoverTestExtensions: Discovering the extensions using allExtensionPaths: C:\Program Files\dotnet\sdk\6.0.402\Extensions\Microsoft.Diagnostics.NETCore.Client.dll
C:\Program Files\dotnet\sdk\6.0.402\Extensions\Microsoft.TestPlatform.Extensions.BlameDataCollector.dll
C:\Program Files\dotnet\sdk\6.0.402\Extensions\Microsoft.TestPlatform.Extensions.EventLogCollector.dll
C:\Program Files\dotnet\sdk\6.0.402\Extensions\Microsoft.TestPlatform.TestHostRuntimeProvider.dll
C:\Program Files\dotnet\sdk\6.0.402\Extensions\Microsoft.VisualStudio.TestPlatform.Extensions.Html.TestLogger.dll
C:\Program Files\dotnet\sdk\6.0.402\Extensions\Microsoft.VisualStudio.TestPlatform.Extensions.Trx.TestLogger.dll
TpTrace Information: 0 : 18516, 1, 2022/11/27, 16:06:14.367, 6072394300137, vstest.console.dll, AssemblyResolver.AddSearchDirectories: Adding more searchDirectories C:\Program Files\dotnet\sdk\6.0.402\Extensions,C:\Program Files\dotnet\sdk\6.0.402
TpTrace Information: 0 : 18516, 1, 2022/11/27, 16:06:14.367, 6072394302236, vstest.console.dll, AssemblyResolver.AddSearchDirectories: Adding more searchDirectories C:\Program Files\dotnet\sdk\6.0.402\Extensions,C:\Program Files\dotnet\sdk\6.0.402
TpTrace Information: 0 : 18516, 1, 2022/11/27, 16:06:14.367, 6072394303918, vstest.console.dll, AssemblyResolver.AddSearchDirectories: Adding more searchDirectories C:\Program Files\dotnet\sdk\6.0.402\Extensions,C:\Program Files\dotnet\sdk\6.0.402
TpTrace Information: 0 : 18516, 1, 2022/11/27, 16:06:14.367, 6072394306216, vstest.console.dll, AssemblyResolver.AddSearchDirectories: Adding more searchDirectories C:\Program Files\dotnet\sdk\6.0.402\Extensions,C:\Program Files\dotnet\sdk\6.0.402
TpTrace Information: 0 : 18516, 1, 2022/11/27, 16:06:14.367, 6072394307830, vstest.console.dll, AssemblyResolver.AddSearchDirectories: Adding more searchDirectories C:\Program Files\dotnet\sdk\6.0.402\Extensions,C:\Program Files\dotnet\sdk\6.0.402
TpTrace Information: 0 : 18516, 1, 2022/11/27, 16:06:14.368, 6072394310058, vstest.console.dll, AssemblyResolver.AddSearchDirectories: Adding more searchDirectories C:\Program Files\dotnet\sdk\6.0.402\Extensions,C:\Program Files\dotnet\sdk\6.0.402
TpTrace Information: 0 : 18516, 1, 2022/11/27, 16:06:14.369, 6072394319963, vstest.console.dll, AssemblyResolver.OnResolve: Microsoft.Diagnostics.NETCore.Client: Resolving assembly.
TpTrace Information: 0 : 18516, 1, 2022/11/27, 16:06:14.369, 6072394326519, vstest.console.dll, AssemblyResolver.OnResolve: Microsoft.Diagnostics.NETCore.Client: Searching in: 'C:\Program Files\dotnet\sdk\6.0.402\Extensions'.
TpTrace Information: 0 : 18516, 1, 2022/11/27, 16:06:14.370, 6072394338504, vstest.console.dll, AssemblyResolver.OnResolve: Microsoft.Diagnostics.NETCore.Client: Loading assembly 'C:\Program Files\dotnet\sdk\6.0.402\Extensions\Microsoft.Diagnostics.NETCore.Client.dll'.
TpTrace Information: 0 : 18516, 1, 2022/11/27, 16:06:14.372, 6072394350156, vstest.console.dll, AssemblyResolver.OnResolve: Resolved assembly: Microsoft.Diagnostics.NETCore.Client, from path: C:\Program Files\dotnet\sdk\6.0.402\Extensions\Microsoft.Diagnostics.NETCore.Client.dll
TpTrace Verbose: 0 : 18516, 1, 2022/11/27, 16:06:14.377, 6072394400507, vstest.console.dll, MetadataReaderExtensionsHelper: Discovering extensions inside assembly 'Microsoft.Diagnostics.NETCore.Client, Version=0.2.5.801, Culture=neutral, PublicKeyToken=31bf3856ad364e35' file path 'C:\Program Files\dotnet\sdk\6.0.402\Extensions\Microsoft.Diagnostics.NETCore.Client.dll'
TpTrace Information: 0 : 18516, 1, 2022/11/27, 16:06:14.397, 6072394604009, vstest.console.dll, AssemblyResolver.OnResolve: Microsoft.Bcl.AsyncInterfaces: Resolving assembly.
TpTrace Information: 0 : 18516, 1, 2022/11/27, 16:06:14.397, 6072394607133, vstest.console.dll, AssemblyResolver.OnResolve: Microsoft.Bcl.AsyncInterfaces: Searching in: 'C:\Program Files\dotnet\sdk\6.0.402\Extensions'.
TpTrace Information: 0 : 18516, 1, 2022/11/27, 16:06:14.398, 6072394610408, vstest.console.dll, AssemblyResolver.OnResolve: Microsoft.Bcl.AsyncInterfaces: Assembly path does not exist: 'C:\Program Files\dotnet\sdk\6.0.402\Extensions\Microsoft.Bcl.AsyncInterfaces.dll', returning.
TpTrace Information: 0 : 18516, 1, 2022/11/27, 16:06:14.398, 6072394612485, vstest.console.dll, AssemblyResolver.OnResolve: Microsoft.Bcl.AsyncInterfaces: Assembly path does not exist: 'C:\Program Files\dotnet\sdk\6.0.402\Extensions\Microsoft.Bcl.AsyncInterfaces.exe', returning.
TpTrace Information: 0 : 18516, 1, 2022/11/27, 16:06:14.398, 6072394614486, vstest.console.dll, AssemblyResolver.OnResolve: Microsoft.Bcl.AsyncInterfaces: Searching in: 'C:\Program Files\dotnet\sdk\6.0.402'.
TpTrace Information: 0 : 18516, 1, 2022/11/27, 16:06:14.398, 6072394616250, vstest.console.dll, AssemblyResolver.OnResolve: Microsoft.Bcl.AsyncInterfaces: Assembly path does not exist: 'C:\Program Files\dotnet\sdk\6.0.402\Microsoft.Bcl.AsyncInterfaces.dll', returning.
TpTrace Information: 0 : 18516, 1, 2022/11/27, 16:06:14.398, 6072394617679, vstest.console.dll, AssemblyResolver.OnResolve: Microsoft.Bcl.AsyncInterfaces: Assembly path does not exist: 'C:\Program Files\dotnet\sdk\6.0.402\Microsoft.Bcl.AsyncInterfaces.exe', returning.
TpTrace Information: 0 : 18516, 1, 2022/11/27, 16:06:14.398, 6072394618861, vstest.console.dll, AssemblyResolver.OnResolve: Microsoft.Bcl.AsyncInterfaces: Failed to load assembly.
TpTrace Verbose: 0 : 18516, 1, 2022/11/27, 16:06:14.399, 6072394621179, vstest.console.dll, CurrentDomainAssemblyResolve: Resolving assembly 'Microsoft.Bcl.AsyncInterfaces'.
TpTrace Information: 0 : 18516, 1, 2022/11/27, 16:06:14.399, 6072394623563, vstest.console.dll, AssemblyResolver.OnResolve: Microsoft.Bcl.AsyncInterfaces: Resolving assembly.
TpTrace Information: 0 : 18516, 1, 2022/11/27, 16:06:14.399, 6072394625308, vstest.console.dll, AssemblyResolver.OnResolve: Microsoft.Bcl.AsyncInterfaces: Resolved from cache.
TpTrace Verbose: 0 : 18516, 1, 2022/11/27, 16:06:14.399, 6072394627007, vstest.console.dll, CurrentDomainAssemblyResolve: Resolving assembly 'Microsoft.Bcl.AsyncInterfaces'.
TpTrace Verbose: 0 : 18516, 1, 2022/11/27, 16:06:14.399, 6072394628768, vstest.console.dll, CurrentDomainAssemblyResolve: Failed to resolve assembly 'Microsoft.Bcl.AsyncInterfaces'.
TpTrace Verbose: 0 : 18516, 1, 2022/11/27, 16:06:14.401, 6072394640279, vstest.console.dll, CurrentDomainAssemblyResolve: Failed to resolve assembly 'Microsoft.Bcl.AsyncInterfaces'.
TpTrace Warning: 0 : 18516, 1, 2022/11/27, 16:06:14.419, 6072394820625, vstest.console.dll, TestPluginDiscoverer: Failed to get types from assembly 'Microsoft.Diagnostics.NETCore.Client, Version=0.2.5.801, Culture=neutral, PublicKeyToken=31bf3856ad364e35'. Error: System.Reflection.ReflectionTypeLoadException: Unable to load one or more of the requested types.
Could not load file or assembly 'Microsoft.Bcl.AsyncInterfaces, Version=1.0.0.0, Culture=neutral, PublicKeyToken=cc7b13ffcd2ddd51'. The system cannot find the file specified.
   at System.Reflection.RuntimeModule.GetTypes(RuntimeModule module)
   at System.Reflection.Assembly.GetTypes()
   at Microsoft.VisualStudio.TestPlatform.Common.ExtensionFramework.TestPluginDiscoverer.GetTestExtensionsFromAssembly[TPluginInfo,TExtension](Assembly assembly, Dictionary`2 pluginInfos, String filePath)
System.IO.FileNotFoundException: Could not load file or assembly 'Microsoft.Bcl.AsyncInterfaces, Version=1.0.0.0, Culture=neutral, PublicKeyToken=cc7b13ffcd2ddd51'. The system cannot find the file specified.
File name: 'Microsoft.Bcl.AsyncInterfaces, Version=1.0.0.0, Culture=neutral, PublicKeyToken=cc7b13ffcd2ddd51'
 ---> System.IO.FileNotFoundException: Could not load file or assembly 'Microsoft.Bcl.AsyncInterfaces, Culture=neutral, PublicKeyToken=null'. The system cannot find the file specified.
File name: 'Microsoft.Bcl.AsyncInterfaces, Culture=neutral, PublicKeyToken=null'
   at System.Reflection.RuntimeAssembly.InternalLoad(ObjectHandleOnStack assemblyName, ObjectHandleOnStack requestingAssembly, StackCrawlMarkHandle stackMark, Boolean throwOnFileNotFound, ObjectHandleOnStack assemblyLoadContext, ObjectHandleOnStack retAssembly)
   at System.Reflection.RuntimeAssembly.InternalLoad(AssemblyName assemblyName, RuntimeAssembly requestingAssembly, StackCrawlMark& stackMark, Boolean throwOnFileNotFound, AssemblyLoadContext assemblyLoadContext)
   at System.Reflection.Assembly.Load(AssemblyName assemblyRef)
   at Microsoft.VisualStudio.TestPlatform.Common.ExtensionFramework.TestPluginCache.CurrentDomainAssemblyResolve(Object sender, AssemblyResolveEventArgs args)
   at Microsoft.VisualStudio.TestPlatform.PlatformAbstractions.PlatformAssemblyResolver.AssemblyResolverEvent(Object sender, Object eventArgs)
   at System.Runtime.Loader.AssemblyLoadContext.GetFirstResolvedAssemblyFromResolvingEvent(AssemblyName assemblyName)
   at System.Runtime.Loader.AssemblyLoadContext.ResolveUsingEvent(AssemblyName assemblyName)
   at System.Runtime.Loader.AssemblyLoadContext.ResolveUsingResolvingEvent(IntPtr gchManagedAssemblyLoadContext, AssemblyName assemblyName)
TpTrace Warning: 0 : 18516, 1, 2022/11/27, 16:06:14.419, 6072394825602, vstest.console.dll, LoaderExceptions: System.IO.FileNotFoundException: Could not load file or assembly 'Microsoft.Bcl.AsyncInterfaces, Version=1.0.0.0, Culture=neutral, PublicKeyToken=cc7b13ffcd2ddd51'. The system cannot find the file specified.
File name: 'Microsoft.Bcl.AsyncInterfaces, Version=1.0.0.0, Culture=neutral, PublicKeyToken=cc7b13ffcd2ddd51'
 ---> System.IO.FileNotFoundException: Could not load file or assembly 'Microsoft.Bcl.AsyncInterfaces, Culture=neutral, PublicKeyToken=null'. The system cannot find the file specified.
File name: 'Microsoft.Bcl.AsyncInterfaces, Culture=neutral, PublicKeyToken=null'
   at System.Reflection.RuntimeAssembly.InternalLoad(ObjectHandleOnStack assemblyName, ObjectHandleOnStack requestingAssembly, StackCrawlMarkHandle stackMark, Boolean throwOnFileNotFound, ObjectHandleOnStack assemblyLoadContext, ObjectHandleOnStack retAssembly)
   at System.Reflection.RuntimeAssembly.InternalLoad(AssemblyName assemblyName, RuntimeAssembly requestingAssembly, StackCrawlMark& stackMark, Boolean throwOnFileNotFound, AssemblyLoadContext assemblyLoadContext)
   at System.Reflection.Assembly.Load(AssemblyName assemblyRef)
   at Microsoft.VisualStudio.TestPlatform.Common.ExtensionFramework.TestPluginCache.CurrentDomainAssemblyResolve(Object sender, AssemblyResolveEventArgs args)
   at Microsoft.VisualStudio.TestPlatform.PlatformAbstractions.PlatformAssemblyResolver.AssemblyResolverEvent(Object sender, Object eventArgs)
   at System.Runtime.Loader.AssemblyLoadContext.GetFirstResolvedAssemblyFromResolvingEvent(AssemblyName assemblyName)
   at System.Runtime.Loader.AssemblyLoadContext.ResolveUsingEvent(AssemblyName assemblyName)
   at System.Runtime.Loader.AssemblyLoadContext.ResolveUsingResolvingEvent(IntPtr gchManagedAssemblyLoadContext, AssemblyName assemblyName)
TpTrace Information: 0 : 18516, 1, 2022/11/27, 16:06:14.419, 6072394829543, vstest.console.dll, AssemblyResolver.OnResolve: Microsoft.TestPlatform.Extensions.BlameDataCollector: Resolving assembly.
TpTrace Information: 0 : 18516, 1, 2022/11/27, 16:06:14.420, 6072394831376, vstest.console.dll, AssemblyResolver.OnResolve: Microsoft.TestPlatform.Extensions.BlameDataCollector: Searching in: 'C:\Program Files\dotnet\sdk\6.0.402\Extensions'.
TpTrace Information: 0 : 18516, 1, 2022/11/27, 16:06:14.421, 6072394839846, vstest.console.dll, AssemblyResolver.OnResolve: Microsoft.TestPlatform.Extensions.BlameDataCollector: Loading assembly 'C:\Program Files\dotnet\sdk\6.0.402\Extensions\Microsoft.TestPlatform.Extensions.BlameDataCollector.dll'.
TpTrace Information: 0 : 18516, 1, 2022/11/27, 16:06:14.422, 6072394852181, vstest.console.dll, AssemblyResolver.OnResolve: Resolved assembly: Microsoft.TestPlatform.Extensions.BlameDataCollector, from path: C:\Program Files\dotnet\sdk\6.0.402\Extensions\Microsoft.TestPlatform.Extensions.BlameDataCollector.dll
TpTrace Verbose: 0 : 18516, 1, 2022/11/27, 16:06:14.422, 6072394854416, vstest.console.dll, MetadataReaderExtensionsHelper: Discovering extensions inside assembly 'Microsoft.TestPlatform.Extensions.BlameDataCollector, Version=15.0.0.0, Culture=neutral, PublicKeyToken=b03f5f7f11d50a3a' file path 'C:\Program Files\dotnet\sdk\6.0.402\Extensions\Microsoft.TestPlatform.Extensions.BlameDataCollector.dll'
TpTrace Information: 0 : 18516, 1, 2022/11/27, 16:06:14.424, 6072394878999, vstest.console.dll, AssemblyResolver.OnResolve: Microsoft.TestPlatform.Extensions.EventLogCollector: Resolving assembly.
TpTrace Information: 0 : 18516, 1, 2022/11/27, 16:06:14.425, 6072394882267, vstest.console.dll, AssemblyResolver.OnResolve: Microsoft.TestPlatform.Extensions.EventLogCollector: Searching in: 'C:\Program Files\dotnet\sdk\6.0.402\Extensions'.
TpTrace Information: 0 : 18516, 1, 2022/11/27, 16:06:14.426, 6072394890915, vstest.console.dll, AssemblyResolver.OnResolve: Microsoft.TestPlatform.Extensions.EventLogCollector: Loading assembly 'C:\Program Files\dotnet\sdk\6.0.402\Extensions\Microsoft.TestPlatform.Extensions.EventLogCollector.dll'.
TpTrace Information: 0 : 18516, 1, 2022/11/27, 16:06:14.427, 6072394909014, vstest.console.dll, AssemblyResolver.OnResolve: Resolved assembly: Microsoft.TestPlatform.Extensions.EventLogCollector, from path: C:\Program Files\dotnet\sdk\6.0.402\Extensions\Microsoft.TestPlatform.Extensions.EventLogCollector.dll
TpTrace Verbose: 0 : 18516, 1, 2022/11/27, 16:06:14.428, 6072394912237, vstest.console.dll, MetadataReaderExtensionsHelper: Discovering extensions inside assembly 'Microsoft.TestPlatform.Extensions.EventLogCollector, Version=15.0.0.0, Culture=neutral, PublicKeyToken=b03f5f7f11d50a3a' file path 'C:\Program Files\dotnet\sdk\6.0.402\Extensions\Microsoft.TestPlatform.Extensions.EventLogCollector.dll'
TpTrace Information: 0 : 18516, 1, 2022/11/27, 16:06:14.432, 6072394958989, vstest.console.dll, AssemblyResolver.OnResolve: Microsoft.TestPlatform.TestHostRuntimeProvider: Resolving assembly.
TpTrace Information: 0 : 18516, 1, 2022/11/27, 16:06:14.433, 6072394961674, vstest.console.dll, AssemblyResolver.OnResolve: Microsoft.TestPlatform.TestHostRuntimeProvider: Searching in: 'C:\Program Files\dotnet\sdk\6.0.402\Extensions'.
TpTrace Information: 0 : 18516, 1, 2022/11/27, 16:06:14.434, 6072394969898, vstest.console.dll, AssemblyResolver.OnResolve: Microsoft.TestPlatform.TestHostRuntimeProvider: Loading assembly 'C:\Program Files\dotnet\sdk\6.0.402\Extensions\Microsoft.TestPlatform.TestHostRuntimeProvider.dll'.
TpTrace Information: 0 : 18516, 1, 2022/11/27, 16:06:14.435, 6072394980877, vstest.console.dll, AssemblyResolver.OnResolve: Resolved assembly: Microsoft.TestPlatform.TestHostRuntimeProvider, from path: C:\Program Files\dotnet\sdk\6.0.402\Extensions\Microsoft.TestPlatform.TestHostRuntimeProvider.dll
TpTrace Verbose: 0 : 18516, 1, 2022/11/27, 16:06:14.435, 6072394983848, vstest.console.dll, MetadataReaderExtensionsHelper: Discovering extensions inside assembly 'Microsoft.TestPlatform.TestHostRuntimeProvider, Version=15.0.0.0, Culture=neutral, PublicKeyToken=b03f5f7f11d50a3a' file path 'C:\Program Files\dotnet\sdk\6.0.402\Extensions\Microsoft.TestPlatform.TestHostRuntimeProvider.dll'
TpTrace Information: 0 : 18516, 1, 2022/11/27, 16:06:14.438, 6072395015673, vstest.console.dll, GetTestExtensionFromType: Register extension with identifier data 'HostProvider://DefaultTestHost' and type 'Microsoft.VisualStudio.TestPlatform.CrossPlatEngine.Hosting.DefaultTestHostManager, Microsoft.TestPlatform.TestHostRuntimeProvider, Version=15.0.0.0, Culture=neutral, PublicKeyToken=b03f5f7f11d50a3a' inside file 'C:\Program Files\dotnet\sdk\6.0.402\Extensions\Microsoft.TestPlatform.TestHostRuntimeProvider.dll'
TpTrace Information: 0 : 18516, 1, 2022/11/27, 16:06:14.438, 6072395019024, vstest.console.dll, GetTestExtensionFromType: Register extension with identifier data 'HostProvider://DotnetTestHost' and type 'Microsoft.VisualStudio.TestPlatform.CrossPlatEngine.Hosting.DotnetTestHostManager, Microsoft.TestPlatform.TestHostRuntimeProvider, Version=15.0.0.0, Culture=neutral, PublicKeyToken=b03f5f7f11d50a3a' inside file 'C:\Program Files\dotnet\sdk\6.0.402\Extensions\Microsoft.TestPlatform.TestHostRuntimeProvider.dll'
TpTrace Information: 0 : 18516, 1, 2022/11/27, 16:06:14.439, 6072395021349, vstest.console.dll, AssemblyResolver.OnResolve: Microsoft.VisualStudio.TestPlatform.Extensions.Html.TestLogger: Resolving assembly.
TpTrace Information: 0 : 18516, 1, 2022/11/27, 16:06:14.439, 6072395022942, vstest.console.dll, AssemblyResolver.OnResolve: Microsoft.VisualStudio.TestPlatform.Extensions.Html.TestLogger: Searching in: 'C:\Program Files\dotnet\sdk\6.0.402\Extensions'.
TpTrace Information: 0 : 18516, 1, 2022/11/27, 16:06:14.440, 6072395031084, vstest.console.dll, AssemblyResolver.OnResolve: Microsoft.VisualStudio.TestPlatform.Extensions.Html.TestLogger: Loading assembly 'C:\Program Files\dotnet\sdk\6.0.402\Extensions\Microsoft.VisualStudio.TestPlatform.Extensions.Html.TestLogger.dll'.
TpTrace Information: 0 : 18516, 1, 2022/11/27, 16:06:14.441, 6072395041994, vstest.console.dll, AssemblyResolver.OnResolve: Resolved assembly: Microsoft.VisualStudio.TestPlatform.Extensions.Html.TestLogger, from path: C:\Program Files\dotnet\sdk\6.0.402\Extensions\Microsoft.VisualStudio.TestPlatform.Extensions.Html.TestLogger.dll
TpTrace Verbose: 0 : 18516, 1, 2022/11/27, 16:06:14.441, 6072395044147, vstest.console.dll, MetadataReaderExtensionsHelper: Discovering extensions inside assembly 'Microsoft.VisualStudio.TestPlatform.Extensions.Html.TestLogger, Version=15.0.0.0, Culture=neutral, PublicKeyToken=b03f5f7f11d50a3a' file path 'C:\Program Files\dotnet\sdk\6.0.402\Extensions\Microsoft.VisualStudio.TestPlatform.Extensions.Html.TestLogger.dll'
TpTrace Information: 0 : 18516, 1, 2022/11/27, 16:06:14.442, 6072395058144, vstest.console.dll, AssemblyResolver.OnResolve: Microsoft.VisualStudio.TestPlatform.Extensions.Trx.TestLogger: Resolving assembly.
TpTrace Information: 0 : 18516, 1, 2022/11/27, 16:06:14.443, 6072395061740, vstest.console.dll, AssemblyResolver.OnResolve: Microsoft.VisualStudio.TestPlatform.Extensions.Trx.TestLogger: Searching in: 'C:\Program Files\dotnet\sdk\6.0.402\Extensions'.
TpTrace Information: 0 : 18516, 1, 2022/11/27, 16:06:14.444, 6072395069930, vstest.console.dll, AssemblyResolver.OnResolve: Microsoft.VisualStudio.TestPlatform.Extensions.Trx.TestLogger: Loading assembly 'C:\Program Files\dotnet\sdk\6.0.402\Extensions\Microsoft.VisualStudio.TestPlatform.Extensions.Trx.TestLogger.dll'.
TpTrace Information: 0 : 18516, 1, 2022/11/27, 16:06:14.445, 6072395081221, vstest.console.dll, AssemblyResolver.OnResolve: Resolved assembly: Microsoft.VisualStudio.TestPlatform.Extensions.Trx.TestLogger, from path: C:\Program Files\dotnet\sdk\6.0.402\Extensions\Microsoft.VisualStudio.TestPlatform.Extensions.Trx.TestLogger.dll
TpTrace Verbose: 0 : 18516, 1, 2022/11/27, 16:06:14.445, 6072395083188, vstest.console.dll, MetadataReaderExtensionsHelper: Discovering extensions inside assembly 'Microsoft.VisualStudio.TestPlatform.Extensions.Trx.TestLogger, Version=15.0.0.0, Culture=neutral, PublicKeyToken=b03f5f7f11d50a3a' file path 'C:\Program Files\dotnet\sdk\6.0.402\Extensions\Microsoft.VisualStudio.TestPlatform.Extensions.Trx.TestLogger.dll'
TpTrace Verbose: 0 : 18516, 1, 2022/11/27, 16:06:14.447, 6072395100592, vstest.console.dll, TestPluginCache: Discovered the extensions using extension path ''.
TpTrace Verbose: 0 : 18516, 1, 2022/11/27, 16:06:14.447, 6072395103086, vstest.console.dll, TestPluginCache: Discoverers are ''.
TpTrace Verbose: 0 : 18516, 1, 2022/11/27, 16:06:14.447, 6072395104596, vstest.console.dll, TestPluginCache: Executors are ''.
TpTrace Verbose: 0 : 18516, 1, 2022/11/27, 16:06:14.447, 6072395105652, vstest.console.dll, TestPluginCache: Executors2 are ''.
TpTrace Verbose: 0 : 18516, 1, 2022/11/27, 16:06:14.447, 6072395108106, vstest.console.dll, TestPluginCache: Setting providers are ''.
TpTrace Verbose: 0 : 18516, 1, 2022/11/27, 16:06:14.447, 6072395109708, vstest.console.dll, TestPluginCache: Loggers are ''.
TpTrace Verbose: 0 : 18516, 1, 2022/11/27, 16:06:14.448, 6072395114079, vstest.console.dll, TestPluginCache: TestHosts are 'HostProvider://DefaultTestHost,HostProvider://DotnetTestHost'.
TpTrace Verbose: 0 : 18516, 1, 2022/11/27, 16:06:14.448, 6072395116642, vstest.console.dll, TestPluginCache: DataCollectors are ''.
TpTrace Information: 0 : 18516, 1, 2022/11/27, 16:06:14.470, 6072395338198, vstest.console.dll, RunTestsArgumentProcessor:Execute: Test run is starting.
TpTrace Verbose: 0 : 18516, 1, 2022/11/27, 16:06:14.471, 6072395340522, vstest.console.dll, RunTestsArgumentProcessor:Execute: Queuing Test run.
TpTrace Information: 0 : 18516, 1, 2022/11/27, 16:06:14.471, 6072395346337, vstest.console.dll, TestRequestManager.RunTests: run tests started.
TpTrace Information: 0 : 18516, 1, 2022/11/27, 16:06:14.473, 6072395364759, vstest.console.dll, AssemblyMetadataProvider.GetFrameworkName: Determined framework:'.NETCoreApp,Version=v3.1' for source: 'C:\Users\ddian\source\repos\SoftUni\CSharpOOP\UnitTestingExercise\Database\DatabaseExtended.Tests\bin\Debug\netcoreapp3.1\fine-code-coverage\build-output\DatabaseExtended.Tests.dll'
TpTrace Information: 0 : 18516, 1, 2022/11/27, 16:06:14.473, 6072395368277, vstest.console.dll, Determined framework for all sources: .NETCoreApp,Version=v3.1
TpTrace Verbose: 0 : 18516, 1, 2022/11/27, 16:06:14.474, 6072395374323, vstest.console.dll, TestRequestManager.UpdateRunSettingsIfRequired: Default architecture: X64 IsDefaultTargetArchitecture: True, Current process architecture: X64 OperatingSystem: Windows.
TpTrace Information: 0 : 18516, 1, 2022/11/27, 16:06:14.478, 6072395416273, vstest.console.dll, AssemblyMetadataProvider.GetArchitecture: Determined architecture:AnyCPU info for assembly: C:\Users\ddian\source\repos\SoftUni\CSharpOOP\UnitTestingExercise\Database\DatabaseExtended.Tests\bin\Debug\netcoreapp3.1\fine-code-coverage\build-output\DatabaseExtended.Tests.dll
TpTrace Information: 0 : 18516, 1, 2022/11/27, 16:06:14.478, 6072395418492, vstest.console.dll, Determined platform for source 'C:\Users\ddian\source\repos\SoftUni\CSharpOOP\UnitTestingExercise\Database\DatabaseExtended.Tests\bin\Debug\netcoreapp3.1\fine-code-coverage\build-output\DatabaseExtended.Tests.dll' was AnyCPU and it will use the default plaform X64.
TpTrace Information: 0 : 18516, 1, 2022/11/27, 16:06:14.479, 6072395420199, vstest.console.dll, None of the sources provided any runnable platform, using the default platform: X64
TpTrace Information: 0 : 18516, 1, 2022/11/27, 16:06:14.479, 6072395422694, vstest.console.dll, Platform was updated to 'X64'.
TpTrace Information: 0 : 18516, 1, 2022/11/27, 16:06:14.486, 6072395496547, vstest.console.dll, InferRunSettingsHelper.IsTestSettingsEnabled: Unable to navigate to RunSettings/MSTest. Current node: RunSettings
TpTrace Information: 0 : 18516, 1, 2022/11/27, 16:06:14.487, 6072395508266, vstest.console.dll, AssemblyResolver.OnResolve: Microsoft.VisualStudio.TestPlatform.Fakes: Resolving assembly.
TpTrace Information: 0 : 18516, 1, 2022/11/27, 16:06:14.488, 6072395510832, vstest.console.dll, AssemblyResolver.OnResolve: Microsoft.VisualStudio.TestPlatform.Fakes: Searching in: 'C:\Program Files\dotnet\sdk\6.0.402\Extensions'.
TpTrace Information: 0 : 18516, 1, 2022/11/27, 16:06:14.488, 6072395512801, vstest.console.dll, AssemblyResolver.OnResolve: Microsoft.VisualStudio.TestPlatform.Fakes: Assembly path does not exist: 'C:\Program Files\dotnet\sdk\6.0.402\Extensions\Microsoft.VisualStudio.TestPlatform.Fakes.dll', returning.
TpTrace Information: 0 : 18516, 1, 2022/11/27, 16:06:14.488, 6072395515010, vstest.console.dll, AssemblyResolver.OnResolve: Microsoft.VisualStudio.TestPlatform.Fakes: Assembly path does not exist: 'C:\Program Files\dotnet\sdk\6.0.402\Extensions\Microsoft.VisualStudio.TestPlatform.Fakes.exe', returning.
TpTrace Information: 0 : 18516, 1, 2022/11/27, 16:06:14.488, 6072395516604, vstest.console.dll, AssemblyResolver.OnResolve: Microsoft.VisualStudio.TestPlatform.Fakes: Searching in: 'C:\Program Files\dotnet\sdk\6.0.402'.
TpTrace Information: 0 : 18516, 1, 2022/11/27, 16:06:14.488, 6072395518533, vstest.console.dll, AssemblyResolver.OnResolve: Microsoft.VisualStudio.TestPlatform.Fakes: Assembly path does not exist: 'C:\Program Files\dotnet\sdk\6.0.402\Microsoft.VisualStudio.TestPlatform.Fakes.dll', returning.
TpTrace Information: 0 : 18516, 1, 2022/11/27, 16:06:14.489, 6072395520015, vstest.console.dll, AssemblyResolver.OnResolve: Microsoft.VisualStudio.TestPlatform.Fakes: Assembly path does not exist: 'C:\Program Files\dotnet\sdk\6.0.402\Microsoft.VisualStudio.TestPlatform.Fakes.exe', returning.
TpTrace Information: 0 : 18516, 1, 2022/11/27, 16:06:14.489, 6072395521041, vstest.console.dll, AssemblyResolver.OnResolve: Microsoft.VisualStudio.TestPlatform.Fakes: Failed to load assembly.
TpTrace Information: 0 : 18516, 1, 2022/11/27, 16:06:14.489, 6072395525570, vstest.console.dll, Failed to load assembly Microsoft.VisualStudio.TestPlatform.Fakes, Version=17.0.0.0, Culture=neutral. Reason:System.IO.FileNotFoundException: Could not load file or assembly 'Microsoft.VisualStudio.TestPlatform.Fakes, Version=17.0.0.0, Culture=neutral, PublicKeyToken=null'. The system cannot find the file specified.
File name: 'Microsoft.VisualStudio.TestPlatform.Fakes, Version=17.0.0.0, Culture=neutral, PublicKeyToken=null'
   at System.Reflection.RuntimeAssembly.InternalLoad(ObjectHandleOnStack assemblyName, ObjectHandleOnStack requestingAssembly, StackCrawlMarkHandle stackMark, Boolean throwOnFileNotFound, ObjectHandleOnStack assemblyLoadContext, ObjectHandleOnStack retAssembly)
   at System.Reflection.RuntimeAssembly.InternalLoad(AssemblyName assemblyName, RuntimeAssembly requestingAssembly, StackCrawlMark& stackMark, Boolean throwOnFileNotFound, AssemblyLoadContext assemblyLoadContext)
   at System.Reflection.Assembly.Load(AssemblyName assemblyRef)
   at Microsoft.VisualStudio.TestPlatform.Common.Utilities.FakesUtilities.LoadTestPlatformAssembly()
TpTrace Verbose: 0 : 18516, 1, 2022/11/27, 16:06:14.493, 6072395565732, vstest.console.dll, TestPluginCache.DiscoverTestExtensions: finding test extensions in assemblies ends with: TestLogger.dll TPluginInfo: Microsoft.VisualStudio.TestPlatform.Common.ExtensionFramework.Utilities.TestLoggerPluginInformation TExtension: Microsoft.VisualStudio.TestPlatform.ObjectModel.Client.ITestLogger
TpTrace Verbose: 0 : 18516, 1, 2022/11/27, 16:06:14.493, 6072395567899, vstest.console.dll, TestPluginCache.GetExtensionPaths: Filtered extension paths: 
TpTrace Verbose: 0 : 18516, 1, 2022/11/27, 16:06:14.493, 6072395568948, vstest.console.dll, TestPluginCache.GetExtensionPaths: Added default extension paths: C:\Program Files\dotnet\sdk\6.0.402\Extensions\Microsoft.Diagnostics.NETCore.Client.dll
C:\Program Files\dotnet\sdk\6.0.402\Extensions\Microsoft.TestPlatform.Extensions.BlameDataCollector.dll
C:\Program Files\dotnet\sdk\6.0.402\Extensions\Microsoft.TestPlatform.Extensions.EventLogCollector.dll
C:\Program Files\dotnet\sdk\6.0.402\Extensions\Microsoft.TestPlatform.TestHostRuntimeProvider.dll
C:\Program Files\dotnet\sdk\6.0.402\Extensions\Microsoft.VisualStudio.TestPlatform.Extensions.Html.TestLogger.dll
C:\Program Files\dotnet\sdk\6.0.402\Extensions\Microsoft.VisualStudio.TestPlatform.Extensions.Trx.TestLogger.dll
TpTrace Verbose: 0 : 18516, 1, 2022/11/27, 16:06:14.494, 6072395569941, vstest.console.dll, TestPluginCache.GetExtensionPaths: Added unfilterableExtensionPaths: 
TpTrace Information: 0 : 18516, 1, 2022/11/27, 16:06:14.494, 6072395571862, vstest.console.dll, AssemblyResolver.AddSearchDirectories: Adding more searchDirectories C:\Program Files\dotnet\sdk\6.0.402\Extensions,C:\Program Files\dotnet\sdk\6.0.402
TpTrace Verbose: 0 : 18516, 1, 2022/11/27, 16:06:14.494, 6072395572977, vstest.console.dll, TestPluginCache.DiscoverTestExtensions: Discovering the extensions using extension path.
TpTrace Verbose: 0 : 18516, 1, 2022/11/27, 16:06:14.494, 6072395574022, vstest.console.dll, TestPluginCache.GetExtensionPaths: Filtered extension paths: 
TpTrace Verbose: 0 : 18516, 1, 2022/11/27, 16:06:14.494, 6072395575004, vstest.console.dll, TestPluginCache.GetExtensionPaths: Added default extension paths: C:\Program Files\dotnet\sdk\6.0.402\Extensions\Microsoft.Diagnostics.NETCore.Client.dll
C:\Program Files\dotnet\sdk\6.0.402\Extensions\Microsoft.TestPlatform.Extensions.BlameDataCollector.dll
C:\Program Files\dotnet\sdk\6.0.402\Extensions\Microsoft.TestPlatform.Extensions.EventLogCollector.dll
C:\Program Files\dotnet\sdk\6.0.402\Extensions\Microsoft.TestPlatform.TestHostRuntimeProvider.dll
C:\Program Files\dotnet\sdk\6.0.402\Extensions\Microsoft.VisualStudio.TestPlatform.Extensions.Html.TestLogger.dll
C:\Program Files\dotnet\sdk\6.0.402\Extensions\Microsoft.VisualStudio.TestPlatform.Extensions.Trx.TestLogger.dll
TpTrace Verbose: 0 : 18516, 1, 2022/11/27, 16:06:14.494, 6072395576467, vstest.console.dll, TestPluginCache.GetExtensionPaths: Added unfilterableExtensionPaths: 
TpTrace Verbose: 0 : 18516, 1, 2022/11/27, 16:06:14.494, 6072395577544, vstest.console.dll, TestPluginCache.DiscoverTestExtensions: Discovering the extensions using allExtensionPaths: C:\Program Files\dotnet\sdk\6.0.402\Extensions\Microsoft.Diagnostics.NETCore.Client.dll
C:\Program Files\dotnet\sdk\6.0.402\Extensions\Microsoft.TestPlatform.Extensions.BlameDataCollector.dll
C:\Program Files\dotnet\sdk\6.0.402\Extensions\Microsoft.TestPlatform.Extensions.EventLogCollector.dll
C:\Program Files\dotnet\sdk\6.0.402\Extensions\Microsoft.TestPlatform.TestHostRuntimeProvider.dll
C:\Program Files\dotnet\sdk\6.0.402\Extensions\Microsoft.VisualStudio.TestPlatform.Extensions.Html.TestLogger.dll
C:\Program Files\dotnet\sdk\6.0.402\Extensions\Microsoft.VisualStudio.TestPlatform.Extensions.Trx.TestLogger.dll
TpTrace Information: 0 : 18516, 1, 2022/11/27, 16:06:14.494, 6072395578647, vstest.console.dll, AssemblyResolver.AddSearchDirectories: Adding more searchDirectories C:\Program Files\dotnet\sdk\6.0.402\Extensions,C:\Program Files\dotnet\sdk\6.0.402
TpTrace Information: 0 : 18516, 1, 2022/11/27, 16:06:14.494, 6072395579676, vstest.console.dll, AssemblyResolver.AddSearchDirectories: Adding more searchDirectories C:\Program Files\dotnet\sdk\6.0.402\Extensions,C:\Program Files\dotnet\sdk\6.0.402
TpTrace Information: 0 : 18516, 1, 2022/11/27, 16:06:14.495, 6072395580637, vstest.console.dll, AssemblyResolver.AddSearchDirectories: Adding more searchDirectories C:\Program Files\dotnet\sdk\6.0.402\Extensions,C:\Program Files\dotnet\sdk\6.0.402
TpTrace Information: 0 : 18516, 1, 2022/11/27, 16:06:14.495, 6072395581593, vstest.console.dll, AssemblyResolver.AddSearchDirectories: Adding more searchDirectories C:\Program Files\dotnet\sdk\6.0.402\Extensions,C:\Program Files\dotnet\sdk\6.0.402
TpTrace Information: 0 : 18516, 1, 2022/11/27, 16:06:14.495, 6072395582578, vstest.console.dll, AssemblyResolver.AddSearchDirectories: Adding more searchDirectories C:\Program Files\dotnet\sdk\6.0.402\Extensions,C:\Program Files\dotnet\sdk\6.0.402
TpTrace Information: 0 : 18516, 1, 2022/11/27, 16:06:14.495, 6072395583534, vstest.console.dll, AssemblyResolver.AddSearchDirectories: Adding more searchDirectories C:\Program Files\dotnet\sdk\6.0.402\Extensions,C:\Program Files\dotnet\sdk\6.0.402
TpTrace Verbose: 0 : 18516, 1, 2022/11/27, 16:06:14.495, 6072395585455, vstest.console.dll, MetadataReaderExtensionsHelper: Discovering extensions inside assembly 'Microsoft.Diagnostics.NETCore.Client, Version=0.2.5.801, Culture=neutral, PublicKeyToken=31bf3856ad364e35' file path 'C:\Program Files\dotnet\sdk\6.0.402\Extensions\Microsoft.Diagnostics.NETCore.Client.dll'
TpTrace Information: 0 : 18516, 1, 2022/11/27, 16:06:14.496, 6072395593061, vstest.console.dll, AssemblyResolver.OnResolve: Microsoft.Bcl.AsyncInterfaces: Resolving assembly.
TpTrace Information: 0 : 18516, 1, 2022/11/27, 16:06:14.496, 6072395594275, vstest.console.dll, AssemblyResolver.OnResolve: Microsoft.Bcl.AsyncInterfaces: Resolved from cache.
TpTrace Verbose: 0 : 18516, 1, 2022/11/27, 16:06:14.496, 6072395595328, vstest.console.dll, CurrentDomainAssemblyResolve: Resolving assembly 'Microsoft.Bcl.AsyncInterfaces'.
TpTrace Information: 0 : 18516, 1, 2022/11/27, 16:06:14.496, 6072395596596, vstest.console.dll, AssemblyResolver.OnResolve: Microsoft.Bcl.AsyncInterfaces: Resolving assembly.
TpTrace Information: 0 : 18516, 1, 2022/11/27, 16:06:14.496, 6072395597563, vstest.console.dll, AssemblyResolver.OnResolve: Microsoft.Bcl.AsyncInterfaces: Resolved from cache.
TpTrace Verbose: 0 : 18516, 1, 2022/11/27, 16:06:14.496, 6072395598525, vstest.console.dll, CurrentDomainAssemblyResolve: Resolving assembly 'Microsoft.Bcl.AsyncInterfaces'.
TpTrace Verbose: 0 : 18516, 1, 2022/11/27, 16:06:14.496, 6072395599446, vstest.console.dll, CurrentDomainAssemblyResolve: Failed to resolve assembly 'Microsoft.Bcl.AsyncInterfaces'.
TpTrace Verbose: 0 : 18516, 1, 2022/11/27, 16:06:14.497, 6072395602282, vstest.console.dll, CurrentDomainAssemblyResolve: Failed to resolve assembly 'Microsoft.Bcl.AsyncInterfaces'.
TpTrace Warning: 0 : 18516, 1, 2022/11/27, 16:06:14.497, 6072395607506, vstest.console.dll, TestPluginDiscoverer: Failed to get types from assembly 'Microsoft.Diagnostics.NETCore.Client, Version=0.2.5.801, Culture=neutral, PublicKeyToken=31bf3856ad364e35'. Error: System.Reflection.ReflectionTypeLoadException: Unable to load one or more of the requested types.
Could not load file or assembly 'Microsoft.Bcl.AsyncInterfaces, Version=1.0.0.0, Culture=neutral, PublicKeyToken=cc7b13ffcd2ddd51'. The system cannot find the file specified.
   at System.Reflection.RuntimeModule.GetTypes(RuntimeModule module)
   at System.Reflection.Assembly.GetTypes()
   at Microsoft.VisualStudio.TestPlatform.Common.ExtensionFramework.TestPluginDiscoverer.GetTestExtensionsFromAssembly[TPluginInfo,TExtension](Assembly assembly, Dictionary`2 pluginInfos, String filePath)
System.IO.FileNotFoundException: Could not load file or assembly 'Microsoft.Bcl.AsyncInterfaces, Version=1.0.0.0, Culture=neutral, PublicKeyToken=cc7b13ffcd2ddd51'. The system cannot find the file specified.
File name: 'Microsoft.Bcl.AsyncInterfaces, Version=1.0.0.0, Culture=neutral, PublicKeyToken=cc7b13ffcd2ddd51'
 ---> System.IO.FileNotFoundException: Could not load file or assembly 'Microsoft.Bcl.AsyncInterfaces, Culture=neutral, PublicKeyToken=null'. The system cannot find the file specified.
File name: 'Microsoft.Bcl.AsyncInterfaces, Culture=neutral, PublicKeyToken=null'
   at System.Reflection.RuntimeAssembly.InternalLoad(ObjectHandleOnStack assemblyName, ObjectHandleOnStack requestingAssembly, StackCrawlMarkHandle stackMark, Boolean throwOnFileNotFound, ObjectHandleOnStack assemblyLoadContext, ObjectHandleOnStack retAssembly)
   at System.Reflection.RuntimeAssembly.InternalLoad(AssemblyName assemblyName, RuntimeAssembly requestingAssembly, StackCrawlMark& stackMark, Boolean throwOnFileNotFound, AssemblyLoadContext assemblyLoadContext)
   at System.Reflection.Assembly.Load(AssemblyName assemblyRef)
   at Microsoft.VisualStudio.TestPlatform.Common.ExtensionFramework.TestPluginCache.CurrentDomainAssemblyResolve(Object sender, AssemblyResolveEventArgs args)
   at Microsoft.VisualStudio.TestPlatform.PlatformAbstractions.PlatformAssemblyResolver.AssemblyResolverEvent(Object sender, Object eventArgs)
   at System.Runtime.Loader.AssemblyLoadContext.GetFirstResolvedAssemblyFromResolvingEvent(AssemblyName assemblyName)
   at System.Runtime.Loader.AssemblyLoadContext.ResolveUsingEvent(AssemblyName assemblyName)
   at System.Runtime.Loader.AssemblyLoadContext.ResolveUsingResolvingEvent(IntPtr gchManagedAssemblyLoadContext, AssemblyName assemblyName)
TpTrace Warning: 0 : 18516, 1, 2022/11/27, 16:06:14.498, 6072395609990, vstest.console.dll, LoaderExceptions: System.IO.FileNotFoundException: Could not load file or assembly 'Microsoft.Bcl.AsyncInterfaces, Version=1.0.0.0, Culture=neutral, PublicKeyToken=cc7b13ffcd2ddd51'. The system cannot find the file specified.
File name: 'Microsoft.Bcl.AsyncInterfaces, Version=1.0.0.0, Culture=neutral, PublicKeyToken=cc7b13ffcd2ddd51'
 ---> System.IO.FileNotFoundException: Could not load file or assembly 'Microsoft.Bcl.AsyncInterfaces, Culture=neutral, PublicKeyToken=null'. The system cannot find the file specified.
File name: 'Microsoft.Bcl.AsyncInterfaces, Culture=neutral, PublicKeyToken=null'
   at System.Reflection.RuntimeAssembly.InternalLoad(ObjectHandleOnStack assemblyName, ObjectHandleOnStack requestingAssembly, StackCrawlMarkHandle stackMark, Boolean throwOnFileNotFound, ObjectHandleOnStack assemblyLoadContext, ObjectHandleOnStack retAssembly)
   at System.Reflection.RuntimeAssembly.InternalLoad(AssemblyName assemblyName, RuntimeAssembly requestingAssembly, StackCrawlMark& stackMark, Boolean throwOnFileNotFound, AssemblyLoadContext assemblyLoadContext)
   at System.Reflection.Assembly.Load(AssemblyName assemblyRef)
   at Microsoft.VisualStudio.TestPlatform.Common.ExtensionFramework.TestPluginCache.CurrentDomainAssemblyResolve(Object sender, AssemblyResolveEventArgs args)
   at Microsoft.VisualStudio.TestPlatform.PlatformAbstractions.PlatformAssemblyResolver.AssemblyResolverEvent(Object sender, Object eventArgs)
   at System.Runtime.Loader.AssemblyLoadContext.GetFirstResolvedAssemblyFromResolvingEvent(AssemblyName assemblyName)
   at System.Runtime.Loader.AssemblyLoadContext.ResolveUsingEvent(AssemblyName assemblyName)
   at System.Runtime.Loader.AssemblyLoadContext.ResolveUsingResolvingEvent(IntPtr gchManagedAssemblyLoadContext, AssemblyName assemblyName)
TpTrace Verbose: 0 : 18516, 1, 2022/11/27, 16:06:14.498, 6072395611490, vstest.console.dll, MetadataReaderExtensionsHelper: Discovering extensions inside assembly 'Microsoft.TestPlatform.Extensions.BlameDataCollector, Version=15.0.0.0, Culture=neutral, PublicKeyToken=b03f5f7f11d50a3a' file path 'C:\Program Files\dotnet\sdk\6.0.402\Extensions\Microsoft.TestPlatform.Extensions.BlameDataCollector.dll'
TpTrace Information: 0 : 18516, 1, 2022/11/27, 16:06:14.499, 6072395621408, vstest.console.dll, GetTestExtensionFromType: Register extension with identifier data 'logger://Microsoft/TestPlatform/Extensions/Blame/v1' and type 'Microsoft.TestPlatform.Extensions.BlameDataCollector.BlameLogger, Microsoft.TestPlatform.Extensions.BlameDataCollector, Version=15.0.0.0, Culture=neutral, PublicKeyToken=b03f5f7f11d50a3a' inside file 'C:\Program Files\dotnet\sdk\6.0.402\Extensions\Microsoft.TestPlatform.Extensions.BlameDataCollector.dll'
TpTrace Verbose: 0 : 18516, 1, 2022/11/27, 16:06:14.499, 6072395624057, vstest.console.dll, MetadataReaderExtensionsHelper: Discovering extensions inside assembly 'Microsoft.TestPlatform.Extensions.EventLogCollector, Version=15.0.0.0, Culture=neutral, PublicKeyToken=b03f5f7f11d50a3a' file path 'C:\Program Files\dotnet\sdk\6.0.402\Extensions\Microsoft.TestPlatform.Extensions.EventLogCollector.dll'
TpTrace Verbose: 0 : 18516, 1, 2022/11/27, 16:06:14.500, 6072395632268, vstest.console.dll, MetadataReaderExtensionsHelper: Discovering extensions inside assembly 'Microsoft.TestPlatform.TestHostRuntimeProvider, Version=15.0.0.0, Culture=neutral, PublicKeyToken=b03f5f7f11d50a3a' file path 'C:\Program Files\dotnet\sdk\6.0.402\Extensions\Microsoft.TestPlatform.TestHostRuntimeProvider.dll'
TpTrace Verbose: 0 : 18516, 1, 2022/11/27, 16:06:14.500, 6072395638974, vstest.console.dll, MetadataReaderExtensionsHelper: Discovering extensions inside assembly 'Microsoft.VisualStudio.TestPlatform.Extensions.Html.TestLogger, Version=15.0.0.0, Culture=neutral, PublicKeyToken=b03f5f7f11d50a3a' file path 'C:\Program Files\dotnet\sdk\6.0.402\Extensions\Microsoft.VisualStudio.TestPlatform.Extensions.Html.TestLogger.dll'
TpTrace Information: 0 : 18516, 1, 2022/11/27, 16:06:14.501, 6072395645102, vstest.console.dll, GetTestExtensionFromType: Register extension with identifier data 'logger://Microsoft/TestPlatform/HtmlLogger/v1' and type 'Microsoft.VisualStudio.TestPlatform.Extensions.HtmlLogger.HtmlLogger, Microsoft.VisualStudio.TestPlatform.Extensions.Html.TestLogger, Version=15.0.0.0, Culture=neutral, PublicKeyToken=b03f5f7f11d50a3a' inside file 'C:\Program Files\dotnet\sdk\6.0.402\Extensions\Microsoft.VisualStudio.TestPlatform.Extensions.Html.TestLogger.dll'
TpTrace Verbose: 0 : 18516, 1, 2022/11/27, 16:06:14.501, 6072395646685, vstest.console.dll, MetadataReaderExtensionsHelper: Discovering extensions inside assembly 'Microsoft.VisualStudio.TestPlatform.Extensions.Trx.TestLogger, Version=15.0.0.0, Culture=neutral, PublicKeyToken=b03f5f7f11d50a3a' file path 'C:\Program Files\dotnet\sdk\6.0.402\Extensions\Microsoft.VisualStudio.TestPlatform.Extensions.Trx.TestLogger.dll'
TpTrace Information: 0 : 18516, 1, 2022/11/27, 16:06:14.502, 6072395655189, vstest.console.dll, GetTestExtensionFromType: Register extension with identifier data 'logger://Microsoft/TestPlatform/TrxLogger/v1' and type 'Microsoft.VisualStudio.TestPlatform.Extensions.TrxLogger.TrxLogger, Microsoft.VisualStudio.TestPlatform.Extensions.Trx.TestLogger, Version=15.0.0.0, Culture=neutral, PublicKeyToken=b03f5f7f11d50a3a' inside file 'C:\Program Files\dotnet\sdk\6.0.402\Extensions\Microsoft.VisualStudio.TestPlatform.Extensions.Trx.TestLogger.dll'
TpTrace Verbose: 0 : 18516, 1, 2022/11/27, 16:06:14.503, 6072395661507, vstest.console.dll, TestPluginCache: Discovered the extensions using extension path ''.
TpTrace Verbose: 0 : 18516, 1, 2022/11/27, 16:06:14.503, 6072395662605, vstest.console.dll, TestPluginCache: Discoverers are ''.
TpTrace Verbose: 0 : 18516, 1, 2022/11/27, 16:06:14.503, 6072395663535, vstest.console.dll, TestPluginCache: Executors are ''.
TpTrace Verbose: 0 : 18516, 1, 2022/11/27, 16:06:14.503, 6072395664428, vstest.console.dll, TestPluginCache: Executors2 are ''.
TpTrace Verbose: 0 : 18516, 1, 2022/11/27, 16:06:14.503, 6072395665331, vstest.console.dll, TestPluginCache: Setting providers are ''.
TpTrace Verbose: 0 : 18516, 1, 2022/11/27, 16:06:14.503, 6072395666872, vstest.console.dll, TestPluginCache: Loggers are 'logger://Microsoft/TestPlatform/Extensions/Blame/v1,logger://Microsoft/TestPlatform/HtmlLogger/v1,logger://Microsoft/TestPlatform/TrxLogger/v1'.
TpTrace Verbose: 0 : 18516, 1, 2022/11/27, 16:06:14.503, 6072395668044, vstest.console.dll, TestPluginCache: TestHosts are 'HostProvider://DefaultTestHost,HostProvider://DotnetTestHost'.
TpTrace Verbose: 0 : 18516, 1, 2022/11/27, 16:06:14.503, 6072395668984, vstest.console.dll, TestPluginCache: DataCollectors are ''.
TpTrace Information: 0 : 18516, 1, 2022/11/27, 16:06:14.504, 6072395675705, vstest.console.dll, TestPluginManager.CreateTestExtension: Attempting to load test extension: Microsoft.TestPlatform.Extensions.BlameDataCollector.BlameLogger
TpTrace Verbose: 0 : 18516, 1, 2022/11/27, 16:06:14.509, 6072395726611, vstest.console.dll, TestEngine: Initializing Parallel Execution as MaxCpuCount is set to: 1
TpTrace Information: 0 : 18516, 1, 2022/11/27, 16:06:14.513, 6072395762675, vstest.console.dll, TestPluginManager.CreateTestExtension: Attempting to load test extension: Microsoft.VisualStudio.TestPlatform.CrossPlatEngine.Hosting.DefaultTestHostManager
TpTrace Information: 0 : 18516, 1, 2022/11/27, 16:06:14.515, 6072395784944, vstest.console.dll, TestPluginManager.CreateTestExtension: Attempting to load test extension: Microsoft.VisualStudio.TestPlatform.CrossPlatEngine.Hosting.DotnetTestHostManager
TpTrace Information: 0 : 18516, 1, 2022/11/27, 16:06:14.516, 6072395793426, vstest.console.dll, InferRunSettingsHelper.IsTestSettingsEnabled: Unable to navigate to RunSettings/MSTest. Current node: RunSettings
TpTrace Verbose: 0 : 18516, 1, 2022/11/27, 16:06:14.521, 6072395846178, vstest.console.dll, TestEngine.GetExecutionManager: Chosen execution manager 'Microsoft.VisualStudio.TestPlatform.CrossPlatEngine.Client.Parallel.ParallelProxyExecutionManager, Microsoft.TestPlatform.CrossPlatEngine, Version=15.0.0.0, Culture=neutral, PublicKeyToken=b03f5f7f11d50a3a' ParallelLevel '1'.
TpTrace Verbose: 0 : 18516, 1, 2022/11/27, 16:06:14.521, 6072395848943, vstest.console.dll, TestRunRequest.ExecuteAsync: Creating test run request.
TpTrace Verbose: 0 : 18516, 1, 2022/11/27, 16:06:14.522, 6072395852494, vstest.console.dll, TestRunRequest.ExecuteAsync: Starting.
TpTrace Information: 0 : 18516, 1, 2022/11/27, 16:06:14.522, 6072395856644, vstest.console.dll, TestRunRequest.ExecuteAsync: Starting run with settings:TestRunCriteria:
   KeepAlive=False,FrequencyOfRunStatsChangeEvent=10,RunStatsChangeEventTimeout=00:00:01.5000000,TestCaseFilter=,TestExecutorLauncher=
   Settingsxml=<RunSettings>
  <RunConfiguration>
    <ResultsDirectory>C:\Users\ddian\source\repos\SoftUni\CSharpOOP\UnitTestingExercise\Database\DatabaseExtended.Tests\bin\Debug\netcoreapp3.1\fine-code-coverage\coverage-tool-output</ResultsDirectory>
    <TargetPlatform>X64</TargetPlatform>
    <TargetFrameworkVersion>.NETCoreApp,Version=v3.1</TargetFrameworkVersion>
    <DesignMode>False</DesignMode>
    <CollectSourceInformation>False</CollectSourceInformation>
  </RunConfiguration>
  <LoggerRunSettings>
    <Loggers>
      <Logger friendlyName="blame" enabled="True" />
      <Logger friendlyName="Console" uri="logger://microsoft/TestPlatform/ConsoleLogger/v1" assemblyQualifiedName="Microsoft.VisualStudio.TestPlatform.CommandLine.Internal.ConsoleLogger, vstest.console, Version=15.0.0.0, Culture=neutral, PublicKeyToken=b03f5f7f11d50a3a" codeBase="C:\Program Files\dotnet\sdk\6.0.402\vstest.console.dll" enabled="True" />
    </Loggers>
  </LoggerRunSettings>
  <DataCollectionRunSettings>
    <DataCollectors>
      <DataCollector friendlyName="blame" enabled="True">
        <Configuration>
          <ResultsDirectory>C:\Users\ddian\source\repos\SoftUni\CSharpOOP\UnitTestingExercise\Database\DatabaseExtended.Tests\bin\Debug\netcoreapp3.1\fine-code-coverage\coverage-tool-output</ResultsDirectory>
        </Configuration>
      </DataCollector>
    </DataCollectors>
  </DataCollectionRunSettings>
</RunSettings>

TpTrace Verbose: 0 : 18516, 1, 2022/11/27, 16:06:14.522, 6072395858133, vstest.console.dll, TestRunRequest.ExecuteAsync: Wait for the first run request is over.
TpTrace Verbose: 0 : 18516, 1, 2022/11/27, 16:06:14.523, 6072395862632, vstest.console.dll, MulticastDelegateUtilities.SafeInvoke: TestRun.TestRunStart: Invoking callbacks was skipped because there are no subscribers.
TpTrace Verbose: 0 : 18516, 4, 2022/11/27, 16:06:14.523, 6072395865478, vstest.console.dll, MulticastDelegateUtilities.SafeInvoke: InternalTestLoggerEvents.SendTestRunStart: Invoking callback 1/1 for Microsoft.VisualStudio.TestPlatform.CommandLine.Internal.ConsoleLogger.TestRunStartHandler, took 0 ms.
TpTrace Verbose: 0 : 18516, 1, 2022/11/27, 16:06:14.524, 6072395875554, vstest.console.dll, ParallelProxyExecutionManager: Start execution. Total sources: 1
TpTrace Verbose: 0 : 18516, 1, 2022/11/27, 16:06:14.526, 6072395895025, vstest.console.dll, TestRequestSender is acting as server.
TpTrace Verbose: 0 : 18516, 1, 2022/11/27, 16:06:14.527, 6072395907886, vstest.console.dll, DataCollectionRequestSender.InitializeCommunication : Initialize communication. 
TpTrace Information: 0 : 18516, 1, 2022/11/27, 16:06:14.535, 6072395987928, vstest.console.dll, Listening on Endpoint : 127.0.0.1:52786
TpTrace Verbose: 0 : 18516, 1, 2022/11/27, 16:06:14.543, 6072396063490, vstest.console.dll, DotnetDataCollectionLauncher: Adding  --runtimeconfig "C:\Program Files\dotnet\sdk\6.0.402\datacollector.runtimeconfig.json" in args
TpTrace Verbose: 0 : 18516, 1, 2022/11/27, 16:06:14.543, 6072396065630, vstest.console.dll, DotnetDataCollectionLauncher: Adding  --depsfile "C:\Program Files\dotnet\sdk\6.0.402\datacollector.deps.json" in args
TpTrace Verbose: 0 : 18516, 1, 2022/11/27, 16:06:14.543, 6072396067799, vstest.console.dll, DotnetDataCollectionLauncher: Full path of dotnet.exe is C:\Program Files\dotnet\dotnet.exe
TpTrace Information: 0 : 18516, 1, 2022/11/27, 16:06:14.559, 6072396228546, vstest.console.dll, ProxyDataCollectionManager.Initialize: Launched datacollector processId: 15604 port: 52786
TpTrace Information: 0 : 18516, 1, 2022/11/27, 16:06:14.560, 6072396232159, vstest.console.dll, ProxyDataCollectionManager.Initialize: waiting for connection with timeout: 90 seconds
TpTrace Verbose: 0 : 18516, 1, 2022/11/27, 16:06:14.560, 6072396234245, vstest.console.dll, DataCollectionRequestSender.WaitForRequestHandlerConnection : Waiting for connection with timeout: 90000
TpTrace Information: 0 : 18516, 5, 2022/11/27, 16:06:14.762, 6072398252562, vstest.console.dll, Using the buffer size of 16384 bytes
TpTrace Verbose: 0 : 18516, 1, 2022/11/27, 16:06:14.762, 6072398252756, vstest.console.dll, SocketCommunicationManager.WaitForClientConnection took: 201 ms, with 90000 ms timeout, and finished with True.
TpTrace Information: 0 : 18516, 5, 2022/11/27, 16:06:14.762, 6072398255259, vstest.console.dll, Accepted Client request and set the flag
TpTrace Verbose: 0 : 18516, 1, 2022/11/27, 16:06:14.762, 6072398258108, vstest.console.dll, ProxyDataCollectionManager.InvokeDataCollectionServiceAction: Starting.
TpTrace Information: 0 : 18516, 1, 2022/11/27, 16:06:14.763, 6072398261817, vstest.console.dll, ProxyDataCollectionManager.BeforeTestRunStart: Get environment variable and port for datacollector processId: 15604 port: 52786
TpTrace Verbose: 0 : 18516, 1, 2022/11/27, 16:06:14.763, 6072398264731, vstest.console.dll, DataCollectionRequestSender.SendBeforeTestRunStartAndGetResult: Send BeforeTestRunStart message with settingsXml <RunSettings><RunConfiguration><ResultsDirectory>C:\Users\ddian\source\repos\SoftUni\CSharpOOP\UnitTestingExercise\Database\DatabaseExtended.Tests\bin\Debug\netcoreapp3.1\fine-code-coverage\coverage-tool-output</ResultsDirectory><TargetPlatform>X64</TargetPlatform><TargetFrameworkVersion>.NETCoreApp,Version=v3.1</TargetFrameworkVersion><DesignMode>False</DesignMode><CollectSourceInformation>False</CollectSourceInformation><TestAdaptersPaths>C:\Program Files\dotnet\sdk\6.0.402\Extensions</TestAdaptersPaths></RunConfiguration><LoggerRunSettings><Loggers><Logger friendlyName="blame" enabled="True" /><Logger friendlyName="Console" uri="logger://microsoft/TestPlatform/ConsoleLogger/v1" assemblyQualifiedName="Microsoft.VisualStudio.TestPlatform.CommandLine.Internal.ConsoleLogger, vstest.console, Version=15.0.0.0, Culture=neutral, PublicKeyToken=b03f5f7f11d50a3a" codeBase="C:\Program Files\dotnet\sdk\6.0.402\vstest.console.dll" enabled="True" /></Loggers></LoggerRunSettings><DataCollectionRunSettings><DataCollectors><DataCollector friendlyName="blame" enabled="True"><Configuration><ResultsDirectory>C:\Users\ddian\source\repos\SoftUni\CSharpOOP\UnitTestingExercise\Database\DatabaseExtended.Tests\bin\Debug\netcoreapp3.1\fine-code-coverage\coverage-tool-output</ResultsDirectory></Configuration></DataCollector></DataCollectors></DataCollectionRunSettings></RunSettings> and sources System.Collections.Generic.List`1[System.String]: 
TpTrace Verbose: 0 : 18516, 1, 2022/11/27, 16:06:14.994, 6072400578618, vstest.console.dll, DataCollectionRequestSender.SendBeforeTestRunStartAndGetResult: Received message: (DataCollection.SendMessage) -> {"MessageType":"DataCollection.SendMessage","Payload":{"FriendlyName":null,"Uri":null,"TestCaseId":"00000000-0000-0000-0000-000000000000","Message":"Logging DataCollector Diagnostics in file: C:\\Users\\ddian\\source\\repos\\SoftUni\\CSharpOOP\\UnitTestingExercise\\Database\\DatabaseExtended.Tests\\bin\\Debug\\netcoreapp3.1\\fine-code-coverage\\coverage-tool-output\\diagnostics.datacollector.22-11-27_16-06-14_54311_1.log","Level":0}}
TpTrace Verbose: 0 : 18516, 1, 2022/11/27, 16:06:15.165, 6072402280975, vstest.console.dll, DataCollectionRequestSender.SendBeforeTestRunStartAndGetResult: Received message: (DataCollection.BeforeTestRunStartResult) -> {"MessageType":"DataCollection.BeforeTestRunStartResult","Payload":{"EnvironmentVariables":{},"DataCollectionEventsPort":52788}}
TpTrace Information: 0 : 18516, 1, 2022/11/27, 16:06:15.172, 6072402356333, vstest.console.dll, ProxyDataCollectionManager.BeforeTestRunStart: SendBeforeTestRunStartAndGetResult successful, env variable from datacollector:   and testhost port: 52788
TpTrace Information: 0 : 18516, 1, 2022/11/27, 16:06:15.172, 6072402359559, vstest.console.dll, ProxyDataCollectionManager.InvokeDataCollectionServiceAction: Completed.
TpTrace Verbose: 0 : 18516, 1, 2022/11/27, 16:06:15.173, 6072402363700, vstest.console.dll, ProxyParallelExecutionManager: No sources available for execution.
TpTrace Information: 0 : 18516, 1, 2022/11/27, 16:06:15.173, 6072402365817, vstest.console.dll, TestRunRequest.ExecuteAsync: Started.
TpTrace Verbose: 0 : 18516, 1, 2022/11/27, 16:06:15.173, 6072402368680, vstest.console.dll, TestRunRequest.WaitForCompletion: Waiting with timeout -1.
TpTrace Verbose: 0 : 18516, 7, 2022/11/27, 16:06:15.174, 6072402378202, vstest.console.dll, ParallelProxyExecutionManager: Execution started. Started clients: 1
TpTrace Verbose: 0 : 18516, 7, 2022/11/27, 16:06:15.175, 6072402384664, vstest.console.dll, TestRunRequest:SendTestRunMessage: Starting.
TpTrace Verbose: 0 : 18516, 4, 2022/11/27, 16:06:15.175, 6072402389242, vstest.console.dll, MulticastDelegateUtilities.SafeInvoke: InternalTestLoggerEvents.SendTestRunMessage: Invoking callback 1/1 for Microsoft.VisualStudio.TestPlatform.CommandLine.Internal.ConsoleLogger.TestMessageHandler, took 0 ms.
TpTrace Verbose: 0 : 18516, 7, 2022/11/27, 16:06:15.175, 6072402389241, vstest.console.dll, MulticastDelegateUtilities.SafeInvoke: TestRun.LogMessages: Invoking callback 1/1 for Microsoft.VisualStudio.TestPlatform.CommandLine.TestRunResultAggregator.TestRunMessageHandler, took 0 ms.
TpTrace Information: 0 : 18516, 7, 2022/11/27, 16:06:15.176, 6072402392960, vstest.console.dll, TestRunRequest:SendTestRunMessage: Completed.
TpTrace Verbose: 0 : 18516, 7, 2022/11/27, 16:06:15.176, 6072402397436, vstest.console.dll, ProxyExecutionManager: Test host is always Lazy initialize.
TpTrace Verbose: 0 : 18516, 7, 2022/11/27, 16:06:15.177, 6072402402462, vstest.console.dll, TestRequestSender.InitializeCommunication: initialize communication. 
TpTrace Information: 0 : 18516, 7, 2022/11/27, 16:06:15.178, 6072402410948, vstest.console.dll, SocketServer.Start: Listening on endpoint : 127.0.0.1:52789
TpTrace Verbose: 0 : 18516, 7, 2022/11/27, 16:06:15.179, 6072402421601, vstest.console.dll, DotnetTestHostmanager.GetTestHostProcessStartInfo: Platform environment 'X64' target architecture 'X64' framework '.NETCoreApp,Version=v3.1' OS 'Windows'
TpTrace Verbose: 0 : 18516, 7, 2022/11/27, 16:06:15.179, 6072402425796, vstest.console.dll, DotnetTestHostmanager: Adding  --runtimeconfig "C:\Users\ddian\source\repos\SoftUni\CSharpOOP\UnitTestingExercise\Database\DatabaseExtended.Tests\bin\Debug\netcoreapp3.1\fine-code-coverage\build-output\DatabaseExtended.Tests.runtimeconfig.json" in args
TpTrace Verbose: 0 : 18516, 7, 2022/11/27, 16:06:15.179, 6072402428741, vstest.console.dll, DotnetTestHostmanager: Adding  --depsfile "C:\Users\ddian\source\repos\SoftUni\CSharpOOP\UnitTestingExercise\Database\DatabaseExtended.Tests\bin\Debug\netcoreapp3.1\fine-code-coverage\build-output\DatabaseExtended.Tests.deps.json" in args
TpTrace Verbose: 0 : 18516, 7, 2022/11/27, 16:06:15.180, 6072402432323, vstest.console.dll, DotnetTestHostmanager.IsWinOnArm: Current PROCESSOR_ARCHITECTURE from environment variable 'AMD64'
TpTrace Verbose: 0 : 18516, 7, 2022/11/27, 16:06:15.180, 6072402434495, vstest.console.dll, DotnetTestHostmanager.IsWinOnArm: Is Windows on ARM 'False'
TpTrace Information: 0 : 18516, 7, 2022/11/27, 16:06:15.180, 6072402437692, vstest.console.dll, AssemblyResolver.OnResolve: Microsoft.Extensions.DependencyModel: Resolving assembly.
TpTrace Information: 0 : 18516, 7, 2022/11/27, 16:06:15.180, 6072402439676, vstest.console.dll, AssemblyResolver.OnResolve: Microsoft.Extensions.DependencyModel: Searching in: 'C:\Program Files\dotnet\sdk\6.0.402\Extensions'.
TpTrace Information: 0 : 18516, 7, 2022/11/27, 16:06:15.181, 6072402442072, vstest.console.dll, AssemblyResolver.OnResolve: Microsoft.Extensions.DependencyModel: Assembly path does not exist: 'C:\Program Files\dotnet\sdk\6.0.402\Extensions\Microsoft.Extensions.DependencyModel.dll', returning.
TpTrace Information: 0 : 18516, 7, 2022/11/27, 16:06:15.181, 6072402444208, vstest.console.dll, AssemblyResolver.OnResolve: Microsoft.Extensions.DependencyModel: Assembly path does not exist: 'C:\Program Files\dotnet\sdk\6.0.402\Extensions\Microsoft.Extensions.DependencyModel.exe', returning.
TpTrace Information: 0 : 18516, 7, 2022/11/27, 16:06:15.181, 6072402445845, vstest.console.dll, AssemblyResolver.OnResolve: Microsoft.Extensions.DependencyModel: Searching in: 'C:\Program Files\dotnet\sdk\6.0.402'.
TpTrace Information: 0 : 18516, 7, 2022/11/27, 16:06:15.182, 6072402455955, vstest.console.dll, AssemblyResolver.OnResolve: Microsoft.Extensions.DependencyModel: Loading assembly 'C:\Program Files\dotnet\sdk\6.0.402\Microsoft.Extensions.DependencyModel.dll'.
TpTrace Information: 0 : 18516, 7, 2022/11/27, 16:06:15.183, 6072402467510, vstest.console.dll, AssemblyResolver.OnResolve: Resolved assembly: Microsoft.Extensions.DependencyModel, from path: C:\Program Files\dotnet\sdk\6.0.402\Microsoft.Extensions.DependencyModel.dll
TpTrace Verbose: 0 : 18516, 7, 2022/11/27, 16:06:15.184, 6072402474684, vstest.console.dll, DotnetTestHostmanager: Reading file C:\Users\ddian\source\repos\SoftUni\CSharpOOP\UnitTestingExercise\Database\DatabaseExtended.Tests\bin\Debug\netcoreapp3.1\fine-code-coverage\build-output\DatabaseExtended.Tests.deps.json to get path of testhost.dll
TpTrace Verbose: 0 : 18516, 7, 2022/11/27, 16:06:15.207, 6072402704907, vstest.console.dll, DotnetTestHostmanager: Relative path of testhost.dll with respect to package folder is microsoft.testplatform.testhost/15.9.0\lib/netstandard1.5/testhost.dll
TpTrace Verbose: 0 : 18516, 7, 2022/11/27, 16:06:15.208, 6072402719284, vstest.console.dll, DotnetTestHostmanager: Looking for path microsoft.testplatform.testhost/15.9.0\lib/netstandard1.5/testhost.dll in folder C:\Users\ddian\.dotnet\store\|arch|\|tfm|
TpTrace Verbose: 0 : 18516, 7, 2022/11/27, 16:06:15.209, 6072402721518, vstest.console.dll, DotnetTestHostmanager: Looking for path microsoft.testplatform.testhost/15.9.0\lib/netstandard1.5/testhost.dll in folder C:\Users\ddian\.nuget\packages
TpTrace Verbose: 0 : 18516, 7, 2022/11/27, 16:06:15.209, 6072402723365, vstest.console.dll, DotnetTestHostmanager: Found testhost.dll in C:\Users\ddian\.nuget\packages\microsoft.testplatform.testhost/15.9.0\lib/netstandard1.5/testhost.dll
TpTrace Verbose: 0 : 18516, 7, 2022/11/27, 16:06:15.209, 6072402725918, vstest.console.dll, DotnetTestHostmanager: Current process architetcure 'X64'
TpTrace Verbose: 0 : 18516, 7, 2022/11/27, 16:06:15.209, 6072402728544, vstest.console.dll, DotnetTestHostmanager.LaunchTestHostAsync: Compatible muxer architecture of running process 'X64' and target architecture 'X64'
TpTrace Verbose: 0 : 18516, 7, 2022/11/27, 16:06:15.210, 6072402729953, vstest.console.dll, DotnetTestHostmanager: Full path of testhost.dll is C:\Users\ddian\.nuget\packages\microsoft.testplatform.testhost/15.9.0\lib/netstandard1.5/testhost.dll
TpTrace Verbose: 0 : 18516, 7, 2022/11/27, 16:06:15.210, 6072402731050, vstest.console.dll, DotnetTestHostmanager: Full path of host exe is C:\Program Files\dotnet\dotnet.exe
TpTrace Verbose: 0 : 18516, 7, 2022/11/27, 16:06:15.210, 6072402733824, vstest.console.dll, DotnetTestHostManager: Starting process 'C:\Program Files\dotnet\dotnet.exe' with command line 'exec --runtimeconfig "C:\Users\ddian\source\repos\SoftUni\CSharpOOP\UnitTestingExercise\Database\DatabaseExtended.Tests\bin\Debug\netcoreapp3.1\fine-code-coverage\build-output\DatabaseExtended.Tests.runtimeconfig.json" --depsfile "C:\Users\ddian\source\repos\SoftUni\CSharpOOP\UnitTestingExercise\Database\DatabaseExtended.Tests\bin\Debug\netcoreapp3.1\fine-code-coverage\build-output\DatabaseExtended.Tests.deps.json" "C:\Users\ddian\.nuget\packages\microsoft.testplatform.testhost/15.9.0\lib/netstandard1.5/testhost.dll" --port 52789 --endpoint 127.0.0.1:052789 --role client --parentprocessid 18516 --diag "C:\Users\ddian\source\repos\SoftUni\CSharpOOP\UnitTestingExercise\Database\DatabaseExtended.Tests\bin\Debug\netcoreapp3.1\fine-code-coverage\coverage-tool-output\diagnostics.host.22-11-27_16-06-15_17875_7.log" --tracelevel 4 --datacollectionport 52788 --telemetryoptedin false'
TpTrace Verbose: 0 : 18516, 7, 2022/11/27, 16:06:15.218, 6072402814929, vstest.console.dll, MulticastDelegateUtilities.SafeInvoke: HostProviderEvents.OnHostLaunched: Invoking callback 1/2 for Microsoft.VisualStudio.TestPlatform.CrossPlatEngine.Client.ProxyExecutionManagerWithDataCollection.TestHostLaunchedHandler, took 1 ms.
TpTrace Verbose: 0 : 18516, 7, 2022/11/27, 16:06:15.218, 6072402817761, vstest.console.dll, Test Runtime launched
TpTrace Verbose: 0 : 18516, 7, 2022/11/27, 16:06:15.219, 6072402821585, vstest.console.dll, MulticastDelegateUtilities.SafeInvoke: HostProviderEvents.OnHostLaunched: Invoking callback 2/2 for Microsoft.VisualStudio.TestPlatform.CrossPlatEngine.Client.ProxyOperationManager.TestHostManagerHostLaunched, took 0 ms.
TpTrace Verbose: 0 : 18516, 7, 2022/11/27, 16:06:15.219, 6072402827889, vstest.console.dll, TestRequestSender.WaitForRequestHandlerConnection: waiting for connection with timeout: 90000.
TpTrace Verbose: 0 : 18516, 7, 2022/11/27, 16:06:15.504, 6072405673522, vstest.console.dll, TestRequestSender.WaitForRequestHandlerConnection: waiting took 284 ms, with timeout 90000 ms, and result 0, which is success.
TpTrace Verbose: 0 : 18516, 7, 2022/11/27, 16:06:15.505, 6072405688641, vstest.console.dll, TestRequestSender.CheckVersionWithTestHost: Sending check version message: {"MessageType":"ProtocolVersion","Payload":7}
TpTrace Verbose: 0 : 18516, 12, 2022/11/27, 16:06:15.506, 6072405695146, vstest.console.dll, MulticastDelegateUtilities.SafeInvoke: SocketServer: ClientConnected: Invoking callback 1/1 for Microsoft.VisualStudio.TestPlatform.CommunicationUtilities.TestRequestSender.<InitializeCommunication>b__24_0, took 2 ms.
TpTrace Verbose: 0 : 18516, 12, 2022/11/27, 16:06:15.506, 6072405697721, vstest.console.dll, SocketServer.OnClientConnected: Client connected for endPoint: 127.0.0.1:52789, starting MessageLoopAsync:
TpTrace Verbose: 0 : 18516, 12, 2022/11/27, 16:06:15.507, 6072405702569, vstest.console.dll, TcpClientExtensions.MessageLoopAsync: Polling on remoteEndPoint: 127.0.0.1:52790 localEndPoint: 127.0.0.1:52789
TpTrace Verbose: 0 : 18516, 12, 2022/11/27, 16:06:15.723, 6072407869482, vstest.console.dll, TcpClientExtensions.MessageLoopAsync: NotifyDataAvailable remoteEndPoint: 127.0.0.1:52790 localEndPoint: 127.0.0.1:52789
TpTrace Verbose: 0 : 18516, 12, 2022/11/27, 16:06:15.724, 6072407873988, vstest.console.dll, TestRequestSender.CheckVersionWithTestHost: onMessageReceived received message: (ProtocolVersion) -> {"MessageType":"ProtocolVersion","Payload":2}
TpTrace Verbose: 0 : 18516, 12, 2022/11/27, 16:06:15.725, 6072407884944, vstest.console.dll, MulticastDelegateUtilities.SafeInvoke: LengthPrefixCommunicationChannel: MessageReceived: Invoking callback 1/1 for Microsoft.VisualStudio.TestPlatform.CommunicationUtilities.TestRequestSender+<>c__DisplayClass26_0.<CheckVersionWithTestHost>b__0, took 1 ms.
TpTrace Verbose: 0 : 18516, 7, 2022/11/27, 16:06:15.725, 6072407885594, vstest.console.dll, TestPluginCache.GetExtensionPaths: Filtered extension paths: 
TpTrace Verbose: 0 : 18516, 12, 2022/11/27, 16:06:15.725, 6072407888152, vstest.console.dll, TcpClientExtensions.MessageLoopAsync: Polling on remoteEndPoint: 127.0.0.1:52790 localEndPoint: 127.0.0.1:52789
TpTrace Verbose: 0 : 18516, 7, 2022/11/27, 16:06:15.725, 6072407889659, vstest.console.dll, TestPluginCache.GetExtensionPaths: Added default extension paths: C:\Program Files\dotnet\sdk\6.0.402\Extensions\Microsoft.Diagnostics.NETCore.Client.dll
C:\Program Files\dotnet\sdk\6.0.402\Extensions\Microsoft.TestPlatform.Extensions.BlameDataCollector.dll
C:\Program Files\dotnet\sdk\6.0.402\Extensions\Microsoft.TestPlatform.Extensions.EventLogCollector.dll
C:\Program Files\dotnet\sdk\6.0.402\Extensions\Microsoft.TestPlatform.TestHostRuntimeProvider.dll
C:\Program Files\dotnet\sdk\6.0.402\Extensions\Microsoft.VisualStudio.TestPlatform.Extensions.Html.TestLogger.dll
C:\Program Files\dotnet\sdk\6.0.402\Extensions\Microsoft.VisualStudio.TestPlatform.Extensions.Trx.TestLogger.dll
TpTrace Verbose: 0 : 18516, 7, 2022/11/27, 16:06:15.726, 6072407893146, vstest.console.dll, TestPluginCache.GetExtensionPaths: Added unfilterableExtensionPaths: 
TpTrace Verbose: 0 : 18516, 7, 2022/11/27, 16:06:15.730, 6072407937133, vstest.console.dll, TestRequestSender.InitializeExecution: Sending initialize execution with message: {"Version":2,"MessageType":"TestExecution.Initialize","Payload":["C:\\Users\\ddian\\source\\repos\\SoftUni\\CSharpOOP\\UnitTestingExercise\\Database\\DatabaseExtended.Tests\\bin\\Debug\\netcoreapp3.1\\fine-code-coverage\\build-output\\NUnit3.TestAdapter.dll"]}
TpTrace Warning: 0 : 18516, 7, 2022/11/27, 16:06:15.731, 6072407943325, vstest.console.dll, InferRunSettingsHelper.MakeRunsettingsCompatible: Removing the following settings: TargetPlatform from RunSettings file. To use those settings please move to latest version of Microsoft.NET.Test.Sdk
TpTrace Verbose: 0 : 18516, 7, 2022/11/27, 16:06:15.743, 6072408068946, vstest.console.dll, TestRequestSender.StartTestRun: Sending test run with message: {"Version":2,"MessageType":"TestExecution.StartWithSources","Payload":{"AdapterSourceMap":{"_none_":["C:\\Users\\ddian\\source\\repos\\SoftUni\\CSharpOOP\\UnitTestingExercise\\Database\\DatabaseExtended.Tests\\bin\\Debug\\netcoreapp3.1\\fine-code-coverage\\build-output\\DatabaseExtended.Tests.dll"]},"RunSettings":"<RunSettings>\r\n  <RunConfiguration>\r\n    <ResultsDirectory>C:\\Users\\ddian\\source\\repos\\SoftUni\\CSharpOOP\\UnitTestingExercise\\Database\\DatabaseExtended.Tests\\bin\\Debug\\netcoreapp3.1\\fine-code-coverage\\coverage-tool-output</ResultsDirectory>\r\n    <TargetFrameworkVersion>.NETCoreApp,Version=v3.1</TargetFrameworkVersion>\r\n    <DesignMode>False</DesignMode>\r\n    <CollectSourceInformation>False</CollectSourceInformation>\r\n  </RunConfiguration>\r\n  <LoggerRunSettings>\r\n    <Loggers>\r\n      <Logger friendlyName=\"blame\" enabled=\"True\" />\r\n      <Logger friendlyName=\"Console\" uri=\"logger://microsoft/TestPlatform/ConsoleLogger/v1\" assemblyQualifiedName=\"Microsoft.VisualStudio.TestPlatform.CommandLine.Internal.ConsoleLogger, vstest.console, Version=15.0.0.0, Culture=neutral, PublicKeyToken=b03f5f7f11d50a3a\" codeBase=\"C:\\Program Files\\dotnet\\sdk\\6.0.402\\vstest.console.dll\" enabled=\"True\" />\r\n    </Loggers>\r\n  </LoggerRunSettings>\r\n  <DataCollectionRunSettings>\r\n    <DataCollectors>\r\n      <DataCollector friendlyName=\"blame\" enabled=\"True\">\r\n        <Configuration>\r\n          <ResultsDirectory>C:\\Users\\ddian\\source\\repos\\SoftUni\\CSharpOOP\\UnitTestingExercise\\Database\\DatabaseExtended.Tests\\bin\\Debug\\netcoreapp3.1\\fine-code-coverage\\coverage-tool-output</ResultsDirectory>\r\n        </Configuration>\r\n      </DataCollector>\r\n    </DataCollectors>\r\n  </DataCollectionRunSettings>\r\n</RunSettings>","TestExecutionContext":{"FrequencyOfRunStatsChangeEvent":10,"RunStatsChangeEventTimeout":"00:00:01.5000000","InIsolation":false,"KeepAlive":false,"AreTestCaseLevelEventsRequired":false,"IsDebug":false,"TestCaseFilter":null,"FilterOptions":null},"Package":null}}
TpTrace Verbose: 0 : 18516, 12, 2022/11/27, 16:06:15.746, 6072408090353, vstest.console.dll, TcpClientExtensions.MessageLoopAsync: NotifyDataAvailable remoteEndPoint: 127.0.0.1:52790 localEndPoint: 127.0.0.1:52789
TpTrace Verbose: 0 : 18516, 12, 2022/11/27, 16:06:15.746, 6072408093488, vstest.console.dll, TestRequestSender.OnExecutionMessageReceived: Received message: {"Version":2,"MessageType":"TestSession.Message","Payload":{"MessageLevel":0,"Message":"Logging TestHost Diagnostics in file: C:\\Users\\ddian\\source\\repos\\SoftUni\\CSharpOOP\\UnitTestingExercise\\Database\\DatabaseExtended.Tests\\bin\\Debug\\netcoreapp3.1\\fine-code-coverage\\coverage-tool-output\\diagnostics.host.22-11-27_16-06-15_17875_7.log"}}
TpTrace Verbose: 0 : 18516, 12, 2022/11/27, 16:06:15.751, 6072408141126, vstest.console.dll, TestRunRequest:SendTestRunMessage: Starting.
TpTrace Verbose: 0 : 18516, 4, 2022/11/27, 16:06:15.751, 6072408144606, vstest.console.dll, MulticastDelegateUtilities.SafeInvoke: InternalTestLoggerEvents.SendTestRunMessage: Invoking callback 1/1 for Microsoft.VisualStudio.TestPlatform.CommandLine.Internal.ConsoleLogger.TestMessageHandler, took 0 ms.
TpTrace Verbose: 0 : 18516, 12, 2022/11/27, 16:06:15.751, 6072408144606, vstest.console.dll, MulticastDelegateUtilities.SafeInvoke: TestRun.LogMessages: Invoking callback 1/1 for Microsoft.VisualStudio.TestPlatform.CommandLine.TestRunResultAggregator.TestRunMessageHandler, took 0 ms.
TpTrace Information: 0 : 18516, 12, 2022/11/27, 16:06:15.751, 6072408148960, vstest.console.dll, TestRunRequest:SendTestRunMessage: Completed.
TpTrace Verbose: 0 : 18516, 12, 2022/11/27, 16:06:15.752, 6072408151194, vstest.console.dll, MulticastDelegateUtilities.SafeInvoke: LengthPrefixCommunicationChannel: MessageReceived: Invoking callback 1/1 for Microsoft.VisualStudio.TestPlatform.CommunicationUtilities.TestRequestSender+<>c__DisplayClass31_0.<StartTestRun>b__1, took 5 ms.
TpTrace Verbose: 0 : 18516, 12, 2022/11/27, 16:06:15.752, 6072408153063, vstest.console.dll, TcpClientExtensions.MessageLoopAsync: Polling on remoteEndPoint: 127.0.0.1:52790 localEndPoint: 127.0.0.1:52789
TpTrace Verbose: 0 : 18516, 12, 2022/11/27, 16:06:15.896, 6072409599623, vstest.console.dll, TcpClientExtensions.MessageLoopAsync: NotifyDataAvailable remoteEndPoint: 127.0.0.1:52790 localEndPoint: 127.0.0.1:52789
TpTrace Verbose: 0 : 18516, 12, 2022/11/27, 16:06:15.897, 6072409602756, vstest.console.dll, TestRequestSender.OnExecutionMessageReceived: Received message: {"Version":2,"MessageType":"TestSession.Message","Payload":{"MessageLevel":0,"Message":"NUnit Adapter 3.9.0.0: Test execution started"}}
TpTrace Verbose: 0 : 18516, 12, 2022/11/27, 16:06:15.897, 6072409606567, vstest.console.dll, TestRunRequest:SendTestRunMessage: Starting.
TpTrace Verbose: 0 : 18516, 12, 2022/11/27, 16:06:15.897, 6072409608664, vstest.console.dll, MulticastDelegateUtilities.SafeInvoke: TestRun.LogMessages: Invoking callback 1/1 for Microsoft.VisualStudio.TestPlatform.CommandLine.TestRunResultAggregator.TestRunMessageHandler, took 0 ms.
TpTrace Information: 0 : 18516, 12, 2022/11/27, 16:06:15.898, 6072409610624, vstest.console.dll, TestRunRequest:SendTestRunMessage: Completed.
TpTrace Verbose: 0 : 18516, 12, 2022/11/27, 16:06:15.898, 6072409612247, vstest.console.dll, MulticastDelegateUtilities.SafeInvoke: LengthPrefixCommunicationChannel: MessageReceived: Invoking callback 1/1 for Microsoft.VisualStudio.TestPlatform.CommunicationUtilities.TestRequestSender+<>c__DisplayClass31_0.<StartTestRun>b__1, took 0 ms.
TpTrace Verbose: 0 : 18516, 12, 2022/11/27, 16:06:15.898, 6072409613964, vstest.console.dll, TcpClientExtensions.MessageLoopAsync: Polling on remoteEndPoint: 127.0.0.1:52790 localEndPoint: 127.0.0.1:52789
TpTrace Verbose: 0 : 18516, 4, 2022/11/27, 16:06:15.898, 6072409616367, vstest.console.dll, MulticastDelegateUtilities.SafeInvoke: InternalTestLoggerEvents.SendTestRunMessage: Invoking callback 1/1 for Microsoft.VisualStudio.TestPlatform.CommandLine.Internal.ConsoleLogger.TestMessageHandler, took 0 ms.
TpTrace Verbose: 0 : 18516, 12, 2022/11/27, 16:06:15.910, 6072409735824, vstest.console.dll, TcpClientExtensions.MessageLoopAsync: NotifyDataAvailable remoteEndPoint: 127.0.0.1:52790 localEndPoint: 127.0.0.1:52789
TpTrace Verbose: 0 : 18516, 12, 2022/11/27, 16:06:15.910, 6072409739571, vstest.console.dll, TestRequestSender.OnExecutionMessageReceived: Received message: {"Version":2,"MessageType":"TestSession.Message","Payload":{"MessageLevel":0,"Message":"Running all tests in C:\\Users\\ddian\\source\\repos\\SoftUni\\CSharpOOP\\UnitTestingExercise\\Database\\DatabaseExtended.Tests\\bin\\Debug\\netcoreapp3.1\\fine-code-coverage\\build-output\\DatabaseExtended.Tests.dll"}}
TpTrace Verbose: 0 : 18516, 12, 2022/11/27, 16:06:15.911, 6072409742537, vstest.console.dll, TestRunRequest:SendTestRunMessage: Starting.
TpTrace Verbose: 0 : 18516, 4, 2022/11/27, 16:06:15.911, 6072409744768, vstest.console.dll, MulticastDelegateUtilities.SafeInvoke: InternalTestLoggerEvents.SendTestRunMessage: Invoking callback 1/1 for Microsoft.VisualStudio.TestPlatform.CommandLine.Internal.ConsoleLogger.TestMessageHandler, took 0 ms.
TpTrace Verbose: 0 : 18516, 12, 2022/11/27, 16:06:15.911, 6072409744768, vstest.console.dll, MulticastDelegateUtilities.SafeInvoke: TestRun.LogMessages: Invoking callback 1/1 for Microsoft.VisualStudio.TestPlatform.CommandLine.TestRunResultAggregator.TestRunMessageHandler, took 0 ms.
TpTrace Information: 0 : 18516, 12, 2022/11/27, 16:06:15.911, 6072409747998, vstest.console.dll, TestRunRequest:SendTestRunMessage: Completed.
TpTrace Verbose: 0 : 18516, 12, 2022/11/27, 16:06:15.911, 6072409749678, vstest.console.dll, MulticastDelegateUtilities.SafeInvoke: LengthPrefixCommunicationChannel: MessageReceived: Invoking callback 1/1 for Microsoft.VisualStudio.TestPlatform.CommunicationUtilities.TestRequestSender+<>c__DisplayClass31_0.<StartTestRun>b__1, took 1 ms.
TpTrace Verbose: 0 : 18516, 12, 2022/11/27, 16:06:15.912, 6072409751275, vstest.console.dll, TcpClientExtensions.MessageLoopAsync: Polling on remoteEndPoint: 127.0.0.1:52790 localEndPoint: 127.0.0.1:52789
TpTrace Verbose: 0 : 18516, 12, 2022/11/27, 16:06:16.095, 6072411580429, vstest.console.dll, TcpClientExtensions.MessageLoopAsync: NotifyDataAvailable remoteEndPoint: 127.0.0.1:52790 localEndPoint: 127.0.0.1:52789
TpTrace Verbose: 0 : 18516, 12, 2022/11/27, 16:06:16.095, 6072411583013, vstest.console.dll, TestRequestSender.OnExecutionMessageReceived: Received message: {"Version":2,"MessageType":"TestSession.Message","Payload":{"MessageLevel":0,"Message":"NUnit3TestExecutor converted 17 of 17 NUnit test cases"}}
TpTrace Verbose: 0 : 18516, 12, 2022/11/27, 16:06:16.095, 6072411585262, vstest.console.dll, TestRunRequest:SendTestRunMessage: Starting.
TpTrace Verbose: 0 : 18516, 12, 2022/11/27, 16:06:16.095, 6072411586831, vstest.console.dll, MulticastDelegateUtilities.SafeInvoke: TestRun.LogMessages: Invoking callback 1/1 for Microsoft.VisualStudio.TestPlatform.CommandLine.TestRunResultAggregator.TestRunMessageHandler, took 0 ms.
TpTrace Verbose: 0 : 18516, 4, 2022/11/27, 16:06:16.095, 6072411587004, vstest.console.dll, MulticastDelegateUtilities.SafeInvoke: InternalTestLoggerEvents.SendTestRunMessage: Invoking callback 1/1 for Microsoft.VisualStudio.TestPlatform.CommandLine.Internal.ConsoleLogger.TestMessageHandler, took 0 ms.
TpTrace Information: 0 : 18516, 12, 2022/11/27, 16:06:16.095, 6072411588170, vstest.console.dll, TestRunRequest:SendTestRunMessage: Completed.
TpTrace Verbose: 0 : 18516, 12, 2022/11/27, 16:06:16.096, 6072411590440, vstest.console.dll, MulticastDelegateUtilities.SafeInvoke: LengthPrefixCommunicationChannel: MessageReceived: Invoking callback 1/1 for Microsoft.VisualStudio.TestPlatform.CommunicationUtilities.TestRequestSender+<>c__DisplayClass31_0.<StartTestRun>b__1, took 0 ms.
TpTrace Verbose: 0 : 18516, 12, 2022/11/27, 16:06:16.096, 6072411591460, vstest.console.dll, TcpClientExtensions.MessageLoopAsync: Polling on remoteEndPoint: 127.0.0.1:52790 localEndPoint: 127.0.0.1:52789
TpTrace Verbose: 0 : 18516, 12, 2022/11/27, 16:06:16.377, 6072414406969, vstest.console.dll, TcpClientExtensions.MessageLoopAsync: NotifyDataAvailable remoteEndPoint: 127.0.0.1:52790 localEndPoint: 127.0.0.1:52789
TpTrace Verbose: 0 : 18516, 12, 2022/11/27, 16:06:16.378, 6072414412574, vstest.console.dll, TestRequestSender.OnExecutionMessageReceived: Received message: {"Version":2,"MessageType":"TestExecution.StatsChange","Payload":{"NewTestResults":[{"TestCase":{"Id":"92162a9e-2d82-562d-ba7c-f12c3663fc5a","FullyQualifiedName":"DatabaseExtended.Tests.ExtendedDatabaseTests.AddMethodIsAddingPersonWhenCorrectDataGive","DisplayName":"AddMethodIsAddingPersonWhenCorrectDataGive","ExecutorUri":"executor://NUnit3TestExecutor","Source":"C:\\Users\\ddian\\source\\repos\\SoftUni\\CSharpOOP\\UnitTestingExercise\\Database\\DatabaseExtended.Tests\\bin\\Debug\\netcoreapp3.1\\fine-code-coverage\\build-output\\DatabaseExtended.Tests.dll","CodeFilePath":null,"LineNumber":0,"Properties":[]},"Attachments":[],"Outcome":1,"ErrorMessage":null,"ErrorStackTrace":null,"DisplayName":"AddMethodIsAddingPersonWhenCorrectDataGive","Messages":[],"ComputerName":"DESKTOP-2K4D5J0","Duration":"00:00:00.0179050","StartTime":"2022-11-27T14:06:16+00:00","EndTime":"2022-11-27T14:06:16+00:00","Properties":[]},{"TestCase":{"Id":"be9c1e52-a1b0-09ff-05db-ff1e692fe67d","FullyQualifiedName":"DatabaseExtended.Tests.ExtendedDatabaseTests.AddMethodIsThrowingExceptionWhenDatabaseIsFull","DisplayName":"AddMethodIsThrowingExceptionWhenDatabaseIsFull","ExecutorUri":"executor://NUnit3TestExecutor","Source":"C:\\Users\\ddian\\source\\repos\\SoftUni\\CSharpOOP\\UnitTestingExercise\\Database\\DatabaseExtended.Tests\\bin\\Debug\\netcoreapp3.1\\fine-code-coverage\\build-output\\DatabaseExtended.Tests.dll","CodeFilePath":null,"LineNumber":0,"Properties":[{"Key":{"Id":"TestObject.Traits","Label":"Traits","Category":"","Description":"","Attributes":5,"ValueType":"System.Collections.Generic.KeyValuePair`2[[System.String],[System.String]][]"},"Value":[]}]},"Attachments":[],"Outcome":1,"ErrorMessage":null,"ErrorStackTrace":null,"DisplayName":"AddMethodIsThrowingExceptionWhenDatabaseIsFull","Messages":[],"ComputerName":"DESKTOP-2K4D5J0","Duration":"00:00:00.0050159","StartTime":"2022-11-27T14:06:16+00:00","EndTime":"2022-11-27T14:06:16+00:00","Properties":[]},{"TestCase":{"Id":"8bbbd6d2-8365-9ef0-6e38-a66a3bda6a6c","FullyQualifiedName":"DatabaseExtended.Tests.ExtendedDatabaseTests.DatabaseConstructorIsThrowingExceptionWithInvalidDataLength(17)","DisplayName":"DatabaseConstructorIsThrowingExceptionWithInvalidDataLength(17)","ExecutorUri":"executor://NUnit3TestExecutor","Source":"C:\\Users\\ddian\\source\\repos\\SoftUni\\CSharpOOP\\UnitTestingExercise\\Database\\DatabaseExtended.Tests\\bin\\Debug\\netcoreapp3.1\\fine-code-coverage\\build-output\\DatabaseExtended.Tests.dll","CodeFilePath":null,"LineNumber":0,"Properties":[{"Key":{"Id":"TestObject.Traits","Label":"Traits","Category":"","Description":"","Attributes":5,"ValueType":"System.Collections.Generic.KeyValuePair`2[[System.String],[System.String]][]"},"Value":[]}]},"Attachments":[],"Outcome":1,"ErrorMessage":null,"ErrorStackTrace":null,"DisplayName":"DatabaseConstructorIsThrowingExceptionWithInvalidDataLength(17)","Messages":[],"ComputerName":"DESKTOP-2K4D5J0","Duration":"00:00:00.0008390","StartTime":"2022-11-27T14:06:16+00:00","EndTime":"2022-11-27T14:06:16+00:00","Properties":[]},{"TestCase":{"Id":"490dffeb-6e3b-713b-bc38-8a05d6900500","FullyQualifiedName":"DatabaseExtended.Tests.ExtendedDatabaseTests.DatabaseConstructorIsThrowingExceptionWithInvalidDataLength(100)","DisplayName":"DatabaseConstructorIsThrowingExceptionWithInvalidDataLength(100)","ExecutorUri":"executor://NUnit3TestExecutor","Source":"C:\\Users\\ddian\\source\\repos\\SoftUni\\CSharpOOP\\UnitTestingExercise\\Database\\DatabaseExtended.Tests\\bin\\Debug\\netcoreapp3.1\\fine-code-coverage\\build-output\\DatabaseExtended.Tests.dll","CodeFilePath":null,"LineNumber":0,"Properties":[{"Key":{"Id":"TestObject.Traits","Label":"Traits","Category":"","Description":"","Attributes":5,"ValueType":"System.Collections.Generic.KeyValuePair`2[[System.String],[System.String]][]"},"Value":[]}]},"Attachments":[],"Outcome":1,"ErrorMessage":null,"ErrorStackTrace":null,"DisplayName":"DatabaseConstructorIsThrowingExceptionWithInvalidDataLength(100)","Messages":[],"ComputerName":"DESKTOP-2K4D5J0","Duration":"00:00:00.0003320","StartTime":"2022-11-27T14:06:16+00:00","EndTime":"2022-11-27T14:06:16+00:00","Properties":[]},{"TestCase":{"Id":"4bc62ac5-f92b-a640-dc01-bdaa11edf3ae","FullyQualifiedName":"DatabaseExtended.Tests.ExtendedDatabaseTests.DatabaseConstructorIsWorkingProperlyWithValidDataLength","DisplayName":"DatabaseConstructorIsWorkingProperlyWithValidDataLength","ExecutorUri":"executor://NUnit3TestExecutor","Source":"C:\\Users\\ddian\\source\\repos\\SoftUni\\CSharpOOP\\UnitTestingExercise\\Database\\DatabaseExtended.Tests\\bin\\Debug\\netcoreapp3.1\\fine-code-coverage\\build-output\\DatabaseExtended.Tests.dll","CodeFilePath":null,"LineNumber":0,"Properties":[{"Key":{"Id":"TestObject.Traits","Label":"Traits","Category":"","Description":"","Attributes":5,"ValueType":"System.Collections.Generic.KeyValuePair`2[[System.String],[System.String]][]"},"Value":[]}]},"Attachments":[],"Outcome":1,"ErrorMessage":null,"ErrorStackTrace":null,"DisplayName":"DatabaseConstructorIsWorkingProperlyWithValidDataLength","Messages":[],"ComputerName":"DESKTOP-2K4D5J0","Duration":"00:00:00.0006070","StartTime":"2022-11-27T14:06:16+00:00","EndTime":"2022-11-27T14:06:16+00:00","Properties":[]},{"TestCase":{"Id":"ecae3519-16e4-65a1-2941-48f4e025f610","FullyQualifiedName":"DatabaseExtended.Tests.ExtendedDatabaseTests.FindByIdThrowsExceptionWithNonExistingIdHigherThanZero","DisplayName":"FindByIdThrowsExceptionWithNonExistingIdHigherThanZero","ExecutorUri":"executor://NUnit3TestExecutor","Source":"C:\\Users\\ddian\\source\\repos\\SoftUni\\CSharpOOP\\UnitTestingExercise\\Database\\DatabaseExtended.Tests\\bin\\Debug\\netcoreapp3.1\\fine-code-coverage\\build-output\\DatabaseExtended.Tests.dll","CodeFilePath":null,"LineNumber":0,"Properties":[{"Key":{"Id":"TestObject.Traits","Label":"Traits","Category":"","Description":"","Attributes":5,"ValueType":"System.Collections.Generic.KeyValuePair`2[[System.String],[System.String]][]"},"Value":[]}]},"Attachments":[],"Outcome":1,"ErrorMessage":null,"ErrorStackTrace":null,"DisplayName":"FindByIdThrowsExceptionWithNonExistingIdHigherThanZero","Messages":[],"ComputerName":"DESKTOP-2K4D5J0","Duration":"00:00:00.0014110","StartTime":"2022-11-27T14:06:16+00:00","EndTime":"2022-11-27T14:06:16+00:00","Properties":[]},{"TestCase":{"Id":"43067e41-4476-db59-9b17-bc2f6fca9160","FullyQualifiedName":"DatabaseExtended.Tests.ExtendedDatabaseTests.FindByIdThrowsExceptionWithValueLessThanZero","DisplayName":"FindByIdThrowsExceptionWithValueLessThanZero","ExecutorUri":"executor://NUnit3TestExecutor","Source":"C:\\Users\\ddian\\source\\repos\\SoftUni\\CSharpOOP\\UnitTestingExercise\\Database\\DatabaseExtended.Tests\\bin\\Debug\\netcoreapp3.1\\fine-code-coverage\\build-output\\DatabaseExtended.Tests.dll","CodeFilePath":null,"LineNumber":0,"Properties":[{"Key":{"Id":"TestObject.Traits","Label":"Traits","Category":"","Description":"","Attributes":5,"ValueType":"System.Collections.Generic.KeyValuePair`2[[System.String],[System.String]][]"},"Value":[]}]},"Attachments":[],"Outcome":1,"ErrorMessage":null,"ErrorStackTrace":null,"DisplayName":"FindByIdThrowsExceptionWithValueLessThanZero","Messages":[],"ComputerName":"DESKTOP-2K4D5J0","Duration":"00:00:00.0009420","StartTime":"2022-11-27T14:06:16+00:00","EndTime":"2022-11-27T14:06:16+00:00","Properties":[]},{"TestCase":{"Id":"2689d621-5900-16d2-1167-46b54bbdd5f1","FullyQualifiedName":"DatabaseExtended.Tests.ExtendedDatabaseTests.FindByIdWorksProperlyWithCorrectDataGiven","DisplayName":"FindByIdWorksProperlyWithCorrectDataGiven","ExecutorUri":"executor://NUnit3TestExecutor","Source":"C:\\Users\\ddian\\source\\repos\\SoftUni\\CSharpOOP\\UnitTestingExercise\\Database\\DatabaseExtended.Tests\\bin\\Debug\\netcoreapp3.1\\fine-code-coverage\\build-output\\DatabaseExtended.Tests.dll","CodeFilePath":null,"LineNumber":0,"Properties":[{"Key":{"Id":"TestObject.Traits","Label":"Traits","Category":"","Description":"","Attributes":5,"ValueType":"System.Collections.Generic.KeyValuePair`2[[System.String],[System.String]][]"},"Value":[]}]},"Attachments":[],"Outcome":1,"ErrorMessage":null,"ErrorStackTrace":null,"DisplayName":"FindByIdWorksProperlyWithCorrectDataGiven","Messages":[],"ComputerName":"DESKTOP-2K4D5J0","Duration":"00:00:00.0008410","StartTime":"2022-11-27T14:06:16+00:00","EndTime":"2022-11-27T14:06:16+00:00","Properties":[]},{"TestCase":{"Id":"bfbd709c-2d2e-3ade-f6c8-25bf689d89cc","FullyQualifiedName":"DatabaseExtended.Tests.ExtendedDatabaseTests.FindByUserNameThrowsExceptionWithNonExistingUsername","DisplayName":"FindByUserNameThrowsExceptionWithNonExistingUsername","ExecutorUri":"executor://NUnit3TestExecutor","Source":"C:\\Users\\ddian\\source\\repos\\SoftUni\\CSharpOOP\\UnitTestingExercise\\Database\\DatabaseExtended.Tests\\bin\\Debug\\netcoreapp3.1\\fine-code-coverage\\build-output\\DatabaseExtended.Tests.dll","CodeFilePath":null,"LineNumber":0,"Properties":[{"Key":{"Id":"TestObject.Traits","Label":"Traits","Category":"","Description":"","Attributes":5,"ValueType":"System.Collections.Generic.KeyValuePair`2[[System.String],[System.String]][]"},"Value":[]}]},"Attachments":[],"Outcome":1,"ErrorMessage":null,"ErrorStackTrace":null,"DisplayName":"FindByUserNameThrowsExceptionWithNonExistingUsername","Messages":[],"ComputerName":"DESKTOP-2K4D5J0","Duration":"00:00:00.0015200","StartTime":"2022-11-27T14:06:16+00:00","EndTime":"2022-11-27T14:06:16+00:00","Properties":[]}],"TestRunStatistics":{"ExecutedTests":9,"Stats":{"Passed":9}},"ActiveTests":[{"Id":"6bb7f865-8b7e-63e1-7612-f4549803e833","FullyQualifiedName":"DatabaseExtended.Tests.ExtendedDatabaseTests.FindByUserNameThrowsExceptionWithNullParameter","DisplayName":"FindByUserNameThrowsExceptionWithNullParameter","ExecutorUri":"executor://NUnit3TestExecutor","Source":"C:\\Users\\ddian\\source\\repos\\SoftUni\\CSharpOOP\\UnitTestingExercise\\Database\\DatabaseExtended.Tests\\bin\\Debug\\netcoreapp3.1\\fine-code-coverage\\build-output\\DatabaseExtended.Tests.dll","CodeFilePath":null,"LineNumber":0,"Properties":[{"Key":{"Id":"TestObject.Traits","Label":"Traits","Category":"","Description":"","Attributes":5,"ValueType":"System.Collections.Generic.KeyValuePair`2[[System.String],[System.String]][]"},"Value":[]}]}]}}
TpTrace Verbose: 0 : 18516, 12, 2022/11/27, 16:06:16.448, 6072415113330, vstest.console.dll, TestRunRequest:SendTestRunStatsChange: Starting.
TpTrace Verbose: 0 : 18516, 12, 2022/11/27, 16:06:16.448, 6072415117475, vstest.console.dll, InProgress is FindByUserNameThrowsExceptionWithNullParameter
TpTrace Verbose: 0 : 18516, 12, 2022/11/27, 16:06:16.449, 6072415122511, vstest.console.dll, MulticastDelegateUtilities.SafeInvoke: TestRun.RunStatsChanged: Invoking callbacks was skipped because there are no subscribers.
TpTrace Information: 0 : 18516, 12, 2022/11/27, 16:06:16.449, 6072415125023, vstest.console.dll, TestRunRequest:SendTestRunStatsChange: Completed.
TpTrace Verbose: 0 : 18516, 12, 2022/11/27, 16:06:16.449, 6072415127117, vstest.console.dll, MulticastDelegateUtilities.SafeInvoke: LengthPrefixCommunicationChannel: MessageReceived: Invoking callback 1/1 for Microsoft.VisualStudio.TestPlatform.CommunicationUtilities.TestRequestSender+<>c__DisplayClass31_0.<StartTestRun>b__1, took 71 ms.
TpTrace Verbose: 0 : 18516, 12, 2022/11/27, 16:06:16.449, 6072415129019, vstest.console.dll, TcpClientExtensions.MessageLoopAsync: Polling on remoteEndPoint: 127.0.0.1:52790 localEndPoint: 127.0.0.1:52789
TpTrace Verbose: 0 : 18516, 12, 2022/11/27, 16:06:16.450, 6072415131013, vstest.console.dll, TcpClientExtensions.MessageLoopAsync: NotifyDataAvailable remoteEndPoint: 127.0.0.1:52790 localEndPoint: 127.0.0.1:52789
TpTrace Verbose: 0 : 18516, 12, 2022/11/27, 16:06:16.450, 6072415133469, vstest.console.dll, TestRequestSender.OnExecutionMessageReceived: Received message: {"Version":2,"MessageType":"TestSession.Message","Payload":{"MessageLevel":0,"Message":"NUnit Adapter 3.9.0.0: Test execution complete"}}
TpTrace Verbose: 0 : 18516, 12, 2022/11/27, 16:06:16.450, 6072415136587, vstest.console.dll, TestRunRequest:SendTestRunMessage: Starting.
TpTrace Verbose: 0 : 18516, 12, 2022/11/27, 16:06:16.450, 6072415139110, vstest.console.dll, MulticastDelegateUtilities.SafeInvoke: TestRun.LogMessages: Invoking callback 1/1 for Microsoft.VisualStudio.TestPlatform.CommandLine.TestRunResultAggregator.TestRunMessageHandler, took 0 ms.
TpTrace Information: 0 : 18516, 12, 2022/11/27, 16:06:16.451, 6072415141268, vstest.console.dll, TestRunRequest:SendTestRunMessage: Completed.
TpTrace Verbose: 0 : 18516, 12, 2022/11/27, 16:06:16.451, 6072415143217, vstest.console.dll, MulticastDelegateUtilities.SafeInvoke: LengthPrefixCommunicationChannel: MessageReceived: Invoking callback 1/1 for Microsoft.VisualStudio.TestPlatform.CommunicationUtilities.TestRequestSender+<>c__DisplayClass31_0.<StartTestRun>b__1, took 1 ms.
TpTrace Verbose: 0 : 18516, 12, 2022/11/27, 16:06:16.451, 6072415145154, vstest.console.dll, TcpClientExtensions.MessageLoopAsync: Polling on remoteEndPoint: 127.0.0.1:52790 localEndPoint: 127.0.0.1:52789
TpTrace Verbose: 0 : 18516, 4, 2022/11/27, 16:06:16.455, 6072415179895, vstest.console.dll, MulticastDelegateUtilities.SafeInvoke: InternalTestLoggerEvents.SendTestResult: Invoking callback 1/1 for Microsoft.VisualStudio.TestPlatform.CommandLine.Internal.ConsoleLogger.TestResultHandler, took 5 ms.
TpTrace Verbose: 0 : 18516, 4, 2022/11/27, 16:06:16.455, 6072415183342, vstest.console.dll, MulticastDelegateUtilities.SafeInvoke: InternalTestLoggerEvents.SendTestResult: Invoking callback 1/1 for Microsoft.VisualStudio.TestPlatform.CommandLine.Internal.ConsoleLogger.TestResultHandler, took 0 ms.
TpTrace Verbose: 0 : 18516, 12, 2022/11/27, 16:06:16.455, 6072415184021, vstest.console.dll, TcpClientExtensions.MessageLoopAsync: NotifyDataAvailable remoteEndPoint: 127.0.0.1:52790 localEndPoint: 127.0.0.1:52789
TpTrace Verbose: 0 : 18516, 4, 2022/11/27, 16:06:16.455, 6072415185646, vstest.console.dll, MulticastDelegateUtilities.SafeInvoke: InternalTestLoggerEvents.SendTestResult: Invoking callback 1/1 for Microsoft.VisualStudio.TestPlatform.CommandLine.Internal.ConsoleLogger.TestResultHandler, took 0 ms.
TpTrace Verbose: 0 : 18516, 12, 2022/11/27, 16:06:16.455, 6072415189166, vstest.console.dll, TestRequestSender.OnExecutionMessageReceived: Received message: {"Version":2,"MessageType":"TestExecution.Completed","Payload":{"TestRunCompleteArgs":{"TestRunStatistics":{"ExecutedTests":17,"Stats":{"Passed":17}},"IsCanceled":false,"IsAborted":false,"Error":null,"AttachmentSets":[],"ElapsedTimeInRunningTests":"00:00:00.5636203","Metrics":{}},"LastRunTests":{"NewTestResults":[{"TestCase":{"Id":"6bb7f865-8b7e-63e1-7612-f4549803e833","FullyQualifiedName":"DatabaseExtended.Tests.ExtendedDatabaseTests.FindByUserNameThrowsExceptionWithNullParameter","DisplayName":"FindByUserNameThrowsExceptionWithNullParameter","ExecutorUri":"executor://NUnit3TestExecutor","Source":"C:\\Users\\ddian\\source\\repos\\SoftUni\\CSharpOOP\\UnitTestingExercise\\Database\\DatabaseExtended.Tests\\bin\\Debug\\netcoreapp3.1\\fine-code-coverage\\build-output\\DatabaseExtended.Tests.dll","CodeFilePath":null,"LineNumber":0,"Properties":[{"Key":{"Id":"TestObject.Traits","Label":"Traits","Category":"","Description":"","Attributes":5,"ValueType":"System.Collections.Generic.KeyValuePair`2[[System.String],[System.String]][]"},"Value":[]}]},"Attachments":[],"Outcome":1,"ErrorMessage":null,"ErrorStackTrace":null,"DisplayName":"FindByUserNameThrowsExceptionWithNullParameter","Messages":[],"ComputerName":"DESKTOP-2K4D5J0","Duration":"00:00:00.0009070","StartTime":"2022-11-27T14:06:16+00:00","EndTime":"2022-11-27T14:06:16+00:00","Properties":[]},{"TestCase":{"Id":"c6f70677-ab58-0c2a-e3e2-30e7fc79357b","FullyQualifiedName":"DatabaseExtended.Tests.ExtendedDatabaseTests.FindByUserNameWorkingProperlyWithValidData","DisplayName":"FindByUserNameWorkingProperlyWithValidData","ExecutorUri":"executor://NUnit3TestExecutor","Source":"C:\\Users\\ddian\\source\\repos\\SoftUni\\CSharpOOP\\UnitTestingExercise\\Database\\DatabaseExtended.Tests\\bin\\Debug\\netcoreapp3.1\\fine-code-coverage\\build-output\\DatabaseExtended.Tests.dll","CodeFilePath":null,"LineNumber":0,"Properties":[{"Key":{"Id":"TestObject.Traits","Label":"Traits","Category":"","Description":"","Attributes":5,"ValueType":"System.Collections.Generic.KeyValuePair`2[[System.String],[System.String]][]"},"Value":[]}]},"Attachments":[],"Outcome":1,"ErrorMessage":null,"ErrorStackTrace":null,"DisplayName":"FindByUserNameWorkingProperlyWithValidData","Messages":[],"ComputerName":"DESKTOP-2K4D5J0","Duration":"00:00:00.0004730","StartTime":"2022-11-27T14:06:16+00:00","EndTime":"2022-11-27T14:06:16+00:00","Properties":[]},{"TestCase":{"Id":"daf36b3c-d7d4-2c36-7027-6e5a1346bb4b","FullyQualifiedName":"DatabaseExtended.Tests.ExtendedDatabaseTests.ItsNotAllowedToAddPersonWithSameIdTwice","DisplayName":"ItsNotAllowedToAddPersonWithSameIdTwice","ExecutorUri":"executor://NUnit3TestExecutor","Source":"C:\\Users\\ddian\\source\\repos\\SoftUni\\CSharpOOP\\UnitTestingExercise\\Database\\DatabaseExtended.Tests\\bin\\Debug\\netcoreapp3.1\\fine-code-coverage\\build-output\\DatabaseExtended.Tests.dll","CodeFilePath":null,"LineNumber":0,"Properties":[{"Key":{"Id":"TestObject.Traits","Label":"Traits","Category":"","Description":"","Attributes":5,"ValueType":"System.Collections.Generic.KeyValuePair`2[[System.String],[System.String]][]"},"Value":[]}]},"Attachments":[],"Outcome":1,"ErrorMessage":null,"ErrorStackTrace":null,"DisplayName":"ItsNotAllowedToAddPersonWithSameIdTwice","Messages":[],"ComputerName":"DESKTOP-2K4D5J0","Duration":"00:00:00.0006080","StartTime":"2022-11-27T14:06:16+00:00","EndTime":"2022-11-27T14:06:16+00:00","Properties":[]},{"TestCase":{"Id":"ab31299e-90e9-83b7-b439-6780da7b60db","FullyQualifiedName":"DatabaseExtended.Tests.ExtendedDatabaseTests.ItsNotAllowedToAddPersonWithSameUsernameTwice","DisplayName":"ItsNotAllowedToAddPersonWithSameUsernameTwice","ExecutorUri":"executor://NUnit3TestExecutor","Source":"C:\\Users\\ddian\\source\\repos\\SoftUni\\CSharpOOP\\UnitTestingExercise\\Database\\DatabaseExtended.Tests\\bin\\Debug\\netcoreapp3.1\\fine-code-coverage\\build-output\\DatabaseExtended.Tests.dll","CodeFilePath":null,"LineNumber":0,"Properties":[{"Key":{"Id":"TestObject.Traits","Label":"Traits","Category":"","Description":"","Attributes":5,"ValueType":"System.Collections.Generic.KeyValuePair`2[[System.String],[System.String]][]"},"Value":[]}]},"Attachments":[],"Outcome":1,"ErrorMessage":null,"ErrorStackTrace":null,"DisplayName":"ItsNotAllowedToAddPersonWithSameUsernameTwice","Messages":[],"ComputerName":"DESKTOP-2K4D5J0","Duration":"00:00:00.0007620","StartTime":"2022-11-27T14:06:16+00:00","EndTime":"2022-11-27T14:06:16+00:00","Properties":[]},{"TestCase":{"Id":"c9964576-a3fd-80e9-d456-0b89baeb0a7b","FullyQualifiedName":"DatabaseExtended.Tests.ExtendedDatabaseTests.PersonsConstructorIsSettingIdProperly","DisplayName":"PersonsConstructorIsSettingIdProperly","ExecutorUri":"executor://NUnit3TestExecutor","Source":"C:\\Users\\ddian\\source\\repos\\SoftUni\\CSharpOOP\\UnitTestingExercise\\Database\\DatabaseExtended.Tests\\bin\\Debug\\netcoreapp3.1\\fine-code-coverage\\build-output\\DatabaseExtended.Tests.dll","CodeFilePath":null,"LineNumber":0,"Properties":[{"Key":{"Id":"TestObject.Traits","Label":"Traits","Category":"","Description":"","Attributes":5,"ValueType":"System.Collections.Generic.KeyValuePair`2[[System.String],[System.String]][]"},"Value":[]}]},"Attachments":[],"Outcome":1,"ErrorMessage":null,"ErrorStackTrace":null,"DisplayName":"PersonsConstructorIsSettingIdProperly","Messages":[],"ComputerName":"DESKTOP-2K4D5J0","Duration":"00:00:00.0010060","StartTime":"2022-11-27T14:06:16+00:00","EndTime":"2022-11-27T14:06:16+00:00","Properties":[]},{"TestCase":{"Id":"27da48b2-48f6-8763-f0c0-060720f78712","FullyQualifiedName":"DatabaseExtended.Tests.ExtendedDatabaseTests.PersonsConstructorIsSettingUserNameProperly","DisplayName":"PersonsConstructorIsSettingUserNameProperly","ExecutorUri":"executor://NUnit3TestExecutor","Source":"C:\\Users\\ddian\\source\\repos\\SoftUni\\CSharpOOP\\UnitTestingExercise\\Database\\DatabaseExtended.Tests\\bin\\Debug\\netcoreapp3.1\\fine-code-coverage\\build-output\\DatabaseExtended.Tests.dll","CodeFilePath":null,"LineNumber":0,"Properties":[{"Key":{"Id":"TestObject.Traits","Label":"Traits","Category":"","Description":"","Attributes":5,"ValueType":"System.Collections.Generic.KeyValuePair`2[[System.String],[System.String]][]"},"Value":[]}]},"Attachments":[],"Outcome":1,"ErrorMessage":null,"ErrorStackTrace":null,"DisplayName":"PersonsConstructorIsSettingUserNameProperly","Messages":[],"ComputerName":"DESKTOP-2K4D5J0","Duration":"00:00:00.0003830","StartTime":"2022-11-27T14:06:16+00:00","EndTime":"2022-11-27T14:06:16+00:00","Properties":[]},{"TestCase":{"Id":"5c9e09f2-0bdc-5db2-4925-ef74ce90224f","FullyQualifiedName":"DatabaseExtended.Tests.ExtendedDatabaseTests.RemoveMethodIsRemovingOnlyOnePerson","DisplayName":"RemoveMethodIsRemovingOnlyOnePerson","ExecutorUri":"executor://NUnit3TestExecutor","Source":"C:\\Users\\ddian\\source\\repos\\SoftUni\\CSharpOOP\\UnitTestingExercise\\Database\\DatabaseExtended.Tests\\bin\\Debug\\netcoreapp3.1\\fine-code-coverage\\build-output\\DatabaseExtended.Tests.dll","CodeFilePath":null,"LineNumber":0,"Properties":[{"Key":{"Id":"TestObject.Traits","Label":"Traits","Category":"","Description":"","Attributes":5,"ValueType":"System.Collections.Generic.KeyValuePair`2[[System.String],[System.String]][]"},"Value":[]}]},"Attachments":[],"Outcome":1,"ErrorMessage":null,"ErrorStackTrace":null,"DisplayName":"RemoveMethodIsRemovingOnlyOnePerson","Messages":[],"ComputerName":"DESKTOP-2K4D5J0","Duration":"00:00:00.0004970","StartTime":"2022-11-27T14:06:16+00:00","EndTime":"2022-11-27T14:06:16+00:00","Properties":[]},{"TestCase":{"Id":"64c7dd13-cce0-0bee-02d0-781e6c5a2305","FullyQualifiedName":"DatabaseExtended.Tests.ExtendedDatabaseTests.RemoveThrowsExceptionWhenDatabaseIsEmpty","DisplayName":"RemoveThrowsExceptionWhenDatabaseIsEmpty","ExecutorUri":"executor://NUnit3TestExecutor","Source":"C:\\Users\\ddian\\source\\repos\\SoftUni\\CSharpOOP\\UnitTestingExercise\\Database\\DatabaseExtended.Tests\\bin\\Debug\\netcoreapp3.1\\fine-code-coverage\\build-output\\DatabaseExtended.Tests.dll","CodeFilePath":null,"LineNumber":0,"Properties":[{"Key":{"Id":"TestObject.Traits","Label":"Traits","Category":"","Description":"","Attributes":5,"ValueType":"System.Collections.Generic.KeyValuePair`2[[System.String],[System.String]][]"},"Value":[]}]},"Attachments":[],"Outcome":1,"ErrorMessage":null,"ErrorStackTrace":null,"DisplayName":"RemoveThrowsExceptionWhenDatabaseIsEmpty","Messages":[],"ComputerName":"DESKTOP-2K4D5J0","Duration":"00:00:00.0006730","StartTime":"2022-11-27T14:06:16+00:00","EndTime":"2022-11-27T14:06:16+00:00","Properties":[]}],"TestRunStatistics":{"ExecutedTests":17,"Stats":{"Passed":17}},"ActiveTests":[]},"RunAttachments":[],"ExecutorUris":["executor://nunit3testexecutor/"]}}
TpTrace Verbose: 0 : 18516, 4, 2022/11/27, 16:06:16.456, 6072415189761, vstest.console.dll, MulticastDelegateUtilities.SafeInvoke: InternalTestLoggerEvents.SendTestResult: Invoking callback 1/1 for Microsoft.VisualStudio.TestPlatform.CommandLine.Internal.ConsoleLogger.TestResultHandler, took 0 ms.
TpTrace Verbose: 0 : 18516, 12, 2022/11/27, 16:06:16.456, 6072415193644, vstest.console.dll, TestRequestSender.EndSession: Sending end session.
TpTrace Verbose: 0 : 18516, 4, 2022/11/27, 16:06:16.456, 6072415195382, vstest.console.dll, MulticastDelegateUtilities.SafeInvoke: InternalTestLoggerEvents.SendTestResult: Invoking callback 1/1 for Microsoft.VisualStudio.TestPlatform.CommandLine.Internal.ConsoleLogger.TestResultHandler, took 0 ms.
TpTrace Verbose: 0 : 18516, 4, 2022/11/27, 16:06:16.456, 6072415198416, vstest.console.dll, MulticastDelegateUtilities.SafeInvoke: InternalTestLoggerEvents.SendTestResult: Invoking callback 1/1 for Microsoft.VisualStudio.TestPlatform.CommandLine.Internal.ConsoleLogger.TestResultHandler, took 0 ms.
TpTrace Verbose: 0 : 18516, 12, 2022/11/27, 16:06:16.456, 6072415199038, vstest.console.dll, ProxyOperationManager.Close: waiting for test host to exit for 100 ms
TpTrace Verbose: 0 : 18516, 4, 2022/11/27, 16:06:16.457, 6072415200816, vstest.console.dll, MulticastDelegateUtilities.SafeInvoke: InternalTestLoggerEvents.SendTestResult: Invoking callback 1/1 for Microsoft.VisualStudio.TestPlatform.CommandLine.Internal.ConsoleLogger.TestResultHandler, took 0 ms.
TpTrace Verbose: 0 : 18516, 4, 2022/11/27, 16:06:16.457, 6072415203677, vstest.console.dll, MulticastDelegateUtilities.SafeInvoke: InternalTestLoggerEvents.SendTestResult: Invoking callback 1/1 for Microsoft.VisualStudio.TestPlatform.CommandLine.Internal.ConsoleLogger.TestResultHandler, took 0 ms.
TpTrace Verbose: 0 : 18516, 4, 2022/11/27, 16:06:16.457, 6072415205110, vstest.console.dll, MulticastDelegateUtilities.SafeInvoke: InternalTestLoggerEvents.SendTestResult: Invoking callback 1/1 for Microsoft.VisualStudio.TestPlatform.CommandLine.Internal.ConsoleLogger.TestResultHandler, took 0 ms.
TpTrace Verbose: 0 : 18516, 4, 2022/11/27, 16:06:16.457, 6072415207222, vstest.console.dll, MulticastDelegateUtilities.SafeInvoke: InternalTestLoggerEvents.SendTestRunMessage: Invoking callback 1/1 for Microsoft.VisualStudio.TestPlatform.CommandLine.Internal.ConsoleLogger.TestMessageHandler, took 0 ms.
TpTrace Warning: 0 : 18516, 10, 2022/11/27, 16:06:16.476, 6072415393658, vstest.console.dll, TestHostManagerCallbacks.ErrorReceivedCallback Test host standard error line: 
TpTrace Verbose: 0 : 18516, 10, 2022/11/27, 16:06:16.487, 6072415508262, vstest.console.dll, TestHostProvider.ExitCallBack: Host exited starting callback.
TpTrace Information: 0 : 18516, 10, 2022/11/27, 16:06:16.488, 6072415516857, vstest.console.dll, TestHostManagerCallbacks.ExitCallBack: Testhost processId: 12764 exited with exitcode: 0 error: ''
TpTrace Verbose: 0 : 18516, 10, 2022/11/27, 16:06:16.488, 6072415519100, vstest.console.dll, DotnetTestHostManager.OnHostExited: invoking OnHostExited callback
TpTrace Verbose: 0 : 18516, 10, 2022/11/27, 16:06:16.489, 6072415521715, vstest.console.dll, CrossPlatEngine.TestHostManagerHostExited: calling on client process exit callback.
TpTrace Information: 0 : 18516, 10, 2022/11/27, 16:06:16.489, 6072415524867, vstest.console.dll, TestRequestSender.OnClientProcessExit: Test host process exited. Standard error: 
TpTrace Information: 0 : 18516, 12, 2022/11/27, 16:06:16.489, 6072415525134, vstest.console.dll, SocketServer.Stop: Stop server endPoint: 127.0.0.1:52789
TpTrace Information: 0 : 18516, 10, 2022/11/27, 16:06:16.489, 6072415526551, vstest.console.dll, SocketServer.Stop: Stop server endPoint: 127.0.0.1:52789
TpTrace Information: 0 : 18516, 12, 2022/11/27, 16:06:16.489, 6072415528239, vstest.console.dll, SocketServer.Stop: Cancellation requested. Stopping message loop.
TpTrace Information: 0 : 18516, 10, 2022/11/27, 16:06:16.490, 6072415529943, vstest.console.dll, SocketServer.Stop: Cancellation requested. Stopping message loop.
TpTrace Information: 0 : 18516, 12, 2022/11/27, 16:06:16.490, 6072415532971, vstest.console.dll, Closing the connection
TpTrace Verbose: 0 : 18516, 10, 2022/11/27, 16:06:16.490, 6072415533862, vstest.console.dll, MulticastDelegateUtilities.SafeInvoke: HostProviderEvents.OnHostExited: Invoking callback 1/1 for Microsoft.VisualStudio.TestPlatform.CrossPlatEngine.Client.ProxyOperationManager.TestHostManagerHostExited, took 1 ms.
TpTrace Verbose: 0 : 18516, 12, 2022/11/27, 16:06:16.490, 6072415537563, vstest.console.dll, ProxyDataCollectionManager.InvokeDataCollectionServiceAction: Starting.
TpTrace Information: 0 : 18516, 12, 2022/11/27, 16:06:16.490, 6072415539088, vstest.console.dll, ProxyDataCollectionManager.AfterTestRunEnd: Get attachment set and invoked data collectors processId: 15604 port: 52786
TpTrace Verbose: 0 : 18516, 12, 2022/11/27, 16:06:16.491, 6072415540621, vstest.console.dll, DataCollectionRequestSender.SendAfterTestRunStartAndGetResult: Send AfterTestRunEnd message with isCancelled: False
TpTrace Verbose: 0 : 18516, 12, 2022/11/27, 16:06:16.503, 6072415667064, vstest.console.dll, DataCollectionRequestSender.SendAfterTestRunStartAndGetResult: Received message: (DataCollection.AfterTestRunEndResult) -> {"MessageType":"DataCollection.AfterTestRunEndResult","Payload":{"AttachmentSets":[],"InvokedDataCollectors":[{"Uri":"datacollector://Microsoft/TestPlatform/Extensions/Blame/v1","FriendlyName":"Blame","AssemblyQualifiedName":"Microsoft.TestPlatform.Extensions.BlameDataCollector.BlameCollector, Microsoft.TestPlatform.Extensions.BlameDataCollector, Version=15.0.0.0, Culture=neutral, PublicKeyToken=b03f5f7f11d50a3a","FilePath":"C:\\Program Files\\dotnet\\sdk\\6.0.402\\Extensions\\Microsoft.TestPlatform.Extensions.BlameDataCollector.dll","HasAttachmentProcessor":false}],"Metrics":{}}}
TpTrace Information: 0 : 18516, 12, 2022/11/27, 16:06:16.512, 6072415755257, vstest.console.dll, ProxyDataCollectionManager.InvokeDataCollectionServiceAction: Completed.
TpTrace Warning: 0 : 18516, 9, 2022/11/27, 16:06:16.512, 6072415757975, vstest.console.dll, DataCollectionLauncher.ErrorReceivedCallback datacollector standard error line: 
TpTrace Information: 0 : 18516, 9, 2022/11/27, 16:06:16.522, 6072415854868, vstest.console.dll, DataCollectionLauncher.ExitCallBack: Data collector exited with exitcode: 0 error: ''
TpTrace Verbose: 0 : 18516, 12, 2022/11/27, 16:06:16.556, 6072416195856, vstest.console.dll, TestRunRequest:SendTestRunStatsChange: Starting.
TpTrace Verbose: 0 : 18516, 12, 2022/11/27, 16:06:16.556, 6072416198187, vstest.console.dll, MulticastDelegateUtilities.SafeInvoke: TestRun.RunStatsChanged: Invoking callbacks was skipped because there are no subscribers.
TpTrace Verbose: 0 : 18516, 4, 2022/11/27, 16:06:16.556, 6072416198634, vstest.console.dll, MulticastDelegateUtilities.SafeInvoke: InternalTestLoggerEvents.SendTestResult: Invoking callback 1/1 for Microsoft.VisualStudio.TestPlatform.CommandLine.Internal.ConsoleLogger.TestResultHandler, took 0 ms.
TpTrace Information: 0 : 18516, 12, 2022/11/27, 16:06:16.556, 6072416199469, vstest.console.dll, TestRunRequest:SendTestRunStatsChange: Completed.
TpTrace Verbose: 0 : 18516, 4, 2022/11/27, 16:06:16.557, 6072416201103, vstest.console.dll, MulticastDelegateUtilities.SafeInvoke: InternalTestLoggerEvents.SendTestResult: Invoking callback 1/1 for Microsoft.VisualStudio.TestPlatform.CommandLine.Internal.ConsoleLogger.TestResultHandler, took 0 ms.
TpTrace Verbose: 0 : 18516, 4, 2022/11/27, 16:06:16.557, 6072416203329, vstest.console.dll, MulticastDelegateUtilities.SafeInvoke: InternalTestLoggerEvents.SendTestResult: Invoking callback 1/1 for Microsoft.VisualStudio.TestPlatform.CommandLine.Internal.ConsoleLogger.TestResultHandler, took 0 ms.
TpTrace Verbose: 0 : 18516, 12, 2022/11/27, 16:06:16.557, 6072416204609, vstest.console.dll, ParallelProxyExecutionManager: HandlePartialRunComplete: Total completed clients = 1, Run complete = True, Run canceled: False.
TpTrace Verbose: 0 : 18516, 4, 2022/11/27, 16:06:16.557, 6072416204720, vstest.console.dll, MulticastDelegateUtilities.SafeInvoke: InternalTestLoggerEvents.SendTestResult: Invoking callback 1/1 for Microsoft.VisualStudio.TestPlatform.CommandLine.Internal.ConsoleLogger.TestResultHandler, took 0 ms.
TpTrace Verbose: 0 : 18516, 4, 2022/11/27, 16:06:16.557, 6072416207142, vstest.console.dll, MulticastDelegateUtilities.SafeInvoke: InternalTestLoggerEvents.SendTestResult: Invoking callback 1/1 for Microsoft.VisualStudio.TestPlatform.CommandLine.Internal.ConsoleLogger.TestResultHandler, took 0 ms.
TpTrace Verbose: 0 : 18516, 4, 2022/11/27, 16:06:16.557, 6072416208432, vstest.console.dll, MulticastDelegateUtilities.SafeInvoke: InternalTestLoggerEvents.SendTestResult: Invoking callback 1/1 for Microsoft.VisualStudio.TestPlatform.CommandLine.Internal.ConsoleLogger.TestResultHandler, took 0 ms.
TpTrace Verbose: 0 : 18516, 4, 2022/11/27, 16:06:16.558, 6072416209758, vstest.console.dll, MulticastDelegateUtilities.SafeInvoke: InternalTestLoggerEvents.SendTestResult: Invoking callback 1/1 for Microsoft.VisualStudio.TestPlatform.CommandLine.Internal.ConsoleLogger.TestResultHandler, took 0 ms.
TpTrace Verbose: 0 : 18516, 4, 2022/11/27, 16:06:16.558, 6072416211025, vstest.console.dll, MulticastDelegateUtilities.SafeInvoke: InternalTestLoggerEvents.SendTestResult: Invoking callback 1/1 for Microsoft.VisualStudio.TestPlatform.CommandLine.Internal.ConsoleLogger.TestResultHandler, took 0 ms.
TpTrace Verbose: 0 : 18516, 4, 2022/11/27, 16:06:16.567, 6072416301724, vstest.console.dll, MulticastDelegateUtilities.SafeInvoke: InternalTestLoggerEvents.SendTestRunComplete: Invoking callback 1/2 for Microsoft.TestPlatform.Extensions.BlameDataCollector.BlameLogger.TestRunCompleteHandler, took 0 ms.
TpTrace Verbose: 0 : 18516, 4, 2022/11/27, 16:06:16.572, 6072416351534, vstest.console.dll, MulticastDelegateUtilities.SafeInvoke: InternalTestLoggerEvents.SendTestRunComplete: Invoking callback 2/2 for Microsoft.VisualStudio.TestPlatform.CommandLine.Internal.ConsoleLogger.TestRunCompleteHandler, took 4 ms.
TpTrace Verbose: 0 : 18516, 12, 2022/11/27, 16:06:16.572, 6072416356219, vstest.console.dll, TestRunRequest:TestRunComplete: Starting. IsAborted:False IsCanceled:False.
TpTrace Verbose: 0 : 18516, 12, 2022/11/27, 16:06:16.573, 6072416368114, vstest.console.dll, TestLoggerManager.HandleTestRunComplete: Ignoring as the object is disposed.
TpTrace Verbose: 0 : 18516, 12, 2022/11/27, 16:06:16.574, 6072416371103, vstest.console.dll, MulticastDelegateUtilities.SafeInvoke: TestRun.TestRunComplete: Invoking callback 1/2 for Microsoft.VisualStudio.TestPlatform.CommandLine.TestRunResultAggregator.TestRunCompletionHandler, took 0 ms.
TpTrace Verbose: 0 : 18516, 12, 2022/11/27, 16:06:16.574, 6072416372572, vstest.console.dll, MulticastDelegateUtilities.SafeInvoke: TestRun.TestRunComplete: Invoking callback 2/2 for Microsoft.VisualStudio.TestPlatform.CommandLine.Processors.RunTestsArgumentExecutor+TestRunRequestEventsRegistrar.TestRunRequest_OnRunCompletion, took 0 ms.
TpTrace Information: 0 : 18516, 12, 2022/11/27, 16:06:16.574, 6072416374235, vstest.console.dll, TestRunRequest:TestRunComplete: Completed.
TpTrace Verbose: 0 : 18516, 1, 2022/11/27, 16:06:16.574, 6072416374739, vstest.console.dll, TestRunRequest.Dispose: Starting.
TpTrace Verbose: 0 : 18516, 12, 2022/11/27, 16:06:16.574, 6072416375700, vstest.console.dll, TestRequestSender.SetOperationComplete: Setting operation complete.
TpTrace Information: 0 : 18516, 1, 2022/11/27, 16:06:16.574, 6072416377215, vstest.console.dll, TestRunRequest.Dispose: Completed.
TpTrace Information: 0 : 18516, 12, 2022/11/27, 16:06:16.574, 6072416378060, vstest.console.dll, SocketServer.Stop: Stop server endPoint: 127.0.0.1:52789
TpTrace Information: 0 : 18516, 1, 2022/11/27, 16:06:16.574, 6072416379257, vstest.console.dll, TestRequestManager.RunTests: run tests completed.
TpTrace Information: 0 : 18516, 12, 2022/11/27, 16:06:16.575, 6072416380078, vstest.console.dll, SocketServer.Stop: Cancellation requested. Stopping message loop.
TpTrace Information: 0 : 18516, 1, 2022/11/27, 16:06:16.575, 6072416381591, vstest.console.dll, RunTestsArgumentProcessor:Execute: Test run is completed.
TpTrace Verbose: 0 : 18516, 12, 2022/11/27, 16:06:16.575, 6072416382242, vstest.console.dll, MulticastDelegateUtilities.SafeInvoke: LengthPrefixCommunicationChannel: MessageReceived: Invoking callback 1/1 for Microsoft.VisualStudio.TestPlatform.CommunicationUtilities.TestRequestSender+<>c__DisplayClass31_0.<StartTestRun>b__1, took 119 ms.
TpTrace Information: 0 : 18516, 12, 2022/11/27, 16:06:16.575, 6072416384499, vstest.console.dll, SocketServer.PrivateStop: Stopping server endPoint: 127.0.0.1:52789 error: 
TpTrace Verbose: 0 : 18516, 1, 2022/11/27, 16:06:16.575, 6072416384897, vstest.console.dll, Executor.Execute: Exiting with exit code of 0
